[0.020s] Invoking command in '/home/robot_ws/build/nsc_core': CMAKE_PREFIX_PATH=${CMAKE_PREFIX_PATH}:/opt/ros/humble /usr/bin/cmake --build /home/robot_ws/build/nsc_core -- -j16 -l16
[0.076s] Built target ament_cmake_python_copy_src
[0.324s] running egg_info
[0.325s] writing src.egg-info/PKG-INFO
[0.325s] writing dependency_links to src.egg-info/dependency_links.txt
[0.326s] writing top-level names to src.egg-info/top_level.txt
[0.328s] reading manifest file 'src.egg-info/SOURCES.txt'
[0.329s] writing manifest file 'src.egg-info/SOURCES.txt'
[0.364s] Built target ament_cmake_python_build_src_egg
[0.377s] Invoked command in '/home/robot_ws/build/nsc_core' returned '0': CMAKE_PREFIX_PATH=${CMAKE_PREFIX_PATH}:/opt/ros/humble /usr/bin/cmake --build /home/robot_ws/build/nsc_core -- -j16 -l16
[0.410s] Invoking command in '/home/robot_ws/build/nsc_core': CMAKE_PREFIX_PATH=${CMAKE_PREFIX_PATH}:/opt/ros/humble /usr/bin/cmake --install /home/robot_ws/build/nsc_core
[0.420s] -- Install configuration: ""
[0.420s] -- Up-to-date: /home/robot_ws/install/nsc_core/share/nsc_core/environment/pythonpath.sh
[0.420s] -- Up-to-date: /home/robot_ws/install/nsc_core/share/nsc_core/environment/pythonpath.dsv
[0.420s] -- Up-to-date: /home/robot_ws/install/nsc_core/local/lib/python3.10/dist-packages/src-0.0.0-py3.10.egg-info
[0.421s] -- Installing: /home/robot_ws/install/nsc_core/local/lib/python3.10/dist-packages/src-0.0.0-py3.10.egg-info/top_level.txt
[0.421s] -- Installing: /home/robot_ws/install/nsc_core/local/lib/python3.10/dist-packages/src-0.0.0-py3.10.egg-info/SOURCES.txt
[0.421s] -- Installing: /home/robot_ws/install/nsc_core/local/lib/python3.10/dist-packages/src-0.0.0-py3.10.egg-info/PKG-INFO
[0.421s] -- Installing: /home/robot_ws/install/nsc_core/local/lib/python3.10/dist-packages/src-0.0.0-py3.10.egg-info/dependency_links.txt
[0.421s] -- Up-to-date: /home/robot_ws/install/nsc_core/local/lib/python3.10/dist-packages/src
[0.421s] -- Up-to-date: /home/robot_ws/install/nsc_core/local/lib/python3.10/dist-packages/src/__init__.py
[0.421s] -- Up-to-date: /home/robot_ws/install/nsc_core/local/lib/python3.10/dist-packages/src/camera_control.py
[0.421s] -- Up-to-date: /home/robot_ws/install/nsc_core/local/lib/python3.10/dist-packages/src/gui.py
[0.422s] -- Up-to-date: /home/robot_ws/install/nsc_core/local/lib/python3.10/dist-packages/src/video_capture copy.py
[0.422s] -- Installing: /home/robot_ws/install/nsc_core/local/lib/python3.10/dist-packages/src/joint_control.py
[0.422s] -- Up-to-date: /home/robot_ws/install/nsc_core/local/lib/python3.10/dist-packages/src/video_capture.py
[0.462s] Listing '/home/robot_ws/install/nsc_core/local/lib/python3.10/dist-packages/src'...
[0.462s] Compiling '/home/robot_ws/install/nsc_core/local/lib/python3.10/dist-packages/src/joint_control.py'...
[0.470s] -- Up-to-date: /home/robot_ws/install/nsc_core/share/nsc_core/src
[0.470s] -- Up-to-date: /home/robot_ws/install/nsc_core/share/nsc_core/src/__init__.py
[0.471s] -- Up-to-date: /home/robot_ws/install/nsc_core/share/nsc_core/src/camera_control.py
[0.471s] -- Up-to-date: /home/robot_ws/install/nsc_core/share/nsc_core/src/gui.py
[0.471s] -- Up-to-date: /home/robot_ws/install/nsc_core/share/nsc_core/src/video_capture copy.py
[0.471s] -- Installing: /home/robot_ws/install/nsc_core/share/nsc_core/src/joint_control.py
[0.471s] -- Up-to-date: /home/robot_ws/install/nsc_core/share/nsc_core/src/video_capture.py
[0.471s] -- Up-to-date: /home/robot_ws/install/nsc_core/share/nsc_core/launch
[0.471s] -- Up-to-date: /home/robot_ws/install/nsc_core/share/nsc_core/launch/gui.launch.py
[0.471s] -- Up-to-date: /home/robot_ws/install/nsc_core/share/nsc_core/launch/controller.launch.py
[0.471s] -- Up-to-date: /home/robot_ws/install/nsc_core/share/nsc_core/launch/imu.launch.py
[0.471s] -- Up-to-date: /home/robot_ws/install/nsc_core/share/nsc_core/config
[0.471s] -- Installing: /home/robot_ws/install/nsc_core/lib/nsc_core/joint_control.py
[0.471s] -- Up-to-date: /home/robot_ws/install/nsc_core/lib/nsc_core/camera_control.py
[0.471s] -- Up-to-date: /home/robot_ws/install/nsc_core/lib/nsc_core/gui.py
[0.471s] -- Up-to-date: /home/robot_ws/install/nsc_core/lib/nsc_core/video_capture.py
[0.472s] -- Up-to-date: /home/robot_ws/install/nsc_core/share/ament_index/resource_index/package_run_dependencies/nsc_core
[0.472s] -- Up-to-date: /home/robot_ws/install/nsc_core/share/ament_index/resource_index/parent_prefix_path/nsc_core
[0.472s] -- Up-to-date: /home/robot_ws/install/nsc_core/share/nsc_core/environment/ament_prefix_path.sh
[0.472s] -- Up-to-date: /home/robot_ws/install/nsc_core/share/nsc_core/environment/ament_prefix_path.dsv
[0.473s] -- Up-to-date: /home/robot_ws/install/nsc_core/share/nsc_core/environment/path.sh
[0.473s] -- Up-to-date: /home/robot_ws/install/nsc_core/share/nsc_core/environment/path.dsv
[0.473s] -- Up-to-date: /home/robot_ws/install/nsc_core/share/nsc_core/local_setup.bash
[0.473s] -- Up-to-date: /home/robot_ws/install/nsc_core/share/nsc_core/local_setup.sh
[0.474s] -- Up-to-date: /home/robot_ws/install/nsc_core/share/nsc_core/local_setup.zsh
[0.474s] -- Up-to-date: /home/robot_ws/install/nsc_core/share/nsc_core/local_setup.dsv
[0.474s] -- Installing: /home/robot_ws/install/nsc_core/share/nsc_core/package.dsv
[0.474s] -- Up-to-date: /home/robot_ws/install/nsc_core/share/ament_index/resource_index/packages/nsc_core
[0.474s] -- Up-to-date: /home/robot_ws/install/nsc_core/share/nsc_core/cmake/nsc_coreConfig.cmake
[0.475s] -- Up-to-date: /home/robot_ws/install/nsc_core/share/nsc_core/cmake/nsc_coreConfig-version.cmake
[0.475s] -- Up-to-date: /home/robot_ws/install/nsc_core/share/nsc_core/package.xml
[0.493s] Invoked command in '/home/robot_ws/build/nsc_core' returned '0': CMAKE_PREFIX_PATH=${CMAKE_PREFIX_PATH}:/opt/ros/humble /usr/bin/cmake --install /home/robot_ws/build/nsc_core
