[0.020s] Invoking command in '/home/robot_ws/build/nsc_core': CMAKE_PREFIX_PATH=${CMAKE_PREFIX_PATH}:/opt/ros/humble /usr/bin/cmake --build /home/robot_ws/build/nsc_core -- -j16 -l16
[0.094s] Built target ament_cmake_python_copy_src
[0.435s] running egg_info
[0.436s] writing src.egg-info/PKG-INFO
[0.437s] writing dependency_links to src.egg-info/dependency_links.txt
[0.437s] writing top-level names to src.egg-info/top_level.txt
[0.441s] reading manifest file 'src.egg-info/SOURCES.txt'
[0.442s] writing manifest file 'src.egg-info/SOURCES.txt'
[0.507s] Built target ament_cmake_python_build_src_egg
[0.523s] Invoked command in '/home/robot_ws/build/nsc_core' returned '0': CMAKE_PREFIX_PATH=${CMAKE_PREFIX_PATH}:/opt/ros/humble /usr/bin/cmake --build /home/robot_ws/build/nsc_core -- -j16 -l16
[0.574s] Invoking command in '/home/robot_ws/build/nsc_core': CMAKE_PREFIX_PATH=${CMAKE_PREFIX_PATH}:/opt/ros/humble /usr/bin/cmake --install /home/robot_ws/build/nsc_core
[0.585s] -- Install configuration: ""
[0.585s] -- Up-to-date: /home/robot_ws/install/nsc_core/share/nsc_core/environment/pythonpath.sh
[0.586s] -- Up-to-date: /home/robot_ws/install/nsc_core/share/nsc_core/environment/pythonpath.dsv
[0.586s] -- Up-to-date: /home/robot_ws/install/nsc_core/local/lib/python3.10/dist-packages/src-0.0.0-py3.10.egg-info
[0.586s] -- Installing: /home/robot_ws/install/nsc_core/local/lib/python3.10/dist-packages/src-0.0.0-py3.10.egg-info/top_level.txt
[0.586s] -- Installing: /home/robot_ws/install/nsc_core/local/lib/python3.10/dist-packages/src-0.0.0-py3.10.egg-info/SOURCES.txt
[0.586s] -- Installing: /home/robot_ws/install/nsc_core/local/lib/python3.10/dist-packages/src-0.0.0-py3.10.egg-info/PKG-INFO
[0.586s] -- Installing: /home/robot_ws/install/nsc_core/local/lib/python3.10/dist-packages/src-0.0.0-py3.10.egg-info/dependency_links.txt
[0.587s] -- Up-to-date: /home/robot_ws/install/nsc_core/local/lib/python3.10/dist-packages/src
[0.587s] -- Up-to-date: /home/robot_ws/install/nsc_core/local/lib/python3.10/dist-packages/src/__init__.py
[0.587s] -- Up-to-date: /home/robot_ws/install/nsc_core/local/lib/python3.10/dist-packages/src/camera_control.py
[0.587s] -- Up-to-date: /home/robot_ws/install/nsc_core/local/lib/python3.10/dist-packages/src/gui.py
[0.587s] -- Up-to-date: /home/robot_ws/install/nsc_core/local/lib/python3.10/dist-packages/src/video_capture copy.py
[0.587s] -- Installing: /home/robot_ws/install/nsc_core/local/lib/python3.10/dist-packages/src/joint_control.py
[0.588s] -- Up-to-date: /home/robot_ws/install/nsc_core/local/lib/python3.10/dist-packages/src/video_capture.py
[0.648s] Listing '/home/robot_ws/install/nsc_core/local/lib/python3.10/dist-packages/src'...
[0.648s] Compiling '/home/robot_ws/install/nsc_core/local/lib/python3.10/dist-packages/src/joint_control.py'...
[0.656s] -- Up-to-date: /home/robot_ws/install/nsc_core/share/nsc_core/src
[0.656s] -- Up-to-date: /home/robot_ws/install/nsc_core/share/nsc_core/src/__init__.py
[0.656s] -- Up-to-date: /home/robot_ws/install/nsc_core/share/nsc_core/src/camera_control.py
[0.657s] -- Up-to-date: /home/robot_ws/install/nsc_core/share/nsc_core/src/gui.py
[0.658s] -- Up-to-date: /home/robot_ws/install/nsc_core/share/nsc_core/src/video_capture copy.py
[0.658s] -- Installing: /home/robot_ws/install/nsc_core/share/nsc_core/src/joint_control.py
[0.659s] -- Up-to-date: /home/robot_ws/install/nsc_core/share/nsc_core/src/video_capture.py
[0.659s] -- Up-to-date: /home/robot_ws/install/nsc_core/share/nsc_core/launch
[0.659s] -- Up-to-date: /home/robot_ws/install/nsc_core/share/nsc_core/launch/gui.launch.py
[0.659s] -- Up-to-date: /home/robot_ws/install/nsc_core/share/nsc_core/launch/controller.launch.py
[0.659s] -- Up-to-date: /home/robot_ws/install/nsc_core/share/nsc_core/launch/imu.launch.py
[0.659s] -- Up-to-date: /home/robot_ws/install/nsc_core/share/nsc_core/config
[0.660s] -- Installing: /home/robot_ws/install/nsc_core/lib/nsc_core/joint_control.py
[0.660s] -- Up-to-date: /home/robot_ws/install/nsc_core/lib/nsc_core/camera_control.py
[0.660s] -- Up-to-date: /home/robot_ws/install/nsc_core/lib/nsc_core/gui.py
[0.660s] -- Up-to-date: /home/robot_ws/install/nsc_core/lib/nsc_core/video_capture.py
[0.660s] -- Up-to-date: /home/robot_ws/install/nsc_core/share/ament_index/resource_index/package_run_dependencies/nsc_core
[0.660s] -- Up-to-date: /home/robot_ws/install/nsc_core/share/ament_index/resource_index/parent_prefix_path/nsc_core
[0.660s] -- Up-to-date: /home/robot_ws/install/nsc_core/share/nsc_core/environment/ament_prefix_path.sh
[0.660s] -- Up-to-date: /home/robot_ws/install/nsc_core/share/nsc_core/environment/ament_prefix_path.dsv
[0.661s] -- Up-to-date: /home/robot_ws/install/nsc_core/share/nsc_core/environment/path.sh
[0.661s] -- Up-to-date: /home/robot_ws/install/nsc_core/share/nsc_core/environment/path.dsv
[0.662s] -- Up-to-date: /home/robot_ws/install/nsc_core/share/nsc_core/local_setup.bash
[0.662s] -- Up-to-date: /home/robot_ws/install/nsc_core/share/nsc_core/local_setup.sh
[0.662s] -- Up-to-date: /home/robot_ws/install/nsc_core/share/nsc_core/local_setup.zsh
[0.665s] -- Up-to-date: /home/robot_ws/install/nsc_core/share/nsc_core/local_setup.dsv
[0.665s] -- Installing: /home/robot_ws/install/nsc_core/share/nsc_core/package.dsv
[0.667s] -- Up-to-date: /home/robot_ws/install/nsc_core/share/ament_index/resource_index/packages/nsc_core
[0.668s] -- Up-to-date: /home/robot_ws/install/nsc_core/share/nsc_core/cmake/nsc_coreConfig.cmake
[0.668s] -- Up-to-date: /home/robot_ws/install/nsc_core/share/nsc_core/cmake/nsc_coreConfig-version.cmake
[0.669s] -- Up-to-date: /home/robot_ws/install/nsc_core/share/nsc_core/package.xml
[0.672s] Invoked command in '/home/robot_ws/build/nsc_core' returned '0': CMAKE_PREFIX_PATH=${CMAKE_PREFIX_PATH}:/opt/ros/humble /usr/bin/cmake --install /home/robot_ws/build/nsc_core
