[0.000000] (-) TimerEvent: {}
[0.000113] (nsc_core) JobQueued: {'identifier': 'nsc_core', 'dependencies': OrderedDict()}
[0.000186] (nsc_description) JobQueued: {'identifier': 'nsc_description', 'dependencies': OrderedDict()}
[0.000342] (nsc_core) JobStarted: {'identifier': 'nsc_core'}
[0.004521] (nsc_description) JobStarted: {'identifier': 'nsc_description'}
[0.007281] (nsc_core) JobProgress: {'identifier': 'nsc_core', 'progress': 'cmake'}
[0.007569] (nsc_core) JobProgress: {'identifier': 'nsc_core', 'progress': 'build'}
[0.007932] (nsc_core) Command: {'cmd': ['/usr/bin/cmake', '--build', '/home/robot_ws/build/nsc_core', '--', '-j16', '-l16'], 'cwd': '/home/robot_ws/build/nsc_core', 'env': OrderedDict([('HOSTNAME', 'entity014'), ('SHLVL', '1'), ('LD_LIBRARY_PATH', '/usr/lib/x86_64-linux-gnu/gazebo-11/plugins:/opt/ros/humble/opt/rviz_ogre_vendor/lib:/opt/ros/humble/lib/x86_64-linux-gnu:/opt/ros/humble/lib'), ('HOME', '/home'), ('ROS_PYTHON_VERSION', '3'), ('COLCON_PREFIX_PATH', '/home/robot_ws/install'), ('ROS_DISTRO', 'humble'), ('_', '/usr/bin/colcon'), ('ROS_VERSION', '2'), ('NVIDIA_DRIVER_CAPABILITIES', 'all'), ('TERM', 'xterm'), ('ROS_LOCALHOST_ONLY', '0'), ('QT_X11_NO_MITSHM', '1'), ('PATH', '/opt/ros/humble/bin:/usr/local/sbin:/usr/local/bin:/usr/sbin:/usr/bin:/sbin:/bin'), ('XDG_RUNTIME_DIR', '/tmp/runtime-root'), ('DISPLAY', ':0'), ('LANG', 'C.UTF-8'), ('RMW_IMPLEMENTATION', 'rmw_cyclonedds_cpp'), ('ROS_DOMAIN_ID', '10'), ('AMENT_PREFIX_PATH', '/home/robot_ws/install/nsc_description:/home/robot_ws/install/nsc_core:/home/robot_ws/install/description:/home/robot_ws/install/core:/opt/ros/humble'), ('NO_AT_BRIDGE', '1'), ('PWD', '/home/robot_ws/build/nsc_core'), ('LC_ALL', 'C.UTF-8'), ('PYTHONPATH', '/home/robot_ws/install/nsc_description/local/lib/python3.10/dist-packages:/home/robot_ws/install/nsc_core/local/lib/python3.10/dist-packages:/home/robot_ws/install/description/local/lib/python3.10/dist-packages:/home/robot_ws/install/core/local/lib/python3.10/dist-packages:/opt/ros/humble/lib/python3.10/site-packages:/opt/ros/humble/local/lib/python3.10/dist-packages'), ('COLCON', '1'), ('CMAKE_PREFIX_PATH', '/home/robot_ws/install/nsc_description:/home/robot_ws/install/nsc_core:/home/robot_ws/install/description:/home/robot_ws/install/core:/opt/ros/humble')]), 'shell': False}
[0.009796] (nsc_description) JobProgress: {'identifier': 'nsc_description', 'progress': 'cmake'}
[0.010049] (nsc_description) JobProgress: {'identifier': 'nsc_description', 'progress': 'build'}
[0.010215] (nsc_description) Command: {'cmd': ['/usr/bin/cmake', '--build', '/home/robot_ws/build/nsc_description', '--', '-j16', '-l16'], 'cwd': '/home/robot_ws/build/nsc_description', 'env': OrderedDict([('HOSTNAME', 'entity014'), ('SHLVL', '1'), ('LD_LIBRARY_PATH', '/usr/lib/x86_64-linux-gnu/gazebo-11/plugins:/opt/ros/humble/opt/rviz_ogre_vendor/lib:/opt/ros/humble/lib/x86_64-linux-gnu:/opt/ros/humble/lib'), ('HOME', '/home'), ('ROS_PYTHON_VERSION', '3'), ('COLCON_PREFIX_PATH', '/home/robot_ws/install'), ('ROS_DISTRO', 'humble'), ('_', '/usr/bin/colcon'), ('ROS_VERSION', '2'), ('NVIDIA_DRIVER_CAPABILITIES', 'all'), ('TERM', 'xterm'), ('ROS_LOCALHOST_ONLY', '0'), ('QT_X11_NO_MITSHM', '1'), ('PATH', '/opt/ros/humble/bin:/usr/local/sbin:/usr/local/bin:/usr/sbin:/usr/bin:/sbin:/bin'), ('XDG_RUNTIME_DIR', '/tmp/runtime-root'), ('DISPLAY', ':0'), ('LANG', 'C.UTF-8'), ('RMW_IMPLEMENTATION', 'rmw_cyclonedds_cpp'), ('ROS_DOMAIN_ID', '10'), ('AMENT_PREFIX_PATH', '/home/robot_ws/install/nsc_description:/home/robot_ws/install/nsc_core:/home/robot_ws/install/description:/home/robot_ws/install/core:/opt/ros/humble'), ('NO_AT_BRIDGE', '1'), ('PWD', '/home/robot_ws/build/nsc_description'), ('LC_ALL', 'C.UTF-8'), ('PYTHONPATH', '/home/robot_ws/install/nsc_description/local/lib/python3.10/dist-packages:/home/robot_ws/install/nsc_core/local/lib/python3.10/dist-packages:/home/robot_ws/install/description/local/lib/python3.10/dist-packages:/home/robot_ws/install/core/local/lib/python3.10/dist-packages:/opt/ros/humble/lib/python3.10/site-packages:/opt/ros/humble/local/lib/python3.10/dist-packages'), ('COLCON', '1'), ('CMAKE_PREFIX_PATH', '/home/robot_ws/install/nsc_description:/home/robot_ws/install/nsc_core:/home/robot_ws/install/description:/home/robot_ws/install/core:/opt/ros/humble')]), 'shell': False}
[0.042827] (nsc_core) StdoutLine: {'line': b'Built target ament_cmake_python_copy_src\n'}
[0.043031] (nsc_description) StdoutLine: {'line': b'Built target ament_cmake_python_copy_src\n'}
[0.100040] (-) TimerEvent: {}
[0.164724] (nsc_description) StdoutLine: {'line': b'running egg_info\n'}
[0.165131] (nsc_description) StdoutLine: {'line': b'writing src.egg-info/PKG-INFO\n'}
[0.165327] (nsc_description) StdoutLine: {'line': b'writing dependency_links to src.egg-info/dependency_links.txt\n'}
[0.165408] (nsc_core) StdoutLine: {'line': b'running egg_info\n'}
[0.165626] (nsc_description) StdoutLine: {'line': b'writing top-level names to src.egg-info/top_level.txt\n'}
[0.165728] (nsc_core) StdoutLine: {'line': b'writing src.egg-info/PKG-INFO\n'}
[0.165804] (nsc_core) StdoutLine: {'line': b'writing dependency_links to src.egg-info/dependency_links.txt\n'}
[0.165983] (nsc_core) StdoutLine: {'line': b'writing top-level names to src.egg-info/top_level.txt\n'}
[0.166296] (nsc_description) StdoutLine: {'line': b"reading manifest file 'src.egg-info/SOURCES.txt'\n"}
[0.166561] (nsc_description) StdoutLine: {'line': b"writing manifest file 'src.egg-info/SOURCES.txt'\n"}
[0.166854] (nsc_core) StdoutLine: {'line': b"reading manifest file 'src.egg-info/SOURCES.txt'\n"}
[0.167093] (nsc_core) StdoutLine: {'line': b"writing manifest file 'src.egg-info/SOURCES.txt'\n"}
[0.187535] (nsc_core) StdoutLine: {'line': b'Built target ament_cmake_python_build_src_egg\n'}
[0.187728] (nsc_description) StdoutLine: {'line': b'Built target ament_cmake_python_build_src_egg\n'}
[0.193791] (nsc_core) CommandEnded: {'returncode': 0}
[0.194837] (nsc_description) CommandEnded: {'returncode': 0}
[0.200142] (-) TimerEvent: {}
[0.206191] (nsc_core) JobProgress: {'identifier': 'nsc_core', 'progress': 'install'}
[0.211294] (nsc_core) Command: {'cmd': ['/usr/bin/cmake', '--install', '/home/robot_ws/build/nsc_core'], 'cwd': '/home/robot_ws/build/nsc_core', 'env': OrderedDict([('HOSTNAME', 'entity014'), ('SHLVL', '1'), ('LD_LIBRARY_PATH', '/usr/lib/x86_64-linux-gnu/gazebo-11/plugins:/opt/ros/humble/opt/rviz_ogre_vendor/lib:/opt/ros/humble/lib/x86_64-linux-gnu:/opt/ros/humble/lib'), ('HOME', '/home'), ('ROS_PYTHON_VERSION', '3'), ('COLCON_PREFIX_PATH', '/home/robot_ws/install'), ('ROS_DISTRO', 'humble'), ('_', '/usr/bin/colcon'), ('ROS_VERSION', '2'), ('NVIDIA_DRIVER_CAPABILITIES', 'all'), ('TERM', 'xterm'), ('ROS_LOCALHOST_ONLY', '0'), ('QT_X11_NO_MITSHM', '1'), ('PATH', '/opt/ros/humble/bin:/usr/local/sbin:/usr/local/bin:/usr/sbin:/usr/bin:/sbin:/bin'), ('XDG_RUNTIME_DIR', '/tmp/runtime-root'), ('DISPLAY', ':0'), ('LANG', 'C.UTF-8'), ('RMW_IMPLEMENTATION', 'rmw_cyclonedds_cpp'), ('ROS_DOMAIN_ID', '10'), ('AMENT_PREFIX_PATH', '/home/robot_ws/install/nsc_description:/home/robot_ws/install/nsc_core:/home/robot_ws/install/description:/home/robot_ws/install/core:/opt/ros/humble'), ('NO_AT_BRIDGE', '1'), ('PWD', '/home/robot_ws/build/nsc_core'), ('LC_ALL', 'C.UTF-8'), ('PYTHONPATH', '/home/robot_ws/install/nsc_description/local/lib/python3.10/dist-packages:/home/robot_ws/install/nsc_core/local/lib/python3.10/dist-packages:/home/robot_ws/install/description/local/lib/python3.10/dist-packages:/home/robot_ws/install/core/local/lib/python3.10/dist-packages:/opt/ros/humble/lib/python3.10/site-packages:/opt/ros/humble/local/lib/python3.10/dist-packages'), ('COLCON', '1'), ('CMAKE_PREFIX_PATH', '/home/robot_ws/install/nsc_description:/home/robot_ws/install/nsc_core:/home/robot_ws/install/description:/home/robot_ws/install/core:/opt/ros/humble')]), 'shell': False}
[0.212705] (nsc_description) JobProgress: {'identifier': 'nsc_description', 'progress': 'install'}
[0.213038] (nsc_description) Command: {'cmd': ['/usr/bin/cmake', '--install', '/home/robot_ws/build/nsc_description'], 'cwd': '/home/robot_ws/build/nsc_description', 'env': OrderedDict([('HOSTNAME', 'entity014'), ('SHLVL', '1'), ('LD_LIBRARY_PATH', '/usr/lib/x86_64-linux-gnu/gazebo-11/plugins:/opt/ros/humble/opt/rviz_ogre_vendor/lib:/opt/ros/humble/lib/x86_64-linux-gnu:/opt/ros/humble/lib'), ('HOME', '/home'), ('ROS_PYTHON_VERSION', '3'), ('COLCON_PREFIX_PATH', '/home/robot_ws/install'), ('ROS_DISTRO', 'humble'), ('_', '/usr/bin/colcon'), ('ROS_VERSION', '2'), ('NVIDIA_DRIVER_CAPABILITIES', 'all'), ('TERM', 'xterm'), ('ROS_LOCALHOST_ONLY', '0'), ('QT_X11_NO_MITSHM', '1'), ('PATH', '/opt/ros/humble/bin:/usr/local/sbin:/usr/local/bin:/usr/sbin:/usr/bin:/sbin:/bin'), ('XDG_RUNTIME_DIR', '/tmp/runtime-root'), ('DISPLAY', ':0'), ('LANG', 'C.UTF-8'), ('RMW_IMPLEMENTATION', 'rmw_cyclonedds_cpp'), ('ROS_DOMAIN_ID', '10'), ('AMENT_PREFIX_PATH', '/home/robot_ws/install/nsc_description:/home/robot_ws/install/nsc_core:/home/robot_ws/install/description:/home/robot_ws/install/core:/opt/ros/humble'), ('NO_AT_BRIDGE', '1'), ('PWD', '/home/robot_ws/build/nsc_description'), ('LC_ALL', 'C.UTF-8'), ('PYTHONPATH', '/home/robot_ws/install/nsc_description/local/lib/python3.10/dist-packages:/home/robot_ws/install/nsc_core/local/lib/python3.10/dist-packages:/home/robot_ws/install/description/local/lib/python3.10/dist-packages:/home/robot_ws/install/core/local/lib/python3.10/dist-packages:/opt/ros/humble/lib/python3.10/site-packages:/opt/ros/humble/local/lib/python3.10/dist-packages'), ('COLCON', '1'), ('CMAKE_PREFIX_PATH', '/home/robot_ws/install/nsc_description:/home/robot_ws/install/nsc_core:/home/robot_ws/install/description:/home/robot_ws/install/core:/opt/ros/humble')]), 'shell': False}
[0.216250] (nsc_core) StdoutLine: {'line': b'-- Install configuration: ""\n'}
[0.216400] (nsc_core) StdoutLine: {'line': b'-- Up-to-date: /home/robot_ws/install/nsc_core/share/nsc_core/environment/pythonpath.sh\n'}
[0.216513] (nsc_core) StdoutLine: {'line': b'-- Up-to-date: /home/robot_ws/install/nsc_core/share/nsc_core/environment/pythonpath.dsv\n'}
[0.216605] (nsc_core) StdoutLine: {'line': b'-- Up-to-date: /home/robot_ws/install/nsc_core/local/lib/python3.10/dist-packages/src-0.0.0-py3.10.egg-info\n'}
[0.216674] (nsc_core) StdoutLine: {'line': b'-- Installing: /home/robot_ws/install/nsc_core/local/lib/python3.10/dist-packages/src-0.0.0-py3.10.egg-info/top_level.txt\n'}
[0.216740] (nsc_core) StdoutLine: {'line': b'-- Installing: /home/robot_ws/install/nsc_core/local/lib/python3.10/dist-packages/src-0.0.0-py3.10.egg-info/SOURCES.txt\n'}
[0.216805] (nsc_core) StdoutLine: {'line': b'-- Installing: /home/robot_ws/install/nsc_core/local/lib/python3.10/dist-packages/src-0.0.0-py3.10.egg-info/PKG-INFO\n'}
[0.216872] (nsc_core) StdoutLine: {'line': b'-- Installing: /home/robot_ws/install/nsc_core/local/lib/python3.10/dist-packages/src-0.0.0-py3.10.egg-info/dependency_links.txt\n'}
[0.216937] (nsc_core) StdoutLine: {'line': b'-- Up-to-date: /home/robot_ws/install/nsc_core/local/lib/python3.10/dist-packages/src\n'}
[0.217001] (nsc_core) StdoutLine: {'line': b'-- Up-to-date: /home/robot_ws/install/nsc_core/local/lib/python3.10/dist-packages/src/__init__.py\n'}
[0.217222] (nsc_description) StdoutLine: {'line': b'-- Install configuration: ""\n'}
[0.217303] (nsc_description) StdoutLine: {'line': b'-- Up-to-date: /home/robot_ws/install/nsc_description/share/nsc_description/environment/pythonpath.sh\n'}
[0.217382] (nsc_description) StdoutLine: {'line': b'-- Up-to-date: /home/robot_ws/install/nsc_description/share/nsc_description/environment/pythonpath.dsv\n'}
[0.217464] (nsc_description) StdoutLine: {'line': b'-- Up-to-date: /home/robot_ws/install/nsc_description/local/lib/python3.10/dist-packages/src-0.0.0-py3.10.egg-info\n'}
[0.217545] (nsc_description) StdoutLine: {'line': b'-- Installing: /home/robot_ws/install/nsc_description/local/lib/python3.10/dist-packages/src-0.0.0-py3.10.egg-info/top_level.txt\n'}
[0.217611] (nsc_description) StdoutLine: {'line': b'-- Installing: /home/robot_ws/install/nsc_description/local/lib/python3.10/dist-packages/src-0.0.0-py3.10.egg-info/SOURCES.txt\n'}
[0.217674] (nsc_description) StdoutLine: {'line': b'-- Installing: /home/robot_ws/install/nsc_description/local/lib/python3.10/dist-packages/src-0.0.0-py3.10.egg-info/PKG-INFO\n'}
[0.217748] (nsc_description) StdoutLine: {'line': b'-- Installing: /home/robot_ws/install/nsc_description/local/lib/python3.10/dist-packages/src-0.0.0-py3.10.egg-info/dependency_links.txt\n'}
[0.217811] (nsc_description) StdoutLine: {'line': b'-- Up-to-date: /home/robot_ws/install/nsc_description/local/lib/python3.10/dist-packages/src\n'}
[0.217872] (nsc_description) StdoutLine: {'line': b'-- Up-to-date: /home/robot_ws/install/nsc_description/local/lib/python3.10/dist-packages/src/__init__.py\n'}
[0.235746] (nsc_core) StdoutLine: {'line': b"Listing '/home/robot_ws/install/nsc_core/local/lib/python3.10/dist-packages/src'...\n"}
[0.236951] (nsc_description) StdoutLine: {'line': b"Listing '/home/robot_ws/install/nsc_description/local/lib/python3.10/dist-packages/src'...\n"}
[0.239167] (nsc_core) StdoutLine: {'line': b'-- Up-to-date: /home/robot_ws/install/nsc_core/share/nsc_core/src\n'}
[0.239421] (nsc_core) StdoutLine: {'line': b'-- Up-to-date: /home/robot_ws/install/nsc_core/share/nsc_core/src/__init__.py\n'}
[0.239557] (nsc_core) StdoutLine: {'line': b'-- Up-to-date: /home/robot_ws/install/nsc_core/share/ament_index/resource_index/package_run_dependencies/nsc_core\n'}
[0.239641] (nsc_core) StdoutLine: {'line': b'-- Up-to-date: /home/robot_ws/install/nsc_core/share/ament_index/resource_index/parent_prefix_path/nsc_core\n'}
[0.239722] (nsc_core) StdoutLine: {'line': b'-- Up-to-date: /home/robot_ws/install/nsc_core/share/nsc_core/environment/ament_prefix_path.sh\n'}
[0.239797] (nsc_core) StdoutLine: {'line': b'-- Up-to-date: /home/robot_ws/install/nsc_core/share/nsc_core/environment/ament_prefix_path.dsv\n'}
[0.239866] (nsc_core) StdoutLine: {'line': b'-- Up-to-date: /home/robot_ws/install/nsc_core/share/nsc_core/environment/path.sh\n'}
[0.240012] (nsc_core) StdoutLine: {'line': b'-- Up-to-date: /home/robot_ws/install/nsc_core/share/nsc_core/environment/path.dsv\n'}
[0.240107] (nsc_core) StdoutLine: {'line': b'-- Up-to-date: /home/robot_ws/install/nsc_core/share/nsc_core/local_setup.bash\n'}
[0.240377] (nsc_core) StdoutLine: {'line': b'-- Up-to-date: /home/robot_ws/install/nsc_core/share/nsc_core/local_setup.sh\n'}
[0.240514] (nsc_core) StdoutLine: {'line': b'-- Up-to-date: /home/robot_ws/install/nsc_core/share/nsc_core/local_setup.zsh\n'}
[0.240685] (nsc_core) StdoutLine: {'line': b'-- Up-to-date: /home/robot_ws/install/nsc_core/share/nsc_core/local_setup.dsv\n'}
[0.240759] (nsc_core) StdoutLine: {'line': b'-- Installing: /home/robot_ws/install/nsc_core/share/nsc_core/package.dsv\n'}
[0.240797] (nsc_core) StdoutLine: {'line': b'-- Up-to-date: /home/robot_ws/install/nsc_core/share/ament_index/resource_index/packages/nsc_core\n'}
[0.240828] (nsc_core) StdoutLine: {'line': b'-- Up-to-date: /home/robot_ws/install/nsc_core/share/nsc_core/cmake/nsc_coreConfig.cmake\n'}
[0.240858] (nsc_core) StdoutLine: {'line': b'-- Up-to-date: /home/robot_ws/install/nsc_core/share/nsc_core/cmake/nsc_coreConfig-version.cmake\n'}
[0.240888] (nsc_core) StdoutLine: {'line': b'-- Up-to-date: /home/robot_ws/install/nsc_core/share/nsc_core/package.xml\n'}
[0.240917] (nsc_description) StdoutLine: {'line': b'-- Up-to-date: /home/robot_ws/install/nsc_description/share/nsc_description/urdf\n'}
[0.240962] (nsc_description) StdoutLine: {'line': b'-- Up-to-date: /home/robot_ws/install/nsc_description/share/nsc_description/urdf/leg.urdf.xacro\n'}
[0.240994] (nsc_description) StdoutLine: {'line': b'-- Up-to-date: /home/robot_ws/install/nsc_description/share/nsc_description/urdf/model\n'}
[0.241024] (nsc_description) StdoutLine: {'line': b'-- Up-to-date: /home/robot_ws/install/nsc_description/share/nsc_description/urdf/top_arm.urdf.xacro\n'}
[0.241054] (nsc_description) StdoutLine: {'line': b'-- Up-to-date: /home/robot_ws/install/nsc_description/share/nsc_description/urdf/bottom_leg.urdf.xacro\n'}
[0.241083] (nsc_description) StdoutLine: {'line': b'-- Up-to-date: /home/robot_ws/install/nsc_description/share/nsc_description/urdf/arm.urdf.xacro\n'}
[0.241112] (nsc_description) StdoutLine: {'line': b'-- Up-to-date: /home/robot_ws/install/nsc_description/share/nsc_description/urdf/foot.urdf.xacro\n'}
[0.241223] (nsc_description) StdoutLine: {'line': b'-- Up-to-date: /home/robot_ws/install/nsc_description/share/nsc_description/urdf/base.urdf.xacro\n'}
[0.241253] (nsc_description) StdoutLine: {'line': b'-- Up-to-date: /home/robot_ws/install/nsc_description/share/nsc_description/urdf/head.urdf.xacro\n'}
[0.241282] (nsc_description) StdoutLine: {'line': b'-- Up-to-date: /home/robot_ws/install/nsc_description/share/nsc_description/urdf/properties.urdf.xacro\n'}
[0.241310] (nsc_description) StdoutLine: {'line': b'-- Up-to-date: /home/robot_ws/install/nsc_description/share/nsc_description/urdf/top_foot.urdf.xacro\n'}
[0.241340] (nsc_description) StdoutLine: {'line': b'-- Installing: /home/robot_ws/install/nsc_description/share/nsc_description/urdf/robot.urdf.xacro\n'}
[0.241435] (nsc_description) StdoutLine: {'line': b'-- Up-to-date: /home/robot_ws/install/nsc_description/share/nsc_description/urdf/top_leg.urdf.xacro\n'}
[0.241519] (nsc_description) StdoutLine: {'line': b'-- Up-to-date: /home/robot_ws/install/nsc_description/share/nsc_description/urdf/bottom_arm.urdf.xacro\n'}
[0.241677] (nsc_description) StdoutLine: {'line': b'-- Up-to-date: /home/robot_ws/install/nsc_description/share/nsc_description/launch\n'}
[0.241705] (nsc_description) StdoutLine: {'line': b'-- Up-to-date: /home/robot_ws/install/nsc_description/share/nsc_description/launch/description.launch.py\n'}
[0.241733] (nsc_description) StdoutLine: {'line': b'-- Up-to-date: /home/robot_ws/install/nsc_description/share/nsc_description/rviz\n'}
[0.241810] (nsc_description) StdoutLine: {'line': b'-- Up-to-date: /home/robot_ws/install/nsc_description/share/nsc_description/src\n'}
[0.241870] (nsc_description) StdoutLine: {'line': b'-- Up-to-date: /home/robot_ws/install/nsc_description/share/nsc_description/src/__init__.py\n'}
[0.241901] (nsc_description) StdoutLine: {'line': b'-- Up-to-date: /home/robot_ws/install/nsc_description/share/ament_index/resource_index/package_run_dependencies/nsc_description\n'}
[0.241930] (nsc_description) StdoutLine: {'line': b'-- Up-to-date: /home/robot_ws/install/nsc_description/share/ament_index/resource_index/parent_prefix_path/nsc_description\n'}
[0.241958] (nsc_description) StdoutLine: {'line': b'-- Up-to-date: /home/robot_ws/install/nsc_description/share/nsc_description/environment/ament_prefix_path.sh\n'}
[0.241986] (nsc_description) StdoutLine: {'line': b'-- Up-to-date: /home/robot_ws/install/nsc_description/share/nsc_description/environment/ament_prefix_path.dsv\n'}
[0.242014] (nsc_description) StdoutLine: {'line': b'-- Up-to-date: /home/robot_ws/install/nsc_description/share/nsc_description/environment/path.sh\n'}
[0.242041] (nsc_description) StdoutLine: {'line': b'-- Up-to-date: /home/robot_ws/install/nsc_description/share/nsc_description/environment/path.dsv\n'}
[0.243033] (nsc_description) StdoutLine: {'line': b'-- Up-to-date: /home/robot_ws/install/nsc_description/share/nsc_description/local_setup.bash\n'}
[0.243184] (nsc_description) StdoutLine: {'line': b'-- Up-to-date: /home/robot_ws/install/nsc_description/share/nsc_description/local_setup.sh\n'}
[0.243370] (nsc_description) StdoutLine: {'line': b'-- Up-to-date: /home/robot_ws/install/nsc_description/share/nsc_description/local_setup.zsh\n'}
[0.243622] (nsc_description) StdoutLine: {'line': b'-- Up-to-date: /home/robot_ws/install/nsc_description/share/nsc_description/local_setup.dsv\n'}
[0.243745] (nsc_description) StdoutLine: {'line': b'-- Installing: /home/robot_ws/install/nsc_description/share/nsc_description/package.dsv\n'}
[0.243918] (nsc_description) StdoutLine: {'line': b'-- Up-to-date: /home/robot_ws/install/nsc_description/share/ament_index/resource_index/packages/nsc_description\n'}
[0.244036] (nsc_description) StdoutLine: {'line': b'-- Up-to-date: /home/robot_ws/install/nsc_description/share/nsc_description/cmake/nsc_descriptionConfig.cmake\n'}
[0.244112] (nsc_description) StdoutLine: {'line': b'-- Up-to-date: /home/robot_ws/install/nsc_description/share/nsc_description/cmake/nsc_descriptionConfig-version.cmake\n'}
[0.244233] (nsc_description) StdoutLine: {'line': b'-- Up-to-date: /home/robot_ws/install/nsc_description/share/nsc_description/package.xml\n'}
[0.244731] (nsc_core) CommandEnded: {'returncode': 0}
[0.252132] (nsc_description) CommandEnded: {'returncode': 0}
[0.267355] (nsc_core) JobEnded: {'identifier': 'nsc_core', 'rc': 0}
[0.270899] (nsc_description) JobEnded: {'identifier': 'nsc_description', 'rc': 0}
[0.271362] (-) EventReactorShutdown: {}
