[0.018s] Invoking command in '/home/robot_ws/build/nsc_description': CMAKE_PREFIX_PATH=${CMAKE_PREFIX_PATH}:/opt/ros/humble /usr/bin/cmake --build /home/robot_ws/build/nsc_description -- -j16 -l16
[0.087s] Built target ament_cmake_python_copy_src
[0.407s] running egg_info
[0.409s] writing src.egg-info/PKG-INFO
[0.410s] writing dependency_links to src.egg-info/dependency_links.txt
[0.410s] writing top-level names to src.egg-info/top_level.txt
[0.416s] reading manifest file 'src.egg-info/SOURCES.txt'
[0.417s] writing manifest file 'src.egg-info/SOURCES.txt'
[0.478s] Built target ament_cmake_python_build_src_egg
[0.494s] Invoked command in '/home/robot_ws/build/nsc_description' returned '0': CMAKE_PREFIX_PATH=${CMAKE_PREFIX_PATH}:/opt/ros/humble /usr/bin/cmake --build /home/robot_ws/build/nsc_description -- -j16 -l16
[0.525s] Invoking command in '/home/robot_ws/build/nsc_description': CMAKE_PREFIX_PATH=${CMAKE_PREFIX_PATH}:/opt/ros/humble /usr/bin/cmake --install /home/robot_ws/build/nsc_description
[0.532s] -- Install configuration: ""
[0.532s] -- Up-to-date: /home/robot_ws/install/nsc_description/share/nsc_description/environment/pythonpath.sh
[0.533s] -- Up-to-date: /home/robot_ws/install/nsc_description/share/nsc_description/environment/pythonpath.dsv
[0.533s] -- Up-to-date: /home/robot_ws/install/nsc_description/local/lib/python3.10/dist-packages/src-0.0.0-py3.10.egg-info
[0.533s] -- Installing: /home/robot_ws/install/nsc_description/local/lib/python3.10/dist-packages/src-0.0.0-py3.10.egg-info/top_level.txt
[0.533s] -- Installing: /home/robot_ws/install/nsc_description/local/lib/python3.10/dist-packages/src-0.0.0-py3.10.egg-info/SOURCES.txt
[0.534s] -- Installing: /home/robot_ws/install/nsc_description/local/lib/python3.10/dist-packages/src-0.0.0-py3.10.egg-info/PKG-INFO
[0.534s] -- Installing: /home/robot_ws/install/nsc_description/local/lib/python3.10/dist-packages/src-0.0.0-py3.10.egg-info/dependency_links.txt
[0.534s] -- Up-to-date: /home/robot_ws/install/nsc_description/local/lib/python3.10/dist-packages/src
[0.534s] -- Up-to-date: /home/robot_ws/install/nsc_description/local/lib/python3.10/dist-packages/src/__init__.py
[0.578s] Listing '/home/robot_ws/install/nsc_description/local/lib/python3.10/dist-packages/src'...
[0.586s] -- Up-to-date: /home/robot_ws/install/nsc_description/share/nsc_description/urdf
[0.589s] -- Up-to-date: /home/robot_ws/install/nsc_description/share/nsc_description/urdf/leg.urdf.xacro
[0.589s] -- Up-to-date: /home/robot_ws/install/nsc_description/share/nsc_description/urdf/model
[0.589s] -- Up-to-date: /home/robot_ws/install/nsc_description/share/nsc_description/urdf/model/left_leg2.stl
[0.590s] -- Up-to-date: /home/robot_ws/install/nsc_description/share/nsc_description/urdf/model/right_leg3.stl
[0.590s] -- Up-to-date: /home/robot_ws/install/nsc_description/share/nsc_description/urdf/model/left_leg1.stl
[0.591s] -- Up-to-date: /home/robot_ws/install/nsc_description/share/nsc_description/urdf/model/right_arm1.stl
[0.592s] -- Up-to-date: /home/robot_ws/install/nsc_description/share/nsc_description/urdf/model/right_arm4.stl
[0.593s] -- Up-to-date: /home/robot_ws/install/nsc_description/share/nsc_description/urdf/model/left_arm2.stl
[0.593s] -- Up-to-date: /home/robot_ws/install/nsc_description/share/nsc_description/urdf/model/left_arm3.stl
[0.593s] -- Up-to-date: /home/robot_ws/install/nsc_description/share/nsc_description/urdf/model/right_leg2.stl
[0.593s] -- Up-to-date: /home/robot_ws/install/nsc_description/share/nsc_description/urdf/model/left_arm1.stl
[0.594s] -- Up-to-date: /home/robot_ws/install/nsc_description/share/nsc_description/urdf/model/left_leg3.stl
[0.594s] -- Up-to-date: /home/robot_ws/install/nsc_description/share/nsc_description/urdf/model/body.stl
[0.595s] -- Up-to-date: /home/robot_ws/install/nsc_description/share/nsc_description/urdf/model/right_leg1.stl
[0.595s] -- Up-to-date: /home/robot_ws/install/nsc_description/share/nsc_description/urdf/model/left_arm4.stl
[0.596s] -- Up-to-date: /home/robot_ws/install/nsc_description/share/nsc_description/urdf/model/head.stl
[0.596s] -- Up-to-date: /home/robot_ws/install/nsc_description/share/nsc_description/urdf/model/right_arm3.stl
[0.597s] -- Up-to-date: /home/robot_ws/install/nsc_description/share/nsc_description/urdf/model/right_arm2.stl
[0.597s] -- Up-to-date: /home/robot_ws/install/nsc_description/share/nsc_description/urdf/top_arm.urdf.xacro
[0.597s] -- Up-to-date: /home/robot_ws/install/nsc_description/share/nsc_description/urdf/bottom_leg.urdf.xacro
[0.597s] -- Up-to-date: /home/robot_ws/install/nsc_description/share/nsc_description/urdf/arm.urdf.xacro
[0.598s] -- Up-to-date: /home/robot_ws/install/nsc_description/share/nsc_description/urdf/foot.urdf.xacro
[0.599s] -- Up-to-date: /home/robot_ws/install/nsc_description/share/nsc_description/urdf/base.urdf.xacro
[0.599s] -- Up-to-date: /home/robot_ws/install/nsc_description/share/nsc_description/urdf/head.urdf.xacro
[0.599s] -- Up-to-date: /home/robot_ws/install/nsc_description/share/nsc_description/urdf/camera.transmission.xacro
[0.600s] -- Up-to-date: /home/robot_ws/install/nsc_description/share/nsc_description/urdf/properties.urdf.xacro
[0.601s] -- Up-to-date: /home/robot_ws/install/nsc_description/share/nsc_description/urdf/finger.urdf.xacro
[0.601s] -- Up-to-date: /home/robot_ws/install/nsc_description/share/nsc_description/urdf/leg.transmission.xacro
[0.602s] -- Up-to-date: /home/robot_ws/install/nsc_description/share/nsc_description/urdf/hand.urdf.xacro
[0.602s] -- Up-to-date: /home/robot_ws/install/nsc_description/share/nsc_description/urdf/camera.urdf.xacro
[0.602s] -- Up-to-date: /home/robot_ws/install/nsc_description/share/nsc_description/urdf/top_foot.urdf.xacro
[0.603s] -- Up-to-date: /home/robot_ws/install/nsc_description/share/nsc_description/urdf/robot.urdf.xacro
[0.603s] -- Up-to-date: /home/robot_ws/install/nsc_description/share/nsc_description/urdf/top_leg.urdf.xacro
[0.604s] -- Up-to-date: /home/robot_ws/install/nsc_description/share/nsc_description/urdf/arm.transmission.xacro
[0.604s] -- Up-to-date: /home/robot_ws/install/nsc_description/share/nsc_description/launch
[0.604s] -- Up-to-date: /home/robot_ws/install/nsc_description/share/nsc_description/launch/description.launch.py
[0.605s] -- Up-to-date: /home/robot_ws/install/nsc_description/share/nsc_description/launch/gazebo.launch.py
[0.605s] -- Up-to-date: /home/robot_ws/install/nsc_description/share/nsc_description/rviz
[0.605s] -- Up-to-date: /home/robot_ws/install/nsc_description/share/nsc_description/src
[0.605s] -- Up-to-date: /home/robot_ws/install/nsc_description/share/nsc_description/src/__init__.py
[0.605s] -- Up-to-date: /home/robot_ws/install/nsc_description/share/nsc_description/worlds
[0.606s] -- Up-to-date: /home/robot_ws/install/nsc_description/share/nsc_description/worlds/world.world
[0.606s] -- Up-to-date: /home/robot_ws/install/nsc_description/share/nsc_description/config
[0.606s] -- Up-to-date: /home/robot_ws/install/nsc_description/share/nsc_description/config/controllers.yaml
[0.606s] -- Up-to-date: /home/robot_ws/install/nsc_description/share/ament_index/resource_index/package_run_dependencies/nsc_description
[0.608s] -- Up-to-date: /home/robot_ws/install/nsc_description/share/ament_index/resource_index/parent_prefix_path/nsc_description
[0.608s] -- Up-to-date: /home/robot_ws/install/nsc_description/share/nsc_description/environment/ament_prefix_path.sh
[0.609s] -- Up-to-date: /home/robot_ws/install/nsc_description/share/nsc_description/environment/ament_prefix_path.dsv
[0.609s] -- Up-to-date: /home/robot_ws/install/nsc_description/share/nsc_description/environment/path.sh
[0.610s] -- Up-to-date: /home/robot_ws/install/nsc_description/share/nsc_description/environment/path.dsv
[0.611s] -- Up-to-date: /home/robot_ws/install/nsc_description/share/nsc_description/local_setup.bash
[0.611s] -- Up-to-date: /home/robot_ws/install/nsc_description/share/nsc_description/local_setup.sh
[0.611s] -- Up-to-date: /home/robot_ws/install/nsc_description/share/nsc_description/local_setup.zsh
[0.612s] -- Up-to-date: /home/robot_ws/install/nsc_description/share/nsc_description/local_setup.dsv
[0.612s] -- Installing: /home/robot_ws/install/nsc_description/share/nsc_description/package.dsv
[0.614s] -- Up-to-date: /home/robot_ws/install/nsc_description/share/ament_index/resource_index/packages/nsc_description
[0.614s] -- Up-to-date: /home/robot_ws/install/nsc_description/share/nsc_description/cmake/nsc_descriptionConfig.cmake
[0.614s] -- Up-to-date: /home/robot_ws/install/nsc_description/share/nsc_description/cmake/nsc_descriptionConfig-version.cmake
[0.615s] -- Up-to-date: /home/robot_ws/install/nsc_description/share/nsc_description/package.xml
[0.630s] Invoked command in '/home/robot_ws/build/nsc_description' returned '0': CMAKE_PREFIX_PATH=${CMAKE_PREFIX_PATH}:/opt/ros/humble /usr/bin/cmake --install /home/robot_ws/build/nsc_description
