-- The C compiler identification is GNU 11.4.0
-- The CXX compiler identification is GNU 11.4.0
-- Detecting C compiler ABI info
-- Detecting C compiler ABI info - done
-- Check for working C compiler: /usr/bin/cc - skipped
-- Detecting C compile features
-- Detecting C compile features - done
-- Detecting CXX compiler ABI info
-- Detecting CXX compiler ABI info - done
-- Check for working CXX compiler: /usr/bin/c++ - skipped
-- Detecting CXX compile features
-- Detecting CXX compile features - done
-- Found ament_cmake: 1.3.9 (/opt/ros/humble/share/ament_cmake/cmake)
-- Found Python3: /usr/bin/python3 (found version "3.10.12") found components: Interpreter 
-- Found rclpy: 3.3.13 (/opt/ros/humble/share/rclpy/cmake)
-- Found ament_lint_auto: 0.12.11 (/opt/ros/humble/share/ament_lint_auto/cmake)
-- Added test 'copyright' to check source files copyright and LICENSE
-- Added test 'flake8' to check Python code syntax and style conventions
-- Added test 'lint_cmake' to check CMake code style
-- Added test 'pep257' to check Python code against some of the docstring style conventions in PEP 257
-- Added test 'xmllint' to check XML markup files
-- Configuring done
-- Generating done
-- Build files have been written to: /home/robot_ws/build/nsc_description
Built target ament_cmake_python_copy_src
running egg_info
creating src.egg-info
writing src.egg-info/PKG-INFO
writing dependency_links to src.egg-info/dependency_links.txt
writing top-level names to src.egg-info/top_level.txt
writing manifest file 'src.egg-info/SOURCES.txt'
reading manifest file 'src.egg-info/SOURCES.txt'
writing manifest file 'src.egg-info/SOURCES.txt'
Built target ament_cmake_python_build_src_egg
-- Install configuration: ""
-- Installing: /home/robot_ws/install/nsc_description/share/nsc_description/environment/pythonpath.sh
-- Installing: /home/robot_ws/install/nsc_description/share/nsc_description/environment/pythonpath.dsv
-- Installing: /home/robot_ws/install/nsc_description/local/lib/python3.10/dist-packages/src-0.0.0-py3.10.egg-info
-- Installing: /home/robot_ws/install/nsc_description/local/lib/python3.10/dist-packages/src-0.0.0-py3.10.egg-info/top_level.txt
-- Installing: /home/robot_ws/install/nsc_description/local/lib/python3.10/dist-packages/src-0.0.0-py3.10.egg-info/SOURCES.txt
-- Installing: /home/robot_ws/install/nsc_description/local/lib/python3.10/dist-packages/src-0.0.0-py3.10.egg-info/PKG-INFO
-- Installing: /home/robot_ws/install/nsc_description/local/lib/python3.10/dist-packages/src-0.0.0-py3.10.egg-info/dependency_links.txt
-- Installing: /home/robot_ws/install/nsc_description/local/lib/python3.10/dist-packages/src
-- Installing: /home/robot_ws/install/nsc_description/local/lib/python3.10/dist-packages/src/__init__.py
Listing '/home/robot_ws/install/nsc_description/local/lib/python3.10/dist-packages/src'...
Compiling '/home/robot_ws/install/nsc_description/local/lib/python3.10/dist-packages/src/__init__.py'...
-- Installing: /home/robot_ws/install/nsc_description/share/nsc_description/urdf
-- Installing: /home/robot_ws/install/nsc_description/share/nsc_description/urdf/leg.urdf.xacro
-- Installing: /home/robot_ws/install/nsc_description/share/nsc_description/urdf/forearm.urdf.xacro
-- Installing: /home/robot_ws/install/nsc_description/share/nsc_description/urdf/model
-- Installing: /home/robot_ws/install/nsc_description/share/nsc_description/urdf/arm.urdf.xacro
-- Installing: /home/robot_ws/install/nsc_description/share/nsc_description/urdf/foot.urdf.xacro
-- Installing: /home/robot_ws/install/nsc_description/share/nsc_description/urdf/base.urdf.xacro
-- Installing: /home/robot_ws/install/nsc_description/share/nsc_description/urdf/properties.urdf.xacro
-- Installing: /home/robot_ws/install/nsc_description/share/nsc_description/urdf/hand.urdf.xacro
-- Installing: /home/robot_ws/install/nsc_description/share/nsc_description/urdf/robot.urdf.xacro
-- Installing: /home/robot_ws/install/nsc_description/share/nsc_description/urdf/shin.urdf.xacro
-- Installing: /home/robot_ws/install/nsc_description/share/nsc_description/launch
-- Installing: /home/robot_ws/install/nsc_description/share/nsc_description/launch/description.launch.py
-- Installing: /home/robot_ws/install/nsc_description/share/nsc_description/rviz
-- Installing: /home/robot_ws/install/nsc_description/share/nsc_description/src
-- Installing: /home/robot_ws/install/nsc_description/share/nsc_description/src/__init__.py
-- Installing: /home/robot_ws/install/nsc_description/share/ament_index/resource_index/package_run_dependencies/nsc_description
-- Installing: /home/robot_ws/install/nsc_description/share/ament_index/resource_index/parent_prefix_path/nsc_description
-- Installing: /home/robot_ws/install/nsc_description/share/nsc_description/environment/ament_prefix_path.sh
-- Installing: /home/robot_ws/install/nsc_description/share/nsc_description/environment/ament_prefix_path.dsv
-- Installing: /home/robot_ws/install/nsc_description/share/nsc_description/environment/path.sh
-- Installing: /home/robot_ws/install/nsc_description/share/nsc_description/environment/path.dsv
-- Installing: /home/robot_ws/install/nsc_description/share/nsc_description/local_setup.bash
-- Installing: /home/robot_ws/install/nsc_description/share/nsc_description/local_setup.sh
-- Installing: /home/robot_ws/install/nsc_description/share/nsc_description/local_setup.zsh
-- Installing: /home/robot_ws/install/nsc_description/share/nsc_description/local_setup.dsv
-- Installing: /home/robot_ws/install/nsc_description/share/nsc_description/package.dsv
-- Installing: /home/robot_ws/install/nsc_description/share/ament_index/resource_index/packages/nsc_description
-- Installing: /home/robot_ws/install/nsc_description/share/nsc_description/cmake/nsc_descriptionConfig.cmake
-- Installing: /home/robot_ws/install/nsc_description/share/nsc_description/cmake/nsc_descriptionConfig-version.cmake
-- Installing: /home/robot_ws/install/nsc_description/share/nsc_description/package.xml
