[0.006s] Invoking command in '/home/robot_ws/build/nsc_description': CMAKE_PREFIX_PATH=${CMAKE_PREFIX_PATH}:/opt/ros/humble /usr/bin/cmake /home/robot_ws/src/nsc_description -DCMAKE_INSTALL_PREFIX=/home/robot_ws/install/nsc_description
[0.037s] -- The C compiler identification is GNU 11.4.0
[0.068s] -- The CXX compiler identification is GNU 11.4.0
[0.072s] -- Detecting C compiler ABI info
[0.112s] -- Detecting C compiler ABI info - done
[0.116s] -- Check for working C compiler: /usr/bin/cc - skipped
[0.116s] -- Detecting C compile features
[0.116s] -- Detecting C compile features - done
[0.118s] -- Detecting CXX compiler ABI info
[0.162s] -- Detecting CXX compiler ABI info - done
[0.166s] -- Check for working CXX compiler: /usr/bin/c++ - skipped
[0.166s] -- Detecting CXX compile features
[0.167s] -- Detecting CXX compile features - done
[0.169s] -- Found ament_cmake: 1.3.9 (/opt/ros/humble/share/ament_cmake/cmake)
[0.260s] -- Found Python3: /usr/bin/python3 (found version "3.10.12") found components: Interpreter 
[0.324s] -- Found rclpy: 3.3.13 (/opt/ros/humble/share/rclpy/cmake)
[0.377s] -- Found ament_lint_auto: 0.12.11 (/opt/ros/humble/share/ament_lint_auto/cmake)
[0.434s] -- Added test 'copyright' to check source files copyright and LICENSE
[0.435s] -- Added test 'flake8' to check Python code syntax and style conventions
[0.435s] -- Added test 'lint_cmake' to check CMake code style
[0.435s] -- Added test 'pep257' to check Python code against some of the docstring style conventions in PEP 257
[0.436s] -- Added test 'xmllint' to check XML markup files
[0.436s] -- Configuring done
[0.438s] -- Generating done
[0.439s] -- Build files have been written to: /home/robot_ws/build/nsc_description
[0.442s] Invoked command in '/home/robot_ws/build/nsc_description' returned '0': CMAKE_PREFIX_PATH=${CMAKE_PREFIX_PATH}:/opt/ros/humble /usr/bin/cmake /home/robot_ws/src/nsc_description -DCMAKE_INSTALL_PREFIX=/home/robot_ws/install/nsc_description
[0.443s] Invoking command in '/home/robot_ws/build/nsc_description': CMAKE_PREFIX_PATH=${CMAKE_PREFIX_PATH}:/opt/ros/humble /usr/bin/cmake --build /home/robot_ws/build/nsc_description -- -j16 -l16
[0.473s] Built target ament_cmake_python_copy_src
[0.594s] running egg_info
[0.595s] creating src.egg-info
[0.595s] writing src.egg-info/PKG-INFO
[0.595s] writing dependency_links to src.egg-info/dependency_links.txt
[0.595s] writing top-level names to src.egg-info/top_level.txt
[0.595s] writing manifest file 'src.egg-info/SOURCES.txt'
[0.596s] reading manifest file 'src.egg-info/SOURCES.txt'
[0.596s] writing manifest file 'src.egg-info/SOURCES.txt'
[0.613s] Built target ament_cmake_python_build_src_egg
[0.620s] Invoked command in '/home/robot_ws/build/nsc_description' returned '0': CMAKE_PREFIX_PATH=${CMAKE_PREFIX_PATH}:/opt/ros/humble /usr/bin/cmake --build /home/robot_ws/build/nsc_description -- -j16 -l16
[0.639s] Invoking command in '/home/robot_ws/build/nsc_description': CMAKE_PREFIX_PATH=${CMAKE_PREFIX_PATH}:/opt/ros/humble /usr/bin/cmake --install /home/robot_ws/build/nsc_description
[0.643s] -- Install configuration: ""
[0.643s] -- Installing: /home/robot_ws/install/nsc_description/share/nsc_description/environment/pythonpath.sh
[0.643s] -- Installing: /home/robot_ws/install/nsc_description/share/nsc_description/environment/pythonpath.dsv
[0.643s] -- Installing: /home/robot_ws/install/nsc_description/local/lib/python3.10/dist-packages/src-0.0.0-py3.10.egg-info
[0.643s] -- Installing: /home/robot_ws/install/nsc_description/local/lib/python3.10/dist-packages/src-0.0.0-py3.10.egg-info/top_level.txt
[0.644s] -- Installing: /home/robot_ws/install/nsc_description/local/lib/python3.10/dist-packages/src-0.0.0-py3.10.egg-info/SOURCES.txt
[0.644s] -- Installing: /home/robot_ws/install/nsc_description/local/lib/python3.10/dist-packages/src-0.0.0-py3.10.egg-info/PKG-INFO
[0.644s] -- Installing: /home/robot_ws/install/nsc_description/local/lib/python3.10/dist-packages/src-0.0.0-py3.10.egg-info/dependency_links.txt
[0.644s] -- Installing: /home/robot_ws/install/nsc_description/local/lib/python3.10/dist-packages/src
[0.644s] -- Installing: /home/robot_ws/install/nsc_description/local/lib/python3.10/dist-packages/src/__init__.py
[0.662s] Listing '/home/robot_ws/install/nsc_description/local/lib/python3.10/dist-packages/src'...
[0.662s] Compiling '/home/robot_ws/install/nsc_description/local/lib/python3.10/dist-packages/src/__init__.py'...
[0.666s] -- Installing: /home/robot_ws/install/nsc_description/share/nsc_description/urdf
[0.666s] -- Installing: /home/robot_ws/install/nsc_description/share/nsc_description/urdf/leg.urdf.xacro
[0.666s] -- Installing: /home/robot_ws/install/nsc_description/share/nsc_description/urdf/forearm.urdf.xacro
[0.666s] -- Installing: /home/robot_ws/install/nsc_description/share/nsc_description/urdf/model
[0.666s] -- Installing: /home/robot_ws/install/nsc_description/share/nsc_description/urdf/arm.urdf.xacro
[0.666s] -- Installing: /home/robot_ws/install/nsc_description/share/nsc_description/urdf/foot.urdf.xacro
[0.667s] -- Installing: /home/robot_ws/install/nsc_description/share/nsc_description/urdf/base.urdf.xacro
[0.667s] -- Installing: /home/robot_ws/install/nsc_description/share/nsc_description/urdf/properties.urdf.xacro
[0.667s] -- Installing: /home/robot_ws/install/nsc_description/share/nsc_description/urdf/hand.urdf.xacro
[0.667s] -- Installing: /home/robot_ws/install/nsc_description/share/nsc_description/urdf/robot.urdf.xacro
[0.667s] -- Installing: /home/robot_ws/install/nsc_description/share/nsc_description/urdf/shin.urdf.xacro
[0.667s] -- Installing: /home/robot_ws/install/nsc_description/share/nsc_description/launch
[0.667s] -- Installing: /home/robot_ws/install/nsc_description/share/nsc_description/launch/description.launch.py
[0.667s] -- Installing: /home/robot_ws/install/nsc_description/share/nsc_description/rviz
[0.667s] -- Installing: /home/robot_ws/install/nsc_description/share/nsc_description/src
[0.667s] -- Installing: /home/robot_ws/install/nsc_description/share/nsc_description/src/__init__.py
[0.667s] -- Installing: /home/robot_ws/install/nsc_description/share/ament_index/resource_index/package_run_dependencies/nsc_description
[0.667s] -- Installing: /home/robot_ws/install/nsc_description/share/ament_index/resource_index/parent_prefix_path/nsc_description
[0.667s] -- Installing: /home/robot_ws/install/nsc_description/share/nsc_description/environment/ament_prefix_path.sh
[0.667s] -- Installing: /home/robot_ws/install/nsc_description/share/nsc_description/environment/ament_prefix_path.dsv
[0.667s] -- Installing: /home/robot_ws/install/nsc_description/share/nsc_description/environment/path.sh
[0.667s] -- Installing: /home/robot_ws/install/nsc_description/share/nsc_description/environment/path.dsv
[0.667s] -- Installing: /home/robot_ws/install/nsc_description/share/nsc_description/local_setup.bash
[0.667s] -- Installing: /home/robot_ws/install/nsc_description/share/nsc_description/local_setup.sh
[0.667s] -- Installing: /home/robot_ws/install/nsc_description/share/nsc_description/local_setup.zsh
[0.667s] -- Installing: /home/robot_ws/install/nsc_description/share/nsc_description/local_setup.dsv
[0.667s] -- Installing: /home/robot_ws/install/nsc_description/share/nsc_description/package.dsv
[0.667s] -- Installing: /home/robot_ws/install/nsc_description/share/ament_index/resource_index/packages/nsc_description
[0.667s] -- Installing: /home/robot_ws/install/nsc_description/share/nsc_description/cmake/nsc_descriptionConfig.cmake
[0.667s] -- Installing: /home/robot_ws/install/nsc_description/share/nsc_description/cmake/nsc_descriptionConfig-version.cmake
[0.667s] -- Installing: /home/robot_ws/install/nsc_description/share/nsc_description/package.xml
[0.677s] Invoked command in '/home/robot_ws/build/nsc_description' returned '0': CMAKE_PREFIX_PATH=${CMAKE_PREFIX_PATH}:/opt/ros/humble /usr/bin/cmake --install /home/robot_ws/build/nsc_description
