[0.009s] Invoking command in '/home/robot_ws/build/nsc_core': CMAKE_PREFIX_PATH=${CMAKE_PREFIX_PATH}:/opt/ros/humble /usr/bin/cmake --build /home/robot_ws/build/nsc_core -- -j16 -l16
[0.032s] -- Found ament_cmake: 1.3.9 (/opt/ros/humble/share/ament_cmake/cmake)
[0.148s] -- Found rclpy: 3.3.13 (/opt/ros/humble/share/rclpy/cmake)
[0.191s] -- Found ament_lint_auto: 0.12.11 (/opt/ros/humble/share/ament_lint_auto/cmake)
[0.247s] -- Added test 'copyright' to check source files copyright and LICENSE
[0.249s] -- Added test 'flake8' to check Python code syntax and style conventions
[0.249s] -- Added test 'lint_cmake' to check CMake code style
[0.250s] -- Added test 'pep257' to check Python code against some of the docstring style conventions in PEP 257
[0.251s] -- Added test 'xmllint' to check XML markup files
[0.252s] -- Configuring done
[0.254s] -- Generating done
[0.255s] -- Build files have been written to: /home/robot_ws/build/nsc_core
[0.282s] Built target ament_cmake_python_copy_src
[0.423s] running egg_info
[0.423s] writing src.egg-info/PKG-INFO
[0.424s] writing dependency_links to src.egg-info/dependency_links.txt
[0.424s] writing top-level names to src.egg-info/top_level.txt
[0.425s] reading manifest file 'src.egg-info/SOURCES.txt'
[0.425s] writing manifest file 'src.egg-info/SOURCES.txt'
[0.446s] Built target ament_cmake_python_build_src_egg
[0.454s] Invoked command in '/home/robot_ws/build/nsc_core' returned '0': CMAKE_PREFIX_PATH=${CMAKE_PREFIX_PATH}:/opt/ros/humble /usr/bin/cmake --build /home/robot_ws/build/nsc_core -- -j16 -l16
[0.469s] Invoking command in '/home/robot_ws/build/nsc_core': CMAKE_PREFIX_PATH=${CMAKE_PREFIX_PATH}:/opt/ros/humble /usr/bin/cmake --install /home/robot_ws/build/nsc_core
[0.474s] -- Install configuration: ""
[0.474s] -- Up-to-date: /home/robot_ws/install/nsc_core/share/nsc_core/environment/pythonpath.sh
[0.474s] -- Installing: /home/robot_ws/install/nsc_core/share/nsc_core/environment/pythonpath.dsv
[0.474s] -- Up-to-date: /home/robot_ws/install/nsc_core/local/lib/python3.10/dist-packages/src-0.0.0-py3.10.egg-info
[0.474s] -- Installing: /home/robot_ws/install/nsc_core/local/lib/python3.10/dist-packages/src-0.0.0-py3.10.egg-info/top_level.txt
[0.474s] -- Installing: /home/robot_ws/install/nsc_core/local/lib/python3.10/dist-packages/src-0.0.0-py3.10.egg-info/SOURCES.txt
[0.474s] -- Installing: /home/robot_ws/install/nsc_core/local/lib/python3.10/dist-packages/src-0.0.0-py3.10.egg-info/PKG-INFO
[0.475s] -- Installing: /home/robot_ws/install/nsc_core/local/lib/python3.10/dist-packages/src-0.0.0-py3.10.egg-info/dependency_links.txt
[0.475s] -- Up-to-date: /home/robot_ws/install/nsc_core/local/lib/python3.10/dist-packages/src
[0.475s] -- Up-to-date: /home/robot_ws/install/nsc_core/local/lib/python3.10/dist-packages/src/arm_control.py
[0.475s] -- Up-to-date: /home/robot_ws/install/nsc_core/local/lib/python3.10/dist-packages/src/__init__.py
[0.475s] -- Up-to-date: /home/robot_ws/install/nsc_core/local/lib/python3.10/dist-packages/src/camera_control.py
[0.475s] -- Up-to-date: /home/robot_ws/install/nsc_core/local/lib/python3.10/dist-packages/src/gui.py
[0.475s] -- Up-to-date: /home/robot_ws/install/nsc_core/local/lib/python3.10/dist-packages/src/video_capture.py
[0.495s] Listing '/home/robot_ws/install/nsc_core/local/lib/python3.10/dist-packages/src'...
[0.498s] -- Up-to-date: /home/robot_ws/install/nsc_core/share/nsc_core/src
[0.499s] -- Up-to-date: /home/robot_ws/install/nsc_core/share/nsc_core/src/arm_control.py
[0.499s] -- Up-to-date: /home/robot_ws/install/nsc_core/share/nsc_core/src/__init__.py
[0.499s] -- Up-to-date: /home/robot_ws/install/nsc_core/share/nsc_core/src/camera_control.py
[0.499s] -- Up-to-date: /home/robot_ws/install/nsc_core/share/nsc_core/src/gui.py
[0.499s] -- Up-to-date: /home/robot_ws/install/nsc_core/share/nsc_core/src/video_capture.py
[0.499s] -- Up-to-date: /home/robot_ws/install/nsc_core/share/nsc_core/launch
[0.499s] -- Installing: /home/robot_ws/install/nsc_core/share/nsc_core/launch/controller.launch.py
[0.499s] -- Up-to-date: /home/robot_ws/install/nsc_core/share/nsc_core/launch/imu.launch.py
[0.499s] -- Up-to-date: /home/robot_ws/install/nsc_core/share/nsc_core/config
[0.499s] -- Installing: /home/robot_ws/install/nsc_core/lib/nsc_core/arm_control.py
[0.499s] -- Installing: /home/robot_ws/install/nsc_core/lib/nsc_core/camera_control.py
[0.499s] -- Up-to-date: /home/robot_ws/install/nsc_core/share/ament_index/resource_index/package_run_dependencies/nsc_core
[0.499s] -- Installing: /home/robot_ws/install/nsc_core/share/ament_index/resource_index/parent_prefix_path/nsc_core
[0.499s] -- Up-to-date: /home/robot_ws/install/nsc_core/share/nsc_core/environment/ament_prefix_path.sh
[0.499s] -- Installing: /home/robot_ws/install/nsc_core/share/nsc_core/environment/ament_prefix_path.dsv
[0.499s] -- Up-to-date: /home/robot_ws/install/nsc_core/share/nsc_core/environment/path.sh
[0.499s] -- Installing: /home/robot_ws/install/nsc_core/share/nsc_core/environment/path.dsv
[0.499s] -- Up-to-date: /home/robot_ws/install/nsc_core/share/nsc_core/local_setup.bash
[0.499s] -- Up-to-date: /home/robot_ws/install/nsc_core/share/nsc_core/local_setup.sh
[0.499s] -- Up-to-date: /home/robot_ws/install/nsc_core/share/nsc_core/local_setup.zsh
[0.499s] -- Installing: /home/robot_ws/install/nsc_core/share/nsc_core/local_setup.dsv
[0.500s] -- Installing: /home/robot_ws/install/nsc_core/share/nsc_core/package.dsv
[0.500s] -- Up-to-date: /home/robot_ws/install/nsc_core/share/ament_index/resource_index/packages/nsc_core
[0.500s] -- Up-to-date: /home/robot_ws/install/nsc_core/share/nsc_core/cmake/nsc_coreConfig.cmake
[0.500s] -- Up-to-date: /home/robot_ws/install/nsc_core/share/nsc_core/cmake/nsc_coreConfig-version.cmake
[0.500s] -- Up-to-date: /home/robot_ws/install/nsc_core/share/nsc_core/package.xml
[0.502s] Invoked command in '/home/robot_ws/build/nsc_core' returned '0': CMAKE_PREFIX_PATH=${CMAKE_PREFIX_PATH}:/opt/ros/humble /usr/bin/cmake --install /home/robot_ws/build/nsc_core
