Built target ament_cmake_python_copy_src
running egg_info
writing src.egg-info/PKG-INFO
writing dependency_links to src.egg-info/dependency_links.txt
writing top-level names to src.egg-info/top_level.txt
reading manifest file 'src.egg-info/SOURCES.txt'
writing manifest file 'src.egg-info/SOURCES.txt'
Built target ament_cmake_python_build_src_egg
-- Install configuration: ""
-- Up-to-date: /home/robot_ws/install/core/share/core/environment/pythonpath.sh
-- Up-to-date: /home/robot_ws/install/core/share/core/environment/pythonpath.dsv
-- Up-to-date: /home/robot_ws/install/core/local/lib/python3.10/dist-packages/src-0.0.0-py3.10.egg-info
-- Installing: /home/robot_ws/install/core/local/lib/python3.10/dist-packages/src-0.0.0-py3.10.egg-info/top_level.txt
-- Installing: /home/robot_ws/install/core/local/lib/python3.10/dist-packages/src-0.0.0-py3.10.egg-info/SOURCES.txt
-- Installing: /home/robot_ws/install/core/local/lib/python3.10/dist-packages/src-0.0.0-py3.10.egg-info/PKG-INFO
-- Installing: /home/robot_ws/install/core/local/lib/python3.10/dist-packages/src-0.0.0-py3.10.egg-info/dependency_links.txt
-- Up-to-date: /home/robot_ws/install/core/local/lib/python3.10/dist-packages/src
-- Up-to-date: /home/robot_ws/install/core/local/lib/python3.10/dist-packages/src/__init__.py
Listing '/home/robot_ws/install/core/local/lib/python3.10/dist-packages/src'...
-- Up-to-date: /home/robot_ws/install/core/share/core/src
-- Up-to-date: /home/robot_ws/install/core/share/core/src/__init__.py
-- Up-to-date: /home/robot_ws/install/core/share/ament_index/resource_index/package_run_dependencies/core
-- Up-to-date: /home/robot_ws/install/core/share/ament_index/resource_index/parent_prefix_path/core
-- Up-to-date: /home/robot_ws/install/core/share/core/environment/ament_prefix_path.sh
-- Up-to-date: /home/robot_ws/install/core/share/core/environment/ament_prefix_path.dsv
-- Up-to-date: /home/robot_ws/install/core/share/core/environment/path.sh
-- Up-to-date: /home/robot_ws/install/core/share/core/environment/path.dsv
-- Up-to-date: /home/robot_ws/install/core/share/core/local_setup.bash
-- Up-to-date: /home/robot_ws/install/core/share/core/local_setup.sh
-- Up-to-date: /home/robot_ws/install/core/share/core/local_setup.zsh
-- Up-to-date: /home/robot_ws/install/core/share/core/local_setup.dsv
-- Up-to-date: /home/robot_ws/install/core/share/core/package.dsv
-- Up-to-date: /home/robot_ws/install/core/share/ament_index/resource_index/packages/core
-- Up-to-date: /home/robot_ws/install/core/share/core/cmake/coreConfig.cmake
-- Up-to-date: /home/robot_ws/install/core/share/core/cmake/coreConfig-version.cmake
-- Up-to-date: /home/robot_ws/install/core/share/core/package.xml
