[0.000000] (-) TimerEvent: {}
[0.000127] (nsc_core) JobQueued: {'identifier': 'nsc_core', 'dependencies': OrderedDict()}
[0.000146] (nsc_description) JobQueued: {'identifier': 'nsc_description', 'dependencies': OrderedDict()}
[0.000156] (nsc_core) JobStarted: {'identifier': 'nsc_core'}
[0.004700] (nsc_description) JobStarted: {'identifier': 'nsc_description'}
[0.007882] (nsc_core) JobProgress: {'identifier': 'nsc_core', 'progress': 'cmake'}
[0.007951] (nsc_core) JobProgress: {'identifier': 'nsc_core', 'progress': 'build'}
[0.007986] (nsc_core) Command: {'cmd': ['/usr/bin/cmake', '--build', '/home/robot_ws/build/nsc_core', '--', '-j16', '-l16'], 'cwd': '/home/robot_ws/build/nsc_core', 'env': OrderedDict([('HOSTNAME', 'entity014'), ('SHLVL', '1'), ('LD_LIBRARY_PATH', '/usr/lib/x86_64-linux-gnu/gazebo-11/plugins:/opt/ros/humble/opt/rviz_ogre_vendor/lib:/opt/ros/humble/lib/x86_64-linux-gnu:/opt/ros/humble/lib'), ('HOME', '/home'), ('ROS_PYTHON_VERSION', '3'), ('COLCON_PREFIX_PATH', '/home/robot_ws/install'), ('ROS_DISTRO', 'humble'), ('_', '/usr/bin/colcon'), ('ROS_VERSION', '2'), ('NVIDIA_DRIVER_CAPABILITIES', 'all'), ('TERM', 'xterm'), ('ROS_LOCALHOST_ONLY', '0'), ('QT_X11_NO_MITSHM', '1'), ('PATH', '/opt/ros/humble/bin:/usr/local/sbin:/usr/local/bin:/usr/sbin:/usr/bin:/sbin:/bin'), ('XDG_RUNTIME_DIR', '/tmp/runtime-root'), ('DISPLAY', ':0'), ('LANG', 'C.UTF-8'), ('RMW_IMPLEMENTATION', 'rmw_cyclonedds_cpp'), ('ROS_DOMAIN_ID', '10'), ('AMENT_PREFIX_PATH', '/home/robot_ws/install/nsc_description:/home/robot_ws/install/nsc_core:/home/robot_ws/install/description:/home/robot_ws/install/core:/opt/ros/humble'), ('NO_AT_BRIDGE', '1'), ('PWD', '/home/robot_ws/build/nsc_core'), ('LC_ALL', 'C.UTF-8'), ('PYTHONPATH', '/home/robot_ws/install/nsc_description/local/lib/python3.10/dist-packages:/home/robot_ws/install/nsc_core/local/lib/python3.10/dist-packages:/home/robot_ws/install/description/local/lib/python3.10/dist-packages:/home/robot_ws/install/core/local/lib/python3.10/dist-packages:/opt/ros/humble/lib/python3.10/site-packages:/opt/ros/humble/local/lib/python3.10/dist-packages'), ('COLCON', '1'), ('CMAKE_PREFIX_PATH', '/home/robot_ws/install/nsc_description:/home/robot_ws/install/nsc_core:/home/robot_ws/install/description:/home/robot_ws/install/core:/opt/ros/humble')]), 'shell': False}
[0.010013] (nsc_description) JobProgress: {'identifier': 'nsc_description', 'progress': 'cmake'}
[0.010332] (nsc_description) JobProgress: {'identifier': 'nsc_description', 'progress': 'build'}
[0.010877] (nsc_description) Command: {'cmd': ['/usr/bin/cmake', '--build', '/home/robot_ws/build/nsc_description', '--', '-j16', '-l16'], 'cwd': '/home/robot_ws/build/nsc_description', 'env': OrderedDict([('HOSTNAME', 'entity014'), ('SHLVL', '1'), ('LD_LIBRARY_PATH', '/usr/lib/x86_64-linux-gnu/gazebo-11/plugins:/opt/ros/humble/opt/rviz_ogre_vendor/lib:/opt/ros/humble/lib/x86_64-linux-gnu:/opt/ros/humble/lib'), ('HOME', '/home'), ('ROS_PYTHON_VERSION', '3'), ('COLCON_PREFIX_PATH', '/home/robot_ws/install'), ('ROS_DISTRO', 'humble'), ('_', '/usr/bin/colcon'), ('ROS_VERSION', '2'), ('NVIDIA_DRIVER_CAPABILITIES', 'all'), ('TERM', 'xterm'), ('ROS_LOCALHOST_ONLY', '0'), ('QT_X11_NO_MITSHM', '1'), ('PATH', '/opt/ros/humble/bin:/usr/local/sbin:/usr/local/bin:/usr/sbin:/usr/bin:/sbin:/bin'), ('XDG_RUNTIME_DIR', '/tmp/runtime-root'), ('DISPLAY', ':0'), ('LANG', 'C.UTF-8'), ('RMW_IMPLEMENTATION', 'rmw_cyclonedds_cpp'), ('ROS_DOMAIN_ID', '10'), ('AMENT_PREFIX_PATH', '/home/robot_ws/install/nsc_description:/home/robot_ws/install/nsc_core:/home/robot_ws/install/description:/home/robot_ws/install/core:/opt/ros/humble'), ('NO_AT_BRIDGE', '1'), ('PWD', '/home/robot_ws/build/nsc_description'), ('LC_ALL', 'C.UTF-8'), ('PYTHONPATH', '/home/robot_ws/install/nsc_description/local/lib/python3.10/dist-packages:/home/robot_ws/install/nsc_core/local/lib/python3.10/dist-packages:/home/robot_ws/install/description/local/lib/python3.10/dist-packages:/home/robot_ws/install/core/local/lib/python3.10/dist-packages:/opt/ros/humble/lib/python3.10/site-packages:/opt/ros/humble/local/lib/python3.10/dist-packages'), ('COLCON', '1'), ('CMAKE_PREFIX_PATH', '/home/robot_ws/install/nsc_description:/home/robot_ws/install/nsc_core:/home/robot_ws/install/description:/home/robot_ws/install/core:/opt/ros/humble')]), 'shell': False}
[0.041388] (nsc_description) StdoutLine: {'line': b'Built target ament_cmake_python_copy_src\n'}
[0.041574] (nsc_core) StdoutLine: {'line': b'Built target ament_cmake_python_copy_src\n'}
[0.099467] (-) TimerEvent: {}
[0.162005] (nsc_description) StdoutLine: {'line': b'running egg_info\n'}
[0.162146] (nsc_core) StdoutLine: {'line': b'running egg_info\n'}
[0.162203] (nsc_description) StdoutLine: {'line': b'writing src.egg-info/PKG-INFO\n'}
[0.162297] (nsc_description) StdoutLine: {'line': b'writing dependency_links to src.egg-info/dependency_links.txt\n'}
[0.162330] (nsc_core) StdoutLine: {'line': b'writing src.egg-info/PKG-INFO\n'}
[0.162375] (nsc_core) StdoutLine: {'line': b'writing dependency_links to src.egg-info/dependency_links.txt\n'}
[0.162414] (nsc_core) StdoutLine: {'line': b'writing top-level names to src.egg-info/top_level.txt\n'}
[0.162549] (nsc_description) StdoutLine: {'line': b'writing top-level names to src.egg-info/top_level.txt\n'}
[0.163596] (nsc_core) StdoutLine: {'line': b"reading manifest file 'src.egg-info/SOURCES.txt'\n"}
[0.163736] (nsc_description) StdoutLine: {'line': b"reading manifest file 'src.egg-info/SOURCES.txt'\n"}
[0.163888] (nsc_core) StdoutLine: {'line': b"writing manifest file 'src.egg-info/SOURCES.txt'\n"}
[0.163957] (nsc_description) StdoutLine: {'line': b"writing manifest file 'src.egg-info/SOURCES.txt'\n"}
[0.183028] (nsc_core) StdoutLine: {'line': b'Built target ament_cmake_python_build_src_egg\n'}
[0.183447] (nsc_description) StdoutLine: {'line': b'Built target ament_cmake_python_build_src_egg\n'}
[0.189289] (nsc_core) CommandEnded: {'returncode': 0}
[0.190113] (nsc_description) CommandEnded: {'returncode': 0}
[0.199536] (-) TimerEvent: {}
[0.201539] (nsc_core) JobProgress: {'identifier': 'nsc_core', 'progress': 'install'}
[0.206519] (nsc_core) Command: {'cmd': ['/usr/bin/cmake', '--install', '/home/robot_ws/build/nsc_core'], 'cwd': '/home/robot_ws/build/nsc_core', 'env': OrderedDict([('HOSTNAME', 'entity014'), ('SHLVL', '1'), ('LD_LIBRARY_PATH', '/usr/lib/x86_64-linux-gnu/gazebo-11/plugins:/opt/ros/humble/opt/rviz_ogre_vendor/lib:/opt/ros/humble/lib/x86_64-linux-gnu:/opt/ros/humble/lib'), ('HOME', '/home'), ('ROS_PYTHON_VERSION', '3'), ('COLCON_PREFIX_PATH', '/home/robot_ws/install'), ('ROS_DISTRO', 'humble'), ('_', '/usr/bin/colcon'), ('ROS_VERSION', '2'), ('NVIDIA_DRIVER_CAPABILITIES', 'all'), ('TERM', 'xterm'), ('ROS_LOCALHOST_ONLY', '0'), ('QT_X11_NO_MITSHM', '1'), ('PATH', '/opt/ros/humble/bin:/usr/local/sbin:/usr/local/bin:/usr/sbin:/usr/bin:/sbin:/bin'), ('XDG_RUNTIME_DIR', '/tmp/runtime-root'), ('DISPLAY', ':0'), ('LANG', 'C.UTF-8'), ('RMW_IMPLEMENTATION', 'rmw_cyclonedds_cpp'), ('ROS_DOMAIN_ID', '10'), ('AMENT_PREFIX_PATH', '/home/robot_ws/install/nsc_description:/home/robot_ws/install/nsc_core:/home/robot_ws/install/description:/home/robot_ws/install/core:/opt/ros/humble'), ('NO_AT_BRIDGE', '1'), ('PWD', '/home/robot_ws/build/nsc_core'), ('LC_ALL', 'C.UTF-8'), ('PYTHONPATH', '/home/robot_ws/install/nsc_description/local/lib/python3.10/dist-packages:/home/robot_ws/install/nsc_core/local/lib/python3.10/dist-packages:/home/robot_ws/install/description/local/lib/python3.10/dist-packages:/home/robot_ws/install/core/local/lib/python3.10/dist-packages:/opt/ros/humble/lib/python3.10/site-packages:/opt/ros/humble/local/lib/python3.10/dist-packages'), ('COLCON', '1'), ('CMAKE_PREFIX_PATH', '/home/robot_ws/install/nsc_description:/home/robot_ws/install/nsc_core:/home/robot_ws/install/description:/home/robot_ws/install/core:/opt/ros/humble')]), 'shell': False}
[0.207876] (nsc_description) JobProgress: {'identifier': 'nsc_description', 'progress': 'install'}
[0.208196] (nsc_description) Command: {'cmd': ['/usr/bin/cmake', '--install', '/home/robot_ws/build/nsc_description'], 'cwd': '/home/robot_ws/build/nsc_description', 'env': OrderedDict([('HOSTNAME', 'entity014'), ('SHLVL', '1'), ('LD_LIBRARY_PATH', '/usr/lib/x86_64-linux-gnu/gazebo-11/plugins:/opt/ros/humble/opt/rviz_ogre_vendor/lib:/opt/ros/humble/lib/x86_64-linux-gnu:/opt/ros/humble/lib'), ('HOME', '/home'), ('ROS_PYTHON_VERSION', '3'), ('COLCON_PREFIX_PATH', '/home/robot_ws/install'), ('ROS_DISTRO', 'humble'), ('_', '/usr/bin/colcon'), ('ROS_VERSION', '2'), ('NVIDIA_DRIVER_CAPABILITIES', 'all'), ('TERM', 'xterm'), ('ROS_LOCALHOST_ONLY', '0'), ('QT_X11_NO_MITSHM', '1'), ('PATH', '/opt/ros/humble/bin:/usr/local/sbin:/usr/local/bin:/usr/sbin:/usr/bin:/sbin:/bin'), ('XDG_RUNTIME_DIR', '/tmp/runtime-root'), ('DISPLAY', ':0'), ('LANG', 'C.UTF-8'), ('RMW_IMPLEMENTATION', 'rmw_cyclonedds_cpp'), ('ROS_DOMAIN_ID', '10'), ('AMENT_PREFIX_PATH', '/home/robot_ws/install/nsc_description:/home/robot_ws/install/nsc_core:/home/robot_ws/install/description:/home/robot_ws/install/core:/opt/ros/humble'), ('NO_AT_BRIDGE', '1'), ('PWD', '/home/robot_ws/build/nsc_description'), ('LC_ALL', 'C.UTF-8'), ('PYTHONPATH', '/home/robot_ws/install/nsc_description/local/lib/python3.10/dist-packages:/home/robot_ws/install/nsc_core/local/lib/python3.10/dist-packages:/home/robot_ws/install/description/local/lib/python3.10/dist-packages:/home/robot_ws/install/core/local/lib/python3.10/dist-packages:/opt/ros/humble/lib/python3.10/site-packages:/opt/ros/humble/local/lib/python3.10/dist-packages'), ('COLCON', '1'), ('CMAKE_PREFIX_PATH', '/home/robot_ws/install/nsc_description:/home/robot_ws/install/nsc_core:/home/robot_ws/install/description:/home/robot_ws/install/core:/opt/ros/humble')]), 'shell': False}
[0.211548] (nsc_core) StdoutLine: {'line': b'-- Install configuration: ""\n'}
[0.211723] (nsc_core) StdoutLine: {'line': b'-- Up-to-date: /home/robot_ws/install/nsc_core/share/nsc_core/environment/pythonpath.sh\n'}
[0.211827] (nsc_core) StdoutLine: {'line': b'-- Up-to-date: /home/robot_ws/install/nsc_core/share/nsc_core/environment/pythonpath.dsv\n'}
[0.211922] (nsc_core) StdoutLine: {'line': b'-- Up-to-date: /home/robot_ws/install/nsc_core/local/lib/python3.10/dist-packages/src-0.0.0-py3.10.egg-info\n'}
[0.212012] (nsc_core) StdoutLine: {'line': b'-- Installing: /home/robot_ws/install/nsc_core/local/lib/python3.10/dist-packages/src-0.0.0-py3.10.egg-info/top_level.txt\n'}
[0.212100] (nsc_core) StdoutLine: {'line': b'-- Installing: /home/robot_ws/install/nsc_core/local/lib/python3.10/dist-packages/src-0.0.0-py3.10.egg-info/SOURCES.txt\n'}
[0.212188] (nsc_core) StdoutLine: {'line': b'-- Installing: /home/robot_ws/install/nsc_core/local/lib/python3.10/dist-packages/src-0.0.0-py3.10.egg-info/PKG-INFO\n'}
[0.212275] (nsc_core) StdoutLine: {'line': b'-- Installing: /home/robot_ws/install/nsc_core/local/lib/python3.10/dist-packages/src-0.0.0-py3.10.egg-info/dependency_links.txt\n'}
[0.212519] (nsc_core) StdoutLine: {'line': b'-- Up-to-date: /home/robot_ws/install/nsc_core/local/lib/python3.10/dist-packages/src\n'}
[0.212638] (nsc_core) StdoutLine: {'line': b'-- Up-to-date: /home/robot_ws/install/nsc_core/local/lib/python3.10/dist-packages/src/__init__.py\n'}
[0.212731] (nsc_description) StdoutLine: {'line': b'-- Install configuration: ""\n'}
[0.212824] (nsc_description) StdoutLine: {'line': b'-- Up-to-date: /home/robot_ws/install/nsc_description/share/nsc_description/environment/pythonpath.sh\n'}
[0.212915] (nsc_description) StdoutLine: {'line': b'-- Up-to-date: /home/robot_ws/install/nsc_description/share/nsc_description/environment/pythonpath.dsv\n'}
[0.213003] (nsc_description) StdoutLine: {'line': b'-- Up-to-date: /home/robot_ws/install/nsc_description/local/lib/python3.10/dist-packages/src-0.0.0-py3.10.egg-info\n'}
[0.213090] (nsc_description) StdoutLine: {'line': b'-- Installing: /home/robot_ws/install/nsc_description/local/lib/python3.10/dist-packages/src-0.0.0-py3.10.egg-info/top_level.txt\n'}
[0.213177] (nsc_description) StdoutLine: {'line': b'-- Installing: /home/robot_ws/install/nsc_description/local/lib/python3.10/dist-packages/src-0.0.0-py3.10.egg-info/SOURCES.txt\n'}
[0.213264] (nsc_description) StdoutLine: {'line': b'-- Installing: /home/robot_ws/install/nsc_description/local/lib/python3.10/dist-packages/src-0.0.0-py3.10.egg-info/PKG-INFO\n'}
[0.213365] (nsc_description) StdoutLine: {'line': b'-- Installing: /home/robot_ws/install/nsc_description/local/lib/python3.10/dist-packages/src-0.0.0-py3.10.egg-info/dependency_links.txt\n'}
[0.213453] (nsc_description) StdoutLine: {'line': b'-- Up-to-date: /home/robot_ws/install/nsc_description/local/lib/python3.10/dist-packages/src\n'}
[0.213539] (nsc_description) StdoutLine: {'line': b'-- Up-to-date: /home/robot_ws/install/nsc_description/local/lib/python3.10/dist-packages/src/__init__.py\n'}
[0.230096] (nsc_core) StdoutLine: {'line': b"Listing '/home/robot_ws/install/nsc_core/local/lib/python3.10/dist-packages/src'...\n"}
[0.230842] (nsc_description) StdoutLine: {'line': b"Listing '/home/robot_ws/install/nsc_description/local/lib/python3.10/dist-packages/src'...\n"}
[0.232728] (nsc_core) StdoutLine: {'line': b'-- Up-to-date: /home/robot_ws/install/nsc_core/share/nsc_core/src\n'}
[0.232907] (nsc_core) StdoutLine: {'line': b'-- Up-to-date: /home/robot_ws/install/nsc_core/share/nsc_core/src/__init__.py\n'}
[0.233013] (nsc_core) StdoutLine: {'line': b'-- Up-to-date: /home/robot_ws/install/nsc_core/share/ament_index/resource_index/package_run_dependencies/nsc_core\n'}
[0.233312] (nsc_core) StdoutLine: {'line': b'-- Up-to-date: /home/robot_ws/install/nsc_core/share/ament_index/resource_index/parent_prefix_path/nsc_core\n'}
[0.233678] (nsc_core) StdoutLine: {'line': b'-- Up-to-date: /home/robot_ws/install/nsc_core/share/nsc_core/environment/ament_prefix_path.sh\n'}
[0.233852] (nsc_core) StdoutLine: {'line': b'-- Up-to-date: /home/robot_ws/install/nsc_core/share/nsc_core/environment/ament_prefix_path.dsv\n'}
[0.234172] (nsc_core) StdoutLine: {'line': b'-- Up-to-date: /home/robot_ws/install/nsc_core/share/nsc_core/environment/path.sh\n'}
[0.235315] (nsc_core) StdoutLine: {'line': b'-- Up-to-date: /home/robot_ws/install/nsc_core/share/nsc_core/environment/path.dsv\n'}
[0.235641] (nsc_core) StdoutLine: {'line': b'-- Up-to-date: /home/robot_ws/install/nsc_core/share/nsc_core/local_setup.bash\n'}
[0.235689] (nsc_core) StdoutLine: {'line': b'-- Up-to-date: /home/robot_ws/install/nsc_core/share/nsc_core/local_setup.sh\n'}
[0.235723] (nsc_core) StdoutLine: {'line': b'-- Up-to-date: /home/robot_ws/install/nsc_core/share/nsc_core/local_setup.zsh\n'}
[0.235753] (nsc_core) StdoutLine: {'line': b'-- Up-to-date: /home/robot_ws/install/nsc_core/share/nsc_core/local_setup.dsv\n'}
[0.235782] (nsc_core) StdoutLine: {'line': b'-- Installing: /home/robot_ws/install/nsc_core/share/nsc_core/package.dsv\n'}
[0.235813] (nsc_core) StdoutLine: {'line': b'-- Up-to-date: /home/robot_ws/install/nsc_core/share/ament_index/resource_index/packages/nsc_core\n'}
[0.235844] (nsc_core) StdoutLine: {'line': b'-- Up-to-date: /home/robot_ws/install/nsc_core/share/nsc_core/cmake/nsc_coreConfig.cmake\n'}
[0.235872] (nsc_core) StdoutLine: {'line': b'-- Up-to-date: /home/robot_ws/install/nsc_core/share/nsc_core/cmake/nsc_coreConfig-version.cmake\n'}
[0.235902] (nsc_core) StdoutLine: {'line': b'-- Up-to-date: /home/robot_ws/install/nsc_core/share/nsc_core/package.xml\n'}
[0.235930] (nsc_description) StdoutLine: {'line': b'-- Up-to-date: /home/robot_ws/install/nsc_description/share/nsc_description/urdf\n'}
[0.235989] (nsc_description) StdoutLine: {'line': b'-- Up-to-date: /home/robot_ws/install/nsc_description/share/nsc_description/urdf/leg.urdf.xacro\n'}
[0.236020] (nsc_description) StdoutLine: {'line': b'-- Up-to-date: /home/robot_ws/install/nsc_description/share/nsc_description/urdf/forearm.urdf.xacro\n'}
[0.236049] (nsc_description) StdoutLine: {'line': b'-- Up-to-date: /home/robot_ws/install/nsc_description/share/nsc_description/urdf/model\n'}
[0.236077] (nsc_description) StdoutLine: {'line': b'-- Up-to-date: /home/robot_ws/install/nsc_description/share/nsc_description/urdf/arm.urdf.xacro\n'}
[0.236106] (nsc_description) StdoutLine: {'line': b'-- Up-to-date: /home/robot_ws/install/nsc_description/share/nsc_description/urdf/foot.urdf.xacro\n'}
[0.236135] (nsc_description) StdoutLine: {'line': b'-- Up-to-date: /home/robot_ws/install/nsc_description/share/nsc_description/urdf/base.urdf.xacro\n'}
[0.236259] (nsc_description) StdoutLine: {'line': b'-- Up-to-date: /home/robot_ws/install/nsc_description/share/nsc_description/urdf/head.urdf.xacro\n'}
[0.236287] (nsc_description) StdoutLine: {'line': b'-- Up-to-date: /home/robot_ws/install/nsc_description/share/nsc_description/urdf/properties.urdf.xacro\n'}
[0.236315] (nsc_description) StdoutLine: {'line': b'-- Up-to-date: /home/robot_ws/install/nsc_description/share/nsc_description/urdf/hand.urdf.xacro\n'}
[0.236343] (nsc_description) StdoutLine: {'line': b'-- Up-to-date: /home/robot_ws/install/nsc_description/share/nsc_description/urdf/robot.urdf.xacro\n'}
[0.236370] (nsc_description) StdoutLine: {'line': b'-- Up-to-date: /home/robot_ws/install/nsc_description/share/nsc_description/urdf/shin.urdf.xacro\n'}
[0.236396] (nsc_description) StdoutLine: {'line': b'-- Up-to-date: /home/robot_ws/install/nsc_description/share/nsc_description/launch\n'}
[0.236424] (nsc_description) StdoutLine: {'line': b'-- Installing: /home/robot_ws/install/nsc_description/share/nsc_description/launch/description.launch.py\n'}
[0.236452] (nsc_description) StdoutLine: {'line': b'-- Up-to-date: /home/robot_ws/install/nsc_description/share/nsc_description/rviz\n'}
[0.236479] (nsc_description) StdoutLine: {'line': b'-- Up-to-date: /home/robot_ws/install/nsc_description/share/nsc_description/src\n'}
[0.236505] (nsc_description) StdoutLine: {'line': b'-- Up-to-date: /home/robot_ws/install/nsc_description/share/nsc_description/src/__init__.py\n'}
[0.236533] (nsc_description) StdoutLine: {'line': b'-- Up-to-date: /home/robot_ws/install/nsc_description/share/ament_index/resource_index/package_run_dependencies/nsc_description\n'}
[0.236565] (nsc_description) StdoutLine: {'line': b'-- Up-to-date: /home/robot_ws/install/nsc_description/share/ament_index/resource_index/parent_prefix_path/nsc_description\n'}
[0.236592] (nsc_description) StdoutLine: {'line': b'-- Up-to-date: /home/robot_ws/install/nsc_description/share/nsc_description/environment/ament_prefix_path.sh\n'}
[0.236619] (nsc_description) StdoutLine: {'line': b'-- Up-to-date: /home/robot_ws/install/nsc_description/share/nsc_description/environment/ament_prefix_path.dsv\n'}
[0.236646] (nsc_description) StdoutLine: {'line': b'-- Up-to-date: /home/robot_ws/install/nsc_description/share/nsc_description/environment/path.sh\n'}
[0.236674] (nsc_description) StdoutLine: {'line': b'-- Up-to-date: /home/robot_ws/install/nsc_description/share/nsc_description/environment/path.dsv\n'}
[0.236701] (nsc_description) StdoutLine: {'line': b'-- Up-to-date: /home/robot_ws/install/nsc_description/share/nsc_description/local_setup.bash\n'}
[0.236727] (nsc_description) StdoutLine: {'line': b'-- Up-to-date: /home/robot_ws/install/nsc_description/share/nsc_description/local_setup.sh\n'}
[0.236754] (nsc_description) StdoutLine: {'line': b'-- Up-to-date: /home/robot_ws/install/nsc_description/share/nsc_description/local_setup.zsh\n'}
[0.236781] (nsc_description) StdoutLine: {'line': b'-- Up-to-date: /home/robot_ws/install/nsc_description/share/nsc_description/local_setup.dsv\n'}
[0.236829] (nsc_description) StdoutLine: {'line': b'-- Installing: /home/robot_ws/install/nsc_description/share/nsc_description/package.dsv\n'}
[0.236860] (nsc_description) StdoutLine: {'line': b'-- Up-to-date: /home/robot_ws/install/nsc_description/share/ament_index/resource_index/packages/nsc_description\n'}
[0.236888] (nsc_description) StdoutLine: {'line': b'-- Up-to-date: /home/robot_ws/install/nsc_description/share/nsc_description/cmake/nsc_descriptionConfig.cmake\n'}
[0.236916] (nsc_description) StdoutLine: {'line': b'-- Up-to-date: /home/robot_ws/install/nsc_description/share/nsc_description/cmake/nsc_descriptionConfig-version.cmake\n'}
[0.236944] (nsc_description) StdoutLine: {'line': b'-- Up-to-date: /home/robot_ws/install/nsc_description/share/nsc_description/package.xml\n'}
[0.236972] (nsc_core) CommandEnded: {'returncode': 0}
[0.246157] (nsc_description) CommandEnded: {'returncode': 0}
[0.260908] (nsc_core) JobEnded: {'identifier': 'nsc_core', 'rc': 0}
[0.264188] (nsc_description) JobEnded: {'identifier': 'nsc_description', 'rc': 0}
[0.264701] (-) EventReactorShutdown: {}
