[0.000000] (-) TimerEvent: {}
[0.000876] (nsc_core) JobQueued: {'identifier': 'nsc_core', 'dependencies': OrderedDict()}
[0.001138] (nsc_description) JobQueued: {'identifier': 'nsc_description', 'dependencies': OrderedDict()}
[0.001170] (nsc_core) JobStarted: {'identifier': 'nsc_core'}
[0.011888] (nsc_description) JobStarted: {'identifier': 'nsc_description'}
[0.019214] (nsc_core) JobProgress: {'identifier': 'nsc_core', 'progress': 'cmake'}
[0.020091] (nsc_core) JobProgress: {'identifier': 'nsc_core', 'progress': 'build'}
[0.021099] (nsc_core) Command: {'cmd': ['/usr/bin/cmake', '--build', '/home/robot_ws/build/nsc_core', '--', '-j16', '-l16'], 'cwd': '/home/robot_ws/build/nsc_core', 'env': OrderedDict([('HOSTNAME', 'entity014'), ('SHLVL', '1'), ('LD_LIBRARY_PATH', '/usr/lib/x86_64-linux-gnu/gazebo-11/plugins:/opt/ros/humble/opt/rviz_ogre_vendor/lib:/opt/ros/humble/lib/x86_64-linux-gnu:/opt/ros/humble/lib'), ('HOME', '/home'), ('ROS_PYTHON_VERSION', '3'), ('COLCON_PREFIX_PATH', '/home/robot_ws/install'), ('ROS_DISTRO', 'humble'), ('_', '/usr/bin/colcon'), ('ROS_VERSION', '2'), ('NVIDIA_DRIVER_CAPABILITIES', 'all'), ('TERM', 'xterm'), ('ROS_LOCALHOST_ONLY', '0'), ('QT_X11_NO_MITSHM', '1'), ('PATH', '/opt/ros/humble/bin:/usr/local/sbin:/usr/local/bin:/usr/sbin:/usr/bin:/sbin:/bin'), ('XDG_RUNTIME_DIR', '/tmp/runtime-root'), ('DISPLAY', ':0'), ('LANG', 'C.UTF-8'), ('RMW_IMPLEMENTATION', 'rmw_cyclonedds_cpp'), ('ROS_DOMAIN_ID', '10'), ('AMENT_PREFIX_PATH', '/home/robot_ws/install/nsc_description:/home/robot_ws/install/nsc_core:/opt/ros/humble'), ('NO_AT_BRIDGE', '1'), ('PWD', '/home/robot_ws/build/nsc_core'), ('LC_ALL', 'C.UTF-8'), ('PYTHONPATH', '/home/robot_ws/install/nsc_description/local/lib/python3.10/dist-packages:/home/robot_ws/install/nsc_core/local/lib/python3.10/dist-packages:/opt/ros/humble/lib/python3.10/site-packages:/opt/ros/humble/local/lib/python3.10/dist-packages'), ('COLCON', '1'), ('CMAKE_PREFIX_PATH', '/home/robot_ws/install/nsc_description:/home/robot_ws/install/nsc_core:/opt/ros/humble')]), 'shell': False}
[0.027316] (nsc_description) JobProgress: {'identifier': 'nsc_description', 'progress': 'cmake'}
[0.027872] (nsc_description) JobProgress: {'identifier': 'nsc_description', 'progress': 'build'}
[0.028270] (nsc_description) Command: {'cmd': ['/usr/bin/cmake', '--build', '/home/robot_ws/build/nsc_description', '--', '-j16', '-l16'], 'cwd': '/home/robot_ws/build/nsc_description', 'env': OrderedDict([('HOSTNAME', 'entity014'), ('SHLVL', '1'), ('LD_LIBRARY_PATH', '/usr/lib/x86_64-linux-gnu/gazebo-11/plugins:/opt/ros/humble/opt/rviz_ogre_vendor/lib:/opt/ros/humble/lib/x86_64-linux-gnu:/opt/ros/humble/lib'), ('HOME', '/home'), ('ROS_PYTHON_VERSION', '3'), ('COLCON_PREFIX_PATH', '/home/robot_ws/install'), ('ROS_DISTRO', 'humble'), ('_', '/usr/bin/colcon'), ('ROS_VERSION', '2'), ('NVIDIA_DRIVER_CAPABILITIES', 'all'), ('TERM', 'xterm'), ('ROS_LOCALHOST_ONLY', '0'), ('QT_X11_NO_MITSHM', '1'), ('PATH', '/opt/ros/humble/bin:/usr/local/sbin:/usr/local/bin:/usr/sbin:/usr/bin:/sbin:/bin'), ('XDG_RUNTIME_DIR', '/tmp/runtime-root'), ('DISPLAY', ':0'), ('LANG', 'C.UTF-8'), ('RMW_IMPLEMENTATION', 'rmw_cyclonedds_cpp'), ('ROS_DOMAIN_ID', '10'), ('AMENT_PREFIX_PATH', '/home/robot_ws/install/nsc_description:/home/robot_ws/install/nsc_core:/opt/ros/humble'), ('NO_AT_BRIDGE', '1'), ('PWD', '/home/robot_ws/build/nsc_description'), ('LC_ALL', 'C.UTF-8'), ('PYTHONPATH', '/home/robot_ws/install/nsc_description/local/lib/python3.10/dist-packages:/home/robot_ws/install/nsc_core/local/lib/python3.10/dist-packages:/opt/ros/humble/lib/python3.10/site-packages:/opt/ros/humble/local/lib/python3.10/dist-packages'), ('COLCON', '1'), ('CMAKE_PREFIX_PATH', '/home/robot_ws/install/nsc_description:/home/robot_ws/install/nsc_core:/opt/ros/humble')]), 'shell': False}
[0.096861] (nsc_core) StdoutLine: {'line': b'Built target ament_cmake_python_copy_src\n'}
[0.098507] (nsc_description) StdoutLine: {'line': b'Built target ament_cmake_python_copy_src\n'}
[0.099581] (-) TimerEvent: {}
[0.200006] (-) TimerEvent: {}
[0.300483] (-) TimerEvent: {}
[0.400870] (-) TimerEvent: {}
[0.416316] (nsc_core) StdoutLine: {'line': b'running egg_info\n'}
[0.417559] (nsc_core) StdoutLine: {'line': b'writing src.egg-info/PKG-INFO\n'}
[0.418178] (nsc_core) StdoutLine: {'line': b'writing dependency_links to src.egg-info/dependency_links.txt\n'}
[0.418411] (nsc_core) StdoutLine: {'line': b'writing top-level names to src.egg-info/top_level.txt\n'}
[0.419387] (nsc_description) StdoutLine: {'line': b'running egg_info\n'}
[0.421293] (nsc_description) StdoutLine: {'line': b'writing src.egg-info/PKG-INFO\n'}
[0.421767] (nsc_core) StdoutLine: {'line': b"reading manifest file 'src.egg-info/SOURCES.txt'\n"}
[0.422072] (nsc_description) StdoutLine: {'line': b'writing dependency_links to src.egg-info/dependency_links.txt\n'}
[0.422366] (nsc_description) StdoutLine: {'line': b'writing top-level names to src.egg-info/top_level.txt\n'}
[0.422650] (nsc_core) StdoutLine: {'line': b"writing manifest file 'src.egg-info/SOURCES.txt'\n"}
[0.427646] (nsc_description) StdoutLine: {'line': b"reading manifest file 'src.egg-info/SOURCES.txt'\n"}
[0.429141] (nsc_description) StdoutLine: {'line': b"writing manifest file 'src.egg-info/SOURCES.txt'\n"}
[0.481139] (nsc_core) StdoutLine: {'line': b'Built target ament_cmake_python_build_src_egg\n'}
[0.489406] (nsc_description) StdoutLine: {'line': b'Built target ament_cmake_python_build_src_egg\n'}
[0.494923] (nsc_core) CommandEnded: {'returncode': 0}
[0.501059] (-) TimerEvent: {}
[0.504996] (nsc_description) CommandEnded: {'returncode': 0}
[0.521514] (nsc_core) JobProgress: {'identifier': 'nsc_core', 'progress': 'install'}
[0.532095] (nsc_core) Command: {'cmd': ['/usr/bin/cmake', '--install', '/home/robot_ws/build/nsc_core'], 'cwd': '/home/robot_ws/build/nsc_core', 'env': OrderedDict([('HOSTNAME', 'entity014'), ('SHLVL', '1'), ('LD_LIBRARY_PATH', '/usr/lib/x86_64-linux-gnu/gazebo-11/plugins:/opt/ros/humble/opt/rviz_ogre_vendor/lib:/opt/ros/humble/lib/x86_64-linux-gnu:/opt/ros/humble/lib'), ('HOME', '/home'), ('ROS_PYTHON_VERSION', '3'), ('COLCON_PREFIX_PATH', '/home/robot_ws/install'), ('ROS_DISTRO', 'humble'), ('_', '/usr/bin/colcon'), ('ROS_VERSION', '2'), ('NVIDIA_DRIVER_CAPABILITIES', 'all'), ('TERM', 'xterm'), ('ROS_LOCALHOST_ONLY', '0'), ('QT_X11_NO_MITSHM', '1'), ('PATH', '/opt/ros/humble/bin:/usr/local/sbin:/usr/local/bin:/usr/sbin:/usr/bin:/sbin:/bin'), ('XDG_RUNTIME_DIR', '/tmp/runtime-root'), ('DISPLAY', ':0'), ('LANG', 'C.UTF-8'), ('RMW_IMPLEMENTATION', 'rmw_cyclonedds_cpp'), ('ROS_DOMAIN_ID', '10'), ('AMENT_PREFIX_PATH', '/home/robot_ws/install/nsc_description:/home/robot_ws/install/nsc_core:/opt/ros/humble'), ('NO_AT_BRIDGE', '1'), ('PWD', '/home/robot_ws/build/nsc_core'), ('LC_ALL', 'C.UTF-8'), ('PYTHONPATH', '/home/robot_ws/install/nsc_description/local/lib/python3.10/dist-packages:/home/robot_ws/install/nsc_core/local/lib/python3.10/dist-packages:/opt/ros/humble/lib/python3.10/site-packages:/opt/ros/humble/local/lib/python3.10/dist-packages'), ('COLCON', '1'), ('CMAKE_PREFIX_PATH', '/home/robot_ws/install/nsc_description:/home/robot_ws/install/nsc_core:/opt/ros/humble')]), 'shell': False}
[0.534798] (nsc_description) JobProgress: {'identifier': 'nsc_description', 'progress': 'install'}
[0.535974] (nsc_description) Command: {'cmd': ['/usr/bin/cmake', '--install', '/home/robot_ws/build/nsc_description'], 'cwd': '/home/robot_ws/build/nsc_description', 'env': OrderedDict([('HOSTNAME', 'entity014'), ('SHLVL', '1'), ('LD_LIBRARY_PATH', '/usr/lib/x86_64-linux-gnu/gazebo-11/plugins:/opt/ros/humble/opt/rviz_ogre_vendor/lib:/opt/ros/humble/lib/x86_64-linux-gnu:/opt/ros/humble/lib'), ('HOME', '/home'), ('ROS_PYTHON_VERSION', '3'), ('COLCON_PREFIX_PATH', '/home/robot_ws/install'), ('ROS_DISTRO', 'humble'), ('_', '/usr/bin/colcon'), ('ROS_VERSION', '2'), ('NVIDIA_DRIVER_CAPABILITIES', 'all'), ('TERM', 'xterm'), ('ROS_LOCALHOST_ONLY', '0'), ('QT_X11_NO_MITSHM', '1'), ('PATH', '/opt/ros/humble/bin:/usr/local/sbin:/usr/local/bin:/usr/sbin:/usr/bin:/sbin:/bin'), ('XDG_RUNTIME_DIR', '/tmp/runtime-root'), ('DISPLAY', ':0'), ('LANG', 'C.UTF-8'), ('RMW_IMPLEMENTATION', 'rmw_cyclonedds_cpp'), ('ROS_DOMAIN_ID', '10'), ('AMENT_PREFIX_PATH', '/home/robot_ws/install/nsc_description:/home/robot_ws/install/nsc_core:/opt/ros/humble'), ('NO_AT_BRIDGE', '1'), ('PWD', '/home/robot_ws/build/nsc_description'), ('LC_ALL', 'C.UTF-8'), ('PYTHONPATH', '/home/robot_ws/install/nsc_description/local/lib/python3.10/dist-packages:/home/robot_ws/install/nsc_core/local/lib/python3.10/dist-packages:/opt/ros/humble/lib/python3.10/site-packages:/opt/ros/humble/local/lib/python3.10/dist-packages'), ('COLCON', '1'), ('CMAKE_PREFIX_PATH', '/home/robot_ws/install/nsc_description:/home/robot_ws/install/nsc_core:/opt/ros/humble')]), 'shell': False}
[0.543975] (nsc_description) StdoutLine: {'line': b'-- Install configuration: ""\n'}
[0.544278] (nsc_description) StdoutLine: {'line': b'-- Up-to-date: /home/robot_ws/install/nsc_description/share/nsc_description/environment/pythonpath.sh\n'}
[0.544466] (nsc_core) StdoutLine: {'line': b'-- Install configuration: ""\n'}
[0.544639] (nsc_core) StdoutLine: {'line': b'-- Up-to-date: /home/robot_ws/install/nsc_core/share/nsc_core/environment/pythonpath.sh\n'}
[0.544795] (nsc_description) StdoutLine: {'line': b'-- Up-to-date: /home/robot_ws/install/nsc_description/share/nsc_description/environment/pythonpath.dsv\n'}
[0.544903] (nsc_description) StdoutLine: {'line': b'-- Up-to-date: /home/robot_ws/install/nsc_description/local/lib/python3.10/dist-packages/src-0.0.0-py3.10.egg-info\n'}
[0.545063] (nsc_description) StdoutLine: {'line': b'-- Installing: /home/robot_ws/install/nsc_description/local/lib/python3.10/dist-packages/src-0.0.0-py3.10.egg-info/top_level.txt\n'}
[0.545223] (nsc_core) StdoutLine: {'line': b'-- Up-to-date: /home/robot_ws/install/nsc_core/share/nsc_core/environment/pythonpath.dsv\n'}
[0.545326] (nsc_core) StdoutLine: {'line': b'-- Up-to-date: /home/robot_ws/install/nsc_core/local/lib/python3.10/dist-packages/src-0.0.0-py3.10.egg-info\n'}
[0.545421] (nsc_core) StdoutLine: {'line': b'-- Installing: /home/robot_ws/install/nsc_core/local/lib/python3.10/dist-packages/src-0.0.0-py3.10.egg-info/top_level.txt\n'}
[0.545514] (nsc_description) StdoutLine: {'line': b'-- Installing: /home/robot_ws/install/nsc_description/local/lib/python3.10/dist-packages/src-0.0.0-py3.10.egg-info/SOURCES.txt\n'}
[0.545610] (nsc_description) StdoutLine: {'line': b'-- Installing: /home/robot_ws/install/nsc_description/local/lib/python3.10/dist-packages/src-0.0.0-py3.10.egg-info/PKG-INFO\n'}
[0.545720] (nsc_core) StdoutLine: {'line': b'-- Installing: /home/robot_ws/install/nsc_core/local/lib/python3.10/dist-packages/src-0.0.0-py3.10.egg-info/SOURCES.txt\n'}
[0.545831] (nsc_description) StdoutLine: {'line': b'-- Installing: /home/robot_ws/install/nsc_description/local/lib/python3.10/dist-packages/src-0.0.0-py3.10.egg-info/dependency_links.txt\n'}
[0.545937] (nsc_core) StdoutLine: {'line': b'-- Installing: /home/robot_ws/install/nsc_core/local/lib/python3.10/dist-packages/src-0.0.0-py3.10.egg-info/PKG-INFO\n'}
[0.546046] (nsc_description) StdoutLine: {'line': b'-- Up-to-date: /home/robot_ws/install/nsc_description/local/lib/python3.10/dist-packages/src\n'}
[0.546154] (nsc_description) StdoutLine: {'line': b'-- Up-to-date: /home/robot_ws/install/nsc_description/local/lib/python3.10/dist-packages/src/__init__.py\n'}
[0.546296] (nsc_core) StdoutLine: {'line': b'-- Installing: /home/robot_ws/install/nsc_core/local/lib/python3.10/dist-packages/src-0.0.0-py3.10.egg-info/dependency_links.txt\n'}
[0.546451] (nsc_core) StdoutLine: {'line': b'-- Up-to-date: /home/robot_ws/install/nsc_core/local/lib/python3.10/dist-packages/src\n'}
[0.546591] (nsc_core) StdoutLine: {'line': b'-- Up-to-date: /home/robot_ws/install/nsc_core/local/lib/python3.10/dist-packages/src/__init__.py\n'}
[0.546728] (nsc_core) StdoutLine: {'line': b'-- Up-to-date: /home/robot_ws/install/nsc_core/local/lib/python3.10/dist-packages/src/camera_control.py\n'}
[0.546885] (nsc_core) StdoutLine: {'line': b'-- Up-to-date: /home/robot_ws/install/nsc_core/local/lib/python3.10/dist-packages/src/gui.py\n'}
[0.547046] (nsc_core) StdoutLine: {'line': b'-- Up-to-date: /home/robot_ws/install/nsc_core/local/lib/python3.10/dist-packages/src/video_capture copy.py\n'}
[0.547282] (nsc_core) StdoutLine: {'line': b'-- Up-to-date: /home/robot_ws/install/nsc_core/local/lib/python3.10/dist-packages/src/joint_control.py\n'}
[0.547444] (nsc_core) StdoutLine: {'line': b'-- Up-to-date: /home/robot_ws/install/nsc_core/local/lib/python3.10/dist-packages/src/video_capture.py\n'}
[0.590257] (nsc_description) StdoutLine: {'line': b"Listing '/home/robot_ws/install/nsc_description/local/lib/python3.10/dist-packages/src'...\n"}
[0.590883] (nsc_core) StdoutLine: {'line': b"Listing '/home/robot_ws/install/nsc_core/local/lib/python3.10/dist-packages/src'...\n"}
[0.597113] (nsc_core) StdoutLine: {'line': b'-- Up-to-date: /home/robot_ws/install/nsc_core/share/nsc_core/src\n'}
[0.597575] (nsc_core) StdoutLine: {'line': b'-- Up-to-date: /home/robot_ws/install/nsc_core/share/nsc_core/src/__init__.py\n'}
[0.598238] (nsc_description) StdoutLine: {'line': b'-- Up-to-date: /home/robot_ws/install/nsc_description/share/nsc_description/urdf\n'}
[0.598725] (nsc_core) StdoutLine: {'line': b'-- Up-to-date: /home/robot_ws/install/nsc_core/share/nsc_core/src/camera_control.py\n'}
[0.599001] (nsc_core) StdoutLine: {'line': b'-- Up-to-date: /home/robot_ws/install/nsc_core/share/nsc_core/src/gui.py\n'}
[0.599253] (nsc_core) StdoutLine: {'line': b'-- Up-to-date: /home/robot_ws/install/nsc_core/share/nsc_core/src/video_capture copy.py\n'}
[0.599450] (nsc_core) StdoutLine: {'line': b'-- Up-to-date: /home/robot_ws/install/nsc_core/share/nsc_core/src/joint_control.py\n'}
[0.599748] (nsc_core) StdoutLine: {'line': b'-- Up-to-date: /home/robot_ws/install/nsc_core/share/nsc_core/src/video_capture.py\n'}
[0.600001] (nsc_core) StdoutLine: {'line': b'-- Up-to-date: /home/robot_ws/install/nsc_core/share/nsc_core/launch\n'}
[0.600139] (nsc_core) StdoutLine: {'line': b'-- Up-to-date: /home/robot_ws/install/nsc_core/share/nsc_core/launch/gui.launch.py\n'}
[0.600267] (nsc_core) StdoutLine: {'line': b'-- Installing: /home/robot_ws/install/nsc_core/share/nsc_core/launch/controller.launch.py\n'}
[0.600418] (nsc_core) StdoutLine: {'line': b'-- Up-to-date: /home/robot_ws/install/nsc_core/share/nsc_core/launch/imu.launch.py\n'}
[0.600613] (nsc_core) StdoutLine: {'line': b'-- Up-to-date: /home/robot_ws/install/nsc_core/share/nsc_core/config\n'}
[0.600753] (nsc_description) StdoutLine: {'line': b'-- Up-to-date: /home/robot_ws/install/nsc_description/share/nsc_description/urdf/leg.urdf.xacro\n'}
[0.600917] (nsc_description) StdoutLine: {'line': b'-- Up-to-date: /home/robot_ws/install/nsc_description/share/nsc_description/urdf/model\n'}
[0.601051] (-) TimerEvent: {}
[0.601261] (nsc_description) StdoutLine: {'line': b'-- Up-to-date: /home/robot_ws/install/nsc_description/share/nsc_description/urdf/model/left_leg2.stl\n'}
[0.601423] (nsc_description) StdoutLine: {'line': b'-- Up-to-date: /home/robot_ws/install/nsc_description/share/nsc_description/urdf/model/right_leg3.stl\n'}
[0.601757] (nsc_description) StdoutLine: {'line': b'-- Up-to-date: /home/robot_ws/install/nsc_description/share/nsc_description/urdf/model/left_leg1.stl\n'}
[0.602229] (nsc_description) StdoutLine: {'line': b'-- Up-to-date: /home/robot_ws/install/nsc_description/share/nsc_description/urdf/model/right_arm1.stl\n'}
[0.603485] (nsc_core) StdoutLine: {'line': b'-- Up-to-date: /home/robot_ws/install/nsc_core/lib/nsc_core/joint_control.py\n'}
[0.603761] (nsc_description) StdoutLine: {'line': b'-- Up-to-date: /home/robot_ws/install/nsc_description/share/nsc_description/urdf/model/right_arm4.stl\n'}
[0.604009] (nsc_core) StdoutLine: {'line': b'-- Up-to-date: /home/robot_ws/install/nsc_core/lib/nsc_core/camera_control.py\n'}
[0.604306] (nsc_core) StdoutLine: {'line': b'-- Up-to-date: /home/robot_ws/install/nsc_core/lib/nsc_core/gui.py\n'}
[0.604470] (nsc_description) StdoutLine: {'line': b'-- Up-to-date: /home/robot_ws/install/nsc_description/share/nsc_description/urdf/model/left_arm2.stl\n'}
[0.604653] (nsc_description) StdoutLine: {'line': b'-- Up-to-date: /home/robot_ws/install/nsc_description/share/nsc_description/urdf/model/left_arm3.stl\n'}
[0.604937] (nsc_core) StdoutLine: {'line': b'-- Up-to-date: /home/robot_ws/install/nsc_core/lib/nsc_core/video_capture.py\n'}
[0.605082] (nsc_description) StdoutLine: {'line': b'-- Up-to-date: /home/robot_ws/install/nsc_description/share/nsc_description/urdf/model/right_leg2.stl\n'}
[0.605304] (nsc_description) StdoutLine: {'line': b'-- Up-to-date: /home/robot_ws/install/nsc_description/share/nsc_description/urdf/model/left_arm1.stl\n'}
[0.605549] (nsc_description) StdoutLine: {'line': b'-- Up-to-date: /home/robot_ws/install/nsc_description/share/nsc_description/urdf/model/left_leg3.stl\n'}
[0.605814] (nsc_description) StdoutLine: {'line': b'-- Up-to-date: /home/robot_ws/install/nsc_description/share/nsc_description/urdf/model/body.stl\n'}
[0.606027] (nsc_core) StdoutLine: {'line': b'-- Up-to-date: /home/robot_ws/install/nsc_core/share/ament_index/resource_index/package_run_dependencies/nsc_core\n'}
[0.606303] (nsc_core) StdoutLine: {'line': b'-- Up-to-date: /home/robot_ws/install/nsc_core/share/ament_index/resource_index/parent_prefix_path/nsc_core\n'}
[0.606730] (nsc_core) StdoutLine: {'line': b'-- Up-to-date: /home/robot_ws/install/nsc_core/share/nsc_core/environment/ament_prefix_path.sh\n'}
[0.607006] (nsc_description) StdoutLine: {'line': b'-- Up-to-date: /home/robot_ws/install/nsc_description/share/nsc_description/urdf/model/right_leg1.stl\n'}
[0.607343] (nsc_description) StdoutLine: {'line': b'-- Up-to-date: /home/robot_ws/install/nsc_description/share/nsc_description/urdf/model/left_arm4.stl\n'}
[0.607555] (nsc_description) StdoutLine: {'line': b'-- Up-to-date: /home/robot_ws/install/nsc_description/share/nsc_description/urdf/model/head.stl\n'}
[0.607859] (nsc_description) StdoutLine: {'line': b'-- Up-to-date: /home/robot_ws/install/nsc_description/share/nsc_description/urdf/model/right_arm3.stl\n'}
[0.608388] (nsc_description) StdoutLine: {'line': b'-- Up-to-date: /home/robot_ws/install/nsc_description/share/nsc_description/urdf/model/right_arm2.stl\n'}
[0.608820] (nsc_description) StdoutLine: {'line': b'-- Up-to-date: /home/robot_ws/install/nsc_description/share/nsc_description/urdf/top_arm.urdf.xacro\n'}
[0.609046] (nsc_description) StdoutLine: {'line': b'-- Up-to-date: /home/robot_ws/install/nsc_description/share/nsc_description/urdf/bottom_leg.urdf.xacro\n'}
[0.609192] (nsc_description) StdoutLine: {'line': b'-- Up-to-date: /home/robot_ws/install/nsc_description/share/nsc_description/urdf/arm.urdf.xacro\n'}
[0.609437] (nsc_core) StdoutLine: {'line': b'-- Up-to-date: /home/robot_ws/install/nsc_core/share/nsc_core/environment/ament_prefix_path.dsv\n'}
[0.609624] (nsc_description) StdoutLine: {'line': b'-- Up-to-date: /home/robot_ws/install/nsc_description/share/nsc_description/urdf/foot.urdf.xacro\n'}
[0.610083] (nsc_core) StdoutLine: {'line': b'-- Up-to-date: /home/robot_ws/install/nsc_core/share/nsc_core/environment/path.sh\n'}
[0.610247] (nsc_core) StdoutLine: {'line': b'-- Up-to-date: /home/robot_ws/install/nsc_core/share/nsc_core/environment/path.dsv\n'}
[0.610615] (nsc_description) StdoutLine: {'line': b'-- Up-to-date: /home/robot_ws/install/nsc_description/share/nsc_description/urdf/base.urdf.xacro\n'}
[0.610753] (nsc_core) StdoutLine: {'line': b'-- Up-to-date: /home/robot_ws/install/nsc_core/share/nsc_core/local_setup.bash\n'}
[0.610973] (nsc_description) StdoutLine: {'line': b'-- Up-to-date: /home/robot_ws/install/nsc_description/share/nsc_description/urdf/head.urdf.xacro\n'}
[0.611158] (nsc_description) StdoutLine: {'line': b'-- Up-to-date: /home/robot_ws/install/nsc_description/share/nsc_description/urdf/camera.transmission.xacro\n'}
[0.611535] (nsc_description) StdoutLine: {'line': b'-- Up-to-date: /home/robot_ws/install/nsc_description/share/nsc_description/urdf/properties.urdf.xacro\n'}
[0.611812] (nsc_description) StdoutLine: {'line': b'-- Up-to-date: /home/robot_ws/install/nsc_description/share/nsc_description/urdf/finger.urdf.xacro\n'}
[0.613339] (nsc_description) StdoutLine: {'line': b'-- Up-to-date: /home/robot_ws/install/nsc_description/share/nsc_description/urdf/leg.transmission.xacro\n'}
[0.613523] (nsc_description) StdoutLine: {'line': b'-- Up-to-date: /home/robot_ws/install/nsc_description/share/nsc_description/urdf/hand.urdf.xacro\n'}
[0.613786] (nsc_description) StdoutLine: {'line': b'-- Up-to-date: /home/robot_ws/install/nsc_description/share/nsc_description/urdf/camera.urdf.xacro\n'}
[0.613973] (nsc_description) StdoutLine: {'line': b'-- Up-to-date: /home/robot_ws/install/nsc_description/share/nsc_description/urdf/top_foot.urdf.xacro\n'}
[0.614121] (nsc_core) StdoutLine: {'line': b'-- Up-to-date: /home/robot_ws/install/nsc_core/share/nsc_core/local_setup.sh\n'}
[0.614378] (nsc_description) StdoutLine: {'line': b'-- Up-to-date: /home/robot_ws/install/nsc_description/share/nsc_description/urdf/robot.urdf.xacro\n'}
[0.614904] (nsc_core) StdoutLine: {'line': b'-- Up-to-date: /home/robot_ws/install/nsc_core/share/nsc_core/local_setup.zsh\n'}
[0.615356] (nsc_description) StdoutLine: {'line': b'-- Up-to-date: /home/robot_ws/install/nsc_description/share/nsc_description/urdf/top_leg.urdf.xacro\n'}
[0.615582] (nsc_description) StdoutLine: {'line': b'-- Up-to-date: /home/robot_ws/install/nsc_description/share/nsc_description/urdf/arm.transmission.xacro\n'}
[0.615788] (nsc_description) StdoutLine: {'line': b'-- Up-to-date: /home/robot_ws/install/nsc_description/share/nsc_description/launch\n'}
[0.615969] (nsc_core) StdoutLine: {'line': b'-- Up-to-date: /home/robot_ws/install/nsc_core/share/nsc_core/local_setup.dsv\n'}
[0.616197] (nsc_core) StdoutLine: {'line': b'-- Installing: /home/robot_ws/install/nsc_core/share/nsc_core/package.dsv\n'}
[0.616399] (nsc_description) StdoutLine: {'line': b'-- Up-to-date: /home/robot_ws/install/nsc_description/share/nsc_description/launch/description.launch.py\n'}
[0.616578] (nsc_description) StdoutLine: {'line': b'-- Up-to-date: /home/robot_ws/install/nsc_description/share/nsc_description/launch/gazebo.launch.py\n'}
[0.616763] (nsc_description) StdoutLine: {'line': b'-- Up-to-date: /home/robot_ws/install/nsc_description/share/nsc_description/rviz\n'}
[0.616951] (nsc_description) StdoutLine: {'line': b'-- Up-to-date: /home/robot_ws/install/nsc_description/share/nsc_description/src\n'}
[0.617133] (nsc_description) StdoutLine: {'line': b'-- Up-to-date: /home/robot_ws/install/nsc_description/share/nsc_description/src/__init__.py\n'}
[0.617317] (nsc_description) StdoutLine: {'line': b'-- Up-to-date: /home/robot_ws/install/nsc_description/share/nsc_description/worlds\n'}
[0.617523] (nsc_description) StdoutLine: {'line': b'-- Up-to-date: /home/robot_ws/install/nsc_description/share/nsc_description/worlds/world.world\n'}
[0.617724] (nsc_description) StdoutLine: {'line': b'-- Up-to-date: /home/robot_ws/install/nsc_description/share/nsc_description/config\n'}
[0.617878] (nsc_description) StdoutLine: {'line': b'-- Up-to-date: /home/robot_ws/install/nsc_description/share/nsc_description/config/controllers.yaml\n'}
[0.618075] (nsc_core) StdoutLine: {'line': b'-- Up-to-date: /home/robot_ws/install/nsc_core/share/ament_index/resource_index/packages/nsc_core\n'}
[0.618276] (nsc_description) StdoutLine: {'line': b'-- Up-to-date: /home/robot_ws/install/nsc_description/share/ament_index/resource_index/package_run_dependencies/nsc_description\n'}
[0.618507] (nsc_core) StdoutLine: {'line': b'-- Up-to-date: /home/robot_ws/install/nsc_core/share/nsc_core/cmake/nsc_coreConfig.cmake\n'}
[0.618728] (nsc_core) StdoutLine: {'line': b'-- Up-to-date: /home/robot_ws/install/nsc_core/share/nsc_core/cmake/nsc_coreConfig-version.cmake\n'}
[0.618958] (nsc_core) StdoutLine: {'line': b'-- Up-to-date: /home/robot_ws/install/nsc_core/share/nsc_core/package.xml\n'}
[0.619159] (nsc_description) StdoutLine: {'line': b'-- Up-to-date: /home/robot_ws/install/nsc_description/share/ament_index/resource_index/parent_prefix_path/nsc_description\n'}
[0.620172] (nsc_description) StdoutLine: {'line': b'-- Up-to-date: /home/robot_ws/install/nsc_description/share/nsc_description/environment/ament_prefix_path.sh\n'}
[0.620323] (nsc_description) StdoutLine: {'line': b'-- Up-to-date: /home/robot_ws/install/nsc_description/share/nsc_description/environment/ament_prefix_path.dsv\n'}
[0.621167] (nsc_description) StdoutLine: {'line': b'-- Up-to-date: /home/robot_ws/install/nsc_description/share/nsc_description/environment/path.sh\n'}
[0.621418] (nsc_description) StdoutLine: {'line': b'-- Up-to-date: /home/robot_ws/install/nsc_description/share/nsc_description/environment/path.dsv\n'}
[0.622550] (nsc_description) StdoutLine: {'line': b'-- Up-to-date: /home/robot_ws/install/nsc_description/share/nsc_description/local_setup.bash\n'}
[0.622817] (nsc_description) StdoutLine: {'line': b'-- Up-to-date: /home/robot_ws/install/nsc_description/share/nsc_description/local_setup.sh\n'}
[0.623047] (nsc_description) StdoutLine: {'line': b'-- Up-to-date: /home/robot_ws/install/nsc_description/share/nsc_description/local_setup.zsh\n'}
[0.623486] (nsc_description) StdoutLine: {'line': b'-- Up-to-date: /home/robot_ws/install/nsc_description/share/nsc_description/local_setup.dsv\n'}
[0.624318] (nsc_description) StdoutLine: {'line': b'-- Installing: /home/robot_ws/install/nsc_description/share/nsc_description/package.dsv\n'}
[0.624634] (nsc_description) StdoutLine: {'line': b'-- Up-to-date: /home/robot_ws/install/nsc_description/share/ament_index/resource_index/packages/nsc_description\n'}
[0.625906] (nsc_description) StdoutLine: {'line': b'-- Up-to-date: /home/robot_ws/install/nsc_description/share/nsc_description/cmake/nsc_descriptionConfig.cmake\n'}
[0.626099] (nsc_description) StdoutLine: {'line': b'-- Up-to-date: /home/robot_ws/install/nsc_description/share/nsc_description/cmake/nsc_descriptionConfig-version.cmake\n'}
[0.626589] (nsc_description) StdoutLine: {'line': b'-- Up-to-date: /home/robot_ws/install/nsc_description/share/nsc_description/package.xml\n'}
[0.626820] (nsc_core) CommandEnded: {'returncode': 0}
[0.640449] (nsc_description) CommandEnded: {'returncode': 0}
[0.684576] (nsc_core) JobEnded: {'identifier': 'nsc_core', 'rc': 0}
[0.693869] (nsc_description) JobEnded: {'identifier': 'nsc_description', 'rc': 0}
[0.695269] (-) EventReactorShutdown: {}
