[0.008s] Invoking command in '/home/robot_ws/build/nsc_core': CMAKE_PREFIX_PATH=${CMAKE_PREFIX_PATH}:/opt/ros/humble /usr/bin/cmake --build /home/robot_ws/build/nsc_core -- -j16 -l16
[0.040s] Built target ament_cmake_python_copy_src
[0.160s] running egg_info
[0.160s] writing src.egg-info/PKG-INFO
[0.160s] writing dependency_links to src.egg-info/dependency_links.txt
[0.161s] writing top-level names to src.egg-info/top_level.txt
[0.161s] reading manifest file 'src.egg-info/SOURCES.txt'
[0.162s] writing manifest file 'src.egg-info/SOURCES.txt'
[0.180s] Built target ament_cmake_python_build_src_egg
[0.186s] Invoked command in '/home/robot_ws/build/nsc_core' returned '0': CMAKE_PREFIX_PATH=${CMAKE_PREFIX_PATH}:/opt/ros/humble /usr/bin/cmake --build /home/robot_ws/build/nsc_core -- -j16 -l16
[0.202s] Invoking command in '/home/robot_ws/build/nsc_core': CMAKE_PREFIX_PATH=${CMAKE_PREFIX_PATH}:/opt/ros/humble /usr/bin/cmake --install /home/robot_ws/build/nsc_core
[0.206s] -- Install configuration: ""
[0.206s] -- Up-to-date: /home/robot_ws/install/nsc_core/share/nsc_core/environment/pythonpath.sh
[0.206s] -- Up-to-date: /home/robot_ws/install/nsc_core/share/nsc_core/environment/pythonpath.dsv
[0.206s] -- Up-to-date: /home/robot_ws/install/nsc_core/local/lib/python3.10/dist-packages/src-0.0.0-py3.10.egg-info
[0.206s] -- Installing: /home/robot_ws/install/nsc_core/local/lib/python3.10/dist-packages/src-0.0.0-py3.10.egg-info/top_level.txt
[0.206s] -- Installing: /home/robot_ws/install/nsc_core/local/lib/python3.10/dist-packages/src-0.0.0-py3.10.egg-info/SOURCES.txt
[0.206s] -- Installing: /home/robot_ws/install/nsc_core/local/lib/python3.10/dist-packages/src-0.0.0-py3.10.egg-info/PKG-INFO
[0.206s] -- Installing: /home/robot_ws/install/nsc_core/local/lib/python3.10/dist-packages/src-0.0.0-py3.10.egg-info/dependency_links.txt
[0.206s] -- Up-to-date: /home/robot_ws/install/nsc_core/local/lib/python3.10/dist-packages/src
[0.207s] -- Up-to-date: /home/robot_ws/install/nsc_core/local/lib/python3.10/dist-packages/src/__init__.py
[0.225s] Listing '/home/robot_ws/install/nsc_core/local/lib/python3.10/dist-packages/src'...
[0.227s] -- Up-to-date: /home/robot_ws/install/nsc_core/share/nsc_core/src
[0.228s] -- Up-to-date: /home/robot_ws/install/nsc_core/share/nsc_core/src/__init__.py
[0.228s] -- Up-to-date: /home/robot_ws/install/nsc_core/share/ament_index/resource_index/package_run_dependencies/nsc_core
[0.228s] -- Up-to-date: /home/robot_ws/install/nsc_core/share/ament_index/resource_index/parent_prefix_path/nsc_core
[0.228s] -- Up-to-date: /home/robot_ws/install/nsc_core/share/nsc_core/environment/ament_prefix_path.sh
[0.228s] -- Up-to-date: /home/robot_ws/install/nsc_core/share/nsc_core/environment/ament_prefix_path.dsv
[0.228s] -- Up-to-date: /home/robot_ws/install/nsc_core/share/nsc_core/environment/path.sh
[0.228s] -- Up-to-date: /home/robot_ws/install/nsc_core/share/nsc_core/environment/path.dsv
[0.229s] -- Up-to-date: /home/robot_ws/install/nsc_core/share/nsc_core/local_setup.bash
[0.229s] -- Up-to-date: /home/robot_ws/install/nsc_core/share/nsc_core/local_setup.sh
[0.229s] -- Up-to-date: /home/robot_ws/install/nsc_core/share/nsc_core/local_setup.zsh
[0.229s] -- Up-to-date: /home/robot_ws/install/nsc_core/share/nsc_core/local_setup.dsv
[0.229s] -- Installing: /home/robot_ws/install/nsc_core/share/nsc_core/package.dsv
[0.229s] -- Up-to-date: /home/robot_ws/install/nsc_core/share/ament_index/resource_index/packages/nsc_core
[0.229s] -- Up-to-date: /home/robot_ws/install/nsc_core/share/nsc_core/cmake/nsc_coreConfig.cmake
[0.230s] -- Up-to-date: /home/robot_ws/install/nsc_core/share/nsc_core/cmake/nsc_coreConfig-version.cmake
[0.230s] -- Up-to-date: /home/robot_ws/install/nsc_core/share/nsc_core/package.xml
[0.241s] Invoked command in '/home/robot_ws/build/nsc_core' returned '0': CMAKE_PREFIX_PATH=${CMAKE_PREFIX_PATH}:/opt/ros/humble /usr/bin/cmake --install /home/robot_ws/build/nsc_core
