[0.146s] DEBUG:colcon:Command line arguments: ['/usr/bin/colcon', 'build']
[0.146s] DEBUG:colcon:Parsed command line arguments: Namespace(log_base=None, log_level=None, verb_name='build', build_base='build', install_base='install', merge_install=False, symlink_install=False, test_result_base=None, continue_on_error=False, executor='parallel', parallel_workers=16, event_handlers=None, ignore_user_meta=False, metas=['./colcon.meta'], base_paths=['.'], packages_ignore=None, packages_ignore_regex=None, paths=None, packages_up_to=None, packages_up_to_regex=None, packages_above=None, packages_above_and_dependencies=None, packages_above_depth=None, packages_select_by_dep=None, packages_skip_by_dep=None, packages_skip_up_to=None, packages_select_build_failed=False, packages_skip_build_finished=False, packages_select_test_failures=False, packages_skip_test_passed=False, packages_select=None, packages_skip=None, packages_select_regex=None, packages_skip_regex=None, packages_start=None, packages_end=None, cmake_args=None, cmake_target=None, cmake_target_skip_unavailable=False, cmake_clean_cache=False, cmake_clean_first=False, cmake_force_configure=False, ament_cmake_args=None, catkin_cmake_args=None, catkin_skip_building_tests=False, mixin_files=None, mixin=None, verb_parser=<colcon_mixin.mixin.mixin_argument.MixinArgumentDecorator object at 0x7b6292b5cdf0>, verb_extension=<colcon_core.verb.build.BuildVerb object at 0x7b6292b5c880>, main=<bound method BuildVerb.main of <colcon_core.verb.build.BuildVerb object at 0x7b6292b5c880>>, mixin_verb=('build',))
[0.337s] Level 1:colcon.colcon_core.package_discovery:discover_packages(colcon_meta) check parameters
[0.337s] Level 1:colcon.colcon_core.package_discovery:discover_packages(recursive) check parameters
[0.337s] Level 1:colcon.colcon_core.package_discovery:discover_packages(ignore) check parameters
[0.337s] Level 1:colcon.colcon_core.package_discovery:discover_packages(path) check parameters
[0.337s] Level 1:colcon.colcon_core.package_discovery:discover_packages(colcon_meta) discover
[0.337s] Level 1:colcon.colcon_core.package_discovery:discover_packages(recursive) discover
[0.338s] INFO:colcon.colcon_core.package_discovery:Crawling recursively for packages in '/home/robot_ws'
[0.338s] Level 1:colcon.colcon_core.package_identification:_identify(.) by extensions ['ignore', 'ignore_ament_install']
[0.338s] Level 1:colcon.colcon_core.package_identification:_identify(.) by extension 'ignore'
[0.338s] Level 1:colcon.colcon_core.package_identification:_identify(.) by extension 'ignore_ament_install'
[0.338s] Level 1:colcon.colcon_core.package_identification:_identify(.) by extensions ['colcon_pkg']
[0.338s] Level 1:colcon.colcon_core.package_identification:_identify(.) by extension 'colcon_pkg'
[0.338s] Level 1:colcon.colcon_core.package_identification:_identify(.) by extensions ['colcon_meta']
[0.338s] Level 1:colcon.colcon_core.package_identification:_identify(.) by extension 'colcon_meta'
[0.338s] Level 1:colcon.colcon_core.package_identification:_identify(.) by extensions ['ros']
[0.338s] Level 1:colcon.colcon_core.package_identification:_identify(.) by extension 'ros'
[0.355s] Level 1:colcon.colcon_core.package_identification:_identify(.) by extensions ['cmake', 'python']
[0.355s] Level 1:colcon.colcon_core.package_identification:_identify(.) by extension 'cmake'
[0.355s] Level 1:colcon.colcon_core.package_identification:_identify(.) by extension 'python'
[0.355s] Level 1:colcon.colcon_core.package_identification:_identify(.) by extensions ['python_setup_py']
[0.355s] Level 1:colcon.colcon_core.package_identification:_identify(.) by extension 'python_setup_py'
[0.356s] Level 1:colcon.colcon_core.package_identification:_identify(build) by extensions ['ignore', 'ignore_ament_install']
[0.356s] Level 1:colcon.colcon_core.package_identification:_identify(build) by extension 'ignore'
[0.356s] Level 1:colcon.colcon_core.package_identification:_identify(build) ignored
[0.356s] Level 1:colcon.colcon_core.package_identification:_identify(install) by extensions ['ignore', 'ignore_ament_install']
[0.356s] Level 1:colcon.colcon_core.package_identification:_identify(install) by extension 'ignore'
[0.356s] Level 1:colcon.colcon_core.package_identification:_identify(install) ignored
[0.356s] Level 1:colcon.colcon_core.package_identification:_identify(log) by extensions ['ignore', 'ignore_ament_install']
[0.357s] Level 1:colcon.colcon_core.package_identification:_identify(log) by extension 'ignore'
[0.357s] Level 1:colcon.colcon_core.package_identification:_identify(log) ignored
[0.357s] Level 1:colcon.colcon_core.package_identification:_identify(src) by extensions ['ignore', 'ignore_ament_install']
[0.357s] Level 1:colcon.colcon_core.package_identification:_identify(src) by extension 'ignore'
[0.357s] Level 1:colcon.colcon_core.package_identification:_identify(src) by extension 'ignore_ament_install'
[0.357s] Level 1:colcon.colcon_core.package_identification:_identify(src) by extensions ['colcon_pkg']
[0.357s] Level 1:colcon.colcon_core.package_identification:_identify(src) by extension 'colcon_pkg'
[0.357s] Level 1:colcon.colcon_core.package_identification:_identify(src) by extensions ['colcon_meta']
[0.357s] Level 1:colcon.colcon_core.package_identification:_identify(src) by extension 'colcon_meta'
[0.357s] Level 1:colcon.colcon_core.package_identification:_identify(src) by extensions ['ros']
[0.357s] Level 1:colcon.colcon_core.package_identification:_identify(src) by extension 'ros'
[0.357s] Level 1:colcon.colcon_core.package_identification:_identify(src) by extensions ['cmake', 'python']
[0.357s] Level 1:colcon.colcon_core.package_identification:_identify(src) by extension 'cmake'
[0.357s] Level 1:colcon.colcon_core.package_identification:_identify(src) by extension 'python'
[0.357s] Level 1:colcon.colcon_core.package_identification:_identify(src) by extensions ['python_setup_py']
[0.357s] Level 1:colcon.colcon_core.package_identification:_identify(src) by extension 'python_setup_py'
[0.357s] Level 1:colcon.colcon_core.package_identification:_identify(src/nsc_core) by extensions ['ignore', 'ignore_ament_install']
[0.358s] Level 1:colcon.colcon_core.package_identification:_identify(src/nsc_core) by extension 'ignore'
[0.358s] Level 1:colcon.colcon_core.package_identification:_identify(src/nsc_core) by extension 'ignore_ament_install'
[0.358s] Level 1:colcon.colcon_core.package_identification:_identify(src/nsc_core) by extensions ['colcon_pkg']
[0.358s] Level 1:colcon.colcon_core.package_identification:_identify(src/nsc_core) by extension 'colcon_pkg'
[0.358s] Level 1:colcon.colcon_core.package_identification:_identify(src/nsc_core) by extensions ['colcon_meta']
[0.358s] Level 1:colcon.colcon_core.package_identification:_identify(src/nsc_core) by extension 'colcon_meta'
[0.358s] Level 1:colcon.colcon_core.package_identification:_identify(src/nsc_core) by extensions ['ros']
[0.358s] Level 1:colcon.colcon_core.package_identification:_identify(src/nsc_core) by extension 'ros'
[0.362s] DEBUG:colcon.colcon_core.package_identification:Package 'src/nsc_core' with type 'ros.ament_cmake' and name 'nsc_core'
[0.362s] Level 1:colcon.colcon_core.package_identification:_identify(src/nsc_description) by extensions ['ignore', 'ignore_ament_install']
[0.362s] Level 1:colcon.colcon_core.package_identification:_identify(src/nsc_description) by extension 'ignore'
[0.362s] Level 1:colcon.colcon_core.package_identification:_identify(src/nsc_description) by extension 'ignore_ament_install'
[0.362s] Level 1:colcon.colcon_core.package_identification:_identify(src/nsc_description) by extensions ['colcon_pkg']
[0.362s] Level 1:colcon.colcon_core.package_identification:_identify(src/nsc_description) by extension 'colcon_pkg'
[0.362s] Level 1:colcon.colcon_core.package_identification:_identify(src/nsc_description) by extensions ['colcon_meta']
[0.362s] Level 1:colcon.colcon_core.package_identification:_identify(src/nsc_description) by extension 'colcon_meta'
[0.362s] Level 1:colcon.colcon_core.package_identification:_identify(src/nsc_description) by extensions ['ros']
[0.362s] Level 1:colcon.colcon_core.package_identification:_identify(src/nsc_description) by extension 'ros'
[0.363s] DEBUG:colcon.colcon_core.package_identification:Package 'src/nsc_description' with type 'ros.ament_cmake' and name 'nsc_description'
[0.363s] Level 1:colcon.colcon_core.package_discovery:discover_packages(recursive) using defaults
[0.363s] Level 1:colcon.colcon_core.package_discovery:discover_packages(ignore) discover
[0.363s] Level 1:colcon.colcon_core.package_discovery:discover_packages(ignore) using defaults
[0.363s] Level 1:colcon.colcon_core.package_discovery:discover_packages(path) discover
[0.363s] Level 1:colcon.colcon_core.package_discovery:discover_packages(path) using defaults
[0.392s] Level 5:colcon.colcon_core.verb:set package 'nsc_core' build argument 'cmake_args' from command line to 'None'
[0.392s] Level 5:colcon.colcon_core.verb:set package 'nsc_core' build argument 'cmake_target' from command line to 'None'
[0.392s] Level 5:colcon.colcon_core.verb:set package 'nsc_core' build argument 'cmake_target_skip_unavailable' from command line to 'False'
[0.392s] Level 5:colcon.colcon_core.verb:set package 'nsc_core' build argument 'cmake_clean_cache' from command line to 'False'
[0.392s] Level 5:colcon.colcon_core.verb:set package 'nsc_core' build argument 'cmake_clean_first' from command line to 'False'
[0.392s] Level 5:colcon.colcon_core.verb:set package 'nsc_core' build argument 'cmake_force_configure' from command line to 'False'
[0.392s] Level 5:colcon.colcon_core.verb:set package 'nsc_core' build argument 'ament_cmake_args' from command line to 'None'
[0.392s] Level 5:colcon.colcon_core.verb:set package 'nsc_core' build argument 'catkin_cmake_args' from command line to 'None'
[0.392s] Level 5:colcon.colcon_core.verb:set package 'nsc_core' build argument 'catkin_skip_building_tests' from command line to 'False'
[0.392s] DEBUG:colcon.colcon_core.verb:Building package 'nsc_core' with the following arguments: {'ament_cmake_args': None, 'build_base': '/home/robot_ws/build/nsc_core', 'catkin_cmake_args': None, 'catkin_skip_building_tests': False, 'cmake_args': None, 'cmake_clean_cache': False, 'cmake_clean_first': False, 'cmake_force_configure': False, 'cmake_target': None, 'cmake_target_skip_unavailable': False, 'install_base': '/home/robot_ws/install/nsc_core', 'merge_install': False, 'path': '/home/robot_ws/src/nsc_core', 'symlink_install': False, 'test_result_base': None}
[0.392s] Level 5:colcon.colcon_core.verb:set package 'nsc_description' build argument 'cmake_args' from command line to 'None'
[0.392s] Level 5:colcon.colcon_core.verb:set package 'nsc_description' build argument 'cmake_target' from command line to 'None'
[0.392s] Level 5:colcon.colcon_core.verb:set package 'nsc_description' build argument 'cmake_target_skip_unavailable' from command line to 'False'
[0.392s] Level 5:colcon.colcon_core.verb:set package 'nsc_description' build argument 'cmake_clean_cache' from command line to 'False'
[0.392s] Level 5:colcon.colcon_core.verb:set package 'nsc_description' build argument 'cmake_clean_first' from command line to 'False'
[0.392s] Level 5:colcon.colcon_core.verb:set package 'nsc_description' build argument 'cmake_force_configure' from command line to 'False'
[0.392s] Level 5:colcon.colcon_core.verb:set package 'nsc_description' build argument 'ament_cmake_args' from command line to 'None'
[0.392s] Level 5:colcon.colcon_core.verb:set package 'nsc_description' build argument 'catkin_cmake_args' from command line to 'None'
[0.392s] Level 5:colcon.colcon_core.verb:set package 'nsc_description' build argument 'catkin_skip_building_tests' from command line to 'False'
[0.393s] DEBUG:colcon.colcon_core.verb:Building package 'nsc_description' with the following arguments: {'ament_cmake_args': None, 'build_base': '/home/robot_ws/build/nsc_description', 'catkin_cmake_args': None, 'catkin_skip_building_tests': False, 'cmake_args': None, 'cmake_clean_cache': False, 'cmake_clean_first': False, 'cmake_force_configure': False, 'cmake_target': None, 'cmake_target_skip_unavailable': False, 'install_base': '/home/robot_ws/install/nsc_description', 'merge_install': False, 'path': '/home/robot_ws/src/nsc_description', 'symlink_install': False, 'test_result_base': None}
[0.393s] INFO:colcon.colcon_core.executor:Executing jobs using 'parallel' executor
[0.394s] DEBUG:colcon.colcon_parallel_executor.executor.parallel:run_until_complete
[0.394s] INFO:colcon.colcon_ros.task.ament_cmake.build:Building ROS package in '/home/robot_ws/src/nsc_core' with build type 'ament_cmake'
[0.394s] INFO:colcon.colcon_cmake.task.cmake.build:Building CMake package in '/home/robot_ws/src/nsc_core'
[0.397s] INFO:colcon.colcon_core.plugin_system:Skipping extension 'colcon_core.shell.bat': Not used on non-Windows systems
[0.397s] INFO:colcon.colcon_core.shell:Skip shell extension 'powershell' for command environment: Not usable outside of PowerShell
[0.397s] DEBUG:colcon.colcon_core.shell:Skip shell extension 'dsv' for command environment
[0.404s] INFO:colcon.colcon_ros.task.ament_cmake.build:Building ROS package in '/home/robot_ws/src/nsc_description' with build type 'ament_cmake'
[0.404s] INFO:colcon.colcon_cmake.task.cmake.build:Building CMake package in '/home/robot_ws/src/nsc_description'
[0.405s] INFO:colcon.colcon_core.shell:Skip shell extension 'powershell' for command environment: Not usable outside of PowerShell
[0.405s] DEBUG:colcon.colcon_core.shell:Skip shell extension 'dsv' for command environment
[0.418s] DEBUG:colcon.colcon_core.event_handler.log_command:Invoking command in '/home/robot_ws/build/nsc_core': CMAKE_PREFIX_PATH=${CMAKE_PREFIX_PATH}:/opt/ros/humble /usr/bin/cmake --build /home/robot_ws/build/nsc_core -- -j16 -l16
[0.429s] DEBUG:colcon.colcon_core.event_handler.log_command:Invoking command in '/home/robot_ws/build/nsc_description': CMAKE_PREFIX_PATH=${CMAKE_PREFIX_PATH}:/opt/ros/humble /usr/bin/cmake --build /home/robot_ws/build/nsc_description -- -j16 -l16
[1.012s] DEBUG:colcon.colcon_core.event_handler.log_command:Invoked command in '/home/robot_ws/build/nsc_description' returned '0': CMAKE_PREFIX_PATH=${CMAKE_PREFIX_PATH}:/opt/ros/humble /usr/bin/cmake --build /home/robot_ws/build/nsc_description -- -j16 -l16
[1.014s] DEBUG:colcon.colcon_core.event_handler.log_command:Invoked command in '/home/robot_ws/build/nsc_core' returned '0': CMAKE_PREFIX_PATH=${CMAKE_PREFIX_PATH}:/opt/ros/humble /usr/bin/cmake --build /home/robot_ws/build/nsc_core -- -j16 -l16
[1.072s] DEBUG:colcon.colcon_core.event_handler.log_command:Invoking command in '/home/robot_ws/build/nsc_description': CMAKE_PREFIX_PATH=${CMAKE_PREFIX_PATH}:/opt/ros/humble /usr/bin/cmake --install /home/robot_ws/build/nsc_description
[1.075s] DEBUG:colcon.colcon_core.event_handler.log_command:Invoking command in '/home/robot_ws/build/nsc_core': CMAKE_PREFIX_PATH=${CMAKE_PREFIX_PATH}:/opt/ros/humble /usr/bin/cmake --install /home/robot_ws/build/nsc_core
[1.162s] Level 1:colcon.colcon_core.environment:create_environment_scripts_only(nsc_description)
[1.166s] DEBUG:colcon.colcon_core.event_handler.log_command:Invoked command in '/home/robot_ws/build/nsc_description' returned '0': CMAKE_PREFIX_PATH=${CMAKE_PREFIX_PATH}:/opt/ros/humble /usr/bin/cmake --install /home/robot_ws/build/nsc_description
[1.170s] Level 1:colcon.colcon_core.environment:checking '/home/robot_ws/install/nsc_description' for CMake module files
[1.170s] Level 1:colcon.colcon_core.environment:checking '/home/robot_ws/install/nsc_description' for CMake config files
[1.171s] Level 1:colcon.colcon_core.shell:create_environment_hook('nsc_description', 'cmake_prefix_path')
[1.171s] INFO:colcon.colcon_core.shell:Creating environment hook '/home/robot_ws/install/nsc_description/share/nsc_description/hook/cmake_prefix_path.ps1'
[1.172s] INFO:colcon.colcon_core.shell:Creating environment descriptor '/home/robot_ws/install/nsc_description/share/nsc_description/hook/cmake_prefix_path.dsv'
[1.173s] INFO:colcon.colcon_core.shell:Creating environment hook '/home/robot_ws/install/nsc_description/share/nsc_description/hook/cmake_prefix_path.sh'
[1.175s] Level 1:colcon.colcon_core.environment:checking '/home/robot_ws/install/nsc_description/bin'
[1.175s] Level 1:colcon.colcon_core.environment:checking '/home/robot_ws/install/nsc_description/lib/pkgconfig/nsc_description.pc'
[1.178s] Level 1:colcon.colcon_core.environment:checking '/home/robot_ws/install/nsc_description/lib/python3.10/site-packages'
[1.179s] Level 1:colcon.colcon_core.environment:checking '/home/robot_ws/install/nsc_description/bin'
[1.179s] INFO:colcon.colcon_core.shell:Creating package script '/home/robot_ws/install/nsc_description/share/nsc_description/package.ps1'
[1.181s] INFO:colcon.colcon_core.shell:Creating package descriptor '/home/robot_ws/install/nsc_description/share/nsc_description/package.dsv'
[1.181s] INFO:colcon.colcon_core.shell:Creating package script '/home/robot_ws/install/nsc_description/share/nsc_description/package.sh'
[1.182s] INFO:colcon.colcon_core.shell:Creating package script '/home/robot_ws/install/nsc_description/share/nsc_description/package.bash'
[1.183s] INFO:colcon.colcon_core.shell:Creating package script '/home/robot_ws/install/nsc_description/share/nsc_description/package.zsh'
[1.187s] Level 1:colcon.colcon_core.environment:create_file_with_runtime_dependencies(/home/robot_ws/install/nsc_description/share/colcon-core/packages/nsc_description)
[1.188s] Level 1:colcon.colcon_core.environment:create_environment_scripts_only(nsc_core)
[1.189s] Level 1:colcon.colcon_core.environment:checking '/home/robot_ws/install/nsc_core' for CMake module files
[1.190s] DEBUG:colcon.colcon_core.event_handler.log_command:Invoked command in '/home/robot_ws/build/nsc_core' returned '0': CMAKE_PREFIX_PATH=${CMAKE_PREFIX_PATH}:/opt/ros/humble /usr/bin/cmake --install /home/robot_ws/build/nsc_core
[1.190s] Level 1:colcon.colcon_core.environment:checking '/home/robot_ws/install/nsc_core' for CMake config files
[1.190s] Level 1:colcon.colcon_core.shell:create_environment_hook('nsc_core', 'cmake_prefix_path')
[1.191s] INFO:colcon.colcon_core.shell:Creating environment hook '/home/robot_ws/install/nsc_core/share/nsc_core/hook/cmake_prefix_path.ps1'
[1.191s] INFO:colcon.colcon_core.shell:Creating environment descriptor '/home/robot_ws/install/nsc_core/share/nsc_core/hook/cmake_prefix_path.dsv'
[1.192s] INFO:colcon.colcon_core.shell:Creating environment hook '/home/robot_ws/install/nsc_core/share/nsc_core/hook/cmake_prefix_path.sh'
[1.192s] Level 1:colcon.colcon_core.environment:checking '/home/robot_ws/install/nsc_core/bin'
[1.193s] Level 1:colcon.colcon_core.environment:checking '/home/robot_ws/install/nsc_core/lib/pkgconfig/nsc_core.pc'
[1.193s] Level 1:colcon.colcon_core.environment:checking '/home/robot_ws/install/nsc_core/lib/python3.10/site-packages'
[1.193s] Level 1:colcon.colcon_core.environment:checking '/home/robot_ws/install/nsc_core/bin'
[1.194s] INFO:colcon.colcon_core.shell:Creating package script '/home/robot_ws/install/nsc_core/share/nsc_core/package.ps1'
[1.194s] INFO:colcon.colcon_core.shell:Creating package descriptor '/home/robot_ws/install/nsc_core/share/nsc_core/package.dsv'
[1.195s] INFO:colcon.colcon_core.shell:Creating package script '/home/robot_ws/install/nsc_core/share/nsc_core/package.sh'
[1.195s] INFO:colcon.colcon_core.shell:Creating package script '/home/robot_ws/install/nsc_core/share/nsc_core/package.bash'
[1.196s] INFO:colcon.colcon_core.shell:Creating package script '/home/robot_ws/install/nsc_core/share/nsc_core/package.zsh'
[1.197s] Level 1:colcon.colcon_core.environment:create_file_with_runtime_dependencies(/home/robot_ws/install/nsc_core/share/colcon-core/packages/nsc_core)
[1.226s] Level 1:colcon.colcon_core.environment:create_environment_scripts_only(nsc_description)
[1.226s] Level 1:colcon.colcon_core.environment:checking '/home/robot_ws/install/nsc_description' for CMake module files
[1.227s] Level 1:colcon.colcon_core.environment:checking '/home/robot_ws/install/nsc_description' for CMake config files
[1.228s] Level 1:colcon.colcon_core.shell:create_environment_hook('nsc_description', 'cmake_prefix_path')
[1.228s] INFO:colcon.colcon_core.shell:Creating environment hook '/home/robot_ws/install/nsc_description/share/nsc_description/hook/cmake_prefix_path.ps1'
[1.229s] INFO:colcon.colcon_core.shell:Creating environment descriptor '/home/robot_ws/install/nsc_description/share/nsc_description/hook/cmake_prefix_path.dsv'
[1.230s] INFO:colcon.colcon_core.shell:Creating environment hook '/home/robot_ws/install/nsc_description/share/nsc_description/hook/cmake_prefix_path.sh'
[1.231s] Level 1:colcon.colcon_core.environment:checking '/home/robot_ws/install/nsc_description/bin'
[1.231s] Level 1:colcon.colcon_core.environment:checking '/home/robot_ws/install/nsc_description/lib/pkgconfig/nsc_description.pc'
[1.231s] Level 1:colcon.colcon_core.environment:checking '/home/robot_ws/install/nsc_description/lib/python3.10/site-packages'
[1.232s] Level 1:colcon.colcon_core.environment:checking '/home/robot_ws/install/nsc_description/bin'
[1.232s] INFO:colcon.colcon_core.shell:Creating package script '/home/robot_ws/install/nsc_description/share/nsc_description/package.ps1'
[1.233s] INFO:colcon.colcon_core.shell:Creating package descriptor '/home/robot_ws/install/nsc_description/share/nsc_description/package.dsv'
[1.234s] INFO:colcon.colcon_core.shell:Creating package script '/home/robot_ws/install/nsc_description/share/nsc_description/package.sh'
[1.235s] INFO:colcon.colcon_core.shell:Creating package script '/home/robot_ws/install/nsc_description/share/nsc_description/package.bash'
[1.235s] INFO:colcon.colcon_core.shell:Creating package script '/home/robot_ws/install/nsc_description/share/nsc_description/package.zsh'
[1.236s] Level 1:colcon.colcon_core.environment:create_file_with_runtime_dependencies(/home/robot_ws/install/nsc_description/share/colcon-core/packages/nsc_description)
[1.237s] Level 1:colcon.colcon_core.environment:create_environment_scripts_only(nsc_core)
[1.238s] Level 1:colcon.colcon_core.environment:checking '/home/robot_ws/install/nsc_core' for CMake module files
[1.239s] Level 1:colcon.colcon_core.environment:checking '/home/robot_ws/install/nsc_core' for CMake config files
[1.240s] Level 1:colcon.colcon_core.shell:create_environment_hook('nsc_core', 'cmake_prefix_path')
[1.240s] INFO:colcon.colcon_core.shell:Creating environment hook '/home/robot_ws/install/nsc_core/share/nsc_core/hook/cmake_prefix_path.ps1'
[1.241s] INFO:colcon.colcon_core.shell:Creating environment descriptor '/home/robot_ws/install/nsc_core/share/nsc_core/hook/cmake_prefix_path.dsv'
[1.241s] INFO:colcon.colcon_core.shell:Creating environment hook '/home/robot_ws/install/nsc_core/share/nsc_core/hook/cmake_prefix_path.sh'
[1.242s] Level 1:colcon.colcon_core.environment:checking '/home/robot_ws/install/nsc_core/bin'
[1.242s] Level 1:colcon.colcon_core.environment:checking '/home/robot_ws/install/nsc_core/lib/pkgconfig/nsc_core.pc'
[1.243s] Level 1:colcon.colcon_core.environment:checking '/home/robot_ws/install/nsc_core/lib/python3.10/site-packages'
[1.243s] Level 1:colcon.colcon_core.environment:checking '/home/robot_ws/install/nsc_core/bin'
[1.244s] INFO:colcon.colcon_core.shell:Creating package script '/home/robot_ws/install/nsc_core/share/nsc_core/package.ps1'
[1.244s] INFO:colcon.colcon_core.shell:Creating package descriptor '/home/robot_ws/install/nsc_core/share/nsc_core/package.dsv'
[1.245s] INFO:colcon.colcon_core.shell:Creating package script '/home/robot_ws/install/nsc_core/share/nsc_core/package.sh'
[1.246s] INFO:colcon.colcon_core.shell:Creating package script '/home/robot_ws/install/nsc_core/share/nsc_core/package.bash'
[1.247s] INFO:colcon.colcon_core.shell:Creating package script '/home/robot_ws/install/nsc_core/share/nsc_core/package.zsh'
[1.247s] Level 1:colcon.colcon_core.environment:create_file_with_runtime_dependencies(/home/robot_ws/install/nsc_core/share/colcon-core/packages/nsc_core)
[1.248s] DEBUG:colcon.colcon_parallel_executor.executor.parallel:closing loop
[1.248s] DEBUG:colcon.colcon_parallel_executor.executor.parallel:loop closed
[1.248s] DEBUG:colcon.colcon_parallel_executor.executor.parallel:run_until_complete finished with '0'
[1.248s] DEBUG:colcon.colcon_core.event_reactor:joining thread
[1.277s] INFO:colcon.colcon_core.plugin_system:Skipping extension 'colcon_notification.desktop_notification.notify_send': Could not find 'notify-send'
[1.278s] INFO:colcon.colcon_core.plugin_system:Skipping extension 'colcon_notification.desktop_notification.terminal_notifier': Not used on non-Darwin systems
[1.278s] INFO:colcon.colcon_core.plugin_system:Skipping extension 'colcon_notification.desktop_notification.win32': Not used on non-Windows systems
[1.278s] INFO:colcon.colcon_notification.desktop_notification:Sending desktop notification using 'notify2'
[1.282s] DEBUG:colcon.colcon_notification.desktop_notification.notify2:Failed to initialize notify2: org.freedesktop.DBus.Error.Spawn.ExecFailed: /usr/bin/dbus-launch terminated abnormally without any error message
[1.282s] DEBUG:colcon.colcon_core.event_reactor:joined thread
[1.283s] INFO:colcon.colcon_core.shell:Creating prefix script '/home/robot_ws/install/local_setup.ps1'
[1.285s] INFO:colcon.colcon_core.shell:Creating prefix util module '/home/robot_ws/install/_local_setup_util_ps1.py'
[1.287s] INFO:colcon.colcon_core.shell:Creating prefix chain script '/home/robot_ws/install/setup.ps1'
[1.289s] INFO:colcon.colcon_core.shell:Creating prefix script '/home/robot_ws/install/local_setup.sh'
[1.289s] INFO:colcon.colcon_core.shell:Creating prefix util module '/home/robot_ws/install/_local_setup_util_sh.py'
[1.290s] INFO:colcon.colcon_core.shell:Creating prefix chain script '/home/robot_ws/install/setup.sh'
[1.291s] INFO:colcon.colcon_core.shell:Creating prefix script '/home/robot_ws/install/local_setup.bash'
[1.292s] INFO:colcon.colcon_core.shell:Creating prefix chain script '/home/robot_ws/install/setup.bash'
[1.293s] INFO:colcon.colcon_core.shell:Creating prefix script '/home/robot_ws/install/local_setup.zsh'
[1.294s] INFO:colcon.colcon_core.shell:Creating prefix chain script '/home/robot_ws/install/setup.zsh'
