[0.000000] (-) TimerEvent: {}
[0.000368] (core) JobQueued: {'identifier': 'core', 'dependencies': OrderedDict()}
[0.000526] (description) JobQueued: {'identifier': 'description', 'dependencies': OrderedDict()}
[0.000538] (core) JobStarted: {'identifier': 'core'}
[0.004544] (description) JobStarted: {'identifier': 'description'}
[0.007065] (core) JobProgress: {'identifier': 'core', 'progress': 'cmake'}
[0.007336] (core) Command: {'cmd': ['/usr/bin/cmake', '/home/robot_ws/src/core', '-DCMAKE_INSTALL_PREFIX=/home/robot_ws/install/core'], 'cwd': '/home/robot_ws/build/core', 'env': OrderedDict([('HOSTNAME', 'entity014'), ('SHLVL', '1'), ('LD_LIBRARY_PATH', '/usr/lib/x86_64-linux-gnu/gazebo-11/plugins:/opt/ros/humble/opt/rviz_ogre_vendor/lib:/opt/ros/humble/lib/x86_64-linux-gnu:/opt/ros/humble/lib'), ('HOME', '/home'), ('ROS_PYTHON_VERSION', '3'), ('ROS_DISTRO', 'humble'), ('_', '/usr/bin/colcon'), ('ROS_VERSION', '2'), ('NVIDIA_DRIVER_CAPABILITIES', 'all'), ('TERM', 'xterm'), ('ROS_LOCALHOST_ONLY', '0'), ('QT_X11_NO_MITSHM', '1'), ('PATH', '/opt/ros/humble/bin:/usr/local/sbin:/usr/local/bin:/usr/sbin:/usr/bin:/sbin:/bin'), ('XDG_RUNTIME_DIR', '/tmp/runtime-root'), ('DISPLAY', ':0'), ('LANG', 'C.UTF-8'), ('RMW_IMPLEMENTATION', 'rmw_cyclonedds_cpp'), ('ROS_DOMAIN_ID', '10'), ('AMENT_PREFIX_PATH', '/opt/ros/humble'), ('NO_AT_BRIDGE', '1'), ('PWD', '/home/robot_ws/build/core'), ('LC_ALL', 'C.UTF-8'), ('PYTHONPATH', '/opt/ros/humble/lib/python3.10/site-packages:/opt/ros/humble/local/lib/python3.10/dist-packages'), ('COLCON', '1'), ('CMAKE_PREFIX_PATH', '/opt/ros/humble')]), 'shell': False}
[0.009047] (description) JobProgress: {'identifier': 'description', 'progress': 'cmake'}
[0.009291] (description) JobProgress: {'identifier': 'description', 'progress': 'build'}
[0.009689] (description) Command: {'cmd': ['/usr/bin/cmake', '--build', '/home/robot_ws/build/description', '--', '-j16', '-l16'], 'cwd': '/home/robot_ws/build/description', 'env': OrderedDict([('HOSTNAME', 'entity014'), ('SHLVL', '1'), ('LD_LIBRARY_PATH', '/usr/lib/x86_64-linux-gnu/gazebo-11/plugins:/opt/ros/humble/opt/rviz_ogre_vendor/lib:/opt/ros/humble/lib/x86_64-linux-gnu:/opt/ros/humble/lib'), ('HOME', '/home'), ('ROS_PYTHON_VERSION', '3'), ('ROS_DISTRO', 'humble'), ('_', '/usr/bin/colcon'), ('ROS_VERSION', '2'), ('NVIDIA_DRIVER_CAPABILITIES', 'all'), ('TERM', 'xterm'), ('ROS_LOCALHOST_ONLY', '0'), ('QT_X11_NO_MITSHM', '1'), ('PATH', '/opt/ros/humble/bin:/usr/local/sbin:/usr/local/bin:/usr/sbin:/usr/bin:/sbin:/bin'), ('XDG_RUNTIME_DIR', '/tmp/runtime-root'), ('DISPLAY', ':0'), ('LANG', 'C.UTF-8'), ('RMW_IMPLEMENTATION', 'rmw_cyclonedds_cpp'), ('ROS_DOMAIN_ID', '10'), ('AMENT_PREFIX_PATH', '/opt/ros/humble'), ('NO_AT_BRIDGE', '1'), ('PWD', '/home/robot_ws/build/description'), ('LC_ALL', 'C.UTF-8'), ('PYTHONPATH', '/opt/ros/humble/lib/python3.10/site-packages:/opt/ros/humble/local/lib/python3.10/dist-packages'), ('COLCON', '1'), ('CMAKE_PREFIX_PATH', '/opt/ros/humble')]), 'shell': False}
[0.015613] (core) StdoutLine: {'line': b'-- Found ament_cmake: 1.3.9 (/opt/ros/humble/share/ament_cmake/cmake)\n'}
[0.039870] (description) StdoutLine: {'line': b'Built target ament_cmake_python_copy_src\n'}
[0.087757] (core) StdoutLine: {'line': b'-- Found rclpy: 3.3.13 (/opt/ros/humble/share/rclpy/cmake)\n'}
[0.099665] (-) TimerEvent: {}
[0.126028] (core) StdoutLine: {'line': b'-- Found ament_lint_auto: 0.12.11 (/opt/ros/humble/share/ament_lint_auto/cmake)\n'}
[0.158740] (description) StdoutLine: {'line': b'running egg_info\n'}
[0.159055] (description) StdoutLine: {'line': b'creating src.egg-info\n'}
[0.159177] (description) StdoutLine: {'line': b'writing src.egg-info/PKG-INFO\n'}
[0.159278] (description) StdoutLine: {'line': b'writing dependency_links to src.egg-info/dependency_links.txt\n'}
[0.159468] (description) StdoutLine: {'line': b'writing top-level names to src.egg-info/top_level.txt\n'}
[0.159570] (description) StdoutLine: {'line': b"writing manifest file 'src.egg-info/SOURCES.txt'\n"}
[0.160373] (description) StdoutLine: {'line': b"reading manifest file 'src.egg-info/SOURCES.txt'\n"}
[0.160572] (description) StdoutLine: {'line': b"writing manifest file 'src.egg-info/SOURCES.txt'\n"}
[0.175627] (description) StdoutLine: {'line': b'Built target ament_cmake_python_build_src_egg\n'}
[0.179711] (core) StdoutLine: {'line': b"-- Added test 'copyright' to check source files copyright and LICENSE\n"}
[0.180344] (core) StdoutLine: {'line': b"-- Added test 'flake8' to check Python code syntax and style conventions\n"}
[0.180488] (core) StdoutLine: {'line': b"-- Added test 'lint_cmake' to check CMake code style\n"}
[0.182590] (core) StdoutLine: {'line': b"-- Added test 'pep257' to check Python code against some of the docstring style conventions in PEP 257\n"}
[0.182791] (description) CommandEnded: {'returncode': 0}
[0.183039] (core) StdoutLine: {'line': b"-- Added test 'xmllint' to check XML markup files\n"}
[0.183141] (core) StdoutLine: {'line': b'-- Configuring done\n'}
[0.185726] (core) StdoutLine: {'line': b'-- Generating done\n'}
[0.186168] (core) StdoutLine: {'line': b'-- Build files have been written to: /home/robot_ws/build/core\n'}
[0.187545] (core) CommandEnded: {'returncode': 0}
[0.188254] (core) JobProgress: {'identifier': 'core', 'progress': 'build'}
[0.188451] (core) Command: {'cmd': ['/usr/bin/cmake', '--build', '/home/robot_ws/build/core', '--', '-j16', '-l16'], 'cwd': '/home/robot_ws/build/core', 'env': OrderedDict([('HOSTNAME', 'entity014'), ('SHLVL', '1'), ('LD_LIBRARY_PATH', '/usr/lib/x86_64-linux-gnu/gazebo-11/plugins:/opt/ros/humble/opt/rviz_ogre_vendor/lib:/opt/ros/humble/lib/x86_64-linux-gnu:/opt/ros/humble/lib'), ('HOME', '/home'), ('ROS_PYTHON_VERSION', '3'), ('ROS_DISTRO', 'humble'), ('_', '/usr/bin/colcon'), ('ROS_VERSION', '2'), ('NVIDIA_DRIVER_CAPABILITIES', 'all'), ('TERM', 'xterm'), ('ROS_LOCALHOST_ONLY', '0'), ('QT_X11_NO_MITSHM', '1'), ('PATH', '/opt/ros/humble/bin:/usr/local/sbin:/usr/local/bin:/usr/sbin:/usr/bin:/sbin:/bin'), ('XDG_RUNTIME_DIR', '/tmp/runtime-root'), ('DISPLAY', ':0'), ('LANG', 'C.UTF-8'), ('RMW_IMPLEMENTATION', 'rmw_cyclonedds_cpp'), ('ROS_DOMAIN_ID', '10'), ('AMENT_PREFIX_PATH', '/opt/ros/humble'), ('NO_AT_BRIDGE', '1'), ('PWD', '/home/robot_ws/build/core'), ('LC_ALL', 'C.UTF-8'), ('PYTHONPATH', '/opt/ros/humble/lib/python3.10/site-packages:/opt/ros/humble/local/lib/python3.10/dist-packages'), ('COLCON', '1'), ('CMAKE_PREFIX_PATH', '/opt/ros/humble')]), 'shell': False}
[0.193241] (description) JobProgress: {'identifier': 'description', 'progress': 'install'}
[0.198129] (description) Command: {'cmd': ['/usr/bin/cmake', '--install', '/home/robot_ws/build/description'], 'cwd': '/home/robot_ws/build/description', 'env': OrderedDict([('HOSTNAME', 'entity014'), ('SHLVL', '1'), ('LD_LIBRARY_PATH', '/usr/lib/x86_64-linux-gnu/gazebo-11/plugins:/opt/ros/humble/opt/rviz_ogre_vendor/lib:/opt/ros/humble/lib/x86_64-linux-gnu:/opt/ros/humble/lib'), ('HOME', '/home'), ('ROS_PYTHON_VERSION', '3'), ('ROS_DISTRO', 'humble'), ('_', '/usr/bin/colcon'), ('ROS_VERSION', '2'), ('NVIDIA_DRIVER_CAPABILITIES', 'all'), ('TERM', 'xterm'), ('ROS_LOCALHOST_ONLY', '0'), ('QT_X11_NO_MITSHM', '1'), ('PATH', '/opt/ros/humble/bin:/usr/local/sbin:/usr/local/bin:/usr/sbin:/usr/bin:/sbin:/bin'), ('XDG_RUNTIME_DIR', '/tmp/runtime-root'), ('DISPLAY', ':0'), ('LANG', 'C.UTF-8'), ('RMW_IMPLEMENTATION', 'rmw_cyclonedds_cpp'), ('ROS_DOMAIN_ID', '10'), ('AMENT_PREFIX_PATH', '/opt/ros/humble'), ('NO_AT_BRIDGE', '1'), ('PWD', '/home/robot_ws/build/description'), ('LC_ALL', 'C.UTF-8'), ('PYTHONPATH', '/opt/ros/humble/lib/python3.10/site-packages:/opt/ros/humble/local/lib/python3.10/dist-packages'), ('COLCON', '1'), ('CMAKE_PREFIX_PATH', '/opt/ros/humble')]), 'shell': False}
[0.199822] (-) TimerEvent: {}
[0.202025] (description) StdoutLine: {'line': b'-- Install configuration: ""\n'}
[0.202245] (description) StdoutLine: {'line': b'-- Installing: /home/robot_ws/install/description/share/description/environment/pythonpath.sh\n'}
[0.202385] (description) StdoutLine: {'line': b'-- Installing: /home/robot_ws/install/description/share/description/environment/pythonpath.dsv\n'}
[0.202480] (description) StdoutLine: {'line': b'-- Installing: /home/robot_ws/install/description/local/lib/python3.10/dist-packages/src-0.0.0-py3.10.egg-info\n'}
[0.202588] (description) StdoutLine: {'line': b'-- Installing: /home/robot_ws/install/description/local/lib/python3.10/dist-packages/src-0.0.0-py3.10.egg-info/top_level.txt\n'}
[0.202679] (description) StdoutLine: {'line': b'-- Installing: /home/robot_ws/install/description/local/lib/python3.10/dist-packages/src-0.0.0-py3.10.egg-info/SOURCES.txt\n'}
[0.202768] (description) StdoutLine: {'line': b'-- Installing: /home/robot_ws/install/description/local/lib/python3.10/dist-packages/src-0.0.0-py3.10.egg-info/PKG-INFO\n'}
[0.202856] (description) StdoutLine: {'line': b'-- Installing: /home/robot_ws/install/description/local/lib/python3.10/dist-packages/src-0.0.0-py3.10.egg-info/dependency_links.txt\n'}
[0.202945] (description) StdoutLine: {'line': b'-- Installing: /home/robot_ws/install/description/local/lib/python3.10/dist-packages/src\n'}
[0.203033] (description) StdoutLine: {'line': b'-- Installing: /home/robot_ws/install/description/local/lib/python3.10/dist-packages/src/__init__.py\n'}
[0.216877] (core) StdoutLine: {'line': b'Built target ament_cmake_python_copy_src\n'}
[0.220962] (description) StdoutLine: {'line': b"Listing '/home/robot_ws/install/description/local/lib/python3.10/dist-packages/src'...\n"}
[0.221158] (description) StdoutLine: {'line': b"Compiling '/home/robot_ws/install/description/local/lib/python3.10/dist-packages/src/__init__.py'...\n"}
[0.224347] (description) StdoutLine: {'line': b'-- Installing: /home/robot_ws/install/description/share/description/urdf\n'}
[0.224432] (description) StdoutLine: {'line': b'-- Installing: /home/robot_ws/install/description/share/description/urdf/leg.urdf.xacro\n'}
[0.224491] (description) StdoutLine: {'line': b'-- Installing: /home/robot_ws/install/description/share/description/urdf/forearm.urdf.xacro\n'}
[0.224552] (description) StdoutLine: {'line': b'-- Installing: /home/robot_ws/install/description/share/description/urdf/model\n'}
[0.224623] (description) StdoutLine: {'line': b'-- Installing: /home/robot_ws/install/description/share/description/urdf/arm.urdf.xacro\n'}
[0.224959] (description) StdoutLine: {'line': b'-- Installing: /home/robot_ws/install/description/share/description/urdf/foot.urdf.xacro\n'}
[0.225062] (description) StdoutLine: {'line': b'-- Installing: /home/robot_ws/install/description/share/description/urdf/base.urdf.xacro\n'}
[0.225155] (description) StdoutLine: {'line': b'-- Installing: /home/robot_ws/install/description/share/description/urdf/properties.urdf.xacro\n'}
[0.225185] (description) StdoutLine: {'line': b'-- Installing: /home/robot_ws/install/description/share/description/urdf/hand.urdf.xacro\n'}
[0.225260] (description) StdoutLine: {'line': b'-- Installing: /home/robot_ws/install/description/share/description/urdf/robot.urdf.xacro\n'}
[0.225291] (description) StdoutLine: {'line': b'-- Installing: /home/robot_ws/install/description/share/description/urdf/shin.urdf.xacro\n'}
[0.225319] (description) StdoutLine: {'line': b'-- Installing: /home/robot_ws/install/description/share/description/launch\n'}
[0.225348] (description) StdoutLine: {'line': b'-- Installing: /home/robot_ws/install/description/share/description/launch/description.launch.py\n'}
[0.225411] (description) StdoutLine: {'line': b'-- Installing: /home/robot_ws/install/description/share/description/rviz\n'}
[0.225447] (description) StdoutLine: {'line': b'-- Installing: /home/robot_ws/install/description/share/description/src\n'}
[0.225477] (description) StdoutLine: {'line': b'-- Installing: /home/robot_ws/install/description/share/description/src/__init__.py\n'}
[0.225529] (description) StdoutLine: {'line': b'-- Installing: /home/robot_ws/install/description/share/ament_index/resource_index/package_run_dependencies/description\n'}
[0.225561] (description) StdoutLine: {'line': b'-- Installing: /home/robot_ws/install/description/share/ament_index/resource_index/parent_prefix_path/description\n'}
[0.225629] (description) StdoutLine: {'line': b'-- Installing: /home/robot_ws/install/description/share/description/environment/ament_prefix_path.sh\n'}
[0.225678] (description) StdoutLine: {'line': b'-- Installing: /home/robot_ws/install/description/share/description/environment/ament_prefix_path.dsv\n'}
[0.225708] (description) StdoutLine: {'line': b'-- Installing: /home/robot_ws/install/description/share/description/environment/path.sh\n'}
[0.225745] (description) StdoutLine: {'line': b'-- Installing: /home/robot_ws/install/description/share/description/environment/path.dsv\n'}
[0.225782] (description) StdoutLine: {'line': b'-- Installing: /home/robot_ws/install/description/share/description/local_setup.bash\n'}
[0.225854] (description) StdoutLine: {'line': b'-- Installing: /home/robot_ws/install/description/share/description/local_setup.sh\n'}
[0.225902] (description) StdoutLine: {'line': b'-- Installing: /home/robot_ws/install/description/share/description/local_setup.zsh\n'}
[0.225944] (description) StdoutLine: {'line': b'-- Installing: /home/robot_ws/install/description/share/description/local_setup.dsv\n'}
[0.225991] (description) StdoutLine: {'line': b'-- Installing: /home/robot_ws/install/description/share/description/package.dsv\n'}
[0.226056] (description) StdoutLine: {'line': b'-- Installing: /home/robot_ws/install/description/share/ament_index/resource_index/packages/description\n'}
[0.226119] (description) StdoutLine: {'line': b'-- Installing: /home/robot_ws/install/description/share/description/cmake/descriptionConfig.cmake\n'}
[0.226149] (description) StdoutLine: {'line': b'-- Installing: /home/robot_ws/install/description/share/description/cmake/descriptionConfig-version.cmake\n'}
[0.226177] (description) StdoutLine: {'line': b'-- Installing: /home/robot_ws/install/description/share/description/package.xml\n'}
[0.227649] (description) CommandEnded: {'returncode': 0}
[0.253634] (description) JobEnded: {'identifier': 'description', 'rc': 0}
[0.300002] (-) TimerEvent: {}
[0.333227] (core) StdoutLine: {'line': b'running egg_info\n'}
[0.333551] (core) StdoutLine: {'line': b'creating src.egg-info\n'}
[0.333627] (core) StdoutLine: {'line': b'writing src.egg-info/PKG-INFO\n'}
[0.333765] (core) StdoutLine: {'line': b'writing dependency_links to src.egg-info/dependency_links.txt\n'}
[0.333851] (core) StdoutLine: {'line': b'writing top-level names to src.egg-info/top_level.txt\n'}
[0.333978] (core) StdoutLine: {'line': b"writing manifest file 'src.egg-info/SOURCES.txt'\n"}
[0.334887] (core) StdoutLine: {'line': b"reading manifest file 'src.egg-info/SOURCES.txt'\n"}
[0.335072] (core) StdoutLine: {'line': b"writing manifest file 'src.egg-info/SOURCES.txt'\n"}
[0.349759] (core) StdoutLine: {'line': b'Built target ament_cmake_python_build_src_egg\n'}
[0.356065] (core) CommandEnded: {'returncode': 0}
[0.367464] (core) JobProgress: {'identifier': 'core', 'progress': 'install'}
[0.367622] (core) Command: {'cmd': ['/usr/bin/cmake', '--install', '/home/robot_ws/build/core'], 'cwd': '/home/robot_ws/build/core', 'env': OrderedDict([('HOSTNAME', 'entity014'), ('SHLVL', '1'), ('LD_LIBRARY_PATH', '/usr/lib/x86_64-linux-gnu/gazebo-11/plugins:/opt/ros/humble/opt/rviz_ogre_vendor/lib:/opt/ros/humble/lib/x86_64-linux-gnu:/opt/ros/humble/lib'), ('HOME', '/home'), ('ROS_PYTHON_VERSION', '3'), ('ROS_DISTRO', 'humble'), ('_', '/usr/bin/colcon'), ('ROS_VERSION', '2'), ('NVIDIA_DRIVER_CAPABILITIES', 'all'), ('TERM', 'xterm'), ('ROS_LOCALHOST_ONLY', '0'), ('QT_X11_NO_MITSHM', '1'), ('PATH', '/opt/ros/humble/bin:/usr/local/sbin:/usr/local/bin:/usr/sbin:/usr/bin:/sbin:/bin'), ('XDG_RUNTIME_DIR', '/tmp/runtime-root'), ('DISPLAY', ':0'), ('LANG', 'C.UTF-8'), ('RMW_IMPLEMENTATION', 'rmw_cyclonedds_cpp'), ('ROS_DOMAIN_ID', '10'), ('AMENT_PREFIX_PATH', '/opt/ros/humble'), ('NO_AT_BRIDGE', '1'), ('PWD', '/home/robot_ws/build/core'), ('LC_ALL', 'C.UTF-8'), ('PYTHONPATH', '/opt/ros/humble/lib/python3.10/site-packages:/opt/ros/humble/local/lib/python3.10/dist-packages'), ('COLCON', '1'), ('CMAKE_PREFIX_PATH', '/opt/ros/humble')]), 'shell': False}
[0.372036] (core) StdoutLine: {'line': b'-- Install configuration: ""\n'}
[0.372113] (core) StdoutLine: {'line': b'-- Installing: /home/robot_ws/install/core/share/core/environment/pythonpath.sh\n'}
[0.372149] (core) StdoutLine: {'line': b'-- Installing: /home/robot_ws/install/core/share/core/environment/pythonpath.dsv\n'}
[0.372181] (core) StdoutLine: {'line': b'-- Installing: /home/robot_ws/install/core/local/lib/python3.10/dist-packages/src-0.0.0-py3.10.egg-info\n'}
[0.372249] (core) StdoutLine: {'line': b'-- Installing: /home/robot_ws/install/core/local/lib/python3.10/dist-packages/src-0.0.0-py3.10.egg-info/top_level.txt\n'}
[0.372283] (core) StdoutLine: {'line': b'-- Installing: /home/robot_ws/install/core/local/lib/python3.10/dist-packages/src-0.0.0-py3.10.egg-info/SOURCES.txt\n'}
[0.372315] (core) StdoutLine: {'line': b'-- Installing: /home/robot_ws/install/core/local/lib/python3.10/dist-packages/src-0.0.0-py3.10.egg-info/PKG-INFO\n'}
[0.372371] (core) StdoutLine: {'line': b'-- Installing: /home/robot_ws/install/core/local/lib/python3.10/dist-packages/src-0.0.0-py3.10.egg-info/dependency_links.txt\n'}
[0.372401] (core) StdoutLine: {'line': b'-- Installing: /home/robot_ws/install/core/local/lib/python3.10/dist-packages/src\n'}
[0.372429] (core) StdoutLine: {'line': b'-- Installing: /home/robot_ws/install/core/local/lib/python3.10/dist-packages/src/__init__.py\n'}
[0.390053] (core) StdoutLine: {'line': b"Listing '/home/robot_ws/install/core/local/lib/python3.10/dist-packages/src'...\n"}
[0.390157] (core) StdoutLine: {'line': b"Compiling '/home/robot_ws/install/core/local/lib/python3.10/dist-packages/src/__init__.py'...\n"}
[0.392423] (core) StdoutLine: {'line': b'-- Installing: /home/robot_ws/install/core/share/core/src\n'}
[0.392511] (core) StdoutLine: {'line': b'-- Installing: /home/robot_ws/install/core/share/core/src/__init__.py\n'}
[0.392548] (core) StdoutLine: {'line': b'-- Installing: /home/robot_ws/install/core/share/ament_index/resource_index/package_run_dependencies/core\n'}
[0.392581] (core) StdoutLine: {'line': b'-- Installing: /home/robot_ws/install/core/share/ament_index/resource_index/parent_prefix_path/core\n'}
[0.392668] (core) StdoutLine: {'line': b'-- Installing: /home/robot_ws/install/core/share/core/environment/ament_prefix_path.sh\n'}
[0.392700] (core) StdoutLine: {'line': b'-- Installing: /home/robot_ws/install/core/share/core/environment/ament_prefix_path.dsv\n'}
[0.392732] (core) StdoutLine: {'line': b'-- Installing: /home/robot_ws/install/core/share/core/environment/path.sh\n'}
[0.392919] (core) StdoutLine: {'line': b'-- Installing: /home/robot_ws/install/core/share/core/environment/path.dsv\n'}
[0.392990] (core) StdoutLine: {'line': b'-- Installing: /home/robot_ws/install/core/share/core/local_setup.bash\n'}
[0.393032] (core) StdoutLine: {'line': b'-- Installing: /home/robot_ws/install/core/share/core/local_setup.sh\n'}
[0.393062] (core) StdoutLine: {'line': b'-- Installing: /home/robot_ws/install/core/share/core/local_setup.zsh\n'}
[0.393177] (core) StdoutLine: {'line': b'-- Installing: /home/robot_ws/install/core/share/core/local_setup.dsv\n'}
[0.393248] (core) StdoutLine: {'line': b'-- Installing: /home/robot_ws/install/core/share/core/package.dsv\n'}
[0.393282] (core) StdoutLine: {'line': b'-- Installing: /home/robot_ws/install/core/share/ament_index/resource_index/packages/core\n'}
[0.393314] (core) StdoutLine: {'line': b'-- Installing: /home/robot_ws/install/core/share/core/cmake/coreConfig.cmake\n'}
[0.393345] (core) StdoutLine: {'line': b'-- Installing: /home/robot_ws/install/core/share/core/cmake/coreConfig-version.cmake\n'}
[0.393462] (core) StdoutLine: {'line': b'-- Installing: /home/robot_ws/install/core/share/core/package.xml\n'}
[0.394536] (core) CommandEnded: {'returncode': 0}
[0.400102] (-) TimerEvent: {}
[0.412131] (core) JobEnded: {'identifier': 'core', 'rc': 0}
[0.412625] (-) EventReactorShutdown: {}
