[0.027s] Invoking command in '/home/robot_ws/build/nsc_core': CMAKE_PREFIX_PATH=${CMAKE_PREFIX_PATH}:/opt/ros/humble /usr/bin/cmake --build /home/robot_ws/build/nsc_core -- -j16 -l16
[0.134s] Built target ament_cmake_python_copy_src
[0.643s] running egg_info
[0.644s] writing src.egg-info/PKG-INFO
[0.645s] writing dependency_links to src.egg-info/dependency_links.txt
[0.645s] writing top-level names to src.egg-info/top_level.txt
[0.651s] reading manifest file 'src.egg-info/SOURCES.txt'
[0.652s] writing manifest file 'src.egg-info/SOURCES.txt'
[0.719s] Built target ament_cmake_python_build_src_egg
[0.749s] Invoked command in '/home/robot_ws/build/nsc_core' returned '0': CMAKE_PREFIX_PATH=${CMAKE_PREFIX_PATH}:/opt/ros/humble /usr/bin/cmake --build /home/robot_ws/build/nsc_core -- -j16 -l16
[0.845s] Invoking command in '/home/robot_ws/build/nsc_core': CMAKE_PREFIX_PATH=${CMAKE_PREFIX_PATH}:/opt/ros/humble /usr/bin/cmake --install /home/robot_ws/build/nsc_core
[0.865s] -- Install configuration: ""
[0.866s] -- Up-to-date: /home/robot_ws/install/nsc_core/share/nsc_core/environment/pythonpath.sh
[0.866s] -- Up-to-date: /home/robot_ws/install/nsc_core/share/nsc_core/environment/pythonpath.dsv
[0.866s] -- Up-to-date: /home/robot_ws/install/nsc_core/local/lib/python3.10/dist-packages/src-0.0.0-py3.10.egg-info
[0.867s] -- Installing: /home/robot_ws/install/nsc_core/local/lib/python3.10/dist-packages/src-0.0.0-py3.10.egg-info/top_level.txt
[0.867s] -- Installing: /home/robot_ws/install/nsc_core/local/lib/python3.10/dist-packages/src-0.0.0-py3.10.egg-info/SOURCES.txt
[0.867s] -- Installing: /home/robot_ws/install/nsc_core/local/lib/python3.10/dist-packages/src-0.0.0-py3.10.egg-info/PKG-INFO
[0.868s] -- Installing: /home/robot_ws/install/nsc_core/local/lib/python3.10/dist-packages/src-0.0.0-py3.10.egg-info/dependency_links.txt
[0.868s] -- Up-to-date: /home/robot_ws/install/nsc_core/local/lib/python3.10/dist-packages/src
[0.868s] -- Up-to-date: /home/robot_ws/install/nsc_core/local/lib/python3.10/dist-packages/src/__init__.py
[0.982s] Listing '/home/robot_ws/install/nsc_core/local/lib/python3.10/dist-packages/src'...
[0.997s] -- Up-to-date: /home/robot_ws/install/nsc_core/share/nsc_core/src
[0.998s] -- Up-to-date: /home/robot_ws/install/nsc_core/share/nsc_core/src/__init__.py
[0.999s] -- Up-to-date: /home/robot_ws/install/nsc_core/share/ament_index/resource_index/package_run_dependencies/nsc_core
[0.999s] -- Up-to-date: /home/robot_ws/install/nsc_core/share/ament_index/resource_index/parent_prefix_path/nsc_core
[1.000s] -- Up-to-date: /home/robot_ws/install/nsc_core/share/nsc_core/environment/ament_prefix_path.sh
[1.000s] -- Up-to-date: /home/robot_ws/install/nsc_core/share/nsc_core/environment/ament_prefix_path.dsv
[1.001s] -- Up-to-date: /home/robot_ws/install/nsc_core/share/nsc_core/environment/path.sh
[1.001s] -- Up-to-date: /home/robot_ws/install/nsc_core/share/nsc_core/environment/path.dsv
[1.001s] -- Up-to-date: /home/robot_ws/install/nsc_core/share/nsc_core/local_setup.bash
[1.002s] -- Up-to-date: /home/robot_ws/install/nsc_core/share/nsc_core/local_setup.sh
[1.002s] -- Up-to-date: /home/robot_ws/install/nsc_core/share/nsc_core/local_setup.zsh
[1.003s] -- Up-to-date: /home/robot_ws/install/nsc_core/share/nsc_core/local_setup.dsv
[1.003s] -- Installing: /home/robot_ws/install/nsc_core/share/nsc_core/package.dsv
[1.003s] -- Up-to-date: /home/robot_ws/install/nsc_core/share/ament_index/resource_index/packages/nsc_core
[1.004s] -- Up-to-date: /home/robot_ws/install/nsc_core/share/nsc_core/cmake/nsc_coreConfig.cmake
[1.004s] -- Up-to-date: /home/robot_ws/install/nsc_core/share/nsc_core/cmake/nsc_coreConfig-version.cmake
[1.004s] -- Up-to-date: /home/robot_ws/install/nsc_core/share/nsc_core/package.xml
[1.008s] Invoked command in '/home/robot_ws/build/nsc_core' returned '0': CMAKE_PREFIX_PATH=${CMAKE_PREFIX_PATH}:/opt/ros/humble /usr/bin/cmake --install /home/robot_ws/build/nsc_core
