Built target ament_cmake_python_copy_src
running egg_info
writing src.egg-info/PKG-INFO
writing dependency_links to src.egg-info/dependency_links.txt
writing top-level names to src.egg-info/top_level.txt
reading manifest file 'src.egg-info/SOURCES.txt'
writing manifest file 'src.egg-info/SOURCES.txt'
Built target ament_cmake_python_build_src_egg
-- Install configuration: ""
-- Up-to-date: /home/robot_ws/install/description/share/description/environment/pythonpath.sh
-- Up-to-date: /home/robot_ws/install/description/share/description/environment/pythonpath.dsv
-- Up-to-date: /home/robot_ws/install/description/local/lib/python3.10/dist-packages/src-0.0.0-py3.10.egg-info
-- Installing: /home/robot_ws/install/description/local/lib/python3.10/dist-packages/src-0.0.0-py3.10.egg-info/top_level.txt
-- Installing: /home/robot_ws/install/description/local/lib/python3.10/dist-packages/src-0.0.0-py3.10.egg-info/SOURCES.txt
-- Installing: /home/robot_ws/install/description/local/lib/python3.10/dist-packages/src-0.0.0-py3.10.egg-info/PKG-INFO
-- Installing: /home/robot_ws/install/description/local/lib/python3.10/dist-packages/src-0.0.0-py3.10.egg-info/dependency_links.txt
-- Up-to-date: /home/robot_ws/install/description/local/lib/python3.10/dist-packages/src
-- Up-to-date: /home/robot_ws/install/description/local/lib/python3.10/dist-packages/src/__init__.py
Listing '/home/robot_ws/install/description/local/lib/python3.10/dist-packages/src'...
-- Up-to-date: /home/robot_ws/install/description/share/description/urdf
-- Up-to-date: /home/robot_ws/install/description/share/description/urdf/leg.urdf.xacro
-- Up-to-date: /home/robot_ws/install/description/share/description/urdf/forearm.urdf.xacro
-- Up-to-date: /home/robot_ws/install/description/share/description/urdf/model
-- Up-to-date: /home/robot_ws/install/description/share/description/urdf/arm.urdf.xacro
-- Up-to-date: /home/robot_ws/install/description/share/description/urdf/foot.urdf.xacro
-- Up-to-date: /home/robot_ws/install/description/share/description/urdf/base.urdf.xacro
-- Up-to-date: /home/robot_ws/install/description/share/description/urdf/properties.urdf.xacro
-- Up-to-date: /home/robot_ws/install/description/share/description/urdf/hand.urdf.xacro
-- Up-to-date: /home/robot_ws/install/description/share/description/urdf/robot.urdf.xacro
-- Up-to-date: /home/robot_ws/install/description/share/description/urdf/shin.urdf.xacro
-- Up-to-date: /home/robot_ws/install/description/share/description/launch
-- Installing: /home/robot_ws/install/description/share/description/launch/description.launch.py
-- Up-to-date: /home/robot_ws/install/description/share/description/rviz
-- Up-to-date: /home/robot_ws/install/description/share/description/src
-- Up-to-date: /home/robot_ws/install/description/share/description/src/__init__.py
-- Up-to-date: /home/robot_ws/install/description/share/ament_index/resource_index/package_run_dependencies/description
-- Up-to-date: /home/robot_ws/install/description/share/ament_index/resource_index/parent_prefix_path/description
-- Up-to-date: /home/robot_ws/install/description/share/description/environment/ament_prefix_path.sh
-- Up-to-date: /home/robot_ws/install/description/share/description/environment/ament_prefix_path.dsv
-- Up-to-date: /home/robot_ws/install/description/share/description/environment/path.sh
-- Up-to-date: /home/robot_ws/install/description/share/description/environment/path.dsv
-- Up-to-date: /home/robot_ws/install/description/share/description/local_setup.bash
-- Up-to-date: /home/robot_ws/install/description/share/description/local_setup.sh
-- Up-to-date: /home/robot_ws/install/description/share/description/local_setup.zsh
-- Up-to-date: /home/robot_ws/install/description/share/description/local_setup.dsv
-- Installing: /home/robot_ws/install/description/share/description/package.dsv
-- Up-to-date: /home/robot_ws/install/description/share/ament_index/resource_index/packages/description
-- Up-to-date: /home/robot_ws/install/description/share/description/cmake/descriptionConfig.cmake
-- Up-to-date: /home/robot_ws/install/description/share/description/cmake/descriptionConfig-version.cmake
-- Up-to-date: /home/robot_ws/install/description/share/description/package.xml
