-- Found ament_cmake: 1.3.9 (/opt/ros/humble/share/ament_cmake/cmake)
-- Found rclpy: 3.3.13 (/opt/ros/humble/share/rclpy/cmake)
-- Found ament_lint_auto: 0.12.11 (/opt/ros/humble/share/ament_lint_auto/cmake)
-- Added test 'copyright' to check source files copyright and LICENSE
-- Added test 'flake8' to check Python code syntax and style conventions
-- Added test 'lint_cmake' to check CMake code style
-- Added test 'pep257' to check Python code against some of the docstring style conventions in PEP 257
-- Added test 'xmllint' to check XML markup files
-- Configuring done
-- Generating done
-- Build files have been written to: /home/robot_ws/build/nsc_core
Built target ament_cmake_python_copy_src
running egg_info
writing src.egg-info/PKG-INFO
writing dependency_links to src.egg-info/dependency_links.txt
writing top-level names to src.egg-info/top_level.txt
reading manifest file 'src.egg-info/SOURCES.txt'
writing manifest file 'src.egg-info/SOURCES.txt'
Built target ament_cmake_python_build_src_egg
-- Install configuration: ""
-- Up-to-date: /home/robot_ws/install/nsc_core/share/nsc_core/environment/pythonpath.sh
-- Installing: /home/robot_ws/install/nsc_core/share/nsc_core/environment/pythonpath.dsv
-- Up-to-date: /home/robot_ws/install/nsc_core/local/lib/python3.10/dist-packages/src-0.0.0-py3.10.egg-info
-- Installing: /home/robot_ws/install/nsc_core/local/lib/python3.10/dist-packages/src-0.0.0-py3.10.egg-info/top_level.txt
-- Installing: /home/robot_ws/install/nsc_core/local/lib/python3.10/dist-packages/src-0.0.0-py3.10.egg-info/SOURCES.txt
-- Installing: /home/robot_ws/install/nsc_core/local/lib/python3.10/dist-packages/src-0.0.0-py3.10.egg-info/PKG-INFO
-- Installing: /home/robot_ws/install/nsc_core/local/lib/python3.10/dist-packages/src-0.0.0-py3.10.egg-info/dependency_links.txt
-- Up-to-date: /home/robot_ws/install/nsc_core/local/lib/python3.10/dist-packages/src
-- Up-to-date: /home/robot_ws/install/nsc_core/local/lib/python3.10/dist-packages/src/__init__.py
-- Up-to-date: /home/robot_ws/install/nsc_core/local/lib/python3.10/dist-packages/src/camera_control.py
-- Up-to-date: /home/robot_ws/install/nsc_core/local/lib/python3.10/dist-packages/src/gui.py
-- Up-to-date: /home/robot_ws/install/nsc_core/local/lib/python3.10/dist-packages/src/joint_control.py
-- Installing: /home/robot_ws/install/nsc_core/local/lib/python3.10/dist-packages/src/video_capture.py
Listing '/home/robot_ws/install/nsc_core/local/lib/python3.10/dist-packages/src'...
Compiling '/home/robot_ws/install/nsc_core/local/lib/python3.10/dist-packages/src/video_capture.py'...
-- Up-to-date: /home/robot_ws/install/nsc_core/share/nsc_core/src
-- Up-to-date: /home/robot_ws/install/nsc_core/share/nsc_core/src/__init__.py
-- Up-to-date: /home/robot_ws/install/nsc_core/share/nsc_core/src/camera_control.py
-- Up-to-date: /home/robot_ws/install/nsc_core/share/nsc_core/src/gui.py
-- Up-to-date: /home/robot_ws/install/nsc_core/share/nsc_core/src/joint_control.py
-- Installing: /home/robot_ws/install/nsc_core/share/nsc_core/src/video_capture.py
-- Up-to-date: /home/robot_ws/install/nsc_core/share/nsc_core/launch
-- Up-to-date: /home/robot_ws/install/nsc_core/share/nsc_core/launch/gui.launch.py
-- Up-to-date: /home/robot_ws/install/nsc_core/share/nsc_core/launch/controller.launch.py
-- Up-to-date: /home/robot_ws/install/nsc_core/share/nsc_core/launch/imu.launch.py
-- Up-to-date: /home/robot_ws/install/nsc_core/share/nsc_core/config
-- Up-to-date: /home/robot_ws/install/nsc_core/lib/nsc_core/joint_control.py
-- Up-to-date: /home/robot_ws/install/nsc_core/lib/nsc_core/camera_control.py
-- Up-to-date: /home/robot_ws/install/nsc_core/lib/nsc_core/gui.py
-- Installing: /home/robot_ws/install/nsc_core/lib/nsc_core/video_capture.py
-- Up-to-date: /home/robot_ws/install/nsc_core/share/ament_index/resource_index/package_run_dependencies/nsc_core
-- Up-to-date: /home/robot_ws/install/nsc_core/share/ament_index/resource_index/parent_prefix_path/nsc_core
-- Up-to-date: /home/robot_ws/install/nsc_core/share/nsc_core/environment/ament_prefix_path.sh
-- Installing: /home/robot_ws/install/nsc_core/share/nsc_core/environment/ament_prefix_path.dsv
-- Up-to-date: /home/robot_ws/install/nsc_core/share/nsc_core/environment/path.sh
-- Installing: /home/robot_ws/install/nsc_core/share/nsc_core/environment/path.dsv
-- Up-to-date: /home/robot_ws/install/nsc_core/share/nsc_core/local_setup.bash
-- Up-to-date: /home/robot_ws/install/nsc_core/share/nsc_core/local_setup.sh
-- Up-to-date: /home/robot_ws/install/nsc_core/share/nsc_core/local_setup.zsh
-- Installing: /home/robot_ws/install/nsc_core/share/nsc_core/local_setup.dsv
-- Installing: /home/robot_ws/install/nsc_core/share/nsc_core/package.dsv
-- Up-to-date: /home/robot_ws/install/nsc_core/share/ament_index/resource_index/packages/nsc_core
-- Up-to-date: /home/robot_ws/install/nsc_core/share/nsc_core/cmake/nsc_coreConfig.cmake
-- Up-to-date: /home/robot_ws/install/nsc_core/share/nsc_core/cmake/nsc_coreConfig-version.cmake
-- Up-to-date: /home/robot_ws/install/nsc_core/share/nsc_core/package.xml
