[0.014s] Invoking command in '/home/robot_ws/build/nsc_core': CMAKE_PREFIX_PATH=${CMAKE_PREFIX_PATH}:/opt/ros/humble /usr/bin/cmake --build /home/robot_ws/build/nsc_core -- -j16 -l16
[0.036s] -- Found ament_cmake: 1.3.9 (/opt/ros/humble/share/ament_cmake/cmake)
[0.153s] -- Found rclpy: 3.3.13 (/opt/ros/humble/share/rclpy/cmake)
[0.219s] -- Found ament_lint_auto: 0.12.11 (/opt/ros/humble/share/ament_lint_auto/cmake)
[0.284s] -- Added test 'copyright' to check source files copyright and LICENSE
[0.285s] -- Added test 'flake8' to check Python code syntax and style conventions
[0.286s] -- Added test 'lint_cmake' to check CMake code style
[0.286s] -- Added test 'pep257' to check Python code against some of the docstring style conventions in PEP 257
[0.286s] -- Added test 'xmllint' to check XML markup files
[0.287s] -- Configuring done
[0.289s] -- Generating done
[0.290s] -- Build files have been written to: /home/robot_ws/build/nsc_core
[0.322s] Built target ament_cmake_python_copy_src
[0.526s] running egg_info
[0.526s] writing src.egg-info/PKG-INFO
[0.527s] writing dependency_links to src.egg-info/dependency_links.txt
[0.527s] writing top-level names to src.egg-info/top_level.txt
[0.530s] reading manifest file 'src.egg-info/SOURCES.txt'
[0.531s] writing manifest file 'src.egg-info/SOURCES.txt'
[0.559s] Built target ament_cmake_python_build_src_egg
[0.569s] Invoked command in '/home/robot_ws/build/nsc_core' returned '0': CMAKE_PREFIX_PATH=${CMAKE_PREFIX_PATH}:/opt/ros/humble /usr/bin/cmake --build /home/robot_ws/build/nsc_core -- -j16 -l16
[0.586s] Invoking command in '/home/robot_ws/build/nsc_core': CMAKE_PREFIX_PATH=${CMAKE_PREFIX_PATH}:/opt/ros/humble /usr/bin/cmake --install /home/robot_ws/build/nsc_core
[0.592s] -- Install configuration: ""
[0.592s] -- Up-to-date: /home/robot_ws/install/nsc_core/share/nsc_core/environment/pythonpath.sh
[0.592s] -- Installing: /home/robot_ws/install/nsc_core/share/nsc_core/environment/pythonpath.dsv
[0.592s] -- Up-to-date: /home/robot_ws/install/nsc_core/local/lib/python3.10/dist-packages/src-0.0.0-py3.10.egg-info
[0.592s] -- Installing: /home/robot_ws/install/nsc_core/local/lib/python3.10/dist-packages/src-0.0.0-py3.10.egg-info/top_level.txt
[0.592s] -- Installing: /home/robot_ws/install/nsc_core/local/lib/python3.10/dist-packages/src-0.0.0-py3.10.egg-info/SOURCES.txt
[0.592s] -- Installing: /home/robot_ws/install/nsc_core/local/lib/python3.10/dist-packages/src-0.0.0-py3.10.egg-info/PKG-INFO
[0.592s] -- Installing: /home/robot_ws/install/nsc_core/local/lib/python3.10/dist-packages/src-0.0.0-py3.10.egg-info/dependency_links.txt
[0.593s] -- Up-to-date: /home/robot_ws/install/nsc_core/local/lib/python3.10/dist-packages/src
[0.593s] -- Up-to-date: /home/robot_ws/install/nsc_core/local/lib/python3.10/dist-packages/src/__init__.py
[0.593s] -- Up-to-date: /home/robot_ws/install/nsc_core/local/lib/python3.10/dist-packages/src/camera_control.py
[0.593s] -- Up-to-date: /home/robot_ws/install/nsc_core/local/lib/python3.10/dist-packages/src/gui.py
[0.593s] -- Up-to-date: /home/robot_ws/install/nsc_core/local/lib/python3.10/dist-packages/src/joint_control.py
[0.593s] -- Installing: /home/robot_ws/install/nsc_core/local/lib/python3.10/dist-packages/src/video_capture.py
[0.618s] Listing '/home/robot_ws/install/nsc_core/local/lib/python3.10/dist-packages/src'...
[0.618s] Compiling '/home/robot_ws/install/nsc_core/local/lib/python3.10/dist-packages/src/video_capture.py'...
[0.622s] -- Up-to-date: /home/robot_ws/install/nsc_core/share/nsc_core/src
[0.622s] -- Up-to-date: /home/robot_ws/install/nsc_core/share/nsc_core/src/__init__.py
[0.623s] -- Up-to-date: /home/robot_ws/install/nsc_core/share/nsc_core/src/camera_control.py
[0.623s] -- Up-to-date: /home/robot_ws/install/nsc_core/share/nsc_core/src/gui.py
[0.623s] -- Up-to-date: /home/robot_ws/install/nsc_core/share/nsc_core/src/joint_control.py
[0.623s] -- Installing: /home/robot_ws/install/nsc_core/share/nsc_core/src/video_capture.py
[0.623s] -- Up-to-date: /home/robot_ws/install/nsc_core/share/nsc_core/launch
[0.623s] -- Up-to-date: /home/robot_ws/install/nsc_core/share/nsc_core/launch/gui.launch.py
[0.623s] -- Up-to-date: /home/robot_ws/install/nsc_core/share/nsc_core/launch/controller.launch.py
[0.623s] -- Up-to-date: /home/robot_ws/install/nsc_core/share/nsc_core/launch/imu.launch.py
[0.623s] -- Up-to-date: /home/robot_ws/install/nsc_core/share/nsc_core/config
[0.623s] -- Up-to-date: /home/robot_ws/install/nsc_core/lib/nsc_core/joint_control.py
[0.623s] -- Up-to-date: /home/robot_ws/install/nsc_core/lib/nsc_core/camera_control.py
[0.623s] -- Up-to-date: /home/robot_ws/install/nsc_core/lib/nsc_core/gui.py
[0.624s] -- Installing: /home/robot_ws/install/nsc_core/lib/nsc_core/video_capture.py
[0.624s] -- Up-to-date: /home/robot_ws/install/nsc_core/share/ament_index/resource_index/package_run_dependencies/nsc_core
[0.624s] -- Up-to-date: /home/robot_ws/install/nsc_core/share/ament_index/resource_index/parent_prefix_path/nsc_core
[0.624s] -- Up-to-date: /home/robot_ws/install/nsc_core/share/nsc_core/environment/ament_prefix_path.sh
[0.624s] -- Installing: /home/robot_ws/install/nsc_core/share/nsc_core/environment/ament_prefix_path.dsv
[0.625s] -- Up-to-date: /home/robot_ws/install/nsc_core/share/nsc_core/environment/path.sh
[0.625s] -- Installing: /home/robot_ws/install/nsc_core/share/nsc_core/environment/path.dsv
[0.625s] -- Up-to-date: /home/robot_ws/install/nsc_core/share/nsc_core/local_setup.bash
[0.625s] -- Up-to-date: /home/robot_ws/install/nsc_core/share/nsc_core/local_setup.sh
[0.626s] -- Up-to-date: /home/robot_ws/install/nsc_core/share/nsc_core/local_setup.zsh
[0.626s] -- Installing: /home/robot_ws/install/nsc_core/share/nsc_core/local_setup.dsv
[0.626s] -- Installing: /home/robot_ws/install/nsc_core/share/nsc_core/package.dsv
[0.626s] -- Up-to-date: /home/robot_ws/install/nsc_core/share/ament_index/resource_index/packages/nsc_core
[0.626s] -- Up-to-date: /home/robot_ws/install/nsc_core/share/nsc_core/cmake/nsc_coreConfig.cmake
[0.626s] -- Up-to-date: /home/robot_ws/install/nsc_core/share/nsc_core/cmake/nsc_coreConfig-version.cmake
[0.626s] -- Up-to-date: /home/robot_ws/install/nsc_core/share/nsc_core/package.xml
[0.626s] Invoked command in '/home/robot_ws/build/nsc_core' returned '0': CMAKE_PREFIX_PATH=${CMAKE_PREFIX_PATH}:/opt/ros/humble /usr/bin/cmake --install /home/robot_ws/build/nsc_core
