[0.024s] Invoking command in '/home/robot_ws/build/nsc_description': CMAKE_PREFIX_PATH=${CMAKE_PREFIX_PATH}:/opt/ros/humble /usr/bin/cmake --build /home/robot_ws/build/nsc_description -- -j16 -l16
[0.153s] Built target ament_cmake_python_copy_src
[0.697s] running egg_info
[0.698s] writing src.egg-info/PKG-INFO
[0.699s] writing dependency_links to src.egg-info/dependency_links.txt
[0.700s] writing top-level names to src.egg-info/top_level.txt
[0.703s] reading manifest file 'src.egg-info/SOURCES.txt'
[0.704s] writing manifest file 'src.egg-info/SOURCES.txt'
[0.760s] Built target ament_cmake_python_build_src_egg
[0.781s] Invoked command in '/home/robot_ws/build/nsc_description' returned '0': CMAKE_PREFIX_PATH=${CMAKE_PREFIX_PATH}:/opt/ros/humble /usr/bin/cmake --build /home/robot_ws/build/nsc_description -- -j16 -l16
[0.857s] Invoking command in '/home/robot_ws/build/nsc_description': CMAKE_PREFIX_PATH=${CMAKE_PREFIX_PATH}:/opt/ros/humble /usr/bin/cmake --install /home/robot_ws/build/nsc_description
[0.881s] -- Install configuration: ""
[0.881s] -- Up-to-date: /home/robot_ws/install/nsc_description/share/nsc_description/environment/pythonpath.sh
[0.881s] -- Up-to-date: /home/robot_ws/install/nsc_description/share/nsc_description/environment/pythonpath.dsv
[0.882s] -- Up-to-date: /home/robot_ws/install/nsc_description/local/lib/python3.10/dist-packages/src-0.0.0-py3.10.egg-info
[0.882s] -- Installing: /home/robot_ws/install/nsc_description/local/lib/python3.10/dist-packages/src-0.0.0-py3.10.egg-info/top_level.txt
[0.882s] -- Installing: /home/robot_ws/install/nsc_description/local/lib/python3.10/dist-packages/src-0.0.0-py3.10.egg-info/SOURCES.txt
[0.882s] -- Installing: /home/robot_ws/install/nsc_description/local/lib/python3.10/dist-packages/src-0.0.0-py3.10.egg-info/PKG-INFO
[0.882s] -- Installing: /home/robot_ws/install/nsc_description/local/lib/python3.10/dist-packages/src-0.0.0-py3.10.egg-info/dependency_links.txt
[0.882s] -- Up-to-date: /home/robot_ws/install/nsc_description/local/lib/python3.10/dist-packages/src
[0.883s] -- Up-to-date: /home/robot_ws/install/nsc_description/local/lib/python3.10/dist-packages/src/__init__.py
[0.962s] Listing '/home/robot_ws/install/nsc_description/local/lib/python3.10/dist-packages/src'...
[0.972s] -- Up-to-date: /home/robot_ws/install/nsc_description/share/nsc_description/urdf
[0.973s] -- Up-to-date: /home/robot_ws/install/nsc_description/share/nsc_description/urdf/leg.urdf.xacro
[0.973s] -- Up-to-date: /home/robot_ws/install/nsc_description/share/nsc_description/urdf/model
[0.974s] -- Installing: /home/robot_ws/install/nsc_description/share/nsc_description/urdf/top_arm.urdf.xacro
[0.974s] -- Up-to-date: /home/robot_ws/install/nsc_description/share/nsc_description/urdf/bottom_leg.urdf.xacro
[0.974s] -- Up-to-date: /home/robot_ws/install/nsc_description/share/nsc_description/urdf/arm.urdf.xacro
[0.974s] -- Up-to-date: /home/robot_ws/install/nsc_description/share/nsc_description/urdf/foot.urdf.xacro
[0.974s] -- Up-to-date: /home/robot_ws/install/nsc_description/share/nsc_description/urdf/base.urdf.xacro
[0.975s] -- Up-to-date: /home/robot_ws/install/nsc_description/share/nsc_description/urdf/head.urdf.xacro
[0.975s] -- Up-to-date: /home/robot_ws/install/nsc_description/share/nsc_description/urdf/properties.urdf.xacro
[0.975s] -- Up-to-date: /home/robot_ws/install/nsc_description/share/nsc_description/urdf/finger.urdf.xacro
[0.975s] -- Up-to-date: /home/robot_ws/install/nsc_description/share/nsc_description/urdf/hand.urdf.xacro
[0.975s] -- Up-to-date: /home/robot_ws/install/nsc_description/share/nsc_description/urdf/top_foot.urdf.xacro
[0.975s] -- Up-to-date: /home/robot_ws/install/nsc_description/share/nsc_description/urdf/robot.urdf.xacro
[0.975s] -- Up-to-date: /home/robot_ws/install/nsc_description/share/nsc_description/urdf/top_leg.urdf.xacro
[0.975s] -- Up-to-date: /home/robot_ws/install/nsc_description/share/nsc_description/launch
[0.976s] -- Up-to-date: /home/robot_ws/install/nsc_description/share/nsc_description/launch/description.launch.py
[0.976s] -- Up-to-date: /home/robot_ws/install/nsc_description/share/nsc_description/launch/gazebo.launch.py
[0.976s] -- Up-to-date: /home/robot_ws/install/nsc_description/share/nsc_description/rviz
[0.976s] -- Up-to-date: /home/robot_ws/install/nsc_description/share/nsc_description/src
[0.976s] -- Up-to-date: /home/robot_ws/install/nsc_description/share/nsc_description/src/__init__.py
[0.976s] -- Up-to-date: /home/robot_ws/install/nsc_description/share/ament_index/resource_index/package_run_dependencies/nsc_description
[0.976s] -- Up-to-date: /home/robot_ws/install/nsc_description/share/ament_index/resource_index/parent_prefix_path/nsc_description
[0.976s] -- Up-to-date: /home/robot_ws/install/nsc_description/share/nsc_description/environment/ament_prefix_path.sh
[0.977s] -- Up-to-date: /home/robot_ws/install/nsc_description/share/nsc_description/environment/ament_prefix_path.dsv
[0.977s] -- Up-to-date: /home/robot_ws/install/nsc_description/share/nsc_description/environment/path.sh
[0.977s] -- Up-to-date: /home/robot_ws/install/nsc_description/share/nsc_description/environment/path.dsv
[0.977s] -- Up-to-date: /home/robot_ws/install/nsc_description/share/nsc_description/local_setup.bash
[0.977s] -- Up-to-date: /home/robot_ws/install/nsc_description/share/nsc_description/local_setup.sh
[0.978s] -- Up-to-date: /home/robot_ws/install/nsc_description/share/nsc_description/local_setup.zsh
[0.979s] -- Up-to-date: /home/robot_ws/install/nsc_description/share/nsc_description/local_setup.dsv
[0.980s] -- Installing: /home/robot_ws/install/nsc_description/share/nsc_description/package.dsv
[0.981s] -- Up-to-date: /home/robot_ws/install/nsc_description/share/ament_index/resource_index/packages/nsc_description
[0.981s] -- Up-to-date: /home/robot_ws/install/nsc_description/share/nsc_description/cmake/nsc_descriptionConfig.cmake
[0.981s] -- Up-to-date: /home/robot_ws/install/nsc_description/share/nsc_description/cmake/nsc_descriptionConfig-version.cmake
[0.982s] -- Up-to-date: /home/robot_ws/install/nsc_description/share/nsc_description/package.xml
[0.982s] Invoked command in '/home/robot_ws/build/nsc_description' returned '0': CMAKE_PREFIX_PATH=${CMAKE_PREFIX_PATH}:/opt/ros/humble /usr/bin/cmake --install /home/robot_ws/build/nsc_description
