[0.006s] Invoking command in '/home/robot_ws/build/nsc_description': CMAKE_PREFIX_PATH=/opt/ros/humble /usr/bin/cmake /home/robot_ws/src/nsc_description -DCMAKE_INSTALL_PREFIX=/home/robot_ws/install/nsc_description
[0.038s] -- The C compiler identification is GNU 11.4.0
[0.072s] -- The CXX compiler identification is GNU 11.4.0
[0.078s] -- Detecting C compiler ABI info
[0.117s] -- Detecting C compiler ABI info - done
[0.123s] -- Check for working C compiler: /usr/bin/cc - skipped
[0.123s] -- Detecting C compile features
[0.123s] -- Detecting C compile features - done
[0.125s] -- Detecting CXX compiler ABI info
[0.174s] -- Detecting CXX compiler ABI info - done
[0.179s] -- Check for working CXX compiler: /usr/bin/c++ - skipped
[0.179s] -- Detecting CXX compile features
[0.179s] -- Detecting CXX compile features - done
[0.181s] -- Found ament_cmake: 1.3.9 (/opt/ros/humble/share/ament_cmake/cmake)
[0.272s] -- Found Python3: /usr/bin/python3 (found version "3.10.12") found components: Interpreter 
[0.337s] -- Found rclpy: 3.3.13 (/opt/ros/humble/share/rclpy/cmake)
[0.389s] -- Found ament_lint_auto: 0.12.11 (/opt/ros/humble/share/ament_lint_auto/cmake)
[0.440s] -- Added test 'copyright' to check source files copyright and LICENSE
[0.442s] -- Added test 'flake8' to check Python code syntax and style conventions
[0.442s] -- Added test 'lint_cmake' to check CMake code style
[0.443s] -- Added test 'pep257' to check Python code against some of the docstring style conventions in PEP 257
[0.444s] -- Added test 'xmllint' to check XML markup files
[0.444s] -- Configuring done
[0.446s] -- Generating done
[0.447s] -- Build files have been written to: /home/robot_ws/build/nsc_description
[0.451s] Invoked command in '/home/robot_ws/build/nsc_description' returned '0': CMAKE_PREFIX_PATH=/opt/ros/humble /usr/bin/cmake /home/robot_ws/src/nsc_description -DCMAKE_INSTALL_PREFIX=/home/robot_ws/install/nsc_description
[0.452s] Invoking command in '/home/robot_ws/build/nsc_description': CMAKE_PREFIX_PATH=/opt/ros/humble /usr/bin/cmake --build /home/robot_ws/build/nsc_description -- -j16 -l16
[0.487s] Built target ament_cmake_python_copy_src
[0.633s] running egg_info
[0.633s] creating src.egg-info
[0.633s] writing src.egg-info/PKG-INFO
[0.633s] writing dependency_links to src.egg-info/dependency_links.txt
[0.634s] writing top-level names to src.egg-info/top_level.txt
[0.634s] writing manifest file 'src.egg-info/SOURCES.txt'
[0.635s] reading manifest file 'src.egg-info/SOURCES.txt'
[0.635s] writing manifest file 'src.egg-info/SOURCES.txt'
[0.654s] Built target ament_cmake_python_build_src_egg
[0.661s] Invoked command in '/home/robot_ws/build/nsc_description' returned '0': CMAKE_PREFIX_PATH=/opt/ros/humble /usr/bin/cmake --build /home/robot_ws/build/nsc_description -- -j16 -l16
[0.674s] Invoking command in '/home/robot_ws/build/nsc_description': CMAKE_PREFIX_PATH=/opt/ros/humble /usr/bin/cmake --install /home/robot_ws/build/nsc_description
[0.678s] -- Install configuration: ""
[0.678s] -- Installing: /home/robot_ws/install/nsc_description/share/nsc_description/environment/pythonpath.sh
[0.678s] -- Installing: /home/robot_ws/install/nsc_description/share/nsc_description/environment/pythonpath.dsv
[0.678s] -- Installing: /home/robot_ws/install/nsc_description/local/lib/python3.10/dist-packages/src-0.0.0-py3.10.egg-info
[0.678s] -- Installing: /home/robot_ws/install/nsc_description/local/lib/python3.10/dist-packages/src-0.0.0-py3.10.egg-info/top_level.txt
[0.678s] -- Installing: /home/robot_ws/install/nsc_description/local/lib/python3.10/dist-packages/src-0.0.0-py3.10.egg-info/SOURCES.txt
[0.678s] -- Installing: /home/robot_ws/install/nsc_description/local/lib/python3.10/dist-packages/src-0.0.0-py3.10.egg-info/PKG-INFO
[0.678s] -- Installing: /home/robot_ws/install/nsc_description/local/lib/python3.10/dist-packages/src-0.0.0-py3.10.egg-info/dependency_links.txt
[0.678s] -- Installing: /home/robot_ws/install/nsc_description/local/lib/python3.10/dist-packages/src
[0.678s] -- Installing: /home/robot_ws/install/nsc_description/local/lib/python3.10/dist-packages/src/__init__.py
[0.697s] Listing '/home/robot_ws/install/nsc_description/local/lib/python3.10/dist-packages/src'...
[0.697s] Compiling '/home/robot_ws/install/nsc_description/local/lib/python3.10/dist-packages/src/__init__.py'...
[0.700s] -- Installing: /home/robot_ws/install/nsc_description/share/nsc_description/urdf
[0.700s] -- Installing: /home/robot_ws/install/nsc_description/share/nsc_description/urdf/leg.urdf.xacro
[0.700s] -- Installing: /home/robot_ws/install/nsc_description/share/nsc_description/urdf/model
[0.700s] -- Installing: /home/robot_ws/install/nsc_description/share/nsc_description/urdf/model/left_leg2.stl
[0.702s] -- Installing: /home/robot_ws/install/nsc_description/share/nsc_description/urdf/model/right_leg3.stl
[0.703s] -- Installing: /home/robot_ws/install/nsc_description/share/nsc_description/urdf/model/left_leg1.stl
[0.705s] -- Installing: /home/robot_ws/install/nsc_description/share/nsc_description/urdf/model/right_arm1.stl
[0.706s] -- Installing: /home/robot_ws/install/nsc_description/share/nsc_description/urdf/model/right_arm4.stl
[0.708s] -- Installing: /home/robot_ws/install/nsc_description/share/nsc_description/urdf/model/left_arm2.stl
[0.709s] -- Installing: /home/robot_ws/install/nsc_description/share/nsc_description/urdf/model/left_arm3.stl
[0.710s] -- Installing: /home/robot_ws/install/nsc_description/share/nsc_description/urdf/model/right_leg2.stl
[0.711s] -- Installing: /home/robot_ws/install/nsc_description/share/nsc_description/urdf/model/left_arm1.stl
[0.712s] -- Installing: /home/robot_ws/install/nsc_description/share/nsc_description/urdf/model/left_leg3.stl
[0.714s] -- Installing: /home/robot_ws/install/nsc_description/share/nsc_description/urdf/model/body.stl
[0.715s] -- Installing: /home/robot_ws/install/nsc_description/share/nsc_description/urdf/model/right_leg1.stl
[0.716s] -- Installing: /home/robot_ws/install/nsc_description/share/nsc_description/urdf/model/left_arm4.stl
[0.717s] -- Installing: /home/robot_ws/install/nsc_description/share/nsc_description/urdf/model/head.stl
[0.719s] -- Installing: /home/robot_ws/install/nsc_description/share/nsc_description/urdf/model/right_arm3.stl
[0.719s] -- Installing: /home/robot_ws/install/nsc_description/share/nsc_description/urdf/model/right_arm2.stl
[0.720s] -- Installing: /home/robot_ws/install/nsc_description/share/nsc_description/urdf/top_arm.urdf.xacro
[0.721s] -- Installing: /home/robot_ws/install/nsc_description/share/nsc_description/urdf/bottom_leg.urdf.xacro
[0.721s] -- Installing: /home/robot_ws/install/nsc_description/share/nsc_description/urdf/arm.urdf.xacro
[0.721s] -- Installing: /home/robot_ws/install/nsc_description/share/nsc_description/urdf/foot.urdf.xacro
[0.722s] -- Installing: /home/robot_ws/install/nsc_description/share/nsc_description/urdf/base.urdf.xacro
[0.722s] -- Installing: /home/robot_ws/install/nsc_description/share/nsc_description/urdf/head.urdf.xacro
[0.722s] -- Installing: /home/robot_ws/install/nsc_description/share/nsc_description/urdf/properties.urdf.xacro
[0.722s] -- Installing: /home/robot_ws/install/nsc_description/share/nsc_description/urdf/finger.urdf.xacro
[0.722s] -- Installing: /home/robot_ws/install/nsc_description/share/nsc_description/urdf/leg.transmission.xacro
[0.722s] -- Installing: /home/robot_ws/install/nsc_description/share/nsc_description/urdf/hand.urdf.xacro
[0.723s] -- Installing: /home/robot_ws/install/nsc_description/share/nsc_description/urdf/top_foot.urdf.xacro
[0.723s] -- Installing: /home/robot_ws/install/nsc_description/share/nsc_description/urdf/robot.urdf.xacro
[0.723s] -- Installing: /home/robot_ws/install/nsc_description/share/nsc_description/urdf/top_leg.urdf.xacro
[0.723s] -- Installing: /home/robot_ws/install/nsc_description/share/nsc_description/urdf/arm.transmission.xacro
[0.723s] -- Installing: /home/robot_ws/install/nsc_description/share/nsc_description/launch
[0.723s] -- Installing: /home/robot_ws/install/nsc_description/share/nsc_description/launch/description.launch.py
[0.723s] -- Installing: /home/robot_ws/install/nsc_description/share/nsc_description/launch/gazebo.launch.py
[0.724s] -- Installing: /home/robot_ws/install/nsc_description/share/nsc_description/rviz
[0.724s] -- Installing: /home/robot_ws/install/nsc_description/share/nsc_description/src
[0.724s] -- Installing: /home/robot_ws/install/nsc_description/share/nsc_description/src/__init__.py
[0.724s] -- Installing: /home/robot_ws/install/nsc_description/share/nsc_description/worlds
[0.724s] -- Installing: /home/robot_ws/install/nsc_description/share/nsc_description/worlds/world.world
[0.724s] -- Installing: /home/robot_ws/install/nsc_description/share/nsc_description/config
[0.724s] -- Installing: /home/robot_ws/install/nsc_description/share/nsc_description/config/controllers.yaml
[0.724s] -- Installing: /home/robot_ws/install/nsc_description/share/ament_index/resource_index/package_run_dependencies/nsc_description
[0.724s] -- Installing: /home/robot_ws/install/nsc_description/share/ament_index/resource_index/parent_prefix_path/nsc_description
[0.724s] -- Installing: /home/robot_ws/install/nsc_description/share/nsc_description/environment/ament_prefix_path.sh
[0.724s] -- Installing: /home/robot_ws/install/nsc_description/share/nsc_description/environment/ament_prefix_path.dsv
[0.724s] -- Installing: /home/robot_ws/install/nsc_description/share/nsc_description/environment/path.sh
[0.724s] -- Installing: /home/robot_ws/install/nsc_description/share/nsc_description/environment/path.dsv
[0.724s] -- Installing: /home/robot_ws/install/nsc_description/share/nsc_description/local_setup.bash
[0.725s] -- Installing: /home/robot_ws/install/nsc_description/share/nsc_description/local_setup.sh
[0.725s] -- Installing: /home/robot_ws/install/nsc_description/share/nsc_description/local_setup.zsh
[0.725s] -- Installing: /home/robot_ws/install/nsc_description/share/nsc_description/local_setup.dsv
[0.725s] -- Installing: /home/robot_ws/install/nsc_description/share/nsc_description/package.dsv
[0.725s] -- Installing: /home/robot_ws/install/nsc_description/share/ament_index/resource_index/packages/nsc_description
[0.725s] -- Installing: /home/robot_ws/install/nsc_description/share/nsc_description/cmake/nsc_descriptionConfig.cmake
[0.725s] -- Installing: /home/robot_ws/install/nsc_description/share/nsc_description/cmake/nsc_descriptionConfig-version.cmake
[0.725s] -- Installing: /home/robot_ws/install/nsc_description/share/nsc_description/package.xml
[0.726s] Invoked command in '/home/robot_ws/build/nsc_description' returned '0': CMAKE_PREFIX_PATH=/opt/ros/humble /usr/bin/cmake --install /home/robot_ws/build/nsc_description
