[0.033s] Invoking command in '/home/robot_ws/build/nsc_description': CMAKE_PREFIX_PATH=${CMAKE_PREFIX_PATH}:/opt/ros/humble /usr/bin/cmake --build /home/robot_ws/build/nsc_description -- -j16 -l16
[0.158s] Built target ament_cmake_python_copy_src
[0.732s] running egg_info
[0.733s] writing src.egg-info/PKG-INFO
[0.734s] writing dependency_links to src.egg-info/dependency_links.txt
[0.734s] writing top-level names to src.egg-info/top_level.txt
[0.740s] reading manifest file 'src.egg-info/SOURCES.txt'
[0.741s] writing manifest file 'src.egg-info/SOURCES.txt'
[0.792s] Built target ament_cmake_python_build_src_egg
[0.815s] Invoked command in '/home/robot_ws/build/nsc_description' returned '0': CMAKE_PREFIX_PATH=${CMAKE_PREFIX_PATH}:/opt/ros/humble /usr/bin/cmake --build /home/robot_ws/build/nsc_description -- -j16 -l16
[0.860s] Invoking command in '/home/robot_ws/build/nsc_description': CMAKE_PREFIX_PATH=${CMAKE_PREFIX_PATH}:/opt/ros/humble /usr/bin/cmake --install /home/robot_ws/build/nsc_description
[0.874s] -- Install configuration: ""
[0.874s] -- Up-to-date: /home/robot_ws/install/nsc_description/share/nsc_description/environment/pythonpath.sh
[0.874s] -- Up-to-date: /home/robot_ws/install/nsc_description/share/nsc_description/environment/pythonpath.dsv
[0.875s] -- Up-to-date: /home/robot_ws/install/nsc_description/local/lib/python3.10/dist-packages/src-0.0.0-py3.10.egg-info
[0.875s] -- Installing: /home/robot_ws/install/nsc_description/local/lib/python3.10/dist-packages/src-0.0.0-py3.10.egg-info/top_level.txt
[0.875s] -- Installing: /home/robot_ws/install/nsc_description/local/lib/python3.10/dist-packages/src-0.0.0-py3.10.egg-info/SOURCES.txt
[0.875s] -- Installing: /home/robot_ws/install/nsc_description/local/lib/python3.10/dist-packages/src-0.0.0-py3.10.egg-info/PKG-INFO
[0.875s] -- Installing: /home/robot_ws/install/nsc_description/local/lib/python3.10/dist-packages/src-0.0.0-py3.10.egg-info/dependency_links.txt
[0.875s] -- Up-to-date: /home/robot_ws/install/nsc_description/local/lib/python3.10/dist-packages/src
[0.875s] -- Up-to-date: /home/robot_ws/install/nsc_description/local/lib/python3.10/dist-packages/src/__init__.py
[0.944s] Listing '/home/robot_ws/install/nsc_description/local/lib/python3.10/dist-packages/src'...
[0.955s] -- Up-to-date: /home/robot_ws/install/nsc_description/share/nsc_description/urdf
[0.955s] -- Up-to-date: /home/robot_ws/install/nsc_description/share/nsc_description/urdf/leg.urdf.xacro
[0.955s] -- Up-to-date: /home/robot_ws/install/nsc_description/share/nsc_description/urdf/model
[0.955s] -- Up-to-date: /home/robot_ws/install/nsc_description/share/nsc_description/urdf/top_arm.urdf.xacro
[0.955s] -- Up-to-date: /home/robot_ws/install/nsc_description/share/nsc_description/urdf/bottom_leg.urdf.xacro
[0.955s] -- Installing: /home/robot_ws/install/nsc_description/share/nsc_description/urdf/arm.urdf.xacro
[0.955s] -- Up-to-date: /home/robot_ws/install/nsc_description/share/nsc_description/urdf/foot.urdf.xacro
[0.956s] -- Up-to-date: /home/robot_ws/install/nsc_description/share/nsc_description/urdf/base.urdf.xacro
[0.956s] -- Up-to-date: /home/robot_ws/install/nsc_description/share/nsc_description/urdf/head.urdf.xacro
[0.957s] -- Up-to-date: /home/robot_ws/install/nsc_description/share/nsc_description/urdf/properties.urdf.xacro
[0.957s] -- Up-to-date: /home/robot_ws/install/nsc_description/share/nsc_description/urdf/finger.urdf.xacro
[0.957s] -- Up-to-date: /home/robot_ws/install/nsc_description/share/nsc_description/urdf/hand.urdf.xacro
[0.957s] -- Up-to-date: /home/robot_ws/install/nsc_description/share/nsc_description/urdf/top_foot.urdf.xacro
[0.958s] -- Up-to-date: /home/robot_ws/install/nsc_description/share/nsc_description/urdf/robot.urdf.xacro
[0.958s] -- Up-to-date: /home/robot_ws/install/nsc_description/share/nsc_description/urdf/top_leg.urdf.xacro
[0.958s] -- Up-to-date: /home/robot_ws/install/nsc_description/share/nsc_description/urdf/arm.transmission.xacro
[0.958s] -- Up-to-date: /home/robot_ws/install/nsc_description/share/nsc_description/launch
[0.959s] -- Up-to-date: /home/robot_ws/install/nsc_description/share/nsc_description/launch/description.launch.py
[0.959s] -- Up-to-date: /home/robot_ws/install/nsc_description/share/nsc_description/launch/gazebo.launch.py
[0.959s] -- Up-to-date: /home/robot_ws/install/nsc_description/share/nsc_description/rviz
[0.959s] -- Up-to-date: /home/robot_ws/install/nsc_description/share/nsc_description/src
[0.959s] -- Up-to-date: /home/robot_ws/install/nsc_description/share/nsc_description/src/__init__.py
[0.959s] -- Up-to-date: /home/robot_ws/install/nsc_description/share/nsc_description/config
[0.959s] -- Up-to-date: /home/robot_ws/install/nsc_description/share/nsc_description/config/controllers.yaml
[0.959s] -- Up-to-date: /home/robot_ws/install/nsc_description/share/ament_index/resource_index/package_run_dependencies/nsc_description
[0.959s] -- Up-to-date: /home/robot_ws/install/nsc_description/share/ament_index/resource_index/parent_prefix_path/nsc_description
[0.960s] -- Up-to-date: /home/robot_ws/install/nsc_description/share/nsc_description/environment/ament_prefix_path.sh
[0.960s] -- Up-to-date: /home/robot_ws/install/nsc_description/share/nsc_description/environment/ament_prefix_path.dsv
[0.960s] -- Up-to-date: /home/robot_ws/install/nsc_description/share/nsc_description/environment/path.sh
[0.960s] -- Up-to-date: /home/robot_ws/install/nsc_description/share/nsc_description/environment/path.dsv
[0.960s] -- Up-to-date: /home/robot_ws/install/nsc_description/share/nsc_description/local_setup.bash
[0.960s] -- Up-to-date: /home/robot_ws/install/nsc_description/share/nsc_description/local_setup.sh
[0.961s] -- Up-to-date: /home/robot_ws/install/nsc_description/share/nsc_description/local_setup.zsh
[0.961s] -- Up-to-date: /home/robot_ws/install/nsc_description/share/nsc_description/local_setup.dsv
[0.961s] -- Installing: /home/robot_ws/install/nsc_description/share/nsc_description/package.dsv
[0.961s] -- Up-to-date: /home/robot_ws/install/nsc_description/share/ament_index/resource_index/packages/nsc_description
[0.961s] -- Up-to-date: /home/robot_ws/install/nsc_description/share/nsc_description/cmake/nsc_descriptionConfig.cmake
[0.961s] -- Up-to-date: /home/robot_ws/install/nsc_description/share/nsc_description/cmake/nsc_descriptionConfig-version.cmake
[0.961s] -- Up-to-date: /home/robot_ws/install/nsc_description/share/nsc_description/package.xml
[0.991s] Invoked command in '/home/robot_ws/build/nsc_description' returned '0': CMAKE_PREFIX_PATH=${CMAKE_PREFIX_PATH}:/opt/ros/humble /usr/bin/cmake --install /home/robot_ws/build/nsc_description
