[0.000000] (-) TimerEvent: {}
[0.000282] (core) JobQueued: {'identifier': 'core', 'dependencies': OrderedDict()}
[0.000303] (description) JobQueued: {'identifier': 'description', 'dependencies': OrderedDict()}
[0.000314] (core) JobStarted: {'identifier': 'core'}
[0.004365] (description) JobStarted: {'identifier': 'description'}
[0.006865] (core) JobProgress: {'identifier': 'core', 'progress': 'cmake'}
[0.007191] (core) Command: {'cmd': ['/usr/bin/cmake', '/home/robot_ws/src/core', '-DCMAKE_INSTALL_PREFIX=/home/robot_ws/install/core'], 'cwd': '/home/robot_ws/build/core', 'env': OrderedDict([('HOSTNAME', 'entity014'), ('SHLVL', '1'), ('LD_LIBRARY_PATH', '/usr/lib/x86_64-linux-gnu/gazebo-11/plugins:/opt/ros/humble/opt/rviz_ogre_vendor/lib:/opt/ros/humble/lib/x86_64-linux-gnu:/opt/ros/humble/lib'), ('HOME', '/home'), ('ROS_PYTHON_VERSION', '3'), ('ROS_DISTRO', 'humble'), ('_', '/usr/bin/colcon'), ('ROS_VERSION', '2'), ('NVIDIA_DRIVER_CAPABILITIES', 'all'), ('TERM', 'xterm'), ('ROS_LOCALHOST_ONLY', '0'), ('QT_X11_NO_MITSHM', '1'), ('PATH', '/opt/ros/humble/bin:/usr/local/sbin:/usr/local/bin:/usr/sbin:/usr/bin:/sbin:/bin'), ('XDG_RUNTIME_DIR', '/tmp/runtime-root'), ('DISPLAY', ':0'), ('LANG', 'C.UTF-8'), ('RMW_IMPLEMENTATION', 'rmw_cyclonedds_cpp'), ('ROS_DOMAIN_ID', '10'), ('AMENT_PREFIX_PATH', '/opt/ros/humble'), ('NO_AT_BRIDGE', '1'), ('PWD', '/home/robot_ws/build/core'), ('LC_ALL', 'C.UTF-8'), ('PYTHONPATH', '/opt/ros/humble/lib/python3.10/site-packages:/opt/ros/humble/local/lib/python3.10/dist-packages'), ('COLCON', '1'), ('CMAKE_PREFIX_PATH', '/opt/ros/humble')]), 'shell': False}
[0.009569] (description) JobProgress: {'identifier': 'description', 'progress': 'cmake'}
[0.009614] (description) Command: {'cmd': ['/usr/bin/cmake', '/home/robot_ws/src/description', '-DCMAKE_INSTALL_PREFIX=/home/robot_ws/install/description'], 'cwd': '/home/robot_ws/build/description', 'env': OrderedDict([('HOSTNAME', 'entity014'), ('SHLVL', '1'), ('LD_LIBRARY_PATH', '/usr/lib/x86_64-linux-gnu/gazebo-11/plugins:/opt/ros/humble/opt/rviz_ogre_vendor/lib:/opt/ros/humble/lib/x86_64-linux-gnu:/opt/ros/humble/lib'), ('HOME', '/home'), ('ROS_PYTHON_VERSION', '3'), ('ROS_DISTRO', 'humble'), ('_', '/usr/bin/colcon'), ('ROS_VERSION', '2'), ('NVIDIA_DRIVER_CAPABILITIES', 'all'), ('TERM', 'xterm'), ('ROS_LOCALHOST_ONLY', '0'), ('QT_X11_NO_MITSHM', '1'), ('PATH', '/opt/ros/humble/bin:/usr/local/sbin:/usr/local/bin:/usr/sbin:/usr/bin:/sbin:/bin'), ('XDG_RUNTIME_DIR', '/tmp/runtime-root'), ('DISPLAY', ':0'), ('LANG', 'C.UTF-8'), ('RMW_IMPLEMENTATION', 'rmw_cyclonedds_cpp'), ('ROS_DOMAIN_ID', '10'), ('AMENT_PREFIX_PATH', '/opt/ros/humble'), ('NO_AT_BRIDGE', '1'), ('PWD', '/home/robot_ws/build/description'), ('LC_ALL', 'C.UTF-8'), ('PYTHONPATH', '/opt/ros/humble/lib/python3.10/site-packages:/opt/ros/humble/local/lib/python3.10/dist-packages'), ('COLCON', '1'), ('CMAKE_PREFIX_PATH', '/opt/ros/humble')]), 'shell': False}
[0.042087] (core) StdoutLine: {'line': b'-- The C compiler identification is GNU 11.4.0\n'}
[0.042294] (description) StdoutLine: {'line': b'-- The C compiler identification is GNU 11.4.0\n'}
[0.074044] (core) StdoutLine: {'line': b'-- The CXX compiler identification is GNU 11.4.0\n'}
[0.074901] (description) StdoutLine: {'line': b'-- The CXX compiler identification is GNU 11.4.0\n'}
[0.079333] (description) StdoutLine: {'line': b'-- Detecting C compiler ABI info\n'}
[0.079936] (core) StdoutLine: {'line': b'-- Detecting C compiler ABI info\n'}
[0.099831] (-) TimerEvent: {}
[0.117462] (description) StdoutLine: {'line': b'-- Detecting C compiler ABI info - done\n'}
[0.117968] (core) StdoutLine: {'line': b'-- Detecting C compiler ABI info - done\n'}
[0.121845] (description) StdoutLine: {'line': b'-- Check for working C compiler: /usr/bin/cc - skipped\n'}
[0.121915] (description) StdoutLine: {'line': b'-- Detecting C compile features\n'}
[0.122023] (description) StdoutLine: {'line': b'-- Detecting C compile features - done\n'}
[0.122092] (core) StdoutLine: {'line': b'-- Check for working C compiler: /usr/bin/cc - skipped\n'}
[0.122255] (core) StdoutLine: {'line': b'-- Detecting C compile features\n'}
[0.122653] (core) StdoutLine: {'line': b'-- Detecting C compile features - done\n'}
[0.124008] (description) StdoutLine: {'line': b'-- Detecting CXX compiler ABI info\n'}
[0.124376] (core) StdoutLine: {'line': b'-- Detecting CXX compiler ABI info\n'}
[0.168066] (core) StdoutLine: {'line': b'-- Detecting CXX compiler ABI info - done\n'}
[0.168458] (description) StdoutLine: {'line': b'-- Detecting CXX compiler ABI info - done\n'}
[0.172743] (core) StdoutLine: {'line': b'-- Check for working CXX compiler: /usr/bin/c++ - skipped\n'}
[0.173007] (core) StdoutLine: {'line': b'-- Detecting CXX compile features\n'}
[0.173090] (core) StdoutLine: {'line': b'-- Detecting CXX compile features - done\n'}
[0.173906] (description) StdoutLine: {'line': b'-- Check for working CXX compiler: /usr/bin/c++ - skipped\n'}
[0.174013] (description) StdoutLine: {'line': b'-- Detecting CXX compile features\n'}
[0.174293] (description) StdoutLine: {'line': b'-- Detecting CXX compile features - done\n'}
[0.175287] (core) StdoutLine: {'line': b'-- Found ament_cmake: 1.3.9 (/opt/ros/humble/share/ament_cmake/cmake)\n'}
[0.177377] (description) StdoutLine: {'line': b'-- Found ament_cmake: 1.3.9 (/opt/ros/humble/share/ament_cmake/cmake)\n'}
[0.200026] (-) TimerEvent: {}
[0.263071] (core) StdoutLine: {'line': b'-- Found Python3: /usr/bin/python3 (found version "3.10.12") found components: Interpreter \n'}
[0.264547] (description) StdoutLine: {'line': b'-- Found Python3: /usr/bin/python3 (found version "3.10.12") found components: Interpreter \n'}
[0.300188] (-) TimerEvent: {}
[0.325050] (core) StdoutLine: {'line': b'-- Found rclpy: 3.3.13 (/opt/ros/humble/share/rclpy/cmake)\n'}
[0.325669] (description) StdoutLine: {'line': b'-- Found rclpy: 3.3.13 (/opt/ros/humble/share/rclpy/cmake)\n'}
[0.375584] (core) StderrLine: {'line': b'\x1b[31mCMake Error at /opt/ros/humble/share/ament_cmake_python/cmake/ament_python_install_package.cmake:66 (message):\n'}
[0.375757] (core) StderrLine: {'line': b'  ament_python_install_package() the Python package folder\n'}
[0.375827] (core) StderrLine: {'line': b"  '/home/robot_ws/src/core/src' doesn't contain an '__init__.py' file\n"}
[0.375889] (core) StderrLine: {'line': b'Call Stack (most recent call first):\n'}
[0.375948] (core) StderrLine: {'line': b'  /opt/ros/humble/share/ament_cmake_python/cmake/ament_python_install_package.cmake:39 (_ament_cmake_python_install_package)\n'}
[0.376010] (core) StderrLine: {'line': b'  CMakeLists.txt:22 (ament_python_install_package)\n'}
[0.376068] (core) StderrLine: {'line': b'\n'}
[0.376125] (core) StderrLine: {'line': b'\x1b[0m\n'}
[0.376182] (core) StdoutLine: {'line': b'-- Configuring incomplete, errors occurred!\n'}
[0.376246] (core) StdoutLine: {'line': b'See also "/home/robot_ws/build/core/CMakeFiles/CMakeOutput.log".\n'}
[0.378989] (description) StdoutLine: {'line': b'-- Found ament_lint_auto: 0.12.11 (/opt/ros/humble/share/ament_lint_auto/cmake)\n'}
[0.379650] (core) CommandEnded: {'returncode': 1}
[0.391781] (core) JobEnded: {'identifier': 'core', 'rc': 1}
[0.400377] (-) TimerEvent: {}
[0.431889] (description) StdoutLine: {'line': b"-- Added test 'copyright' to check source files copyright and LICENSE\n"}
[0.433071] (description) StdoutLine: {'line': b"-- Added test 'flake8' to check Python code syntax and style conventions\n"}
[0.433327] (description) StdoutLine: {'line': b"-- Added test 'lint_cmake' to check CMake code style\n"}
[0.433485] (description) StdoutLine: {'line': b"-- Added test 'pep257' to check Python code against some of the docstring style conventions in PEP 257\n"}
[0.434091] (description) StdoutLine: {'line': b"-- Added test 'xmllint' to check XML markup files\n"}
[0.434686] (description) StdoutLine: {'line': b'-- Configuring done\n'}
[0.436586] (description) StdoutLine: {'line': b'-- Generating done\n'}
[0.437579] (description) StdoutLine: {'line': b'-- Build files have been written to: /home/robot_ws/build/description\n'}
[0.440127] (description) JobEnded: {'identifier': 'description', 'rc': 'SIGINT'}
[0.450503] (-) EventReactorShutdown: {}
