[0.006s] Invoking command in '/home/robot_ws/build/description': CMAKE_PREFIX_PATH=/opt/ros/humble /usr/bin/cmake --build /home/robot_ws/build/description -- -j16 -l16
[0.035s] Built target ament_cmake_python_copy_src
[0.154s] running egg_info
[0.154s] creating src.egg-info
[0.154s] writing src.egg-info/PKG-INFO
[0.155s] writing dependency_links to src.egg-info/dependency_links.txt
[0.155s] writing top-level names to src.egg-info/top_level.txt
[0.155s] writing manifest file 'src.egg-info/SOURCES.txt'
[0.156s] reading manifest file 'src.egg-info/SOURCES.txt'
[0.156s] writing manifest file 'src.egg-info/SOURCES.txt'
[0.171s] Built target ament_cmake_python_build_src_egg
[0.178s] Invoked command in '/home/robot_ws/build/description' returned '0': CMAKE_PREFIX_PATH=/opt/ros/humble /usr/bin/cmake --build /home/robot_ws/build/description -- -j16 -l16
[0.194s] Invoking command in '/home/robot_ws/build/description': CMAKE_PREFIX_PATH=/opt/ros/humble /usr/bin/cmake --install /home/robot_ws/build/description
[0.197s] -- Install configuration: ""
[0.198s] -- Installing: /home/robot_ws/install/description/share/description/environment/pythonpath.sh
[0.198s] -- Installing: /home/robot_ws/install/description/share/description/environment/pythonpath.dsv
[0.198s] -- Installing: /home/robot_ws/install/description/local/lib/python3.10/dist-packages/src-0.0.0-py3.10.egg-info
[0.198s] -- Installing: /home/robot_ws/install/description/local/lib/python3.10/dist-packages/src-0.0.0-py3.10.egg-info/top_level.txt
[0.198s] -- Installing: /home/robot_ws/install/description/local/lib/python3.10/dist-packages/src-0.0.0-py3.10.egg-info/SOURCES.txt
[0.198s] -- Installing: /home/robot_ws/install/description/local/lib/python3.10/dist-packages/src-0.0.0-py3.10.egg-info/PKG-INFO
[0.198s] -- Installing: /home/robot_ws/install/description/local/lib/python3.10/dist-packages/src-0.0.0-py3.10.egg-info/dependency_links.txt
[0.198s] -- Installing: /home/robot_ws/install/description/local/lib/python3.10/dist-packages/src
[0.198s] -- Installing: /home/robot_ws/install/description/local/lib/python3.10/dist-packages/src/__init__.py
[0.216s] Listing '/home/robot_ws/install/description/local/lib/python3.10/dist-packages/src'...
[0.216s] Compiling '/home/robot_ws/install/description/local/lib/python3.10/dist-packages/src/__init__.py'...
[0.220s] -- Installing: /home/robot_ws/install/description/share/description/urdf
[0.220s] -- Installing: /home/robot_ws/install/description/share/description/urdf/leg.urdf.xacro
[0.220s] -- Installing: /home/robot_ws/install/description/share/description/urdf/forearm.urdf.xacro
[0.220s] -- Installing: /home/robot_ws/install/description/share/description/urdf/model
[0.220s] -- Installing: /home/robot_ws/install/description/share/description/urdf/arm.urdf.xacro
[0.220s] -- Installing: /home/robot_ws/install/description/share/description/urdf/foot.urdf.xacro
[0.220s] -- Installing: /home/robot_ws/install/description/share/description/urdf/base.urdf.xacro
[0.220s] -- Installing: /home/robot_ws/install/description/share/description/urdf/properties.urdf.xacro
[0.220s] -- Installing: /home/robot_ws/install/description/share/description/urdf/hand.urdf.xacro
[0.221s] -- Installing: /home/robot_ws/install/description/share/description/urdf/robot.urdf.xacro
[0.221s] -- Installing: /home/robot_ws/install/description/share/description/urdf/shin.urdf.xacro
[0.221s] -- Installing: /home/robot_ws/install/description/share/description/launch
[0.221s] -- Installing: /home/robot_ws/install/description/share/description/launch/description.launch.py
[0.221s] -- Installing: /home/robot_ws/install/description/share/description/rviz
[0.221s] -- Installing: /home/robot_ws/install/description/share/description/src
[0.221s] -- Installing: /home/robot_ws/install/description/share/description/src/__init__.py
[0.221s] -- Installing: /home/robot_ws/install/description/share/ament_index/resource_index/package_run_dependencies/description
[0.221s] -- Installing: /home/robot_ws/install/description/share/ament_index/resource_index/parent_prefix_path/description
[0.221s] -- Installing: /home/robot_ws/install/description/share/description/environment/ament_prefix_path.sh
[0.221s] -- Installing: /home/robot_ws/install/description/share/description/environment/ament_prefix_path.dsv
[0.221s] -- Installing: /home/robot_ws/install/description/share/description/environment/path.sh
[0.221s] -- Installing: /home/robot_ws/install/description/share/description/environment/path.dsv
[0.221s] -- Installing: /home/robot_ws/install/description/share/description/local_setup.bash
[0.221s] -- Installing: /home/robot_ws/install/description/share/description/local_setup.sh
[0.221s] -- Installing: /home/robot_ws/install/description/share/description/local_setup.zsh
[0.221s] -- Installing: /home/robot_ws/install/description/share/description/local_setup.dsv
[0.221s] -- Installing: /home/robot_ws/install/description/share/description/package.dsv
[0.221s] -- Installing: /home/robot_ws/install/description/share/ament_index/resource_index/packages/description
[0.221s] -- Installing: /home/robot_ws/install/description/share/description/cmake/descriptionConfig.cmake
[0.221s] -- Installing: /home/robot_ws/install/description/share/description/cmake/descriptionConfig-version.cmake
[0.221s] -- Installing: /home/robot_ws/install/description/share/description/package.xml
[0.223s] Invoked command in '/home/robot_ws/build/description' returned '0': CMAKE_PREFIX_PATH=/opt/ros/humble /usr/bin/cmake --install /home/robot_ws/build/description
