[0.157s] DEBUG:colcon:Command line arguments: ['/usr/bin/colcon', 'build']
[0.157s] DEBUG:colcon:Parsed command line arguments: Namespace(log_base=None, log_level=None, verb_name='build', build_base='build', install_base='install', merge_install=False, symlink_install=False, test_result_base=None, continue_on_error=False, executor='parallel', parallel_workers=16, event_handlers=None, ignore_user_meta=False, metas=['./colcon.meta'], base_paths=['.'], packages_ignore=None, packages_ignore_regex=None, paths=None, packages_up_to=None, packages_up_to_regex=None, packages_above=None, packages_above_and_dependencies=None, packages_above_depth=None, packages_select_by_dep=None, packages_skip_by_dep=None, packages_skip_up_to=None, packages_select_build_failed=False, packages_skip_build_finished=False, packages_select_test_failures=False, packages_skip_test_passed=False, packages_select=None, packages_skip=None, packages_select_regex=None, packages_skip_regex=None, packages_start=None, packages_end=None, cmake_args=None, cmake_target=None, cmake_target_skip_unavailable=False, cmake_clean_cache=False, cmake_clean_first=False, cmake_force_configure=False, ament_cmake_args=None, catkin_cmake_args=None, catkin_skip_building_tests=False, mixin_files=None, mixin=None, verb_parser=<colcon_mixin.mixin.mixin_argument.MixinArgumentDecorator object at 0x7d35fac0cdf0>, verb_extension=<colcon_core.verb.build.BuildVerb object at 0x7d35fac0c880>, main=<bound method BuildVerb.main of <colcon_core.verb.build.BuildVerb object at 0x7d35fac0c880>>, mixin_verb=('build',))
[0.365s] Level 1:colcon.colcon_core.package_discovery:discover_packages(colcon_meta) check parameters
[0.365s] Level 1:colcon.colcon_core.package_discovery:discover_packages(recursive) check parameters
[0.365s] Level 1:colcon.colcon_core.package_discovery:discover_packages(ignore) check parameters
[0.365s] Level 1:colcon.colcon_core.package_discovery:discover_packages(path) check parameters
[0.365s] Level 1:colcon.colcon_core.package_discovery:discover_packages(colcon_meta) discover
[0.365s] Level 1:colcon.colcon_core.package_discovery:discover_packages(recursive) discover
[0.366s] INFO:colcon.colcon_core.package_discovery:Crawling recursively for packages in '/home/robot_ws'
[0.366s] Level 1:colcon.colcon_core.package_identification:_identify(.) by extensions ['ignore', 'ignore_ament_install']
[0.366s] Level 1:colcon.colcon_core.package_identification:_identify(.) by extension 'ignore'
[0.366s] Level 1:colcon.colcon_core.package_identification:_identify(.) by extension 'ignore_ament_install'
[0.366s] Level 1:colcon.colcon_core.package_identification:_identify(.) by extensions ['colcon_pkg']
[0.366s] Level 1:colcon.colcon_core.package_identification:_identify(.) by extension 'colcon_pkg'
[0.366s] Level 1:colcon.colcon_core.package_identification:_identify(.) by extensions ['colcon_meta']
[0.366s] Level 1:colcon.colcon_core.package_identification:_identify(.) by extension 'colcon_meta'
[0.366s] Level 1:colcon.colcon_core.package_identification:_identify(.) by extensions ['ros']
[0.366s] Level 1:colcon.colcon_core.package_identification:_identify(.) by extension 'ros'
[0.386s] Level 1:colcon.colcon_core.package_identification:_identify(.) by extensions ['cmake', 'python']
[0.386s] Level 1:colcon.colcon_core.package_identification:_identify(.) by extension 'cmake'
[0.386s] Level 1:colcon.colcon_core.package_identification:_identify(.) by extension 'python'
[0.386s] Level 1:colcon.colcon_core.package_identification:_identify(.) by extensions ['python_setup_py']
[0.386s] Level 1:colcon.colcon_core.package_identification:_identify(.) by extension 'python_setup_py'
[0.386s] Level 1:colcon.colcon_core.package_identification:_identify(build) by extensions ['ignore', 'ignore_ament_install']
[0.387s] Level 1:colcon.colcon_core.package_identification:_identify(build) by extension 'ignore'
[0.387s] Level 1:colcon.colcon_core.package_identification:_identify(build) ignored
[0.387s] Level 1:colcon.colcon_core.package_identification:_identify(install) by extensions ['ignore', 'ignore_ament_install']
[0.387s] Level 1:colcon.colcon_core.package_identification:_identify(install) by extension 'ignore'
[0.387s] Level 1:colcon.colcon_core.package_identification:_identify(install) ignored
[0.387s] Level 1:colcon.colcon_core.package_identification:_identify(log) by extensions ['ignore', 'ignore_ament_install']
[0.387s] Level 1:colcon.colcon_core.package_identification:_identify(log) by extension 'ignore'
[0.387s] Level 1:colcon.colcon_core.package_identification:_identify(log) ignored
[0.387s] Level 1:colcon.colcon_core.package_identification:_identify(src) by extensions ['ignore', 'ignore_ament_install']
[0.387s] Level 1:colcon.colcon_core.package_identification:_identify(src) by extension 'ignore'
[0.388s] Level 1:colcon.colcon_core.package_identification:_identify(src) by extension 'ignore_ament_install'
[0.388s] Level 1:colcon.colcon_core.package_identification:_identify(src) by extensions ['colcon_pkg']
[0.388s] Level 1:colcon.colcon_core.package_identification:_identify(src) by extension 'colcon_pkg'
[0.388s] Level 1:colcon.colcon_core.package_identification:_identify(src) by extensions ['colcon_meta']
[0.388s] Level 1:colcon.colcon_core.package_identification:_identify(src) by extension 'colcon_meta'
[0.388s] Level 1:colcon.colcon_core.package_identification:_identify(src) by extensions ['ros']
[0.388s] Level 1:colcon.colcon_core.package_identification:_identify(src) by extension 'ros'
[0.388s] Level 1:colcon.colcon_core.package_identification:_identify(src) by extensions ['cmake', 'python']
[0.388s] Level 1:colcon.colcon_core.package_identification:_identify(src) by extension 'cmake'
[0.388s] Level 1:colcon.colcon_core.package_identification:_identify(src) by extension 'python'
[0.388s] Level 1:colcon.colcon_core.package_identification:_identify(src) by extensions ['python_setup_py']
[0.388s] Level 1:colcon.colcon_core.package_identification:_identify(src) by extension 'python_setup_py'
[0.388s] Level 1:colcon.colcon_core.package_identification:_identify(src/nsc_core) by extensions ['ignore', 'ignore_ament_install']
[0.388s] Level 1:colcon.colcon_core.package_identification:_identify(src/nsc_core) by extension 'ignore'
[0.388s] Level 1:colcon.colcon_core.package_identification:_identify(src/nsc_core) by extension 'ignore_ament_install'
[0.388s] Level 1:colcon.colcon_core.package_identification:_identify(src/nsc_core) by extensions ['colcon_pkg']
[0.388s] Level 1:colcon.colcon_core.package_identification:_identify(src/nsc_core) by extension 'colcon_pkg'
[0.388s] Level 1:colcon.colcon_core.package_identification:_identify(src/nsc_core) by extensions ['colcon_meta']
[0.388s] Level 1:colcon.colcon_core.package_identification:_identify(src/nsc_core) by extension 'colcon_meta'
[0.389s] Level 1:colcon.colcon_core.package_identification:_identify(src/nsc_core) by extensions ['ros']
[0.389s] Level 1:colcon.colcon_core.package_identification:_identify(src/nsc_core) by extension 'ros'
[0.393s] DEBUG:colcon.colcon_core.package_identification:Package 'src/nsc_core' with type 'ros.ament_cmake' and name 'nsc_core'
[0.393s] Level 1:colcon.colcon_core.package_identification:_identify(src/nsc_description) by extensions ['ignore', 'ignore_ament_install']
[0.393s] Level 1:colcon.colcon_core.package_identification:_identify(src/nsc_description) by extension 'ignore'
[0.393s] Level 1:colcon.colcon_core.package_identification:_identify(src/nsc_description) by extension 'ignore_ament_install'
[0.393s] Level 1:colcon.colcon_core.package_identification:_identify(src/nsc_description) by extensions ['colcon_pkg']
[0.393s] Level 1:colcon.colcon_core.package_identification:_identify(src/nsc_description) by extension 'colcon_pkg'
[0.393s] Level 1:colcon.colcon_core.package_identification:_identify(src/nsc_description) by extensions ['colcon_meta']
[0.393s] Level 1:colcon.colcon_core.package_identification:_identify(src/nsc_description) by extension 'colcon_meta'
[0.393s] Level 1:colcon.colcon_core.package_identification:_identify(src/nsc_description) by extensions ['ros']
[0.393s] Level 1:colcon.colcon_core.package_identification:_identify(src/nsc_description) by extension 'ros'
[0.394s] DEBUG:colcon.colcon_core.package_identification:Package 'src/nsc_description' with type 'ros.ament_cmake' and name 'nsc_description'
[0.394s] Level 1:colcon.colcon_core.package_discovery:discover_packages(recursive) using defaults
[0.394s] Level 1:colcon.colcon_core.package_discovery:discover_packages(ignore) discover
[0.394s] Level 1:colcon.colcon_core.package_discovery:discover_packages(ignore) using defaults
[0.394s] Level 1:colcon.colcon_core.package_discovery:discover_packages(path) discover
[0.394s] Level 1:colcon.colcon_core.package_discovery:discover_packages(path) using defaults
[0.426s] Level 5:colcon.colcon_core.verb:set package 'nsc_core' build argument 'cmake_args' from command line to 'None'
[0.426s] Level 5:colcon.colcon_core.verb:set package 'nsc_core' build argument 'cmake_target' from command line to 'None'
[0.426s] Level 5:colcon.colcon_core.verb:set package 'nsc_core' build argument 'cmake_target_skip_unavailable' from command line to 'False'
[0.427s] Level 5:colcon.colcon_core.verb:set package 'nsc_core' build argument 'cmake_clean_cache' from command line to 'False'
[0.427s] Level 5:colcon.colcon_core.verb:set package 'nsc_core' build argument 'cmake_clean_first' from command line to 'False'
[0.427s] Level 5:colcon.colcon_core.verb:set package 'nsc_core' build argument 'cmake_force_configure' from command line to 'False'
[0.427s] Level 5:colcon.colcon_core.verb:set package 'nsc_core' build argument 'ament_cmake_args' from command line to 'None'
[0.427s] Level 5:colcon.colcon_core.verb:set package 'nsc_core' build argument 'catkin_cmake_args' from command line to 'None'
[0.427s] Level 5:colcon.colcon_core.verb:set package 'nsc_core' build argument 'catkin_skip_building_tests' from command line to 'False'
[0.427s] DEBUG:colcon.colcon_core.verb:Building package 'nsc_core' with the following arguments: {'ament_cmake_args': None, 'build_base': '/home/robot_ws/build/nsc_core', 'catkin_cmake_args': None, 'catkin_skip_building_tests': False, 'cmake_args': None, 'cmake_clean_cache': False, 'cmake_clean_first': False, 'cmake_force_configure': False, 'cmake_target': None, 'cmake_target_skip_unavailable': False, 'install_base': '/home/robot_ws/install/nsc_core', 'merge_install': False, 'path': '/home/robot_ws/src/nsc_core', 'symlink_install': False, 'test_result_base': None}
[0.428s] Level 5:colcon.colcon_core.verb:set package 'nsc_description' build argument 'cmake_args' from command line to 'None'
[0.428s] Level 5:colcon.colcon_core.verb:set package 'nsc_description' build argument 'cmake_target' from command line to 'None'
[0.428s] Level 5:colcon.colcon_core.verb:set package 'nsc_description' build argument 'cmake_target_skip_unavailable' from command line to 'False'
[0.428s] Level 5:colcon.colcon_core.verb:set package 'nsc_description' build argument 'cmake_clean_cache' from command line to 'False'
[0.428s] Level 5:colcon.colcon_core.verb:set package 'nsc_description' build argument 'cmake_clean_first' from command line to 'False'
[0.428s] Level 5:colcon.colcon_core.verb:set package 'nsc_description' build argument 'cmake_force_configure' from command line to 'False'
[0.428s] Level 5:colcon.colcon_core.verb:set package 'nsc_description' build argument 'ament_cmake_args' from command line to 'None'
[0.428s] Level 5:colcon.colcon_core.verb:set package 'nsc_description' build argument 'catkin_cmake_args' from command line to 'None'
[0.428s] Level 5:colcon.colcon_core.verb:set package 'nsc_description' build argument 'catkin_skip_building_tests' from command line to 'False'
[0.428s] DEBUG:colcon.colcon_core.verb:Building package 'nsc_description' with the following arguments: {'ament_cmake_args': None, 'build_base': '/home/robot_ws/build/nsc_description', 'catkin_cmake_args': None, 'catkin_skip_building_tests': False, 'cmake_args': None, 'cmake_clean_cache': False, 'cmake_clean_first': False, 'cmake_force_configure': False, 'cmake_target': None, 'cmake_target_skip_unavailable': False, 'install_base': '/home/robot_ws/install/nsc_description', 'merge_install': False, 'path': '/home/robot_ws/src/nsc_description', 'symlink_install': False, 'test_result_base': None}
[0.428s] INFO:colcon.colcon_core.executor:Executing jobs using 'parallel' executor
[0.431s] DEBUG:colcon.colcon_parallel_executor.executor.parallel:run_until_complete
[0.431s] INFO:colcon.colcon_ros.task.ament_cmake.build:Building ROS package in '/home/robot_ws/src/nsc_core' with build type 'ament_cmake'
[0.431s] INFO:colcon.colcon_cmake.task.cmake.build:Building CMake package in '/home/robot_ws/src/nsc_core'
[0.435s] INFO:colcon.colcon_core.plugin_system:Skipping extension 'colcon_core.shell.bat': Not used on non-Windows systems
[0.435s] INFO:colcon.colcon_core.shell:Skip shell extension 'powershell' for command environment: Not usable outside of PowerShell
[0.435s] DEBUG:colcon.colcon_core.shell:Skip shell extension 'dsv' for command environment
[0.442s] INFO:colcon.colcon_ros.task.ament_cmake.build:Building ROS package in '/home/robot_ws/src/nsc_description' with build type 'ament_cmake'
[0.443s] INFO:colcon.colcon_cmake.task.cmake.build:Building CMake package in '/home/robot_ws/src/nsc_description'
[0.443s] INFO:colcon.colcon_core.shell:Skip shell extension 'powershell' for command environment: Not usable outside of PowerShell
[0.443s] DEBUG:colcon.colcon_core.shell:Skip shell extension 'dsv' for command environment
[0.457s] DEBUG:colcon.colcon_core.event_handler.log_command:Invoking command in '/home/robot_ws/build/nsc_core': CMAKE_PREFIX_PATH=${CMAKE_PREFIX_PATH}:/opt/ros/humble /usr/bin/cmake --build /home/robot_ws/build/nsc_core -- -j16 -l16
[0.465s] DEBUG:colcon.colcon_core.event_handler.log_command:Invoking command in '/home/robot_ws/build/nsc_description': CMAKE_PREFIX_PATH=${CMAKE_PREFIX_PATH}:/opt/ros/humble /usr/bin/cmake --build /home/robot_ws/build/nsc_description -- -j16 -l16
[1.146s] DEBUG:colcon.colcon_core.event_handler.log_command:Invoked command in '/home/robot_ws/build/nsc_description' returned '0': CMAKE_PREFIX_PATH=${CMAKE_PREFIX_PATH}:/opt/ros/humble /usr/bin/cmake --build /home/robot_ws/build/nsc_description -- -j16 -l16
[1.150s] DEBUG:colcon.colcon_core.event_handler.log_command:Invoked command in '/home/robot_ws/build/nsc_core' returned '0': CMAKE_PREFIX_PATH=${CMAKE_PREFIX_PATH}:/opt/ros/humble /usr/bin/cmake --build /home/robot_ws/build/nsc_core -- -j16 -l16
[1.219s] DEBUG:colcon.colcon_core.event_handler.log_command:Invoking command in '/home/robot_ws/build/nsc_core': CMAKE_PREFIX_PATH=${CMAKE_PREFIX_PATH}:/opt/ros/humble /usr/bin/cmake --install /home/robot_ws/build/nsc_core
[1.221s] DEBUG:colcon.colcon_core.event_handler.log_command:Invoking command in '/home/robot_ws/build/nsc_description': CMAKE_PREFIX_PATH=${CMAKE_PREFIX_PATH}:/opt/ros/humble /usr/bin/cmake --install /home/robot_ws/build/nsc_description
[1.314s] Level 1:colcon.colcon_core.environment:create_environment_scripts_only(nsc_core)
[1.317s] DEBUG:colcon.colcon_core.event_handler.log_command:Invoked command in '/home/robot_ws/build/nsc_core' returned '0': CMAKE_PREFIX_PATH=${CMAKE_PREFIX_PATH}:/opt/ros/humble /usr/bin/cmake --install /home/robot_ws/build/nsc_core
[1.321s] Level 1:colcon.colcon_core.environment:checking '/home/robot_ws/install/nsc_core' for CMake module files
[1.322s] Level 1:colcon.colcon_core.environment:checking '/home/robot_ws/install/nsc_core' for CMake config files
[1.323s] Level 1:colcon.colcon_core.shell:create_environment_hook('nsc_core', 'cmake_prefix_path')
[1.323s] INFO:colcon.colcon_core.shell:Creating environment hook '/home/robot_ws/install/nsc_core/share/nsc_core/hook/cmake_prefix_path.ps1'
[1.324s] INFO:colcon.colcon_core.shell:Creating environment descriptor '/home/robot_ws/install/nsc_core/share/nsc_core/hook/cmake_prefix_path.dsv'
[1.325s] INFO:colcon.colcon_core.shell:Creating environment hook '/home/robot_ws/install/nsc_core/share/nsc_core/hook/cmake_prefix_path.sh'
[1.326s] Level 1:colcon.colcon_core.environment:checking '/home/robot_ws/install/nsc_core/bin'
[1.326s] Level 1:colcon.colcon_core.environment:checking '/home/robot_ws/install/nsc_core/lib/pkgconfig/nsc_core.pc'
[1.330s] Level 1:colcon.colcon_core.environment:checking '/home/robot_ws/install/nsc_core/lib/python3.10/site-packages'
[1.330s] Level 1:colcon.colcon_core.environment:checking '/home/robot_ws/install/nsc_core/bin'
[1.331s] INFO:colcon.colcon_core.shell:Creating package script '/home/robot_ws/install/nsc_core/share/nsc_core/package.ps1'
[1.332s] INFO:colcon.colcon_core.shell:Creating package descriptor '/home/robot_ws/install/nsc_core/share/nsc_core/package.dsv'
[1.333s] INFO:colcon.colcon_core.shell:Creating package script '/home/robot_ws/install/nsc_core/share/nsc_core/package.sh'
[1.335s] INFO:colcon.colcon_core.shell:Creating package script '/home/robot_ws/install/nsc_core/share/nsc_core/package.bash'
[1.338s] INFO:colcon.colcon_core.shell:Creating package script '/home/robot_ws/install/nsc_core/share/nsc_core/package.zsh'
[1.339s] Level 1:colcon.colcon_core.environment:create_file_with_runtime_dependencies(/home/robot_ws/install/nsc_core/share/colcon-core/packages/nsc_core)
[1.341s] Level 1:colcon.colcon_core.environment:create_environment_scripts_only(nsc_description)
[1.342s] Level 1:colcon.colcon_core.environment:checking '/home/robot_ws/install/nsc_description' for CMake module files
[1.343s] DEBUG:colcon.colcon_core.event_handler.log_command:Invoked command in '/home/robot_ws/build/nsc_description' returned '0': CMAKE_PREFIX_PATH=${CMAKE_PREFIX_PATH}:/opt/ros/humble /usr/bin/cmake --install /home/robot_ws/build/nsc_description
[1.343s] Level 1:colcon.colcon_core.environment:checking '/home/robot_ws/install/nsc_description' for CMake config files
[1.344s] Level 1:colcon.colcon_core.shell:create_environment_hook('nsc_description', 'cmake_prefix_path')
[1.345s] INFO:colcon.colcon_core.shell:Creating environment hook '/home/robot_ws/install/nsc_description/share/nsc_description/hook/cmake_prefix_path.ps1'
[1.345s] INFO:colcon.colcon_core.shell:Creating environment descriptor '/home/robot_ws/install/nsc_description/share/nsc_description/hook/cmake_prefix_path.dsv'
[1.346s] INFO:colcon.colcon_core.shell:Creating environment hook '/home/robot_ws/install/nsc_description/share/nsc_description/hook/cmake_prefix_path.sh'
[1.347s] Level 1:colcon.colcon_core.environment:checking '/home/robot_ws/install/nsc_description/bin'
[1.347s] Level 1:colcon.colcon_core.environment:checking '/home/robot_ws/install/nsc_description/lib/pkgconfig/nsc_description.pc'
[1.347s] Level 1:colcon.colcon_core.environment:checking '/home/robot_ws/install/nsc_description/lib/python3.10/site-packages'
[1.348s] Level 1:colcon.colcon_core.environment:checking '/home/robot_ws/install/nsc_description/bin'
[1.348s] INFO:colcon.colcon_core.shell:Creating package script '/home/robot_ws/install/nsc_description/share/nsc_description/package.ps1'
[1.349s] INFO:colcon.colcon_core.shell:Creating package descriptor '/home/robot_ws/install/nsc_description/share/nsc_description/package.dsv'
[1.350s] INFO:colcon.colcon_core.shell:Creating package script '/home/robot_ws/install/nsc_description/share/nsc_description/package.sh'
[1.350s] INFO:colcon.colcon_core.shell:Creating package script '/home/robot_ws/install/nsc_description/share/nsc_description/package.bash'
[1.351s] INFO:colcon.colcon_core.shell:Creating package script '/home/robot_ws/install/nsc_description/share/nsc_description/package.zsh'
[1.351s] Level 1:colcon.colcon_core.environment:create_file_with_runtime_dependencies(/home/robot_ws/install/nsc_description/share/colcon-core/packages/nsc_description)
[1.381s] Level 1:colcon.colcon_core.environment:create_environment_scripts_only(nsc_core)
[1.382s] Level 1:colcon.colcon_core.environment:checking '/home/robot_ws/install/nsc_core' for CMake module files
[1.383s] Level 1:colcon.colcon_core.environment:checking '/home/robot_ws/install/nsc_core' for CMake config files
[1.384s] Level 1:colcon.colcon_core.shell:create_environment_hook('nsc_core', 'cmake_prefix_path')
[1.384s] INFO:colcon.colcon_core.shell:Creating environment hook '/home/robot_ws/install/nsc_core/share/nsc_core/hook/cmake_prefix_path.ps1'
[1.385s] INFO:colcon.colcon_core.shell:Creating environment descriptor '/home/robot_ws/install/nsc_core/share/nsc_core/hook/cmake_prefix_path.dsv'
[1.386s] INFO:colcon.colcon_core.shell:Creating environment hook '/home/robot_ws/install/nsc_core/share/nsc_core/hook/cmake_prefix_path.sh'
[1.387s] Level 1:colcon.colcon_core.environment:checking '/home/robot_ws/install/nsc_core/bin'
[1.387s] Level 1:colcon.colcon_core.environment:checking '/home/robot_ws/install/nsc_core/lib/pkgconfig/nsc_core.pc'
[1.387s] Level 1:colcon.colcon_core.environment:checking '/home/robot_ws/install/nsc_core/lib/python3.10/site-packages'
[1.388s] Level 1:colcon.colcon_core.environment:checking '/home/robot_ws/install/nsc_core/bin'
[1.388s] INFO:colcon.colcon_core.shell:Creating package script '/home/robot_ws/install/nsc_core/share/nsc_core/package.ps1'
[1.389s] INFO:colcon.colcon_core.shell:Creating package descriptor '/home/robot_ws/install/nsc_core/share/nsc_core/package.dsv'
[1.390s] INFO:colcon.colcon_core.shell:Creating package script '/home/robot_ws/install/nsc_core/share/nsc_core/package.sh'
[1.390s] INFO:colcon.colcon_core.shell:Creating package script '/home/robot_ws/install/nsc_core/share/nsc_core/package.bash'
[1.391s] INFO:colcon.colcon_core.shell:Creating package script '/home/robot_ws/install/nsc_core/share/nsc_core/package.zsh'
[1.392s] Level 1:colcon.colcon_core.environment:create_file_with_runtime_dependencies(/home/robot_ws/install/nsc_core/share/colcon-core/packages/nsc_core)
[1.393s] Level 1:colcon.colcon_core.environment:create_environment_scripts_only(nsc_description)
[1.393s] Level 1:colcon.colcon_core.environment:checking '/home/robot_ws/install/nsc_description' for CMake module files
[1.395s] Level 1:colcon.colcon_core.environment:checking '/home/robot_ws/install/nsc_description' for CMake config files
[1.396s] Level 1:colcon.colcon_core.shell:create_environment_hook('nsc_description', 'cmake_prefix_path')
[1.396s] INFO:colcon.colcon_core.shell:Creating environment hook '/home/robot_ws/install/nsc_description/share/nsc_description/hook/cmake_prefix_path.ps1'
[1.397s] INFO:colcon.colcon_core.shell:Creating environment descriptor '/home/robot_ws/install/nsc_description/share/nsc_description/hook/cmake_prefix_path.dsv'
[1.397s] INFO:colcon.colcon_core.shell:Creating environment hook '/home/robot_ws/install/nsc_description/share/nsc_description/hook/cmake_prefix_path.sh'
[1.398s] Level 1:colcon.colcon_core.environment:checking '/home/robot_ws/install/nsc_description/bin'
[1.398s] Level 1:colcon.colcon_core.environment:checking '/home/robot_ws/install/nsc_description/lib/pkgconfig/nsc_description.pc'
[1.399s] Level 1:colcon.colcon_core.environment:checking '/home/robot_ws/install/nsc_description/lib/python3.10/site-packages'
[1.399s] Level 1:colcon.colcon_core.environment:checking '/home/robot_ws/install/nsc_description/bin'
[1.399s] INFO:colcon.colcon_core.shell:Creating package script '/home/robot_ws/install/nsc_description/share/nsc_description/package.ps1'
[1.400s] INFO:colcon.colcon_core.shell:Creating package descriptor '/home/robot_ws/install/nsc_description/share/nsc_description/package.dsv'
[1.401s] INFO:colcon.colcon_core.shell:Creating package script '/home/robot_ws/install/nsc_description/share/nsc_description/package.sh'
[1.401s] INFO:colcon.colcon_core.shell:Creating package script '/home/robot_ws/install/nsc_description/share/nsc_description/package.bash'
[1.402s] INFO:colcon.colcon_core.shell:Creating package script '/home/robot_ws/install/nsc_description/share/nsc_description/package.zsh'
[1.402s] Level 1:colcon.colcon_core.environment:create_file_with_runtime_dependencies(/home/robot_ws/install/nsc_description/share/colcon-core/packages/nsc_description)
[1.403s] DEBUG:colcon.colcon_parallel_executor.executor.parallel:closing loop
[1.403s] DEBUG:colcon.colcon_parallel_executor.executor.parallel:loop closed
[1.404s] DEBUG:colcon.colcon_parallel_executor.executor.parallel:run_until_complete finished with '0'
[1.404s] DEBUG:colcon.colcon_core.event_reactor:joining thread
[1.433s] INFO:colcon.colcon_core.plugin_system:Skipping extension 'colcon_notification.desktop_notification.notify_send': Could not find 'notify-send'
[1.433s] INFO:colcon.colcon_core.plugin_system:Skipping extension 'colcon_notification.desktop_notification.terminal_notifier': Not used on non-Darwin systems
[1.433s] INFO:colcon.colcon_core.plugin_system:Skipping extension 'colcon_notification.desktop_notification.win32': Not used on non-Windows systems
[1.433s] INFO:colcon.colcon_notification.desktop_notification:Sending desktop notification using 'notify2'
[1.437s] DEBUG:colcon.colcon_notification.desktop_notification.notify2:Failed to initialize notify2: org.freedesktop.DBus.Error.Spawn.ExecFailed: /usr/bin/dbus-launch terminated abnormally without any error message
[1.438s] DEBUG:colcon.colcon_core.event_reactor:joined thread
[1.439s] INFO:colcon.colcon_core.shell:Creating prefix script '/home/robot_ws/install/local_setup.ps1'
[1.441s] INFO:colcon.colcon_core.shell:Creating prefix util module '/home/robot_ws/install/_local_setup_util_ps1.py'
[1.444s] INFO:colcon.colcon_core.shell:Creating prefix chain script '/home/robot_ws/install/setup.ps1'
[1.446s] INFO:colcon.colcon_core.shell:Creating prefix script '/home/robot_ws/install/local_setup.sh'
[1.447s] INFO:colcon.colcon_core.shell:Creating prefix util module '/home/robot_ws/install/_local_setup_util_sh.py'
[1.448s] INFO:colcon.colcon_core.shell:Creating prefix chain script '/home/robot_ws/install/setup.sh'
[1.450s] INFO:colcon.colcon_core.shell:Creating prefix script '/home/robot_ws/install/local_setup.bash'
[1.450s] INFO:colcon.colcon_core.shell:Creating prefix chain script '/home/robot_ws/install/setup.bash'
[1.452s] INFO:colcon.colcon_core.shell:Creating prefix script '/home/robot_ws/install/local_setup.zsh'
[1.453s] INFO:colcon.colcon_core.shell:Creating prefix chain script '/home/robot_ws/install/setup.zsh'
