[0.016s] Invoking command in '/home/robot_ws/build/nsc_description': CMAKE_PREFIX_PATH=${CMAKE_PREFIX_PATH}:/opt/ros/humble /usr/bin/cmake --build /home/robot_ws/build/nsc_description -- -j16 -l16
[0.068s] Built target ament_cmake_python_copy_src
[0.316s] running egg_info
[0.317s] writing src.egg-info/PKG-INFO
[0.317s] writing dependency_links to src.egg-info/dependency_links.txt
[0.317s] writing top-level names to src.egg-info/top_level.txt
[0.319s] reading manifest file 'src.egg-info/SOURCES.txt'
[0.320s] writing manifest file 'src.egg-info/SOURCES.txt'
[0.356s] Built target ament_cmake_python_build_src_egg
[0.367s] Invoked command in '/home/robot_ws/build/nsc_description' returned '0': CMAKE_PREFIX_PATH=${CMAKE_PREFIX_PATH}:/opt/ros/humble /usr/bin/cmake --build /home/robot_ws/build/nsc_description -- -j16 -l16
[0.400s] Invoking command in '/home/robot_ws/build/nsc_description': CMAKE_PREFIX_PATH=${CMAKE_PREFIX_PATH}:/opt/ros/humble /usr/bin/cmake --install /home/robot_ws/build/nsc_description
[0.409s] -- Install configuration: ""
[0.410s] -- Up-to-date: /home/robot_ws/install/nsc_description/share/nsc_description/environment/pythonpath.sh
[0.410s] -- Up-to-date: /home/robot_ws/install/nsc_description/share/nsc_description/environment/pythonpath.dsv
[0.410s] -- Up-to-date: /home/robot_ws/install/nsc_description/local/lib/python3.10/dist-packages/src-0.0.0-py3.10.egg-info
[0.410s] -- Installing: /home/robot_ws/install/nsc_description/local/lib/python3.10/dist-packages/src-0.0.0-py3.10.egg-info/top_level.txt
[0.410s] -- Installing: /home/robot_ws/install/nsc_description/local/lib/python3.10/dist-packages/src-0.0.0-py3.10.egg-info/SOURCES.txt
[0.411s] -- Installing: /home/robot_ws/install/nsc_description/local/lib/python3.10/dist-packages/src-0.0.0-py3.10.egg-info/PKG-INFO
[0.411s] -- Installing: /home/robot_ws/install/nsc_description/local/lib/python3.10/dist-packages/src-0.0.0-py3.10.egg-info/dependency_links.txt
[0.411s] -- Up-to-date: /home/robot_ws/install/nsc_description/local/lib/python3.10/dist-packages/src
[0.411s] -- Up-to-date: /home/robot_ws/install/nsc_description/local/lib/python3.10/dist-packages/src/__init__.py
[0.447s] Listing '/home/robot_ws/install/nsc_description/local/lib/python3.10/dist-packages/src'...
[0.454s] -- Up-to-date: /home/robot_ws/install/nsc_description/share/nsc_description/urdf
[0.454s] -- Up-to-date: /home/robot_ws/install/nsc_description/share/nsc_description/urdf/leg.urdf.xacro
[0.454s] -- Up-to-date: /home/robot_ws/install/nsc_description/share/nsc_description/urdf/model
[0.454s] -- Up-to-date: /home/robot_ws/install/nsc_description/share/nsc_description/urdf/model/left_leg2.stl
[0.455s] -- Up-to-date: /home/robot_ws/install/nsc_description/share/nsc_description/urdf/model/right_leg3.stl
[0.455s] -- Up-to-date: /home/robot_ws/install/nsc_description/share/nsc_description/urdf/model/left_leg1.stl
[0.455s] -- Up-to-date: /home/robot_ws/install/nsc_description/share/nsc_description/urdf/model/right_arm1.stl
[0.455s] -- Up-to-date: /home/robot_ws/install/nsc_description/share/nsc_description/urdf/model/right_arm4.stl
[0.455s] -- Up-to-date: /home/robot_ws/install/nsc_description/share/nsc_description/urdf/model/left_arm2.stl
[0.455s] -- Up-to-date: /home/robot_ws/install/nsc_description/share/nsc_description/urdf/model/left_arm3.stl
[0.455s] -- Up-to-date: /home/robot_ws/install/nsc_description/share/nsc_description/urdf/model/right_leg2.stl
[0.456s] -- Up-to-date: /home/robot_ws/install/nsc_description/share/nsc_description/urdf/model/left_arm1.stl
[0.456s] -- Up-to-date: /home/robot_ws/install/nsc_description/share/nsc_description/urdf/model/left_leg3.stl
[0.456s] -- Up-to-date: /home/robot_ws/install/nsc_description/share/nsc_description/urdf/model/body.stl
[0.456s] -- Up-to-date: /home/robot_ws/install/nsc_description/share/nsc_description/urdf/model/right_leg1.stl
[0.456s] -- Up-to-date: /home/robot_ws/install/nsc_description/share/nsc_description/urdf/model/left_arm4.stl
[0.456s] -- Up-to-date: /home/robot_ws/install/nsc_description/share/nsc_description/urdf/model/head.stl
[0.456s] -- Up-to-date: /home/robot_ws/install/nsc_description/share/nsc_description/urdf/model/right_arm3.stl
[0.456s] -- Up-to-date: /home/robot_ws/install/nsc_description/share/nsc_description/urdf/model/right_arm2.stl
[0.456s] -- Up-to-date: /home/robot_ws/install/nsc_description/share/nsc_description/urdf/top_arm.urdf.xacro
[0.457s] -- Up-to-date: /home/robot_ws/install/nsc_description/share/nsc_description/urdf/bottom_leg.urdf.xacro
[0.457s] -- Up-to-date: /home/robot_ws/install/nsc_description/share/nsc_description/urdf/arm.urdf.xacro
[0.457s] -- Up-to-date: /home/robot_ws/install/nsc_description/share/nsc_description/urdf/foot.urdf.xacro
[0.458s] -- Up-to-date: /home/robot_ws/install/nsc_description/share/nsc_description/urdf/base.urdf.xacro
[0.458s] -- Up-to-date: /home/robot_ws/install/nsc_description/share/nsc_description/urdf/head.urdf.xacro
[0.459s] -- Up-to-date: /home/robot_ws/install/nsc_description/share/nsc_description/urdf/camera.transmission.xacro
[0.459s] -- Up-to-date: /home/robot_ws/install/nsc_description/share/nsc_description/urdf/properties.urdf.xacro
[0.459s] -- Up-to-date: /home/robot_ws/install/nsc_description/share/nsc_description/urdf/finger.urdf.xacro
[0.459s] -- Up-to-date: /home/robot_ws/install/nsc_description/share/nsc_description/urdf/leg.transmission.xacro
[0.459s] -- Up-to-date: /home/robot_ws/install/nsc_description/share/nsc_description/urdf/hand.urdf.xacro
[0.459s] -- Up-to-date: /home/robot_ws/install/nsc_description/share/nsc_description/urdf/camera.urdf.xacro
[0.459s] -- Up-to-date: /home/robot_ws/install/nsc_description/share/nsc_description/urdf/top_foot.urdf.xacro
[0.459s] -- Up-to-date: /home/robot_ws/install/nsc_description/share/nsc_description/urdf/robot.urdf.xacro
[0.459s] -- Up-to-date: /home/robot_ws/install/nsc_description/share/nsc_description/urdf/top_leg.urdf.xacro
[0.459s] -- Up-to-date: /home/robot_ws/install/nsc_description/share/nsc_description/urdf/arm.transmission.xacro
[0.459s] -- Up-to-date: /home/robot_ws/install/nsc_description/share/nsc_description/launch
[0.459s] -- Up-to-date: /home/robot_ws/install/nsc_description/share/nsc_description/launch/description.launch.py
[0.459s] -- Up-to-date: /home/robot_ws/install/nsc_description/share/nsc_description/launch/gazebo.launch.py
[0.460s] -- Up-to-date: /home/robot_ws/install/nsc_description/share/nsc_description/rviz
[0.460s] -- Up-to-date: /home/robot_ws/install/nsc_description/share/nsc_description/src
[0.460s] -- Up-to-date: /home/robot_ws/install/nsc_description/share/nsc_description/src/__init__.py
[0.460s] -- Up-to-date: /home/robot_ws/install/nsc_description/share/nsc_description/worlds
[0.460s] -- Up-to-date: /home/robot_ws/install/nsc_description/share/nsc_description/worlds/world.world
[0.460s] -- Up-to-date: /home/robot_ws/install/nsc_description/share/nsc_description/config
[0.460s] -- Up-to-date: /home/robot_ws/install/nsc_description/share/nsc_description/config/controllers.yaml
[0.460s] -- Up-to-date: /home/robot_ws/install/nsc_description/share/ament_index/resource_index/package_run_dependencies/nsc_description
[0.460s] -- Up-to-date: /home/robot_ws/install/nsc_description/share/ament_index/resource_index/parent_prefix_path/nsc_description
[0.461s] -- Up-to-date: /home/robot_ws/install/nsc_description/share/nsc_description/environment/ament_prefix_path.sh
[0.461s] -- Up-to-date: /home/robot_ws/install/nsc_description/share/nsc_description/environment/ament_prefix_path.dsv
[0.461s] -- Up-to-date: /home/robot_ws/install/nsc_description/share/nsc_description/environment/path.sh
[0.461s] -- Up-to-date: /home/robot_ws/install/nsc_description/share/nsc_description/environment/path.dsv
[0.461s] -- Up-to-date: /home/robot_ws/install/nsc_description/share/nsc_description/local_setup.bash
[0.461s] -- Up-to-date: /home/robot_ws/install/nsc_description/share/nsc_description/local_setup.sh
[0.461s] -- Up-to-date: /home/robot_ws/install/nsc_description/share/nsc_description/local_setup.zsh
[0.462s] -- Up-to-date: /home/robot_ws/install/nsc_description/share/nsc_description/local_setup.dsv
[0.462s] -- Installing: /home/robot_ws/install/nsc_description/share/nsc_description/package.dsv
[0.462s] -- Up-to-date: /home/robot_ws/install/nsc_description/share/ament_index/resource_index/packages/nsc_description
[0.462s] -- Up-to-date: /home/robot_ws/install/nsc_description/share/nsc_description/cmake/nsc_descriptionConfig.cmake
[0.462s] -- Up-to-date: /home/robot_ws/install/nsc_description/share/nsc_description/cmake/nsc_descriptionConfig-version.cmake
[0.462s] -- Up-to-date: /home/robot_ws/install/nsc_description/share/nsc_description/package.xml
[0.462s] Invoked command in '/home/robot_ws/build/nsc_description' returned '0': CMAKE_PREFIX_PATH=${CMAKE_PREFIX_PATH}:/opt/ros/humble /usr/bin/cmake --install /home/robot_ws/build/nsc_description
