[0.016s] Invoking command in '/home/robot_ws/build/nsc_core': CMAKE_PREFIX_PATH=${CMAKE_PREFIX_PATH}:/opt/ros/humble /usr/bin/cmake --build /home/robot_ws/build/nsc_core -- -j16 -l16
[0.074s] Built target ament_cmake_python_copy_src
[0.300s] running egg_info
[0.301s] writing src.egg-info/PKG-INFO
[0.301s] writing dependency_links to src.egg-info/dependency_links.txt
[0.302s] writing top-level names to src.egg-info/top_level.txt
[0.303s] reading manifest file 'src.egg-info/SOURCES.txt'
[0.304s] writing manifest file 'src.egg-info/SOURCES.txt'
[0.338s] Built target ament_cmake_python_build_src_egg
[0.349s] Invoked command in '/home/robot_ws/build/nsc_core' returned '0': CMAKE_PREFIX_PATH=${CMAKE_PREFIX_PATH}:/opt/ros/humble /usr/bin/cmake --build /home/robot_ws/build/nsc_core -- -j16 -l16
[0.381s] Invoking command in '/home/robot_ws/build/nsc_core': CMAKE_PREFIX_PATH=${CMAKE_PREFIX_PATH}:/opt/ros/humble /usr/bin/cmake --install /home/robot_ws/build/nsc_core
[0.387s] -- Install configuration: ""
[0.387s] -- Up-to-date: /home/robot_ws/install/nsc_core/share/nsc_core/environment/pythonpath.sh
[0.387s] -- Up-to-date: /home/robot_ws/install/nsc_core/share/nsc_core/environment/pythonpath.dsv
[0.387s] -- Up-to-date: /home/robot_ws/install/nsc_core/local/lib/python3.10/dist-packages/src-0.0.0-py3.10.egg-info
[0.388s] -- Installing: /home/robot_ws/install/nsc_core/local/lib/python3.10/dist-packages/src-0.0.0-py3.10.egg-info/top_level.txt
[0.388s] -- Installing: /home/robot_ws/install/nsc_core/local/lib/python3.10/dist-packages/src-0.0.0-py3.10.egg-info/SOURCES.txt
[0.388s] -- Installing: /home/robot_ws/install/nsc_core/local/lib/python3.10/dist-packages/src-0.0.0-py3.10.egg-info/PKG-INFO
[0.388s] -- Installing: /home/robot_ws/install/nsc_core/local/lib/python3.10/dist-packages/src-0.0.0-py3.10.egg-info/dependency_links.txt
[0.388s] -- Up-to-date: /home/robot_ws/install/nsc_core/local/lib/python3.10/dist-packages/src
[0.388s] -- Up-to-date: /home/robot_ws/install/nsc_core/local/lib/python3.10/dist-packages/src/__init__.py
[0.388s] -- Up-to-date: /home/robot_ws/install/nsc_core/local/lib/python3.10/dist-packages/src/camera_control.py
[0.388s] -- Up-to-date: /home/robot_ws/install/nsc_core/local/lib/python3.10/dist-packages/src/gui.py
[0.388s] -- Up-to-date: /home/robot_ws/install/nsc_core/local/lib/python3.10/dist-packages/src/joint_control.py
[0.388s] -- Installing: /home/robot_ws/install/nsc_core/local/lib/python3.10/dist-packages/src/video_capture.py
[0.430s] Listing '/home/robot_ws/install/nsc_core/local/lib/python3.10/dist-packages/src'...
[0.430s] Compiling '/home/robot_ws/install/nsc_core/local/lib/python3.10/dist-packages/src/video_capture.py'...
[0.443s] -- Up-to-date: /home/robot_ws/install/nsc_core/share/nsc_core/src
[0.444s] -- Up-to-date: /home/robot_ws/install/nsc_core/share/nsc_core/src/__init__.py
[0.444s] -- Up-to-date: /home/robot_ws/install/nsc_core/share/nsc_core/src/camera_control.py
[0.445s] -- Up-to-date: /home/robot_ws/install/nsc_core/share/nsc_core/src/gui.py
[0.445s] -- Up-to-date: /home/robot_ws/install/nsc_core/share/nsc_core/src/joint_control.py
[0.445s] -- Installing: /home/robot_ws/install/nsc_core/share/nsc_core/src/video_capture.py
[0.445s] -- Up-to-date: /home/robot_ws/install/nsc_core/share/nsc_core/launch
[0.445s] -- Up-to-date: /home/robot_ws/install/nsc_core/share/nsc_core/launch/gui.launch.py
[0.445s] -- Up-to-date: /home/robot_ws/install/nsc_core/share/nsc_core/launch/controller.launch.py
[0.445s] -- Up-to-date: /home/robot_ws/install/nsc_core/share/nsc_core/launch/imu.launch.py
[0.445s] -- Up-to-date: /home/robot_ws/install/nsc_core/share/nsc_core/config
[0.445s] -- Up-to-date: /home/robot_ws/install/nsc_core/lib/nsc_core/joint_control.py
[0.445s] -- Up-to-date: /home/robot_ws/install/nsc_core/lib/nsc_core/camera_control.py
[0.446s] -- Up-to-date: /home/robot_ws/install/nsc_core/lib/nsc_core/gui.py
[0.446s] -- Installing: /home/robot_ws/install/nsc_core/lib/nsc_core/video_capture.py
[0.446s] -- Up-to-date: /home/robot_ws/install/nsc_core/share/ament_index/resource_index/package_run_dependencies/nsc_core
[0.446s] -- Up-to-date: /home/robot_ws/install/nsc_core/share/ament_index/resource_index/parent_prefix_path/nsc_core
[0.446s] -- Up-to-date: /home/robot_ws/install/nsc_core/share/nsc_core/environment/ament_prefix_path.sh
[0.446s] -- Up-to-date: /home/robot_ws/install/nsc_core/share/nsc_core/environment/ament_prefix_path.dsv
[0.446s] -- Up-to-date: /home/robot_ws/install/nsc_core/share/nsc_core/environment/path.sh
[0.446s] -- Up-to-date: /home/robot_ws/install/nsc_core/share/nsc_core/environment/path.dsv
[0.446s] -- Up-to-date: /home/robot_ws/install/nsc_core/share/nsc_core/local_setup.bash
[0.446s] -- Up-to-date: /home/robot_ws/install/nsc_core/share/nsc_core/local_setup.sh
[0.446s] -- Up-to-date: /home/robot_ws/install/nsc_core/share/nsc_core/local_setup.zsh
[0.446s] -- Up-to-date: /home/robot_ws/install/nsc_core/share/nsc_core/local_setup.dsv
[0.446s] -- Installing: /home/robot_ws/install/nsc_core/share/nsc_core/package.dsv
[0.447s] -- Up-to-date: /home/robot_ws/install/nsc_core/share/ament_index/resource_index/packages/nsc_core
[0.447s] -- Up-to-date: /home/robot_ws/install/nsc_core/share/nsc_core/cmake/nsc_coreConfig.cmake
[0.447s] -- Up-to-date: /home/robot_ws/install/nsc_core/share/nsc_core/cmake/nsc_coreConfig-version.cmake
[0.447s] -- Up-to-date: /home/robot_ws/install/nsc_core/share/nsc_core/package.xml
[0.450s] Invoked command in '/home/robot_ws/build/nsc_core' returned '0': CMAKE_PREFIX_PATH=${CMAKE_PREFIX_PATH}:/opt/ros/humble /usr/bin/cmake --install /home/robot_ws/build/nsc_core
