[0.006s] Invoking command in '/home/robot_ws/build/description': CMAKE_PREFIX_PATH=/opt/ros/humble /usr/bin/cmake /home/robot_ws/src/description -DCMAKE_INSTALL_PREFIX=/home/robot_ws/install/description
[0.038s] -- The C compiler identification is GNU 11.4.0
[0.071s] -- The CXX compiler identification is GNU 11.4.0
[0.075s] -- Detecting C compiler ABI info
[0.113s] -- Detecting C compiler ABI info - done
[0.118s] -- Check for working C compiler: /usr/bin/cc - skipped
[0.118s] -- Detecting C compile features
[0.118s] -- Detecting C compile features - done
[0.120s] -- Detecting CXX compiler ABI info
[0.164s] -- Detecting CXX compiler ABI info - done
[0.170s] -- Check for working CXX compiler: /usr/bin/c++ - skipped
[0.170s] -- Detecting CXX compile features
[0.170s] -- Detecting CXX compile features - done
[0.173s] -- Found ament_cmake: 1.3.9 (/opt/ros/humble/share/ament_cmake/cmake)
[0.260s] -- Found Python3: /usr/bin/python3 (found version "3.10.12") found components: Interpreter 
[0.321s] -- Found rclpy: 3.3.13 (/opt/ros/humble/share/rclpy/cmake)
[0.375s] -- Found ament_lint_auto: 0.12.11 (/opt/ros/humble/share/ament_lint_auto/cmake)
[0.428s] -- Added test 'copyright' to check source files copyright and LICENSE
[0.429s] -- Added test 'flake8' to check Python code syntax and style conventions
[0.429s] -- Added test 'lint_cmake' to check CMake code style
[0.429s] -- Added test 'pep257' to check Python code against some of the docstring style conventions in PEP 257
[0.430s] -- Added test 'xmllint' to check XML markup files
[0.430s] -- Configuring done
[0.432s] -- Generating done
[0.433s] -- Build files have been written to: /home/robot_ws/build/description
