-- Found ament_cmake: 1.3.9 (/opt/ros/humble/share/ament_cmake/cmake)
-- Found rclpy: 3.3.13 (/opt/ros/humble/share/rclpy/cmake)
-- Found ament_lint_auto: 0.12.11 (/opt/ros/humble/share/ament_lint_auto/cmake)
-- Added test 'copyright' to check source files copyright and LICENSE
-- Added test 'flake8' to check Python code syntax and style conventions
-- Added test 'lint_cmake' to check CMake code style
-- Added test 'pep257' to check Python code against some of the docstring style conventions in PEP 257
-- Added test 'xmllint' to check XML markup files
-- Configuring done
-- Generating done
-- Build files have been written to: /home/robot_ws/build/core
Built target ament_cmake_python_copy_src
running egg_info
creating src.egg-info
writing src.egg-info/PKG-INFO
writing dependency_links to src.egg-info/dependency_links.txt
writing top-level names to src.egg-info/top_level.txt
writing manifest file 'src.egg-info/SOURCES.txt'
reading manifest file 'src.egg-info/SOURCES.txt'
writing manifest file 'src.egg-info/SOURCES.txt'
Built target ament_cmake_python_build_src_egg
-- Install configuration: ""
-- Installing: /home/robot_ws/install/core/share/core/environment/pythonpath.sh
-- Installing: /home/robot_ws/install/core/share/core/environment/pythonpath.dsv
-- Installing: /home/robot_ws/install/core/local/lib/python3.10/dist-packages/src-0.0.0-py3.10.egg-info
-- Installing: /home/robot_ws/install/core/local/lib/python3.10/dist-packages/src-0.0.0-py3.10.egg-info/top_level.txt
-- Installing: /home/robot_ws/install/core/local/lib/python3.10/dist-packages/src-0.0.0-py3.10.egg-info/SOURCES.txt
-- Installing: /home/robot_ws/install/core/local/lib/python3.10/dist-packages/src-0.0.0-py3.10.egg-info/PKG-INFO
-- Installing: /home/robot_ws/install/core/local/lib/python3.10/dist-packages/src-0.0.0-py3.10.egg-info/dependency_links.txt
-- Installing: /home/robot_ws/install/core/local/lib/python3.10/dist-packages/src
-- Installing: /home/robot_ws/install/core/local/lib/python3.10/dist-packages/src/__init__.py
Listing '/home/robot_ws/install/core/local/lib/python3.10/dist-packages/src'...
Compiling '/home/robot_ws/install/core/local/lib/python3.10/dist-packages/src/__init__.py'...
-- Installing: /home/robot_ws/install/core/share/core/src
-- Installing: /home/robot_ws/install/core/share/core/src/__init__.py
-- Installing: /home/robot_ws/install/core/share/ament_index/resource_index/package_run_dependencies/core
-- Installing: /home/robot_ws/install/core/share/ament_index/resource_index/parent_prefix_path/core
-- Installing: /home/robot_ws/install/core/share/core/environment/ament_prefix_path.sh
-- Installing: /home/robot_ws/install/core/share/core/environment/ament_prefix_path.dsv
-- Installing: /home/robot_ws/install/core/share/core/environment/path.sh
-- Installing: /home/robot_ws/install/core/share/core/environment/path.dsv
-- Installing: /home/robot_ws/install/core/share/core/local_setup.bash
-- Installing: /home/robot_ws/install/core/share/core/local_setup.sh
-- Installing: /home/robot_ws/install/core/share/core/local_setup.zsh
-- Installing: /home/robot_ws/install/core/share/core/local_setup.dsv
-- Installing: /home/robot_ws/install/core/share/core/package.dsv
-- Installing: /home/robot_ws/install/core/share/ament_index/resource_index/packages/core
-- Installing: /home/robot_ws/install/core/share/core/cmake/coreConfig.cmake
-- Installing: /home/robot_ws/install/core/share/core/cmake/coreConfig-version.cmake
-- Installing: /home/robot_ws/install/core/share/core/package.xml
