[0.008s] Invoking command in '/home/robot_ws/build/nsc_description': CMAKE_PREFIX_PATH=${CMAKE_PREFIX_PATH}:/opt/ros/humble /usr/bin/cmake --build /home/robot_ws/build/nsc_description -- -j16 -l16
[0.022s] -- Found ament_cmake: 1.3.9 (/opt/ros/humble/share/ament_cmake/cmake)
[0.110s] -- Found rclpy: 3.3.13 (/opt/ros/humble/share/rclpy/cmake)
[0.152s] -- Found ament_lint_auto: 0.12.11 (/opt/ros/humble/share/ament_lint_auto/cmake)
[0.198s] -- Added test 'copyright' to check source files copyright and LICENSE
[0.199s] -- Added test 'flake8' to check Python code syntax and style conventions
[0.200s] -- Added test 'lint_cmake' to check CMake code style
[0.200s] -- Added test 'pep257' to check Python code against some of the docstring style conventions in PEP 257
[0.201s] -- Added test 'xmllint' to check XML markup files
[0.202s] -- Configuring done
[0.206s] -- Generating done
[0.207s] -- Build files have been written to: /home/robot_ws/build/nsc_description
[0.229s] Built target ament_cmake_python_copy_src
[0.357s] running egg_info
[0.357s] writing src.egg-info/PKG-INFO
[0.357s] writing dependency_links to src.egg-info/dependency_links.txt
[0.357s] writing top-level names to src.egg-info/top_level.txt
[0.358s] reading manifest file 'src.egg-info/SOURCES.txt'
[0.359s] writing manifest file 'src.egg-info/SOURCES.txt'
[0.374s] Built target ament_cmake_python_build_src_egg
