[0.000000] (-) TimerEvent: {}
[0.000272] (nsc_core) JobQueued: {'identifier': 'nsc_core', 'dependencies': OrderedDict()}
[0.000341] (nsc_description) JobQueued: {'identifier': 'nsc_description', 'dependencies': OrderedDict()}
[0.000367] (nsc_core) JobStarted: {'identifier': 'nsc_core'}
[0.010881] (nsc_description) JobStarted: {'identifier': 'nsc_description'}
[0.018181] (nsc_core) JobProgress: {'identifier': 'nsc_core', 'progress': 'cmake'}
[0.019110] (nsc_core) JobProgress: {'identifier': 'nsc_core', 'progress': 'build'}
[0.020460] (nsc_core) Command: {'cmd': ['/usr/bin/cmake', '--build', '/home/robot_ws/build/nsc_core', '--', '-j16', '-l16'], 'cwd': '/home/robot_ws/build/nsc_core', 'env': OrderedDict([('HOSTNAME', 'entity014'), ('SHLVL', '1'), ('LD_LIBRARY_PATH', '/usr/lib/x86_64-linux-gnu/gazebo-11/plugins:/opt/ros/humble/opt/rviz_ogre_vendor/lib:/opt/ros/humble/lib/x86_64-linux-gnu:/opt/ros/humble/lib'), ('HOME', '/home'), ('ROS_PYTHON_VERSION', '3'), ('COLCON_PREFIX_PATH', '/home/robot_ws/install'), ('ROS_DISTRO', 'humble'), ('_', '/usr/bin/colcon'), ('ROS_VERSION', '2'), ('NVIDIA_DRIVER_CAPABILITIES', 'all'), ('TERM', 'xterm'), ('ROS_LOCALHOST_ONLY', '0'), ('QT_X11_NO_MITSHM', '1'), ('PATH', '/opt/ros/humble/bin:/usr/local/sbin:/usr/local/bin:/usr/sbin:/usr/bin:/sbin:/bin'), ('XDG_RUNTIME_DIR', '/tmp/runtime-root'), ('DISPLAY', ':0'), ('LANG', 'C.UTF-8'), ('RMW_IMPLEMENTATION', 'rmw_cyclonedds_cpp'), ('ROS_DOMAIN_ID', '10'), ('AMENT_PREFIX_PATH', '/home/robot_ws/install/nsc_description:/home/robot_ws/install/nsc_core:/home/robot_ws/install/description:/home/robot_ws/install/core:/opt/ros/humble'), ('NO_AT_BRIDGE', '1'), ('PWD', '/home/robot_ws/build/nsc_core'), ('LC_ALL', 'C.UTF-8'), ('PYTHONPATH', '/home/robot_ws/install/nsc_description/local/lib/python3.10/dist-packages:/home/robot_ws/install/nsc_core/local/lib/python3.10/dist-packages:/home/robot_ws/install/description/local/lib/python3.10/dist-packages:/home/robot_ws/install/core/local/lib/python3.10/dist-packages:/opt/ros/humble/lib/python3.10/site-packages:/opt/ros/humble/local/lib/python3.10/dist-packages'), ('COLCON', '1'), ('CMAKE_PREFIX_PATH', '/home/robot_ws/install/nsc_description:/home/robot_ws/install/nsc_core:/home/robot_ws/install/description:/home/robot_ws/install/core:/opt/ros/humble')]), 'shell': False}
[0.026960] (nsc_description) JobProgress: {'identifier': 'nsc_description', 'progress': 'cmake'}
[0.028240] (nsc_description) JobProgress: {'identifier': 'nsc_description', 'progress': 'build'}
[0.029303] (nsc_description) Command: {'cmd': ['/usr/bin/cmake', '--build', '/home/robot_ws/build/nsc_description', '--', '-j16', '-l16'], 'cwd': '/home/robot_ws/build/nsc_description', 'env': OrderedDict([('HOSTNAME', 'entity014'), ('SHLVL', '1'), ('LD_LIBRARY_PATH', '/usr/lib/x86_64-linux-gnu/gazebo-11/plugins:/opt/ros/humble/opt/rviz_ogre_vendor/lib:/opt/ros/humble/lib/x86_64-linux-gnu:/opt/ros/humble/lib'), ('HOME', '/home'), ('ROS_PYTHON_VERSION', '3'), ('COLCON_PREFIX_PATH', '/home/robot_ws/install'), ('ROS_DISTRO', 'humble'), ('_', '/usr/bin/colcon'), ('ROS_VERSION', '2'), ('NVIDIA_DRIVER_CAPABILITIES', 'all'), ('TERM', 'xterm'), ('ROS_LOCALHOST_ONLY', '0'), ('QT_X11_NO_MITSHM', '1'), ('PATH', '/opt/ros/humble/bin:/usr/local/sbin:/usr/local/bin:/usr/sbin:/usr/bin:/sbin:/bin'), ('XDG_RUNTIME_DIR', '/tmp/runtime-root'), ('DISPLAY', ':0'), ('LANG', 'C.UTF-8'), ('RMW_IMPLEMENTATION', 'rmw_cyclonedds_cpp'), ('ROS_DOMAIN_ID', '10'), ('AMENT_PREFIX_PATH', '/home/robot_ws/install/nsc_description:/home/robot_ws/install/nsc_core:/home/robot_ws/install/description:/home/robot_ws/install/core:/opt/ros/humble'), ('NO_AT_BRIDGE', '1'), ('PWD', '/home/robot_ws/build/nsc_description'), ('LC_ALL', 'C.UTF-8'), ('PYTHONPATH', '/home/robot_ws/install/nsc_description/local/lib/python3.10/dist-packages:/home/robot_ws/install/nsc_core/local/lib/python3.10/dist-packages:/home/robot_ws/install/description/local/lib/python3.10/dist-packages:/home/robot_ws/install/core/local/lib/python3.10/dist-packages:/opt/ros/humble/lib/python3.10/site-packages:/opt/ros/humble/local/lib/python3.10/dist-packages'), ('COLCON', '1'), ('CMAKE_PREFIX_PATH', '/home/robot_ws/install/nsc_description:/home/robot_ws/install/nsc_core:/home/robot_ws/install/description:/home/robot_ws/install/core:/opt/ros/humble')]), 'shell': False}
[0.098854] (-) TimerEvent: {}
[0.121187] (nsc_core) StdoutLine: {'line': b'Built target ament_cmake_python_copy_src\n'}
[0.121819] (nsc_description) StdoutLine: {'line': b'Built target ament_cmake_python_copy_src\n'}
[0.198992] (-) TimerEvent: {}
[0.299519] (-) TimerEvent: {}
[0.400195] (-) TimerEvent: {}
[0.500807] (-) TimerEvent: {}
[0.501581] (nsc_description) StdoutLine: {'line': b'running egg_info\n'}
[0.503093] (nsc_description) StdoutLine: {'line': b'writing src.egg-info/PKG-INFO\n'}
[0.503541] (nsc_description) StdoutLine: {'line': b'writing dependency_links to src.egg-info/dependency_links.txt\n'}
[0.504394] (nsc_description) StdoutLine: {'line': b'writing top-level names to src.egg-info/top_level.txt\n'}
[0.505733] (nsc_core) StdoutLine: {'line': b'running egg_info\n'}
[0.507154] (nsc_core) StdoutLine: {'line': b'writing src.egg-info/PKG-INFO\n'}
[0.507748] (nsc_core) StdoutLine: {'line': b'writing dependency_links to src.egg-info/dependency_links.txt\n'}
[0.508288] (nsc_core) StdoutLine: {'line': b'writing top-level names to src.egg-info/top_level.txt\n'}
[0.508488] (nsc_description) StdoutLine: {'line': b"reading manifest file 'src.egg-info/SOURCES.txt'\n"}
[0.509445] (nsc_description) StdoutLine: {'line': b"writing manifest file 'src.egg-info/SOURCES.txt'\n"}
[0.511628] (nsc_core) StdoutLine: {'line': b"reading manifest file 'src.egg-info/SOURCES.txt'\n"}
[0.512484] (nsc_core) StdoutLine: {'line': b"writing manifest file 'src.egg-info/SOURCES.txt'\n"}
[0.563963] (nsc_description) StdoutLine: {'line': b'Built target ament_cmake_python_build_src_egg\n'}
[0.568328] (nsc_core) StdoutLine: {'line': b'Built target ament_cmake_python_build_src_egg\n'}
[0.581655] (nsc_description) CommandEnded: {'returncode': 0}
[0.585840] (nsc_core) CommandEnded: {'returncode': 0}
[0.600968] (-) TimerEvent: {}
[0.622919] (nsc_description) JobProgress: {'identifier': 'nsc_description', 'progress': 'install'}
[0.638170] (nsc_description) Command: {'cmd': ['/usr/bin/cmake', '--install', '/home/robot_ws/build/nsc_description'], 'cwd': '/home/robot_ws/build/nsc_description', 'env': OrderedDict([('HOSTNAME', 'entity014'), ('SHLVL', '1'), ('LD_LIBRARY_PATH', '/usr/lib/x86_64-linux-gnu/gazebo-11/plugins:/opt/ros/humble/opt/rviz_ogre_vendor/lib:/opt/ros/humble/lib/x86_64-linux-gnu:/opt/ros/humble/lib'), ('HOME', '/home'), ('ROS_PYTHON_VERSION', '3'), ('COLCON_PREFIX_PATH', '/home/robot_ws/install'), ('ROS_DISTRO', 'humble'), ('_', '/usr/bin/colcon'), ('ROS_VERSION', '2'), ('NVIDIA_DRIVER_CAPABILITIES', 'all'), ('TERM', 'xterm'), ('ROS_LOCALHOST_ONLY', '0'), ('QT_X11_NO_MITSHM', '1'), ('PATH', '/opt/ros/humble/bin:/usr/local/sbin:/usr/local/bin:/usr/sbin:/usr/bin:/sbin:/bin'), ('XDG_RUNTIME_DIR', '/tmp/runtime-root'), ('DISPLAY', ':0'), ('LANG', 'C.UTF-8'), ('RMW_IMPLEMENTATION', 'rmw_cyclonedds_cpp'), ('ROS_DOMAIN_ID', '10'), ('AMENT_PREFIX_PATH', '/home/robot_ws/install/nsc_description:/home/robot_ws/install/nsc_core:/home/robot_ws/install/description:/home/robot_ws/install/core:/opt/ros/humble'), ('NO_AT_BRIDGE', '1'), ('PWD', '/home/robot_ws/build/nsc_description'), ('LC_ALL', 'C.UTF-8'), ('PYTHONPATH', '/home/robot_ws/install/nsc_description/local/lib/python3.10/dist-packages:/home/robot_ws/install/nsc_core/local/lib/python3.10/dist-packages:/home/robot_ws/install/description/local/lib/python3.10/dist-packages:/home/robot_ws/install/core/local/lib/python3.10/dist-packages:/opt/ros/humble/lib/python3.10/site-packages:/opt/ros/humble/local/lib/python3.10/dist-packages'), ('COLCON', '1'), ('CMAKE_PREFIX_PATH', '/home/robot_ws/install/nsc_description:/home/robot_ws/install/nsc_core:/home/robot_ws/install/description:/home/robot_ws/install/core:/opt/ros/humble')]), 'shell': False}
[0.640185] (nsc_core) JobProgress: {'identifier': 'nsc_core', 'progress': 'install'}
[0.642101] (nsc_core) Command: {'cmd': ['/usr/bin/cmake', '--install', '/home/robot_ws/build/nsc_core'], 'cwd': '/home/robot_ws/build/nsc_core', 'env': OrderedDict([('HOSTNAME', 'entity014'), ('SHLVL', '1'), ('LD_LIBRARY_PATH', '/usr/lib/x86_64-linux-gnu/gazebo-11/plugins:/opt/ros/humble/opt/rviz_ogre_vendor/lib:/opt/ros/humble/lib/x86_64-linux-gnu:/opt/ros/humble/lib'), ('HOME', '/home'), ('ROS_PYTHON_VERSION', '3'), ('COLCON_PREFIX_PATH', '/home/robot_ws/install'), ('ROS_DISTRO', 'humble'), ('_', '/usr/bin/colcon'), ('ROS_VERSION', '2'), ('NVIDIA_DRIVER_CAPABILITIES', 'all'), ('TERM', 'xterm'), ('ROS_LOCALHOST_ONLY', '0'), ('QT_X11_NO_MITSHM', '1'), ('PATH', '/opt/ros/humble/bin:/usr/local/sbin:/usr/local/bin:/usr/sbin:/usr/bin:/sbin:/bin'), ('XDG_RUNTIME_DIR', '/tmp/runtime-root'), ('DISPLAY', ':0'), ('LANG', 'C.UTF-8'), ('RMW_IMPLEMENTATION', 'rmw_cyclonedds_cpp'), ('ROS_DOMAIN_ID', '10'), ('AMENT_PREFIX_PATH', '/home/robot_ws/install/nsc_description:/home/robot_ws/install/nsc_core:/home/robot_ws/install/description:/home/robot_ws/install/core:/opt/ros/humble'), ('NO_AT_BRIDGE', '1'), ('PWD', '/home/robot_ws/build/nsc_core'), ('LC_ALL', 'C.UTF-8'), ('PYTHONPATH', '/home/robot_ws/install/nsc_description/local/lib/python3.10/dist-packages:/home/robot_ws/install/nsc_core/local/lib/python3.10/dist-packages:/home/robot_ws/install/description/local/lib/python3.10/dist-packages:/home/robot_ws/install/core/local/lib/python3.10/dist-packages:/opt/ros/humble/lib/python3.10/site-packages:/opt/ros/humble/local/lib/python3.10/dist-packages'), ('COLCON', '1'), ('CMAKE_PREFIX_PATH', '/home/robot_ws/install/nsc_description:/home/robot_ws/install/nsc_core:/home/robot_ws/install/description:/home/robot_ws/install/core:/opt/ros/humble')]), 'shell': False}
[0.650243] (nsc_description) StdoutLine: {'line': b'-- Install configuration: ""\n'}
[0.650841] (nsc_description) StdoutLine: {'line': b'-- Up-to-date: /home/robot_ws/install/nsc_description/share/nsc_description/environment/pythonpath.sh\n'}
[0.651012] (nsc_description) StdoutLine: {'line': b'-- Up-to-date: /home/robot_ws/install/nsc_description/share/nsc_description/environment/pythonpath.dsv\n'}
[0.651162] (nsc_description) StdoutLine: {'line': b'-- Up-to-date: /home/robot_ws/install/nsc_description/local/lib/python3.10/dist-packages/src-0.0.0-py3.10.egg-info\n'}
[0.651399] (nsc_description) StdoutLine: {'line': b'-- Installing: /home/robot_ws/install/nsc_description/local/lib/python3.10/dist-packages/src-0.0.0-py3.10.egg-info/top_level.txt\n'}
[0.651587] (nsc_description) StdoutLine: {'line': b'-- Installing: /home/robot_ws/install/nsc_description/local/lib/python3.10/dist-packages/src-0.0.0-py3.10.egg-info/SOURCES.txt\n'}
[0.651691] (nsc_description) StdoutLine: {'line': b'-- Installing: /home/robot_ws/install/nsc_description/local/lib/python3.10/dist-packages/src-0.0.0-py3.10.egg-info/PKG-INFO\n'}
[0.651885] (nsc_description) StdoutLine: {'line': b'-- Installing: /home/robot_ws/install/nsc_description/local/lib/python3.10/dist-packages/src-0.0.0-py3.10.egg-info/dependency_links.txt\n'}
[0.652382] (nsc_description) StdoutLine: {'line': b'-- Up-to-date: /home/robot_ws/install/nsc_description/local/lib/python3.10/dist-packages/src\n'}
[0.652563] (nsc_description) StdoutLine: {'line': b'-- Up-to-date: /home/robot_ws/install/nsc_description/local/lib/python3.10/dist-packages/src/__init__.py\n'}
[0.655453] (nsc_core) StdoutLine: {'line': b'-- Install configuration: ""\n'}
[0.655817] (nsc_core) StdoutLine: {'line': b'-- Up-to-date: /home/robot_ws/install/nsc_core/share/nsc_core/environment/pythonpath.sh\n'}
[0.656072] (nsc_core) StdoutLine: {'line': b'-- Up-to-date: /home/robot_ws/install/nsc_core/share/nsc_core/environment/pythonpath.dsv\n'}
[0.656302] (nsc_core) StdoutLine: {'line': b'-- Up-to-date: /home/robot_ws/install/nsc_core/local/lib/python3.10/dist-packages/src-0.0.0-py3.10.egg-info\n'}
[0.656516] (nsc_core) StdoutLine: {'line': b'-- Installing: /home/robot_ws/install/nsc_core/local/lib/python3.10/dist-packages/src-0.0.0-py3.10.egg-info/top_level.txt\n'}
[0.656704] (nsc_core) StdoutLine: {'line': b'-- Installing: /home/robot_ws/install/nsc_core/local/lib/python3.10/dist-packages/src-0.0.0-py3.10.egg-info/SOURCES.txt\n'}
[0.656900] (nsc_core) StdoutLine: {'line': b'-- Installing: /home/robot_ws/install/nsc_core/local/lib/python3.10/dist-packages/src-0.0.0-py3.10.egg-info/PKG-INFO\n'}
[0.657063] (nsc_core) StdoutLine: {'line': b'-- Installing: /home/robot_ws/install/nsc_core/local/lib/python3.10/dist-packages/src-0.0.0-py3.10.egg-info/dependency_links.txt\n'}
[0.657221] (nsc_core) StdoutLine: {'line': b'-- Up-to-date: /home/robot_ws/install/nsc_core/local/lib/python3.10/dist-packages/src\n'}
[0.657377] (nsc_core) StdoutLine: {'line': b'-- Up-to-date: /home/robot_ws/install/nsc_core/local/lib/python3.10/dist-packages/src/__init__.py\n'}
[0.701114] (-) TimerEvent: {}
[0.712861] (nsc_description) StdoutLine: {'line': b"Listing '/home/robot_ws/install/nsc_description/local/lib/python3.10/dist-packages/src'...\n"}
[0.716652] (nsc_core) StdoutLine: {'line': b"Listing '/home/robot_ws/install/nsc_core/local/lib/python3.10/dist-packages/src'...\n"}
[0.721125] (nsc_description) StdoutLine: {'line': b'-- Up-to-date: /home/robot_ws/install/nsc_description/share/nsc_description/urdf\n'}
[0.721484] (nsc_description) StdoutLine: {'line': b'-- Installing: /home/robot_ws/install/nsc_description/share/nsc_description/urdf/leg.urdf.xacro\n'}
[0.721752] (nsc_description) StdoutLine: {'line': b'-- Up-to-date: /home/robot_ws/install/nsc_description/share/nsc_description/urdf/model\n'}
[0.722299] (nsc_description) StdoutLine: {'line': b'-- Up-to-date: /home/robot_ws/install/nsc_description/share/nsc_description/urdf/arm.urdf.xacro\n'}
[0.722624] (nsc_description) StdoutLine: {'line': b'-- Up-to-date: /home/robot_ws/install/nsc_description/share/nsc_description/urdf/base.urdf.xacro\n'}
[0.722893] (nsc_description) StdoutLine: {'line': b'-- Up-to-date: /home/robot_ws/install/nsc_description/share/nsc_description/urdf/head.urdf.xacro\n'}
[0.723107] (nsc_description) StdoutLine: {'line': b'-- Installing: /home/robot_ws/install/nsc_description/share/nsc_description/urdf/properties.urdf.xacro\n'}
[0.723332] (nsc_description) StdoutLine: {'line': b'-- Installing: /home/robot_ws/install/nsc_description/share/nsc_description/urdf/robot.urdf.xacro\n'}
[0.723547] (nsc_description) StdoutLine: {'line': b'-- Up-to-date: /home/robot_ws/install/nsc_description/share/nsc_description/urdf/top_leg.urdf.xacro\n'}
[0.723699] (nsc_description) StdoutLine: {'line': b'-- Up-to-date: /home/robot_ws/install/nsc_description/share/nsc_description/launch\n'}
[0.723870] (nsc_description) StdoutLine: {'line': b'-- Up-to-date: /home/robot_ws/install/nsc_description/share/nsc_description/launch/description.launch.py\n'}
[0.724081] (nsc_description) StdoutLine: {'line': b'-- Up-to-date: /home/robot_ws/install/nsc_description/share/nsc_description/rviz\n'}
[0.724230] (nsc_description) StdoutLine: {'line': b'-- Up-to-date: /home/robot_ws/install/nsc_description/share/nsc_description/src\n'}
[0.724376] (nsc_description) StdoutLine: {'line': b'-- Up-to-date: /home/robot_ws/install/nsc_description/share/nsc_description/src/__init__.py\n'}
[0.724520] (nsc_description) StdoutLine: {'line': b'-- Up-to-date: /home/robot_ws/install/nsc_description/share/ament_index/resource_index/package_run_dependencies/nsc_description\n'}
[0.724710] (nsc_description) StdoutLine: {'line': b'-- Up-to-date: /home/robot_ws/install/nsc_description/share/ament_index/resource_index/parent_prefix_path/nsc_description\n'}
[0.724878] (nsc_description) StdoutLine: {'line': b'-- Up-to-date: /home/robot_ws/install/nsc_description/share/nsc_description/environment/ament_prefix_path.sh\n'}
[0.725060] (nsc_description) StdoutLine: {'line': b'-- Up-to-date: /home/robot_ws/install/nsc_description/share/nsc_description/environment/ament_prefix_path.dsv\n'}
[0.725309] (nsc_description) StdoutLine: {'line': b'-- Up-to-date: /home/robot_ws/install/nsc_description/share/nsc_description/environment/path.sh\n'}
[0.725561] (nsc_description) StdoutLine: {'line': b'-- Up-to-date: /home/robot_ws/install/nsc_description/share/nsc_description/environment/path.dsv\n'}
[0.725758] (nsc_description) StdoutLine: {'line': b'-- Up-to-date: /home/robot_ws/install/nsc_description/share/nsc_description/local_setup.bash\n'}
[0.726123] (nsc_description) StdoutLine: {'line': b'-- Up-to-date: /home/robot_ws/install/nsc_description/share/nsc_description/local_setup.sh\n'}
[0.726306] (nsc_description) StdoutLine: {'line': b'-- Up-to-date: /home/robot_ws/install/nsc_description/share/nsc_description/local_setup.zsh\n'}
[0.726479] (nsc_description) StdoutLine: {'line': b'-- Up-to-date: /home/robot_ws/install/nsc_description/share/nsc_description/local_setup.dsv\n'}
[0.726831] (nsc_description) StdoutLine: {'line': b'-- Installing: /home/robot_ws/install/nsc_description/share/nsc_description/package.dsv\n'}
[0.727158] (nsc_description) StdoutLine: {'line': b'-- Up-to-date: /home/robot_ws/install/nsc_description/share/ament_index/resource_index/packages/nsc_description\n'}
[0.727444] (nsc_description) StdoutLine: {'line': b'-- Up-to-date: /home/robot_ws/install/nsc_description/share/nsc_description/cmake/nsc_descriptionConfig.cmake\n'}
[0.727854] (nsc_description) StdoutLine: {'line': b'-- Up-to-date: /home/robot_ws/install/nsc_description/share/nsc_description/cmake/nsc_descriptionConfig-version.cmake\n'}
[0.728451] (nsc_description) StdoutLine: {'line': b'-- Up-to-date: /home/robot_ws/install/nsc_description/share/nsc_description/package.xml\n'}
[0.729868] (nsc_core) StdoutLine: {'line': b'-- Up-to-date: /home/robot_ws/install/nsc_core/share/nsc_core/src\n'}
[0.730412] (nsc_core) StdoutLine: {'line': b'-- Up-to-date: /home/robot_ws/install/nsc_core/share/nsc_core/src/__init__.py\n'}
[0.730645] (nsc_core) StdoutLine: {'line': b'-- Up-to-date: /home/robot_ws/install/nsc_core/share/ament_index/resource_index/package_run_dependencies/nsc_core\n'}
[0.730754] (nsc_core) StdoutLine: {'line': b'-- Up-to-date: /home/robot_ws/install/nsc_core/share/ament_index/resource_index/parent_prefix_path/nsc_core\n'}
[0.730858] (nsc_core) StdoutLine: {'line': b'-- Up-to-date: /home/robot_ws/install/nsc_core/share/nsc_core/environment/ament_prefix_path.sh\n'}
[0.730955] (nsc_core) StdoutLine: {'line': b'-- Up-to-date: /home/robot_ws/install/nsc_core/share/nsc_core/environment/ament_prefix_path.dsv\n'}
[0.731048] (nsc_core) StdoutLine: {'line': b'-- Up-to-date: /home/robot_ws/install/nsc_core/share/nsc_core/environment/path.sh\n'}
[0.731141] (nsc_core) StdoutLine: {'line': b'-- Up-to-date: /home/robot_ws/install/nsc_core/share/nsc_core/environment/path.dsv\n'}
[0.731234] (nsc_core) StdoutLine: {'line': b'-- Up-to-date: /home/robot_ws/install/nsc_core/share/nsc_core/local_setup.bash\n'}
[0.731330] (nsc_core) StdoutLine: {'line': b'-- Up-to-date: /home/robot_ws/install/nsc_core/share/nsc_core/local_setup.sh\n'}
[0.731421] (nsc_core) StdoutLine: {'line': b'-- Up-to-date: /home/robot_ws/install/nsc_core/share/nsc_core/local_setup.zsh\n'}
[0.731512] (nsc_core) StdoutLine: {'line': b'-- Up-to-date: /home/robot_ws/install/nsc_core/share/nsc_core/local_setup.dsv\n'}
[0.731602] (nsc_core) StdoutLine: {'line': b'-- Installing: /home/robot_ws/install/nsc_core/share/nsc_core/package.dsv\n'}
[0.731715] (nsc_core) StdoutLine: {'line': b'-- Up-to-date: /home/robot_ws/install/nsc_core/share/ament_index/resource_index/packages/nsc_core\n'}
[0.731812] (nsc_core) StdoutLine: {'line': b'-- Up-to-date: /home/robot_ws/install/nsc_core/share/nsc_core/cmake/nsc_coreConfig.cmake\n'}
[0.732089] (nsc_core) StdoutLine: {'line': b'-- Up-to-date: /home/robot_ws/install/nsc_core/share/nsc_core/cmake/nsc_coreConfig-version.cmake\n'}
[0.732188] (nsc_core) StdoutLine: {'line': b'-- Up-to-date: /home/robot_ws/install/nsc_core/share/nsc_core/package.xml\n'}
[0.732280] (nsc_description) CommandEnded: {'returncode': 0}
[0.759135] (nsc_core) CommandEnded: {'returncode': 0}
[0.802770] (-) TimerEvent: {}
[0.807211] (nsc_description) JobEnded: {'identifier': 'nsc_description', 'rc': 0}
[0.820538] (nsc_core) JobEnded: {'identifier': 'nsc_core', 'rc': 0}
[0.822408] (-) EventReactorShutdown: {}
