[0.012s] Invoking command in '/home/robot_ws/build/nsc_core': CMAKE_PREFIX_PATH=${CMAKE_PREFIX_PATH}:/opt/ros/humble /usr/bin/cmake --build /home/robot_ws/build/nsc_core -- -j16 -l16
[0.077s] -- Found ament_cmake: 1.3.9 (/opt/ros/humble/share/ament_cmake/cmake)
[0.176s] -- Found rclpy: 3.3.13 (/opt/ros/humble/share/rclpy/cmake)
[0.217s] -- Found ament_lint_auto: 0.12.11 (/opt/ros/humble/share/ament_lint_auto/cmake)
[0.266s] -- Added test 'copyright' to check source files copyright and LICENSE
[0.267s] -- Added test 'flake8' to check Python code syntax and style conventions
[0.267s] -- Added test 'lint_cmake' to check CMake code style
[0.267s] -- Added test 'pep257' to check Python code against some of the docstring style conventions in PEP 257
[0.268s] -- Added test 'xmllint' to check XML markup files
[0.269s] -- Configuring done
[0.272s] -- Generating done
[0.273s] -- Build files have been written to: /home/robot_ws/build/nsc_core
[0.294s] Built target ament_cmake_python_copy_src
[0.414s] running egg_info
[0.414s] writing src.egg-info/PKG-INFO
[0.414s] writing dependency_links to src.egg-info/dependency_links.txt
[0.414s] writing top-level names to src.egg-info/top_level.txt
[0.415s] reading manifest file 'src.egg-info/SOURCES.txt'
[0.416s] writing manifest file 'src.egg-info/SOURCES.txt'
[0.433s] Built target ament_cmake_python_build_src_egg
[0.440s] Invoked command in '/home/robot_ws/build/nsc_core' returned '0': CMAKE_PREFIX_PATH=${CMAKE_PREFIX_PATH}:/opt/ros/humble /usr/bin/cmake --build /home/robot_ws/build/nsc_core -- -j16 -l16
[0.456s] Invoking command in '/home/robot_ws/build/nsc_core': CMAKE_PREFIX_PATH=${CMAKE_PREFIX_PATH}:/opt/ros/humble /usr/bin/cmake --install /home/robot_ws/build/nsc_core
[0.461s] -- Install configuration: ""
[0.461s] -- Up-to-date: /home/robot_ws/install/nsc_core/share/nsc_core/environment/pythonpath.sh
[0.461s] -- Installing: /home/robot_ws/install/nsc_core/share/nsc_core/environment/pythonpath.dsv
[0.461s] -- Up-to-date: /home/robot_ws/install/nsc_core/local/lib/python3.10/dist-packages/src-0.0.0-py3.10.egg-info
[0.461s] -- Installing: /home/robot_ws/install/nsc_core/local/lib/python3.10/dist-packages/src-0.0.0-py3.10.egg-info/top_level.txt
[0.461s] -- Installing: /home/robot_ws/install/nsc_core/local/lib/python3.10/dist-packages/src-0.0.0-py3.10.egg-info/SOURCES.txt
[0.462s] -- Installing: /home/robot_ws/install/nsc_core/local/lib/python3.10/dist-packages/src-0.0.0-py3.10.egg-info/PKG-INFO
[0.462s] -- Installing: /home/robot_ws/install/nsc_core/local/lib/python3.10/dist-packages/src-0.0.0-py3.10.egg-info/dependency_links.txt
[0.462s] -- Up-to-date: /home/robot_ws/install/nsc_core/local/lib/python3.10/dist-packages/src
[0.462s] -- Installing: /home/robot_ws/install/nsc_core/local/lib/python3.10/dist-packages/src/arm_control.py
[0.462s] -- Installing: /home/robot_ws/install/nsc_core/local/lib/python3.10/dist-packages/src/tempCodeRunnerFile.py
[0.462s] -- Up-to-date: /home/robot_ws/install/nsc_core/local/lib/python3.10/dist-packages/src/__init__.py
[0.462s] -- Installing: /home/robot_ws/install/nsc_core/local/lib/python3.10/dist-packages/src/gui.py
[0.483s] Listing '/home/robot_ws/install/nsc_core/local/lib/python3.10/dist-packages/src'...
[0.483s] Compiling '/home/robot_ws/install/nsc_core/local/lib/python3.10/dist-packages/src/arm_control.py'...
[0.484s] Compiling '/home/robot_ws/install/nsc_core/local/lib/python3.10/dist-packages/src/gui.py'...
[0.484s] Compiling '/home/robot_ws/install/nsc_core/local/lib/python3.10/dist-packages/src/tempCodeRunnerFile.py'...
[0.486s] -- Up-to-date: /home/robot_ws/install/nsc_core/share/nsc_core/src
[0.486s] -- Installing: /home/robot_ws/install/nsc_core/share/nsc_core/src/arm_control.py
[0.486s] -- Installing: /home/robot_ws/install/nsc_core/share/nsc_core/src/tempCodeRunnerFile.py
[0.486s] -- Up-to-date: /home/robot_ws/install/nsc_core/share/nsc_core/src/__init__.py
[0.486s] -- Installing: /home/robot_ws/install/nsc_core/share/nsc_core/src/gui.py
[0.486s] -- Installing: /home/robot_ws/install/nsc_core/share/nsc_core/launch
[0.487s] -- Installing: /home/robot_ws/install/nsc_core/share/nsc_core/launch/imu.launch.py
[0.487s] -- Installing: /home/robot_ws/install/nsc_core/share/nsc_core/config
[0.487s] -- Installing: /home/robot_ws/install/nsc_core/share/nsc_core/config/ekf.yaml
[0.487s] -- Installing: /home/robot_ws/install/nsc_core/share/nsc_core/config/ekf2.yaml
[0.487s] -- Up-to-date: /home/robot_ws/install/nsc_core/share/ament_index/resource_index/package_run_dependencies/nsc_core
[0.487s] -- Installing: /home/robot_ws/install/nsc_core/share/ament_index/resource_index/parent_prefix_path/nsc_core
[0.487s] -- Up-to-date: /home/robot_ws/install/nsc_core/share/nsc_core/environment/ament_prefix_path.sh
[0.487s] -- Installing: /home/robot_ws/install/nsc_core/share/nsc_core/environment/ament_prefix_path.dsv
[0.487s] -- Up-to-date: /home/robot_ws/install/nsc_core/share/nsc_core/environment/path.sh
[0.487s] -- Installing: /home/robot_ws/install/nsc_core/share/nsc_core/environment/path.dsv
[0.487s] -- Up-to-date: /home/robot_ws/install/nsc_core/share/nsc_core/local_setup.bash
[0.487s] -- Up-to-date: /home/robot_ws/install/nsc_core/share/nsc_core/local_setup.sh
[0.487s] -- Up-to-date: /home/robot_ws/install/nsc_core/share/nsc_core/local_setup.zsh
[0.487s] -- Installing: /home/robot_ws/install/nsc_core/share/nsc_core/local_setup.dsv
[0.487s] -- Installing: /home/robot_ws/install/nsc_core/share/nsc_core/package.dsv
[0.487s] -- Up-to-date: /home/robot_ws/install/nsc_core/share/ament_index/resource_index/packages/nsc_core
[0.487s] -- Up-to-date: /home/robot_ws/install/nsc_core/share/nsc_core/cmake/nsc_coreConfig.cmake
[0.487s] -- Up-to-date: /home/robot_ws/install/nsc_core/share/nsc_core/cmake/nsc_coreConfig-version.cmake
[0.487s] -- Up-to-date: /home/robot_ws/install/nsc_core/share/nsc_core/package.xml
[0.488s] Invoked command in '/home/robot_ws/build/nsc_core' returned '0': CMAKE_PREFIX_PATH=${CMAKE_PREFIX_PATH}:/opt/ros/humble /usr/bin/cmake --install /home/robot_ws/build/nsc_core
