[0.000000] (-) TimerEvent: {}
[0.000091] (nsc_core) JobQueued: {'identifier': 'nsc_core', 'dependencies': OrderedDict()}
[0.000109] (nsc_description) JobQueued: {'identifier': 'nsc_description', 'dependencies': OrderedDict()}
[0.000160] (nsc_core) JobStarted: {'identifier': 'nsc_core'}
[0.004296] (nsc_description) JobStarted: {'identifier': 'nsc_description'}
[0.007157] (nsc_core) JobProgress: {'identifier': 'nsc_core', 'progress': 'cmake'}
[0.007492] (nsc_core) JobProgress: {'identifier': 'nsc_core', 'progress': 'build'}
[0.007857] (nsc_core) Command: {'cmd': ['/usr/bin/cmake', '--build', '/home/robot_ws/build/nsc_core', '--', '-j16', '-l16'], 'cwd': '/home/robot_ws/build/nsc_core', 'env': OrderedDict([('HOSTNAME', 'entity014'), ('SHLVL', '1'), ('LD_LIBRARY_PATH', '/usr/lib/x86_64-linux-gnu/gazebo-11/plugins:/opt/ros/humble/opt/rviz_ogre_vendor/lib:/opt/ros/humble/lib/x86_64-linux-gnu:/opt/ros/humble/lib'), ('HOME', '/home'), ('ROS_PYTHON_VERSION', '3'), ('COLCON_PREFIX_PATH', '/home/robot_ws/install'), ('ROS_DISTRO', 'humble'), ('_', '/usr/bin/colcon'), ('ROS_VERSION', '2'), ('NVIDIA_DRIVER_CAPABILITIES', 'all'), ('TERM', 'xterm'), ('ROS_LOCALHOST_ONLY', '0'), ('QT_X11_NO_MITSHM', '1'), ('PATH', '/opt/ros/humble/bin:/usr/local/sbin:/usr/local/bin:/usr/sbin:/usr/bin:/sbin:/bin'), ('XDG_RUNTIME_DIR', '/tmp/runtime-root'), ('DISPLAY', ':0'), ('LANG', 'C.UTF-8'), ('RMW_IMPLEMENTATION', 'rmw_cyclonedds_cpp'), ('ROS_DOMAIN_ID', '10'), ('AMENT_PREFIX_PATH', '/home/robot_ws/install/nsc_description:/home/robot_ws/install/nsc_core:/opt/ros/humble'), ('NO_AT_BRIDGE', '1'), ('PWD', '/home/robot_ws/build/nsc_core'), ('LC_ALL', 'C.UTF-8'), ('PYTHONPATH', '/home/robot_ws/install/nsc_description/local/lib/python3.10/dist-packages:/home/robot_ws/install/nsc_core/local/lib/python3.10/dist-packages:/opt/ros/humble/lib/python3.10/site-packages:/opt/ros/humble/local/lib/python3.10/dist-packages'), ('COLCON', '1'), ('CMAKE_PREFIX_PATH', '/home/robot_ws/install/nsc_description:/home/robot_ws/install/nsc_core:/opt/ros/humble')]), 'shell': False}
[0.009720] (nsc_description) JobProgress: {'identifier': 'nsc_description', 'progress': 'cmake'}
[0.009999] (nsc_description) JobProgress: {'identifier': 'nsc_description', 'progress': 'build'}
[0.010190] (nsc_description) Command: {'cmd': ['/usr/bin/cmake', '--build', '/home/robot_ws/build/nsc_description', '--', '-j16', '-l16'], 'cwd': '/home/robot_ws/build/nsc_description', 'env': OrderedDict([('HOSTNAME', 'entity014'), ('SHLVL', '1'), ('LD_LIBRARY_PATH', '/usr/lib/x86_64-linux-gnu/gazebo-11/plugins:/opt/ros/humble/opt/rviz_ogre_vendor/lib:/opt/ros/humble/lib/x86_64-linux-gnu:/opt/ros/humble/lib'), ('HOME', '/home'), ('ROS_PYTHON_VERSION', '3'), ('COLCON_PREFIX_PATH', '/home/robot_ws/install'), ('ROS_DISTRO', 'humble'), ('_', '/usr/bin/colcon'), ('ROS_VERSION', '2'), ('NVIDIA_DRIVER_CAPABILITIES', 'all'), ('TERM', 'xterm'), ('ROS_LOCALHOST_ONLY', '0'), ('QT_X11_NO_MITSHM', '1'), ('PATH', '/opt/ros/humble/bin:/usr/local/sbin:/usr/local/bin:/usr/sbin:/usr/bin:/sbin:/bin'), ('XDG_RUNTIME_DIR', '/tmp/runtime-root'), ('DISPLAY', ':0'), ('LANG', 'C.UTF-8'), ('RMW_IMPLEMENTATION', 'rmw_cyclonedds_cpp'), ('ROS_DOMAIN_ID', '10'), ('AMENT_PREFIX_PATH', '/home/robot_ws/install/nsc_description:/home/robot_ws/install/nsc_core:/opt/ros/humble'), ('NO_AT_BRIDGE', '1'), ('PWD', '/home/robot_ws/build/nsc_description'), ('LC_ALL', 'C.UTF-8'), ('PYTHONPATH', '/home/robot_ws/install/nsc_description/local/lib/python3.10/dist-packages:/home/robot_ws/install/nsc_core/local/lib/python3.10/dist-packages:/opt/ros/humble/lib/python3.10/site-packages:/opt/ros/humble/local/lib/python3.10/dist-packages'), ('COLCON', '1'), ('CMAKE_PREFIX_PATH', '/home/robot_ws/install/nsc_description:/home/robot_ws/install/nsc_core:/opt/ros/humble')]), 'shell': False}
[0.040535] (nsc_core) StdoutLine: {'line': b'Built target ament_cmake_python_copy_src\n'}
[0.040722] (nsc_description) StdoutLine: {'line': b'Built target ament_cmake_python_copy_src\n'}
[0.099578] (-) TimerEvent: {}
[0.166793] (nsc_core) StdoutLine: {'line': b'running egg_info\n'}
[0.167040] (nsc_core) StdoutLine: {'line': b'writing src.egg-info/PKG-INFO\n'}
[0.167235] (nsc_core) StdoutLine: {'line': b'writing dependency_links to src.egg-info/dependency_links.txt\n'}
[0.167334] (nsc_core) StdoutLine: {'line': b'writing top-level names to src.egg-info/top_level.txt\n'}
[0.168447] (nsc_core) StdoutLine: {'line': b"reading manifest file 'src.egg-info/SOURCES.txt'\n"}
[0.168612] (nsc_core) StdoutLine: {'line': b"writing manifest file 'src.egg-info/SOURCES.txt'\n"}
[0.169823] (nsc_description) StdoutLine: {'line': b'running egg_info\n'}
[0.170316] (nsc_description) StdoutLine: {'line': b'writing src.egg-info/PKG-INFO\n'}
[0.170559] (nsc_description) StdoutLine: {'line': b'writing dependency_links to src.egg-info/dependency_links.txt\n'}
[0.170772] (nsc_description) StdoutLine: {'line': b'writing top-level names to src.egg-info/top_level.txt\n'}
[0.172103] (nsc_description) StdoutLine: {'line': b"reading manifest file 'src.egg-info/SOURCES.txt'\n"}
[0.172370] (nsc_description) StdoutLine: {'line': b"writing manifest file 'src.egg-info/SOURCES.txt'\n"}
[0.186320] (nsc_core) StdoutLine: {'line': b'Built target ament_cmake_python_build_src_egg\n'}
[0.189134] (nsc_description) StdoutLine: {'line': b'Built target ament_cmake_python_build_src_egg\n'}
[0.192785] (nsc_core) CommandEnded: {'returncode': 0}
[0.194667] (nsc_description) CommandEnded: {'returncode': 0}
[0.199647] (-) TimerEvent: {}
[0.203613] (nsc_core) JobProgress: {'identifier': 'nsc_core', 'progress': 'install'}
[0.208556] (nsc_core) Command: {'cmd': ['/usr/bin/cmake', '--install', '/home/robot_ws/build/nsc_core'], 'cwd': '/home/robot_ws/build/nsc_core', 'env': OrderedDict([('HOSTNAME', 'entity014'), ('SHLVL', '1'), ('LD_LIBRARY_PATH', '/usr/lib/x86_64-linux-gnu/gazebo-11/plugins:/opt/ros/humble/opt/rviz_ogre_vendor/lib:/opt/ros/humble/lib/x86_64-linux-gnu:/opt/ros/humble/lib'), ('HOME', '/home'), ('ROS_PYTHON_VERSION', '3'), ('COLCON_PREFIX_PATH', '/home/robot_ws/install'), ('ROS_DISTRO', 'humble'), ('_', '/usr/bin/colcon'), ('ROS_VERSION', '2'), ('NVIDIA_DRIVER_CAPABILITIES', 'all'), ('TERM', 'xterm'), ('ROS_LOCALHOST_ONLY', '0'), ('QT_X11_NO_MITSHM', '1'), ('PATH', '/opt/ros/humble/bin:/usr/local/sbin:/usr/local/bin:/usr/sbin:/usr/bin:/sbin:/bin'), ('XDG_RUNTIME_DIR', '/tmp/runtime-root'), ('DISPLAY', ':0'), ('LANG', 'C.UTF-8'), ('RMW_IMPLEMENTATION', 'rmw_cyclonedds_cpp'), ('ROS_DOMAIN_ID', '10'), ('AMENT_PREFIX_PATH', '/home/robot_ws/install/nsc_description:/home/robot_ws/install/nsc_core:/opt/ros/humble'), ('NO_AT_BRIDGE', '1'), ('PWD', '/home/robot_ws/build/nsc_core'), ('LC_ALL', 'C.UTF-8'), ('PYTHONPATH', '/home/robot_ws/install/nsc_description/local/lib/python3.10/dist-packages:/home/robot_ws/install/nsc_core/local/lib/python3.10/dist-packages:/opt/ros/humble/lib/python3.10/site-packages:/opt/ros/humble/local/lib/python3.10/dist-packages'), ('COLCON', '1'), ('CMAKE_PREFIX_PATH', '/home/robot_ws/install/nsc_description:/home/robot_ws/install/nsc_core:/opt/ros/humble')]), 'shell': False}
[0.209751] (nsc_description) JobProgress: {'identifier': 'nsc_description', 'progress': 'install'}
[0.210073] (nsc_description) Command: {'cmd': ['/usr/bin/cmake', '--install', '/home/robot_ws/build/nsc_description'], 'cwd': '/home/robot_ws/build/nsc_description', 'env': OrderedDict([('HOSTNAME', 'entity014'), ('SHLVL', '1'), ('LD_LIBRARY_PATH', '/usr/lib/x86_64-linux-gnu/gazebo-11/plugins:/opt/ros/humble/opt/rviz_ogre_vendor/lib:/opt/ros/humble/lib/x86_64-linux-gnu:/opt/ros/humble/lib'), ('HOME', '/home'), ('ROS_PYTHON_VERSION', '3'), ('COLCON_PREFIX_PATH', '/home/robot_ws/install'), ('ROS_DISTRO', 'humble'), ('_', '/usr/bin/colcon'), ('ROS_VERSION', '2'), ('NVIDIA_DRIVER_CAPABILITIES', 'all'), ('TERM', 'xterm'), ('ROS_LOCALHOST_ONLY', '0'), ('QT_X11_NO_MITSHM', '1'), ('PATH', '/opt/ros/humble/bin:/usr/local/sbin:/usr/local/bin:/usr/sbin:/usr/bin:/sbin:/bin'), ('XDG_RUNTIME_DIR', '/tmp/runtime-root'), ('DISPLAY', ':0'), ('LANG', 'C.UTF-8'), ('RMW_IMPLEMENTATION', 'rmw_cyclonedds_cpp'), ('ROS_DOMAIN_ID', '10'), ('AMENT_PREFIX_PATH', '/home/robot_ws/install/nsc_description:/home/robot_ws/install/nsc_core:/opt/ros/humble'), ('NO_AT_BRIDGE', '1'), ('PWD', '/home/robot_ws/build/nsc_description'), ('LC_ALL', 'C.UTF-8'), ('PYTHONPATH', '/home/robot_ws/install/nsc_description/local/lib/python3.10/dist-packages:/home/robot_ws/install/nsc_core/local/lib/python3.10/dist-packages:/opt/ros/humble/lib/python3.10/site-packages:/opt/ros/humble/local/lib/python3.10/dist-packages'), ('COLCON', '1'), ('CMAKE_PREFIX_PATH', '/home/robot_ws/install/nsc_description:/home/robot_ws/install/nsc_core:/opt/ros/humble')]), 'shell': False}
[0.213174] (nsc_core) StdoutLine: {'line': b'-- Install configuration: ""\n'}
[0.213300] (nsc_core) StdoutLine: {'line': b'-- Up-to-date: /home/robot_ws/install/nsc_core/share/nsc_core/environment/pythonpath.sh\n'}
[0.213389] (nsc_core) StdoutLine: {'line': b'-- Up-to-date: /home/robot_ws/install/nsc_core/share/nsc_core/environment/pythonpath.dsv\n'}
[0.213479] (nsc_core) StdoutLine: {'line': b'-- Up-to-date: /home/robot_ws/install/nsc_core/local/lib/python3.10/dist-packages/src-0.0.0-py3.10.egg-info\n'}
[0.213589] (nsc_core) StdoutLine: {'line': b'-- Installing: /home/robot_ws/install/nsc_core/local/lib/python3.10/dist-packages/src-0.0.0-py3.10.egg-info/top_level.txt\n'}
[0.213660] (nsc_core) StdoutLine: {'line': b'-- Installing: /home/robot_ws/install/nsc_core/local/lib/python3.10/dist-packages/src-0.0.0-py3.10.egg-info/SOURCES.txt\n'}
[0.213728] (nsc_core) StdoutLine: {'line': b'-- Installing: /home/robot_ws/install/nsc_core/local/lib/python3.10/dist-packages/src-0.0.0-py3.10.egg-info/PKG-INFO\n'}
[0.213797] (nsc_core) StdoutLine: {'line': b'-- Installing: /home/robot_ws/install/nsc_core/local/lib/python3.10/dist-packages/src-0.0.0-py3.10.egg-info/dependency_links.txt\n'}
[0.213867] (nsc_core) StdoutLine: {'line': b'-- Up-to-date: /home/robot_ws/install/nsc_core/local/lib/python3.10/dist-packages/src\n'}
[0.213936] (nsc_core) StdoutLine: {'line': b'-- Up-to-date: /home/robot_ws/install/nsc_core/local/lib/python3.10/dist-packages/src/arm_control.py\n'}
[0.214003] (nsc_core) StdoutLine: {'line': b'-- Up-to-date: /home/robot_ws/install/nsc_core/local/lib/python3.10/dist-packages/src/__init__.py\n'}
[0.214068] (nsc_core) StdoutLine: {'line': b'-- Up-to-date: /home/robot_ws/install/nsc_core/local/lib/python3.10/dist-packages/src/camera_control.py\n'}
[0.214134] (nsc_core) StdoutLine: {'line': b'-- Up-to-date: /home/robot_ws/install/nsc_core/local/lib/python3.10/dist-packages/src/gui.py\n'}
[0.214199] (nsc_core) StdoutLine: {'line': b'-- Up-to-date: /home/robot_ws/install/nsc_core/local/lib/python3.10/dist-packages/src/video_capture.py\n'}
[0.214374] (nsc_description) StdoutLine: {'line': b'-- Install configuration: ""\n'}
[0.214480] (nsc_description) StdoutLine: {'line': b'-- Up-to-date: /home/robot_ws/install/nsc_description/share/nsc_description/environment/pythonpath.sh\n'}
[0.214561] (nsc_description) StdoutLine: {'line': b'-- Up-to-date: /home/robot_ws/install/nsc_description/share/nsc_description/environment/pythonpath.dsv\n'}
[0.214682] (nsc_description) StdoutLine: {'line': b'-- Up-to-date: /home/robot_ws/install/nsc_description/local/lib/python3.10/dist-packages/src-0.0.0-py3.10.egg-info\n'}
[0.214753] (nsc_description) StdoutLine: {'line': b'-- Installing: /home/robot_ws/install/nsc_description/local/lib/python3.10/dist-packages/src-0.0.0-py3.10.egg-info/top_level.txt\n'}
[0.214822] (nsc_description) StdoutLine: {'line': b'-- Installing: /home/robot_ws/install/nsc_description/local/lib/python3.10/dist-packages/src-0.0.0-py3.10.egg-info/SOURCES.txt\n'}
[0.214921] (nsc_description) StdoutLine: {'line': b'-- Installing: /home/robot_ws/install/nsc_description/local/lib/python3.10/dist-packages/src-0.0.0-py3.10.egg-info/PKG-INFO\n'}
[0.214989] (nsc_description) StdoutLine: {'line': b'-- Installing: /home/robot_ws/install/nsc_description/local/lib/python3.10/dist-packages/src-0.0.0-py3.10.egg-info/dependency_links.txt\n'}
[0.215054] (nsc_description) StdoutLine: {'line': b'-- Up-to-date: /home/robot_ws/install/nsc_description/local/lib/python3.10/dist-packages/src\n'}
[0.215128] (nsc_description) StdoutLine: {'line': b'-- Up-to-date: /home/robot_ws/install/nsc_description/local/lib/python3.10/dist-packages/src/__init__.py\n'}
[0.232058] (nsc_core) StdoutLine: {'line': b"Listing '/home/robot_ws/install/nsc_core/local/lib/python3.10/dist-packages/src'...\n"}
[0.232811] (nsc_description) StdoutLine: {'line': b"Listing '/home/robot_ws/install/nsc_description/local/lib/python3.10/dist-packages/src'...\n"}
[0.234637] (nsc_core) StdoutLine: {'line': b'-- Up-to-date: /home/robot_ws/install/nsc_core/share/nsc_core/src\n'}
[0.234950] (nsc_core) StdoutLine: {'line': b'-- Up-to-date: /home/robot_ws/install/nsc_core/share/nsc_core/src/arm_control.py\n'}
[0.235069] (nsc_core) StdoutLine: {'line': b'-- Up-to-date: /home/robot_ws/install/nsc_core/share/nsc_core/src/__init__.py\n'}
[0.235161] (nsc_core) StdoutLine: {'line': b'-- Up-to-date: /home/robot_ws/install/nsc_core/share/nsc_core/src/camera_control.py\n'}
[0.235227] (nsc_core) StdoutLine: {'line': b'-- Up-to-date: /home/robot_ws/install/nsc_core/share/nsc_core/src/gui.py\n'}
[0.235290] (nsc_core) StdoutLine: {'line': b'-- Up-to-date: /home/robot_ws/install/nsc_core/share/nsc_core/src/video_capture.py\n'}
[0.235357] (nsc_core) StdoutLine: {'line': b'-- Up-to-date: /home/robot_ws/install/nsc_core/share/nsc_core/launch\n'}
[0.235604] (nsc_core) StdoutLine: {'line': b'-- Up-to-date: /home/robot_ws/install/nsc_core/share/nsc_core/launch/imu.launch.py\n'}
[0.235680] (nsc_core) StdoutLine: {'line': b'-- Up-to-date: /home/robot_ws/install/nsc_core/share/nsc_core/config\n'}
[0.235748] (nsc_core) StdoutLine: {'line': b'-- Up-to-date: /home/robot_ws/install/nsc_core/share/ament_index/resource_index/package_run_dependencies/nsc_core\n'}
[0.235815] (nsc_core) StdoutLine: {'line': b'-- Up-to-date: /home/robot_ws/install/nsc_core/share/ament_index/resource_index/parent_prefix_path/nsc_core\n'}
[0.235972] (nsc_core) StdoutLine: {'line': b'-- Up-to-date: /home/robot_ws/install/nsc_core/share/nsc_core/environment/ament_prefix_path.sh\n'}
[0.236083] (nsc_core) StdoutLine: {'line': b'-- Up-to-date: /home/robot_ws/install/nsc_core/share/nsc_core/environment/ament_prefix_path.dsv\n'}
[0.236188] (nsc_core) StdoutLine: {'line': b'-- Up-to-date: /home/robot_ws/install/nsc_core/share/nsc_core/environment/path.sh\n'}
[0.236255] (nsc_core) StdoutLine: {'line': b'-- Up-to-date: /home/robot_ws/install/nsc_core/share/nsc_core/environment/path.dsv\n'}
[0.236466] (nsc_core) StdoutLine: {'line': b'-- Up-to-date: /home/robot_ws/install/nsc_core/share/nsc_core/local_setup.bash\n'}
[0.236576] (nsc_core) StdoutLine: {'line': b'-- Up-to-date: /home/robot_ws/install/nsc_core/share/nsc_core/local_setup.sh\n'}
[0.236686] (nsc_core) StdoutLine: {'line': b'-- Up-to-date: /home/robot_ws/install/nsc_core/share/nsc_core/local_setup.zsh\n'}
[0.237172] (nsc_core) StdoutLine: {'line': b'-- Up-to-date: /home/robot_ws/install/nsc_core/share/nsc_core/local_setup.dsv\n'}
[0.237327] (nsc_core) StdoutLine: {'line': b'-- Installing: /home/robot_ws/install/nsc_core/share/nsc_core/package.dsv\n'}
[0.237462] (nsc_core) StdoutLine: {'line': b'-- Up-to-date: /home/robot_ws/install/nsc_core/share/ament_index/resource_index/packages/nsc_core\n'}
[0.237586] (nsc_core) StdoutLine: {'line': b'-- Up-to-date: /home/robot_ws/install/nsc_core/share/nsc_core/cmake/nsc_coreConfig.cmake\n'}
[0.237654] (nsc_core) StdoutLine: {'line': b'-- Up-to-date: /home/robot_ws/install/nsc_core/share/nsc_core/cmake/nsc_coreConfig-version.cmake\n'}
[0.237698] (nsc_core) StdoutLine: {'line': b'-- Up-to-date: /home/robot_ws/install/nsc_core/share/nsc_core/package.xml\n'}
[0.237739] (nsc_description) StdoutLine: {'line': b'-- Up-to-date: /home/robot_ws/install/nsc_description/share/nsc_description/urdf\n'}
[0.237784] (nsc_description) StdoutLine: {'line': b'-- Up-to-date: /home/robot_ws/install/nsc_description/share/nsc_description/urdf/leg.urdf.xacro\n'}
[0.237824] (nsc_description) StdoutLine: {'line': b'-- Up-to-date: /home/robot_ws/install/nsc_description/share/nsc_description/urdf/model\n'}
[0.237863] (nsc_description) StdoutLine: {'line': b'-- Up-to-date: /home/robot_ws/install/nsc_description/share/nsc_description/urdf/model/left_leg2.stl\n'}
[0.237910] (nsc_description) StdoutLine: {'line': b'-- Up-to-date: /home/robot_ws/install/nsc_description/share/nsc_description/urdf/model/right_leg3.stl\n'}
[0.237950] (nsc_description) StdoutLine: {'line': b'-- Up-to-date: /home/robot_ws/install/nsc_description/share/nsc_description/urdf/model/left_leg1.stl\n'}
[0.237991] (nsc_description) StdoutLine: {'line': b'-- Up-to-date: /home/robot_ws/install/nsc_description/share/nsc_description/urdf/model/right_arm1.stl\n'}
[0.238076] (nsc_description) StdoutLine: {'line': b'-- Up-to-date: /home/robot_ws/install/nsc_description/share/nsc_description/urdf/model/right_arm4.stl\n'}
[0.238136] (nsc_description) StdoutLine: {'line': b'-- Up-to-date: /home/robot_ws/install/nsc_description/share/nsc_description/urdf/model/left_arm2.stl\n'}
[0.238186] (nsc_description) StdoutLine: {'line': b'-- Up-to-date: /home/robot_ws/install/nsc_description/share/nsc_description/urdf/model/left_arm3.stl\n'}
[0.238284] (nsc_description) StdoutLine: {'line': b'-- Up-to-date: /home/robot_ws/install/nsc_description/share/nsc_description/urdf/model/right_leg2.stl\n'}
[0.238375] (nsc_description) StdoutLine: {'line': b'-- Up-to-date: /home/robot_ws/install/nsc_description/share/nsc_description/urdf/model/left_arm1.stl\n'}
[0.238542] (nsc_description) StdoutLine: {'line': b'-- Up-to-date: /home/robot_ws/install/nsc_description/share/nsc_description/urdf/model/left_leg3.stl\n'}
[0.238600] (nsc_description) StdoutLine: {'line': b'-- Up-to-date: /home/robot_ws/install/nsc_description/share/nsc_description/urdf/model/body.stl\n'}
[0.238655] (nsc_description) StdoutLine: {'line': b'-- Up-to-date: /home/robot_ws/install/nsc_description/share/nsc_description/urdf/model/right_leg1.stl\n'}
[0.238702] (nsc_description) StdoutLine: {'line': b'-- Up-to-date: /home/robot_ws/install/nsc_description/share/nsc_description/urdf/model/left_arm4.stl\n'}
[0.238755] (nsc_description) StdoutLine: {'line': b'-- Up-to-date: /home/robot_ws/install/nsc_description/share/nsc_description/urdf/model/head.stl\n'}
[0.238798] (nsc_description) StdoutLine: {'line': b'-- Up-to-date: /home/robot_ws/install/nsc_description/share/nsc_description/urdf/model/right_arm3.stl\n'}
[0.238929] (nsc_description) StdoutLine: {'line': b'-- Up-to-date: /home/robot_ws/install/nsc_description/share/nsc_description/urdf/model/right_arm2.stl\n'}
[0.238979] (nsc_description) StdoutLine: {'line': b'-- Up-to-date: /home/robot_ws/install/nsc_description/share/nsc_description/urdf/top_arm.urdf.xacro\n'}
[0.239026] (nsc_description) StdoutLine: {'line': b'-- Up-to-date: /home/robot_ws/install/nsc_description/share/nsc_description/urdf/bottom_leg.urdf.xacro\n'}
[0.239075] (nsc_description) StdoutLine: {'line': b'-- Up-to-date: /home/robot_ws/install/nsc_description/share/nsc_description/urdf/arm.urdf.xacro\n'}
[0.239148] (nsc_description) StdoutLine: {'line': b'-- Up-to-date: /home/robot_ws/install/nsc_description/share/nsc_description/urdf/foot.urdf.xacro\n'}
[0.239194] (nsc_description) StdoutLine: {'line': b'-- Up-to-date: /home/robot_ws/install/nsc_description/share/nsc_description/urdf/base.urdf.xacro\n'}
[0.239233] (nsc_description) StdoutLine: {'line': b'-- Up-to-date: /home/robot_ws/install/nsc_description/share/nsc_description/urdf/head.urdf.xacro\n'}
[0.239314] (nsc_description) StdoutLine: {'line': b'-- Up-to-date: /home/robot_ws/install/nsc_description/share/nsc_description/urdf/camera.transmission.xacro\n'}
[0.239367] (nsc_description) StdoutLine: {'line': b'-- Up-to-date: /home/robot_ws/install/nsc_description/share/nsc_description/urdf/properties.urdf.xacro\n'}
[0.239517] (nsc_description) StdoutLine: {'line': b'-- Up-to-date: /home/robot_ws/install/nsc_description/share/nsc_description/urdf/finger.urdf.xacro\n'}
[0.239588] (nsc_description) StdoutLine: {'line': b'-- Up-to-date: /home/robot_ws/install/nsc_description/share/nsc_description/urdf/leg.transmission.xacro\n'}
[0.239662] (nsc_description) StdoutLine: {'line': b'-- Up-to-date: /home/robot_ws/install/nsc_description/share/nsc_description/urdf/hand.urdf.xacro\n'}
[0.239707] (nsc_description) StdoutLine: {'line': b'-- Installing: /home/robot_ws/install/nsc_description/share/nsc_description/urdf/camera.urdf.xacro\n'}
[0.239792] (nsc_description) StdoutLine: {'line': b'-- Up-to-date: /home/robot_ws/install/nsc_description/share/nsc_description/urdf/top_foot.urdf.xacro\n'}
[0.239837] (nsc_description) StdoutLine: {'line': b'-- Up-to-date: /home/robot_ws/install/nsc_description/share/nsc_description/urdf/robot.urdf.xacro\n'}
[0.239918] (nsc_description) StdoutLine: {'line': b'-- Up-to-date: /home/robot_ws/install/nsc_description/share/nsc_description/urdf/top_leg.urdf.xacro\n'}
[0.239972] (nsc_description) StdoutLine: {'line': b'-- Up-to-date: /home/robot_ws/install/nsc_description/share/nsc_description/urdf/arm.transmission.xacro\n'}
[0.240121] (nsc_description) StdoutLine: {'line': b'-- Up-to-date: /home/robot_ws/install/nsc_description/share/nsc_description/launch\n'}
[0.240227] (nsc_description) StdoutLine: {'line': b'-- Up-to-date: /home/robot_ws/install/nsc_description/share/nsc_description/launch/description.launch.py\n'}
[0.240294] (nsc_description) StdoutLine: {'line': b'-- Up-to-date: /home/robot_ws/install/nsc_description/share/nsc_description/launch/gazebo.launch.py\n'}
[0.240378] (nsc_description) StdoutLine: {'line': b'-- Up-to-date: /home/robot_ws/install/nsc_description/share/nsc_description/rviz\n'}
[0.240426] (nsc_description) StdoutLine: {'line': b'-- Up-to-date: /home/robot_ws/install/nsc_description/share/nsc_description/src\n'}
[0.240577] (nsc_description) StdoutLine: {'line': b'-- Up-to-date: /home/robot_ws/install/nsc_description/share/nsc_description/src/__init__.py\n'}
[0.240861] (nsc_description) StdoutLine: {'line': b'-- Up-to-date: /home/robot_ws/install/nsc_description/share/nsc_description/worlds\n'}
[0.241049] (nsc_description) StdoutLine: {'line': b'-- Up-to-date: /home/robot_ws/install/nsc_description/share/nsc_description/worlds/world.world\n'}
[0.241099] (nsc_description) StdoutLine: {'line': b'-- Up-to-date: /home/robot_ws/install/nsc_description/share/nsc_description/config\n'}
[0.241139] (nsc_description) StdoutLine: {'line': b'-- Up-to-date: /home/robot_ws/install/nsc_description/share/nsc_description/config/controllers.yaml\n'}
[0.241179] (nsc_description) StdoutLine: {'line': b'-- Up-to-date: /home/robot_ws/install/nsc_description/share/ament_index/resource_index/package_run_dependencies/nsc_description\n'}
[0.241339] (nsc_description) StdoutLine: {'line': b'-- Up-to-date: /home/robot_ws/install/nsc_description/share/ament_index/resource_index/parent_prefix_path/nsc_description\n'}
[0.241382] (nsc_description) StdoutLine: {'line': b'-- Up-to-date: /home/robot_ws/install/nsc_description/share/nsc_description/environment/ament_prefix_path.sh\n'}
[0.241422] (nsc_description) StdoutLine: {'line': b'-- Up-to-date: /home/robot_ws/install/nsc_description/share/nsc_description/environment/ament_prefix_path.dsv\n'}
[0.241466] (nsc_description) StdoutLine: {'line': b'-- Up-to-date: /home/robot_ws/install/nsc_description/share/nsc_description/environment/path.sh\n'}
[0.241503] (nsc_description) StdoutLine: {'line': b'-- Up-to-date: /home/robot_ws/install/nsc_description/share/nsc_description/environment/path.dsv\n'}
[0.241634] (nsc_description) StdoutLine: {'line': b'-- Up-to-date: /home/robot_ws/install/nsc_description/share/nsc_description/local_setup.bash\n'}
[0.241705] (nsc_description) StdoutLine: {'line': b'-- Up-to-date: /home/robot_ws/install/nsc_description/share/nsc_description/local_setup.sh\n'}
[0.241750] (nsc_description) StdoutLine: {'line': b'-- Up-to-date: /home/robot_ws/install/nsc_description/share/nsc_description/local_setup.zsh\n'}
[0.241800] (nsc_description) StdoutLine: {'line': b'-- Up-to-date: /home/robot_ws/install/nsc_description/share/nsc_description/local_setup.dsv\n'}
[0.241839] (nsc_description) StdoutLine: {'line': b'-- Installing: /home/robot_ws/install/nsc_description/share/nsc_description/package.dsv\n'}
[0.241894] (nsc_description) StdoutLine: {'line': b'-- Up-to-date: /home/robot_ws/install/nsc_description/share/ament_index/resource_index/packages/nsc_description\n'}
[0.241946] (nsc_description) StdoutLine: {'line': b'-- Up-to-date: /home/robot_ws/install/nsc_description/share/nsc_description/cmake/nsc_descriptionConfig.cmake\n'}
[0.241998] (nsc_description) StdoutLine: {'line': b'-- Up-to-date: /home/robot_ws/install/nsc_description/share/nsc_description/cmake/nsc_descriptionConfig-version.cmake\n'}
[0.242043] (nsc_description) StdoutLine: {'line': b'-- Up-to-date: /home/robot_ws/install/nsc_description/share/nsc_description/package.xml\n'}
[0.242087] (nsc_core) CommandEnded: {'returncode': 0}
[0.248387] (nsc_description) CommandEnded: {'returncode': 0}
[0.263990] (nsc_core) JobEnded: {'identifier': 'nsc_core', 'rc': 0}
[0.267521] (nsc_description) JobEnded: {'identifier': 'nsc_description', 'rc': 0}
[0.267859] (-) EventReactorShutdown: {}
