[0.163s] DEBUG:colcon:Command line arguments: ['/usr/bin/colcon', 'build']
[0.163s] DEBUG:colcon:Parsed command line arguments: Namespace(log_base=None, log_level=None, verb_name='build', build_base='build', install_base='install', merge_install=False, symlink_install=False, test_result_base=None, continue_on_error=False, executor='parallel', parallel_workers=16, event_handlers=None, ignore_user_meta=False, metas=['./colcon.meta'], base_paths=['.'], packages_ignore=None, packages_ignore_regex=None, paths=None, packages_up_to=None, packages_up_to_regex=None, packages_above=None, packages_above_and_dependencies=None, packages_above_depth=None, packages_select_by_dep=None, packages_skip_by_dep=None, packages_skip_up_to=None, packages_select_build_failed=False, packages_skip_build_finished=False, packages_select_test_failures=False, packages_skip_test_passed=False, packages_select=None, packages_skip=None, packages_select_regex=None, packages_skip_regex=None, packages_start=None, packages_end=None, cmake_args=None, cmake_target=None, cmake_target_skip_unavailable=False, cmake_clean_cache=False, cmake_clean_first=False, cmake_force_configure=False, ament_cmake_args=None, catkin_cmake_args=None, catkin_skip_building_tests=False, mixin_files=None, mixin=None, verb_parser=<colcon_mixin.mixin.mixin_argument.MixinArgumentDecorator object at 0x7874491f8df0>, verb_extension=<colcon_core.verb.build.BuildVerb object at 0x7874491f8880>, main=<bound method BuildVerb.main of <colcon_core.verb.build.BuildVerb object at 0x7874491f8880>>, mixin_verb=('build',))
[0.362s] Level 1:colcon.colcon_core.package_discovery:discover_packages(colcon_meta) check parameters
[0.363s] Level 1:colcon.colcon_core.package_discovery:discover_packages(recursive) check parameters
[0.363s] Level 1:colcon.colcon_core.package_discovery:discover_packages(ignore) check parameters
[0.363s] Level 1:colcon.colcon_core.package_discovery:discover_packages(path) check parameters
[0.363s] Level 1:colcon.colcon_core.package_discovery:discover_packages(colcon_meta) discover
[0.363s] Level 1:colcon.colcon_core.package_discovery:discover_packages(recursive) discover
[0.363s] INFO:colcon.colcon_core.package_discovery:Crawling recursively for packages in '/home/robot_ws'
[0.363s] Level 1:colcon.colcon_core.package_identification:_identify(.) by extensions ['ignore', 'ignore_ament_install']
[0.363s] Level 1:colcon.colcon_core.package_identification:_identify(.) by extension 'ignore'
[0.363s] Level 1:colcon.colcon_core.package_identification:_identify(.) by extension 'ignore_ament_install'
[0.363s] Level 1:colcon.colcon_core.package_identification:_identify(.) by extensions ['colcon_pkg']
[0.363s] Level 1:colcon.colcon_core.package_identification:_identify(.) by extension 'colcon_pkg'
[0.363s] Level 1:colcon.colcon_core.package_identification:_identify(.) by extensions ['colcon_meta']
[0.363s] Level 1:colcon.colcon_core.package_identification:_identify(.) by extension 'colcon_meta'
[0.363s] Level 1:colcon.colcon_core.package_identification:_identify(.) by extensions ['ros']
[0.363s] Level 1:colcon.colcon_core.package_identification:_identify(.) by extension 'ros'
[0.381s] Level 1:colcon.colcon_core.package_identification:_identify(.) by extensions ['cmake', 'python']
[0.382s] Level 1:colcon.colcon_core.package_identification:_identify(.) by extension 'cmake'
[0.382s] Level 1:colcon.colcon_core.package_identification:_identify(.) by extension 'python'
[0.382s] Level 1:colcon.colcon_core.package_identification:_identify(.) by extensions ['python_setup_py']
[0.382s] Level 1:colcon.colcon_core.package_identification:_identify(.) by extension 'python_setup_py'
[0.382s] Level 1:colcon.colcon_core.package_identification:_identify(build) by extensions ['ignore', 'ignore_ament_install']
[0.382s] Level 1:colcon.colcon_core.package_identification:_identify(build) by extension 'ignore'
[0.382s] Level 1:colcon.colcon_core.package_identification:_identify(build) ignored
[0.382s] Level 1:colcon.colcon_core.package_identification:_identify(install) by extensions ['ignore', 'ignore_ament_install']
[0.382s] Level 1:colcon.colcon_core.package_identification:_identify(install) by extension 'ignore'
[0.383s] Level 1:colcon.colcon_core.package_identification:_identify(install) ignored
[0.383s] Level 1:colcon.colcon_core.package_identification:_identify(log) by extensions ['ignore', 'ignore_ament_install']
[0.383s] Level 1:colcon.colcon_core.package_identification:_identify(log) by extension 'ignore'
[0.383s] Level 1:colcon.colcon_core.package_identification:_identify(log) ignored
[0.383s] Level 1:colcon.colcon_core.package_identification:_identify(src) by extensions ['ignore', 'ignore_ament_install']
[0.383s] Level 1:colcon.colcon_core.package_identification:_identify(src) by extension 'ignore'
[0.383s] Level 1:colcon.colcon_core.package_identification:_identify(src) by extension 'ignore_ament_install'
[0.383s] Level 1:colcon.colcon_core.package_identification:_identify(src) by extensions ['colcon_pkg']
[0.383s] Level 1:colcon.colcon_core.package_identification:_identify(src) by extension 'colcon_pkg'
[0.383s] Level 1:colcon.colcon_core.package_identification:_identify(src) by extensions ['colcon_meta']
[0.383s] Level 1:colcon.colcon_core.package_identification:_identify(src) by extension 'colcon_meta'
[0.384s] Level 1:colcon.colcon_core.package_identification:_identify(src) by extensions ['ros']
[0.384s] Level 1:colcon.colcon_core.package_identification:_identify(src) by extension 'ros'
[0.384s] Level 1:colcon.colcon_core.package_identification:_identify(src) by extensions ['cmake', 'python']
[0.384s] Level 1:colcon.colcon_core.package_identification:_identify(src) by extension 'cmake'
[0.384s] Level 1:colcon.colcon_core.package_identification:_identify(src) by extension 'python'
[0.384s] Level 1:colcon.colcon_core.package_identification:_identify(src) by extensions ['python_setup_py']
[0.384s] Level 1:colcon.colcon_core.package_identification:_identify(src) by extension 'python_setup_py'
[0.384s] Level 1:colcon.colcon_core.package_identification:_identify(src/nsc_core) by extensions ['ignore', 'ignore_ament_install']
[0.384s] Level 1:colcon.colcon_core.package_identification:_identify(src/nsc_core) by extension 'ignore'
[0.384s] Level 1:colcon.colcon_core.package_identification:_identify(src/nsc_core) by extension 'ignore_ament_install'
[0.384s] Level 1:colcon.colcon_core.package_identification:_identify(src/nsc_core) by extensions ['colcon_pkg']
[0.384s] Level 1:colcon.colcon_core.package_identification:_identify(src/nsc_core) by extension 'colcon_pkg'
[0.384s] Level 1:colcon.colcon_core.package_identification:_identify(src/nsc_core) by extensions ['colcon_meta']
[0.384s] Level 1:colcon.colcon_core.package_identification:_identify(src/nsc_core) by extension 'colcon_meta'
[0.384s] Level 1:colcon.colcon_core.package_identification:_identify(src/nsc_core) by extensions ['ros']
[0.384s] Level 1:colcon.colcon_core.package_identification:_identify(src/nsc_core) by extension 'ros'
[0.389s] DEBUG:colcon.colcon_core.package_identification:Package 'src/nsc_core' with type 'ros.ament_cmake' and name 'nsc_core'
[0.389s] Level 1:colcon.colcon_core.package_identification:_identify(src/nsc_description) by extensions ['ignore', 'ignore_ament_install']
[0.389s] Level 1:colcon.colcon_core.package_identification:_identify(src/nsc_description) by extension 'ignore'
[0.389s] Level 1:colcon.colcon_core.package_identification:_identify(src/nsc_description) by extension 'ignore_ament_install'
[0.389s] Level 1:colcon.colcon_core.package_identification:_identify(src/nsc_description) by extensions ['colcon_pkg']
[0.389s] Level 1:colcon.colcon_core.package_identification:_identify(src/nsc_description) by extension 'colcon_pkg'
[0.389s] Level 1:colcon.colcon_core.package_identification:_identify(src/nsc_description) by extensions ['colcon_meta']
[0.389s] Level 1:colcon.colcon_core.package_identification:_identify(src/nsc_description) by extension 'colcon_meta'
[0.389s] Level 1:colcon.colcon_core.package_identification:_identify(src/nsc_description) by extensions ['ros']
[0.389s] Level 1:colcon.colcon_core.package_identification:_identify(src/nsc_description) by extension 'ros'
[0.390s] DEBUG:colcon.colcon_core.package_identification:Package 'src/nsc_description' with type 'ros.ament_cmake' and name 'nsc_description'
[0.390s] Level 1:colcon.colcon_core.package_discovery:discover_packages(recursive) using defaults
[0.390s] Level 1:colcon.colcon_core.package_discovery:discover_packages(ignore) discover
[0.390s] Level 1:colcon.colcon_core.package_discovery:discover_packages(ignore) using defaults
[0.390s] Level 1:colcon.colcon_core.package_discovery:discover_packages(path) discover
[0.390s] Level 1:colcon.colcon_core.package_discovery:discover_packages(path) using defaults
[0.424s] Level 5:colcon.colcon_core.verb:set package 'nsc_core' build argument 'cmake_args' from command line to 'None'
[0.424s] Level 5:colcon.colcon_core.verb:set package 'nsc_core' build argument 'cmake_target' from command line to 'None'
[0.424s] Level 5:colcon.colcon_core.verb:set package 'nsc_core' build argument 'cmake_target_skip_unavailable' from command line to 'False'
[0.424s] Level 5:colcon.colcon_core.verb:set package 'nsc_core' build argument 'cmake_clean_cache' from command line to 'False'
[0.424s] Level 5:colcon.colcon_core.verb:set package 'nsc_core' build argument 'cmake_clean_first' from command line to 'False'
[0.424s] Level 5:colcon.colcon_core.verb:set package 'nsc_core' build argument 'cmake_force_configure' from command line to 'False'
[0.424s] Level 5:colcon.colcon_core.verb:set package 'nsc_core' build argument 'ament_cmake_args' from command line to 'None'
[0.424s] Level 5:colcon.colcon_core.verb:set package 'nsc_core' build argument 'catkin_cmake_args' from command line to 'None'
[0.424s] Level 5:colcon.colcon_core.verb:set package 'nsc_core' build argument 'catkin_skip_building_tests' from command line to 'False'
[0.424s] DEBUG:colcon.colcon_core.verb:Building package 'nsc_core' with the following arguments: {'ament_cmake_args': None, 'build_base': '/home/robot_ws/build/nsc_core', 'catkin_cmake_args': None, 'catkin_skip_building_tests': False, 'cmake_args': None, 'cmake_clean_cache': False, 'cmake_clean_first': False, 'cmake_force_configure': False, 'cmake_target': None, 'cmake_target_skip_unavailable': False, 'install_base': '/home/robot_ws/install/nsc_core', 'merge_install': False, 'path': '/home/robot_ws/src/nsc_core', 'symlink_install': False, 'test_result_base': None}
[0.424s] Level 5:colcon.colcon_core.verb:set package 'nsc_description' build argument 'cmake_args' from command line to 'None'
[0.425s] Level 5:colcon.colcon_core.verb:set package 'nsc_description' build argument 'cmake_target' from command line to 'None'
[0.425s] Level 5:colcon.colcon_core.verb:set package 'nsc_description' build argument 'cmake_target_skip_unavailable' from command line to 'False'
[0.425s] Level 5:colcon.colcon_core.verb:set package 'nsc_description' build argument 'cmake_clean_cache' from command line to 'False'
[0.425s] Level 5:colcon.colcon_core.verb:set package 'nsc_description' build argument 'cmake_clean_first' from command line to 'False'
[0.425s] Level 5:colcon.colcon_core.verb:set package 'nsc_description' build argument 'cmake_force_configure' from command line to 'False'
[0.425s] Level 5:colcon.colcon_core.verb:set package 'nsc_description' build argument 'ament_cmake_args' from command line to 'None'
[0.425s] Level 5:colcon.colcon_core.verb:set package 'nsc_description' build argument 'catkin_cmake_args' from command line to 'None'
[0.425s] Level 5:colcon.colcon_core.verb:set package 'nsc_description' build argument 'catkin_skip_building_tests' from command line to 'False'
[0.425s] DEBUG:colcon.colcon_core.verb:Building package 'nsc_description' with the following arguments: {'ament_cmake_args': None, 'build_base': '/home/robot_ws/build/nsc_description', 'catkin_cmake_args': None, 'catkin_skip_building_tests': False, 'cmake_args': None, 'cmake_clean_cache': False, 'cmake_clean_first': False, 'cmake_force_configure': False, 'cmake_target': None, 'cmake_target_skip_unavailable': False, 'install_base': '/home/robot_ws/install/nsc_description', 'merge_install': False, 'path': '/home/robot_ws/src/nsc_description', 'symlink_install': False, 'test_result_base': None}
[0.425s] INFO:colcon.colcon_core.executor:Executing jobs using 'parallel' executor
[0.426s] DEBUG:colcon.colcon_parallel_executor.executor.parallel:run_until_complete
[0.427s] INFO:colcon.colcon_ros.task.ament_cmake.build:Building ROS package in '/home/robot_ws/src/nsc_core' with build type 'ament_cmake'
[0.427s] INFO:colcon.colcon_cmake.task.cmake.build:Building CMake package in '/home/robot_ws/src/nsc_core'
[0.430s] INFO:colcon.colcon_core.plugin_system:Skipping extension 'colcon_core.shell.bat': Not used on non-Windows systems
[0.430s] INFO:colcon.colcon_core.shell:Skip shell extension 'powershell' for command environment: Not usable outside of PowerShell
[0.430s] DEBUG:colcon.colcon_core.shell:Skip shell extension 'dsv' for command environment
[0.438s] INFO:colcon.colcon_ros.task.ament_cmake.build:Building ROS package in '/home/robot_ws/src/nsc_description' with build type 'ament_cmake'
[0.438s] INFO:colcon.colcon_cmake.task.cmake.build:Building CMake package in '/home/robot_ws/src/nsc_description'
[0.438s] INFO:colcon.colcon_core.shell:Skip shell extension 'powershell' for command environment: Not usable outside of PowerShell
[0.439s] DEBUG:colcon.colcon_core.shell:Skip shell extension 'dsv' for command environment
[0.450s] DEBUG:colcon.colcon_core.event_handler.log_command:Invoking command in '/home/robot_ws/build/nsc_core': CMAKE_PREFIX_PATH=${CMAKE_PREFIX_PATH}:/opt/ros/humble /usr/bin/cmake --build /home/robot_ws/build/nsc_core -- -j16 -l16
[0.456s] DEBUG:colcon.colcon_core.event_handler.log_command:Invoking command in '/home/robot_ws/build/nsc_description': CMAKE_PREFIX_PATH=${CMAKE_PREFIX_PATH}:/opt/ros/humble /usr/bin/cmake --build /home/robot_ws/build/nsc_description -- -j16 -l16
[1.050s] DEBUG:colcon.colcon_core.event_handler.log_command:Invoked command in '/home/robot_ws/build/nsc_core' returned '0': CMAKE_PREFIX_PATH=${CMAKE_PREFIX_PATH}:/opt/ros/humble /usr/bin/cmake --build /home/robot_ws/build/nsc_core -- -j16 -l16
[1.074s] DEBUG:colcon.colcon_core.event_handler.log_command:Invoked command in '/home/robot_ws/build/nsc_description' returned '0': CMAKE_PREFIX_PATH=${CMAKE_PREFIX_PATH}:/opt/ros/humble /usr/bin/cmake --build /home/robot_ws/build/nsc_description -- -j16 -l16
[1.128s] DEBUG:colcon.colcon_core.event_handler.log_command:Invoking command in '/home/robot_ws/build/nsc_core': CMAKE_PREFIX_PATH=${CMAKE_PREFIX_PATH}:/opt/ros/humble /usr/bin/cmake --install /home/robot_ws/build/nsc_core
[1.132s] DEBUG:colcon.colcon_core.event_handler.log_command:Invoking command in '/home/robot_ws/build/nsc_description': CMAKE_PREFIX_PATH=${CMAKE_PREFIX_PATH}:/opt/ros/humble /usr/bin/cmake --install /home/robot_ws/build/nsc_description
[1.228s] Level 1:colcon.colcon_core.environment:create_environment_scripts_only(nsc_core)
[1.234s] DEBUG:colcon.colcon_core.event_handler.log_command:Invoked command in '/home/robot_ws/build/nsc_core' returned '0': CMAKE_PREFIX_PATH=${CMAKE_PREFIX_PATH}:/opt/ros/humble /usr/bin/cmake --install /home/robot_ws/build/nsc_core
[1.238s] Level 1:colcon.colcon_core.environment:checking '/home/robot_ws/install/nsc_core' for CMake module files
[1.239s] Level 1:colcon.colcon_core.environment:checking '/home/robot_ws/install/nsc_core' for CMake config files
[1.239s] Level 1:colcon.colcon_core.shell:create_environment_hook('nsc_core', 'cmake_prefix_path')
[1.240s] INFO:colcon.colcon_core.shell:Creating environment hook '/home/robot_ws/install/nsc_core/share/nsc_core/hook/cmake_prefix_path.ps1'
[1.241s] INFO:colcon.colcon_core.shell:Creating environment descriptor '/home/robot_ws/install/nsc_core/share/nsc_core/hook/cmake_prefix_path.dsv'
[1.242s] INFO:colcon.colcon_core.shell:Creating environment hook '/home/robot_ws/install/nsc_core/share/nsc_core/hook/cmake_prefix_path.sh'
[1.243s] Level 1:colcon.colcon_core.environment:checking '/home/robot_ws/install/nsc_core/bin'
[1.244s] Level 1:colcon.colcon_core.environment:checking '/home/robot_ws/install/nsc_core/lib/pkgconfig/nsc_core.pc'
[1.247s] Level 1:colcon.colcon_core.environment:checking '/home/robot_ws/install/nsc_core/lib/python3.10/site-packages'
[1.248s] Level 1:colcon.colcon_core.environment:checking '/home/robot_ws/install/nsc_core/bin'
[1.248s] INFO:colcon.colcon_core.shell:Creating package script '/home/robot_ws/install/nsc_core/share/nsc_core/package.ps1'
[1.250s] INFO:colcon.colcon_core.shell:Creating package descriptor '/home/robot_ws/install/nsc_core/share/nsc_core/package.dsv'
[1.251s] INFO:colcon.colcon_core.shell:Creating package script '/home/robot_ws/install/nsc_core/share/nsc_core/package.sh'
[1.255s] INFO:colcon.colcon_core.shell:Creating package script '/home/robot_ws/install/nsc_core/share/nsc_core/package.bash'
[1.257s] INFO:colcon.colcon_core.shell:Creating package script '/home/robot_ws/install/nsc_core/share/nsc_core/package.zsh'
[1.258s] Level 1:colcon.colcon_core.environment:create_file_with_runtime_dependencies(/home/robot_ws/install/nsc_core/share/colcon-core/packages/nsc_core)
[1.261s] Level 1:colcon.colcon_core.environment:create_environment_scripts_only(nsc_description)
[1.262s] DEBUG:colcon.colcon_core.event_handler.log_command:Invoked command in '/home/robot_ws/build/nsc_description' returned '0': CMAKE_PREFIX_PATH=${CMAKE_PREFIX_PATH}:/opt/ros/humble /usr/bin/cmake --install /home/robot_ws/build/nsc_description
[1.263s] Level 1:colcon.colcon_core.environment:checking '/home/robot_ws/install/nsc_description' for CMake module files
[1.264s] Level 1:colcon.colcon_core.environment:checking '/home/robot_ws/install/nsc_description' for CMake config files
[1.265s] Level 1:colcon.colcon_core.shell:create_environment_hook('nsc_description', 'cmake_prefix_path')
[1.266s] INFO:colcon.colcon_core.shell:Creating environment hook '/home/robot_ws/install/nsc_description/share/nsc_description/hook/cmake_prefix_path.ps1'
[1.267s] INFO:colcon.colcon_core.shell:Creating environment descriptor '/home/robot_ws/install/nsc_description/share/nsc_description/hook/cmake_prefix_path.dsv'
[1.267s] INFO:colcon.colcon_core.shell:Creating environment hook '/home/robot_ws/install/nsc_description/share/nsc_description/hook/cmake_prefix_path.sh'
[1.268s] Level 1:colcon.colcon_core.environment:checking '/home/robot_ws/install/nsc_description/bin'
[1.268s] Level 1:colcon.colcon_core.environment:checking '/home/robot_ws/install/nsc_description/lib/pkgconfig/nsc_description.pc'
[1.269s] Level 1:colcon.colcon_core.environment:checking '/home/robot_ws/install/nsc_description/lib/python3.10/site-packages'
[1.269s] Level 1:colcon.colcon_core.environment:checking '/home/robot_ws/install/nsc_description/bin'
[1.270s] INFO:colcon.colcon_core.shell:Creating package script '/home/robot_ws/install/nsc_description/share/nsc_description/package.ps1'
[1.271s] INFO:colcon.colcon_core.shell:Creating package descriptor '/home/robot_ws/install/nsc_description/share/nsc_description/package.dsv'
[1.272s] INFO:colcon.colcon_core.shell:Creating package script '/home/robot_ws/install/nsc_description/share/nsc_description/package.sh'
[1.273s] INFO:colcon.colcon_core.shell:Creating package script '/home/robot_ws/install/nsc_description/share/nsc_description/package.bash'
[1.274s] INFO:colcon.colcon_core.shell:Creating package script '/home/robot_ws/install/nsc_description/share/nsc_description/package.zsh'
[1.275s] Level 1:colcon.colcon_core.environment:create_file_with_runtime_dependencies(/home/robot_ws/install/nsc_description/share/colcon-core/packages/nsc_description)
[1.302s] Level 1:colcon.colcon_core.environment:create_environment_scripts_only(nsc_core)
[1.302s] Level 1:colcon.colcon_core.environment:checking '/home/robot_ws/install/nsc_core' for CMake module files
[1.304s] Level 1:colcon.colcon_core.environment:checking '/home/robot_ws/install/nsc_core' for CMake config files
[1.305s] Level 1:colcon.colcon_core.shell:create_environment_hook('nsc_core', 'cmake_prefix_path')
[1.305s] INFO:colcon.colcon_core.shell:Creating environment hook '/home/robot_ws/install/nsc_core/share/nsc_core/hook/cmake_prefix_path.ps1'
[1.306s] INFO:colcon.colcon_core.shell:Creating environment descriptor '/home/robot_ws/install/nsc_core/share/nsc_core/hook/cmake_prefix_path.dsv'
[1.307s] INFO:colcon.colcon_core.shell:Creating environment hook '/home/robot_ws/install/nsc_core/share/nsc_core/hook/cmake_prefix_path.sh'
[1.308s] Level 1:colcon.colcon_core.environment:checking '/home/robot_ws/install/nsc_core/bin'
[1.308s] Level 1:colcon.colcon_core.environment:checking '/home/robot_ws/install/nsc_core/lib/pkgconfig/nsc_core.pc'
[1.309s] Level 1:colcon.colcon_core.environment:checking '/home/robot_ws/install/nsc_core/lib/python3.10/site-packages'
[1.309s] Level 1:colcon.colcon_core.environment:checking '/home/robot_ws/install/nsc_core/bin'
[1.309s] INFO:colcon.colcon_core.shell:Creating package script '/home/robot_ws/install/nsc_core/share/nsc_core/package.ps1'
[1.310s] INFO:colcon.colcon_core.shell:Creating package descriptor '/home/robot_ws/install/nsc_core/share/nsc_core/package.dsv'
[1.311s] INFO:colcon.colcon_core.shell:Creating package script '/home/robot_ws/install/nsc_core/share/nsc_core/package.sh'
[1.312s] INFO:colcon.colcon_core.shell:Creating package script '/home/robot_ws/install/nsc_core/share/nsc_core/package.bash'
[1.312s] INFO:colcon.colcon_core.shell:Creating package script '/home/robot_ws/install/nsc_core/share/nsc_core/package.zsh'
[1.313s] Level 1:colcon.colcon_core.environment:create_file_with_runtime_dependencies(/home/robot_ws/install/nsc_core/share/colcon-core/packages/nsc_core)
[1.316s] Level 1:colcon.colcon_core.environment:create_environment_scripts_only(nsc_description)
[1.316s] Level 1:colcon.colcon_core.environment:checking '/home/robot_ws/install/nsc_description' for CMake module files
[1.317s] Level 1:colcon.colcon_core.environment:checking '/home/robot_ws/install/nsc_description' for CMake config files
[1.317s] Level 1:colcon.colcon_core.shell:create_environment_hook('nsc_description', 'cmake_prefix_path')
[1.318s] INFO:colcon.colcon_core.shell:Creating environment hook '/home/robot_ws/install/nsc_description/share/nsc_description/hook/cmake_prefix_path.ps1'
[1.318s] INFO:colcon.colcon_core.shell:Creating environment descriptor '/home/robot_ws/install/nsc_description/share/nsc_description/hook/cmake_prefix_path.dsv'
[1.319s] INFO:colcon.colcon_core.shell:Creating environment hook '/home/robot_ws/install/nsc_description/share/nsc_description/hook/cmake_prefix_path.sh'
[1.320s] Level 1:colcon.colcon_core.environment:checking '/home/robot_ws/install/nsc_description/bin'
[1.320s] Level 1:colcon.colcon_core.environment:checking '/home/robot_ws/install/nsc_description/lib/pkgconfig/nsc_description.pc'
[1.320s] Level 1:colcon.colcon_core.environment:checking '/home/robot_ws/install/nsc_description/lib/python3.10/site-packages'
[1.321s] Level 1:colcon.colcon_core.environment:checking '/home/robot_ws/install/nsc_description/bin'
[1.321s] INFO:colcon.colcon_core.shell:Creating package script '/home/robot_ws/install/nsc_description/share/nsc_description/package.ps1'
[1.322s] INFO:colcon.colcon_core.shell:Creating package descriptor '/home/robot_ws/install/nsc_description/share/nsc_description/package.dsv'
[1.323s] INFO:colcon.colcon_core.shell:Creating package script '/home/robot_ws/install/nsc_description/share/nsc_description/package.sh'
[1.323s] INFO:colcon.colcon_core.shell:Creating package script '/home/robot_ws/install/nsc_description/share/nsc_description/package.bash'
[1.324s] INFO:colcon.colcon_core.shell:Creating package script '/home/robot_ws/install/nsc_description/share/nsc_description/package.zsh'
[1.324s] Level 1:colcon.colcon_core.environment:create_file_with_runtime_dependencies(/home/robot_ws/install/nsc_description/share/colcon-core/packages/nsc_description)
[1.325s] DEBUG:colcon.colcon_parallel_executor.executor.parallel:closing loop
[1.325s] DEBUG:colcon.colcon_parallel_executor.executor.parallel:loop closed
[1.325s] DEBUG:colcon.colcon_parallel_executor.executor.parallel:run_until_complete finished with '0'
[1.325s] DEBUG:colcon.colcon_core.event_reactor:joining thread
[1.357s] INFO:colcon.colcon_core.plugin_system:Skipping extension 'colcon_notification.desktop_notification.notify_send': Could not find 'notify-send'
[1.358s] INFO:colcon.colcon_core.plugin_system:Skipping extension 'colcon_notification.desktop_notification.terminal_notifier': Not used on non-Darwin systems
[1.358s] INFO:colcon.colcon_core.plugin_system:Skipping extension 'colcon_notification.desktop_notification.win32': Not used on non-Windows systems
[1.358s] INFO:colcon.colcon_notification.desktop_notification:Sending desktop notification using 'notify2'
[1.363s] DEBUG:colcon.colcon_notification.desktop_notification.notify2:Failed to initialize notify2: org.freedesktop.DBus.Error.Spawn.ExecFailed: /usr/bin/dbus-launch terminated abnormally without any error message
[1.364s] DEBUG:colcon.colcon_core.event_reactor:joined thread
[1.365s] INFO:colcon.colcon_core.shell:Creating prefix script '/home/robot_ws/install/local_setup.ps1'
[1.367s] INFO:colcon.colcon_core.shell:Creating prefix util module '/home/robot_ws/install/_local_setup_util_ps1.py'
[1.370s] INFO:colcon.colcon_core.shell:Creating prefix chain script '/home/robot_ws/install/setup.ps1'
[1.372s] INFO:colcon.colcon_core.shell:Creating prefix script '/home/robot_ws/install/local_setup.sh'
[1.373s] INFO:colcon.colcon_core.shell:Creating prefix util module '/home/robot_ws/install/_local_setup_util_sh.py'
[1.373s] INFO:colcon.colcon_core.shell:Creating prefix chain script '/home/robot_ws/install/setup.sh'
[1.375s] INFO:colcon.colcon_core.shell:Creating prefix script '/home/robot_ws/install/local_setup.bash'
[1.376s] INFO:colcon.colcon_core.shell:Creating prefix chain script '/home/robot_ws/install/setup.bash'
[1.377s] INFO:colcon.colcon_core.shell:Creating prefix script '/home/robot_ws/install/local_setup.zsh'
[1.378s] INFO:colcon.colcon_core.shell:Creating prefix chain script '/home/robot_ws/install/setup.zsh'
