[0.027s] Invoking command in '/home/robot_ws/build/nsc_core': CMAKE_PREFIX_PATH=${CMAKE_PREFIX_PATH}:/opt/ros/humble /usr/bin/cmake --build /home/robot_ws/build/nsc_core -- -j16 -l16
[0.120s] Built target ament_cmake_python_copy_src
[0.557s] running egg_info
[0.558s] writing src.egg-info/PKG-INFO
[0.559s] writing dependency_links to src.egg-info/dependency_links.txt
[0.559s] writing top-level names to src.egg-info/top_level.txt
[0.563s] reading manifest file 'src.egg-info/SOURCES.txt'
[0.564s] writing manifest file 'src.egg-info/SOURCES.txt'
[0.618s] Built target ament_cmake_python_build_src_egg
[0.644s] Invoked command in '/home/robot_ws/build/nsc_core' returned '0': CMAKE_PREFIX_PATH=${CMAKE_PREFIX_PATH}:/opt/ros/humble /usr/bin/cmake --build /home/robot_ws/build/nsc_core -- -j16 -l16
[0.708s] Invoking command in '/home/robot_ws/build/nsc_core': CMAKE_PREFIX_PATH=${CMAKE_PREFIX_PATH}:/opt/ros/humble /usr/bin/cmake --install /home/robot_ws/build/nsc_core
[0.723s] -- Install configuration: ""
[0.723s] -- Up-to-date: /home/robot_ws/install/nsc_core/share/nsc_core/environment/pythonpath.sh
[0.724s] -- Up-to-date: /home/robot_ws/install/nsc_core/share/nsc_core/environment/pythonpath.dsv
[0.724s] -- Up-to-date: /home/robot_ws/install/nsc_core/local/lib/python3.10/dist-packages/src-0.0.0-py3.10.egg-info
[0.724s] -- Installing: /home/robot_ws/install/nsc_core/local/lib/python3.10/dist-packages/src-0.0.0-py3.10.egg-info/top_level.txt
[0.724s] -- Installing: /home/robot_ws/install/nsc_core/local/lib/python3.10/dist-packages/src-0.0.0-py3.10.egg-info/SOURCES.txt
[0.724s] -- Installing: /home/robot_ws/install/nsc_core/local/lib/python3.10/dist-packages/src-0.0.0-py3.10.egg-info/PKG-INFO
[0.725s] -- Installing: /home/robot_ws/install/nsc_core/local/lib/python3.10/dist-packages/src-0.0.0-py3.10.egg-info/dependency_links.txt
[0.725s] -- Up-to-date: /home/robot_ws/install/nsc_core/local/lib/python3.10/dist-packages/src
[0.725s] -- Up-to-date: /home/robot_ws/install/nsc_core/local/lib/python3.10/dist-packages/src/__init__.py
[0.794s] Listing '/home/robot_ws/install/nsc_core/local/lib/python3.10/dist-packages/src'...
[0.809s] -- Up-to-date: /home/robot_ws/install/nsc_core/share/nsc_core/src
[0.809s] -- Up-to-date: /home/robot_ws/install/nsc_core/share/nsc_core/src/__init__.py
[0.809s] -- Up-to-date: /home/robot_ws/install/nsc_core/share/ament_index/resource_index/package_run_dependencies/nsc_core
[0.810s] -- Up-to-date: /home/robot_ws/install/nsc_core/share/ament_index/resource_index/parent_prefix_path/nsc_core
[0.810s] -- Up-to-date: /home/robot_ws/install/nsc_core/share/nsc_core/environment/ament_prefix_path.sh
[0.810s] -- Up-to-date: /home/robot_ws/install/nsc_core/share/nsc_core/environment/ament_prefix_path.dsv
[0.810s] -- Up-to-date: /home/robot_ws/install/nsc_core/share/nsc_core/environment/path.sh
[0.811s] -- Up-to-date: /home/robot_ws/install/nsc_core/share/nsc_core/environment/path.dsv
[0.811s] -- Up-to-date: /home/robot_ws/install/nsc_core/share/nsc_core/local_setup.bash
[0.811s] -- Up-to-date: /home/robot_ws/install/nsc_core/share/nsc_core/local_setup.sh
[0.811s] -- Up-to-date: /home/robot_ws/install/nsc_core/share/nsc_core/local_setup.zsh
[0.811s] -- Up-to-date: /home/robot_ws/install/nsc_core/share/nsc_core/local_setup.dsv
[0.811s] -- Installing: /home/robot_ws/install/nsc_core/share/nsc_core/package.dsv
[0.812s] -- Up-to-date: /home/robot_ws/install/nsc_core/share/ament_index/resource_index/packages/nsc_core
[0.812s] -- Up-to-date: /home/robot_ws/install/nsc_core/share/nsc_core/cmake/nsc_coreConfig.cmake
[0.812s] -- Up-to-date: /home/robot_ws/install/nsc_core/share/nsc_core/cmake/nsc_coreConfig-version.cmake
[0.812s] -- Up-to-date: /home/robot_ws/install/nsc_core/share/nsc_core/package.xml
[0.843s] Invoked command in '/home/robot_ws/build/nsc_core' returned '0': CMAKE_PREFIX_PATH=${CMAKE_PREFIX_PATH}:/opt/ros/humble /usr/bin/cmake --install /home/robot_ws/build/nsc_core
