[0.016s] Invoking command in '/home/robot_ws/build/nsc_core': CMAKE_PREFIX_PATH=${CMAKE_PREFIX_PATH}:/opt/ros/humble /usr/bin/cmake --build /home/robot_ws/build/nsc_core -- -j16 -l16
[0.082s] Built target ament_cmake_python_copy_src
[0.239s] running egg_info
[0.239s] writing src.egg-info/PKG-INFO
[0.239s] writing dependency_links to src.egg-info/dependency_links.txt
[0.240s] writing top-level names to src.egg-info/top_level.txt
[0.242s] reading manifest file 'src.egg-info/SOURCES.txt'
[0.242s] writing manifest file 'src.egg-info/SOURCES.txt'
[0.263s] Built target ament_cmake_python_build_src_egg
[0.272s] Invoked command in '/home/robot_ws/build/nsc_core' returned '0': CMAKE_PREFIX_PATH=${CMAKE_PREFIX_PATH}:/opt/ros/humble /usr/bin/cmake --build /home/robot_ws/build/nsc_core -- -j16 -l16
[0.292s] Invoking command in '/home/robot_ws/build/nsc_core': CMAKE_PREFIX_PATH=${CMAKE_PREFIX_PATH}:/opt/ros/humble /usr/bin/cmake --install /home/robot_ws/build/nsc_core
[0.297s] -- Install configuration: ""
[0.297s] -- Up-to-date: /home/robot_ws/install/nsc_core/share/nsc_core/environment/pythonpath.sh
[0.297s] -- Up-to-date: /home/robot_ws/install/nsc_core/share/nsc_core/environment/pythonpath.dsv
[0.297s] -- Up-to-date: /home/robot_ws/install/nsc_core/local/lib/python3.10/dist-packages/src-0.0.0-py3.10.egg-info
[0.297s] -- Installing: /home/robot_ws/install/nsc_core/local/lib/python3.10/dist-packages/src-0.0.0-py3.10.egg-info/top_level.txt
[0.298s] -- Installing: /home/robot_ws/install/nsc_core/local/lib/python3.10/dist-packages/src-0.0.0-py3.10.egg-info/SOURCES.txt
[0.298s] -- Installing: /home/robot_ws/install/nsc_core/local/lib/python3.10/dist-packages/src-0.0.0-py3.10.egg-info/PKG-INFO
[0.298s] -- Installing: /home/robot_ws/install/nsc_core/local/lib/python3.10/dist-packages/src-0.0.0-py3.10.egg-info/dependency_links.txt
[0.298s] -- Up-to-date: /home/robot_ws/install/nsc_core/local/lib/python3.10/dist-packages/src
[0.298s] -- Up-to-date: /home/robot_ws/install/nsc_core/local/lib/python3.10/dist-packages/src/arm_control.py
[0.298s] -- Up-to-date: /home/robot_ws/install/nsc_core/local/lib/python3.10/dist-packages/src/__init__.py
[0.298s] -- Installing: /home/robot_ws/install/nsc_core/local/lib/python3.10/dist-packages/src/camera_control.py
[0.299s] -- Up-to-date: /home/robot_ws/install/nsc_core/local/lib/python3.10/dist-packages/src/gui.py
[0.299s] -- Up-to-date: /home/robot_ws/install/nsc_core/local/lib/python3.10/dist-packages/src/video_capture.py
[0.322s] Listing '/home/robot_ws/install/nsc_core/local/lib/python3.10/dist-packages/src'...
[0.322s] Compiling '/home/robot_ws/install/nsc_core/local/lib/python3.10/dist-packages/src/camera_control.py'...
[0.326s] -- Up-to-date: /home/robot_ws/install/nsc_core/share/nsc_core/src
[0.327s] -- Up-to-date: /home/robot_ws/install/nsc_core/share/nsc_core/src/arm_control.py
[0.327s] -- Up-to-date: /home/robot_ws/install/nsc_core/share/nsc_core/src/__init__.py
[0.327s] -- Installing: /home/robot_ws/install/nsc_core/share/nsc_core/src/camera_control.py
[0.328s] -- Up-to-date: /home/robot_ws/install/nsc_core/share/nsc_core/src/gui.py
[0.328s] -- Up-to-date: /home/robot_ws/install/nsc_core/share/nsc_core/src/video_capture.py
[0.328s] -- Up-to-date: /home/robot_ws/install/nsc_core/share/nsc_core/launch
[0.328s] -- Up-to-date: /home/robot_ws/install/nsc_core/share/nsc_core/launch/imu.launch.py
[0.328s] -- Up-to-date: /home/robot_ws/install/nsc_core/share/nsc_core/config
[0.331s] -- Up-to-date: /home/robot_ws/install/nsc_core/share/ament_index/resource_index/package_run_dependencies/nsc_core
[0.333s] -- Up-to-date: /home/robot_ws/install/nsc_core/share/ament_index/resource_index/parent_prefix_path/nsc_core
[0.333s] -- Up-to-date: /home/robot_ws/install/nsc_core/share/nsc_core/environment/ament_prefix_path.sh
[0.334s] -- Up-to-date: /home/robot_ws/install/nsc_core/share/nsc_core/environment/ament_prefix_path.dsv
[0.334s] -- Up-to-date: /home/robot_ws/install/nsc_core/share/nsc_core/environment/path.sh
[0.335s] -- Up-to-date: /home/robot_ws/install/nsc_core/share/nsc_core/environment/path.dsv
[0.335s] -- Up-to-date: /home/robot_ws/install/nsc_core/share/nsc_core/local_setup.bash
[0.335s] -- Up-to-date: /home/robot_ws/install/nsc_core/share/nsc_core/local_setup.sh
[0.335s] -- Up-to-date: /home/robot_ws/install/nsc_core/share/nsc_core/local_setup.zsh
[0.335s] -- Up-to-date: /home/robot_ws/install/nsc_core/share/nsc_core/local_setup.dsv
[0.335s] -- Installing: /home/robot_ws/install/nsc_core/share/nsc_core/package.dsv
[0.335s] -- Up-to-date: /home/robot_ws/install/nsc_core/share/ament_index/resource_index/packages/nsc_core
[0.335s] -- Up-to-date: /home/robot_ws/install/nsc_core/share/nsc_core/cmake/nsc_coreConfig.cmake
[0.335s] -- Up-to-date: /home/robot_ws/install/nsc_core/share/nsc_core/cmake/nsc_coreConfig-version.cmake
[0.335s] -- Up-to-date: /home/robot_ws/install/nsc_core/share/nsc_core/package.xml
[0.336s] Invoked command in '/home/robot_ws/build/nsc_core' returned '0': CMAKE_PREFIX_PATH=${CMAKE_PREFIX_PATH}:/opt/ros/humble /usr/bin/cmake --install /home/robot_ws/build/nsc_core
