[0.000000] (-) TimerEvent: {}
[0.000105] (core) JobQueued: {'identifier': 'core', 'dependencies': OrderedDict()}
[0.000159] (description) JobQueued: {'identifier': 'description', 'dependencies': OrderedDict()}
[0.000172] (core) JobStarted: {'identifier': 'core'}
[0.003959] (description) JobStarted: {'identifier': 'description'}
[0.006655] (core) JobProgress: {'identifier': 'core', 'progress': 'cmake'}
[0.006960] (core) JobProgress: {'identifier': 'core', 'progress': 'build'}
[0.007276] (core) Command: {'cmd': ['/usr/bin/cmake', '--build', '/home/robot_ws/build/core', '--', '-j16', '-l16'], 'cwd': '/home/robot_ws/build/core', 'env': OrderedDict([('HOSTNAME', 'entity014'), ('SHLVL', '1'), ('LD_LIBRARY_PATH', '/usr/lib/x86_64-linux-gnu/gazebo-11/plugins:/opt/ros/humble/opt/rviz_ogre_vendor/lib:/opt/ros/humble/lib/x86_64-linux-gnu:/opt/ros/humble/lib'), ('HOME', '/home'), ('ROS_PYTHON_VERSION', '3'), ('COLCON_PREFIX_PATH', '/home/robot_ws/install'), ('ROS_DISTRO', 'humble'), ('_', '/usr/bin/colcon'), ('ROS_VERSION', '2'), ('NVIDIA_DRIVER_CAPABILITIES', 'all'), ('TERM', 'xterm'), ('ROS_LOCALHOST_ONLY', '0'), ('QT_X11_NO_MITSHM', '1'), ('PATH', '/opt/ros/humble/bin:/usr/local/sbin:/usr/local/bin:/usr/sbin:/usr/bin:/sbin:/bin'), ('XDG_RUNTIME_DIR', '/tmp/runtime-root'), ('DISPLAY', ':0'), ('LANG', 'C.UTF-8'), ('RMW_IMPLEMENTATION', 'rmw_cyclonedds_cpp'), ('ROS_DOMAIN_ID', '10'), ('AMENT_PREFIX_PATH', '/home/robot_ws/install/description:/home/robot_ws/install/core:/opt/ros/humble'), ('NO_AT_BRIDGE', '1'), ('PWD', '/home/robot_ws/build/core'), ('LC_ALL', 'C.UTF-8'), ('PYTHONPATH', '/home/robot_ws/install/description/local/lib/python3.10/dist-packages:/home/robot_ws/install/core/local/lib/python3.10/dist-packages:/opt/ros/humble/lib/python3.10/site-packages:/opt/ros/humble/local/lib/python3.10/dist-packages'), ('COLCON', '1'), ('CMAKE_PREFIX_PATH', '/home/robot_ws/install/description:/home/robot_ws/install/core:/opt/ros/humble')]), 'shell': False}
[0.009170] (description) JobProgress: {'identifier': 'description', 'progress': 'cmake'}
[0.009627] (description) JobProgress: {'identifier': 'description', 'progress': 'build'}
[0.009640] (description) Command: {'cmd': ['/usr/bin/cmake', '--build', '/home/robot_ws/build/description', '--', '-j16', '-l16'], 'cwd': '/home/robot_ws/build/description', 'env': OrderedDict([('HOSTNAME', 'entity014'), ('SHLVL', '1'), ('LD_LIBRARY_PATH', '/usr/lib/x86_64-linux-gnu/gazebo-11/plugins:/opt/ros/humble/opt/rviz_ogre_vendor/lib:/opt/ros/humble/lib/x86_64-linux-gnu:/opt/ros/humble/lib'), ('HOME', '/home'), ('ROS_PYTHON_VERSION', '3'), ('COLCON_PREFIX_PATH', '/home/robot_ws/install'), ('ROS_DISTRO', 'humble'), ('_', '/usr/bin/colcon'), ('ROS_VERSION', '2'), ('NVIDIA_DRIVER_CAPABILITIES', 'all'), ('TERM', 'xterm'), ('ROS_LOCALHOST_ONLY', '0'), ('QT_X11_NO_MITSHM', '1'), ('PATH', '/opt/ros/humble/bin:/usr/local/sbin:/usr/local/bin:/usr/sbin:/usr/bin:/sbin:/bin'), ('XDG_RUNTIME_DIR', '/tmp/runtime-root'), ('DISPLAY', ':0'), ('LANG', 'C.UTF-8'), ('RMW_IMPLEMENTATION', 'rmw_cyclonedds_cpp'), ('ROS_DOMAIN_ID', '10'), ('AMENT_PREFIX_PATH', '/home/robot_ws/install/description:/home/robot_ws/install/core:/opt/ros/humble'), ('NO_AT_BRIDGE', '1'), ('PWD', '/home/robot_ws/build/description'), ('LC_ALL', 'C.UTF-8'), ('PYTHONPATH', '/home/robot_ws/install/description/local/lib/python3.10/dist-packages:/home/robot_ws/install/core/local/lib/python3.10/dist-packages:/opt/ros/humble/lib/python3.10/site-packages:/opt/ros/humble/local/lib/python3.10/dist-packages'), ('COLCON', '1'), ('CMAKE_PREFIX_PATH', '/home/robot_ws/install/description:/home/robot_ws/install/core:/opt/ros/humble')]), 'shell': False}
[0.038634] (description) StdoutLine: {'line': b'Built target ament_cmake_python_copy_src\n'}
[0.038862] (core) StdoutLine: {'line': b'Built target ament_cmake_python_copy_src\n'}
[0.099490] (-) TimerEvent: {}
[0.156745] (description) StdoutLine: {'line': b'running egg_info\n'}
[0.157056] (core) StdoutLine: {'line': b'running egg_info\n'}
[0.157260] (core) StdoutLine: {'line': b'writing src.egg-info/PKG-INFO\n'}
[0.157378] (core) StdoutLine: {'line': b'writing dependency_links to src.egg-info/dependency_links.txt\n'}
[0.157489] (description) StdoutLine: {'line': b'writing src.egg-info/PKG-INFO\n'}
[0.157581] (description) StdoutLine: {'line': b'writing dependency_links to src.egg-info/dependency_links.txt\n'}
[0.157670] (core) StdoutLine: {'line': b'writing top-level names to src.egg-info/top_level.txt\n'}
[0.157758] (description) StdoutLine: {'line': b'writing top-level names to src.egg-info/top_level.txt\n'}
[0.158285] (core) StdoutLine: {'line': b"reading manifest file 'src.egg-info/SOURCES.txt'\n"}
[0.158606] (description) StdoutLine: {'line': b"reading manifest file 'src.egg-info/SOURCES.txt'\n"}
[0.158828] (description) StdoutLine: {'line': b"writing manifest file 'src.egg-info/SOURCES.txt'\n"}
[0.158875] (core) StdoutLine: {'line': b"writing manifest file 'src.egg-info/SOURCES.txt'\n"}
[0.176481] (core) StdoutLine: {'line': b'Built target ament_cmake_python_build_src_egg\n'}
[0.176634] (description) StdoutLine: {'line': b'Built target ament_cmake_python_build_src_egg\n'}
[0.181935] (description) CommandEnded: {'returncode': 0}
[0.182573] (core) CommandEnded: {'returncode': 0}
[0.194001] (description) JobProgress: {'identifier': 'description', 'progress': 'install'}
[0.198485] (description) Command: {'cmd': ['/usr/bin/cmake', '--install', '/home/robot_ws/build/description'], 'cwd': '/home/robot_ws/build/description', 'env': OrderedDict([('HOSTNAME', 'entity014'), ('SHLVL', '1'), ('LD_LIBRARY_PATH', '/usr/lib/x86_64-linux-gnu/gazebo-11/plugins:/opt/ros/humble/opt/rviz_ogre_vendor/lib:/opt/ros/humble/lib/x86_64-linux-gnu:/opt/ros/humble/lib'), ('HOME', '/home'), ('ROS_PYTHON_VERSION', '3'), ('COLCON_PREFIX_PATH', '/home/robot_ws/install'), ('ROS_DISTRO', 'humble'), ('_', '/usr/bin/colcon'), ('ROS_VERSION', '2'), ('NVIDIA_DRIVER_CAPABILITIES', 'all'), ('TERM', 'xterm'), ('ROS_LOCALHOST_ONLY', '0'), ('QT_X11_NO_MITSHM', '1'), ('PATH', '/opt/ros/humble/bin:/usr/local/sbin:/usr/local/bin:/usr/sbin:/usr/bin:/sbin:/bin'), ('XDG_RUNTIME_DIR', '/tmp/runtime-root'), ('DISPLAY', ':0'), ('LANG', 'C.UTF-8'), ('RMW_IMPLEMENTATION', 'rmw_cyclonedds_cpp'), ('ROS_DOMAIN_ID', '10'), ('AMENT_PREFIX_PATH', '/home/robot_ws/install/description:/home/robot_ws/install/core:/opt/ros/humble'), ('NO_AT_BRIDGE', '1'), ('PWD', '/home/robot_ws/build/description'), ('LC_ALL', 'C.UTF-8'), ('PYTHONPATH', '/home/robot_ws/install/description/local/lib/python3.10/dist-packages:/home/robot_ws/install/core/local/lib/python3.10/dist-packages:/opt/ros/humble/lib/python3.10/site-packages:/opt/ros/humble/local/lib/python3.10/dist-packages'), ('COLCON', '1'), ('CMAKE_PREFIX_PATH', '/home/robot_ws/install/description:/home/robot_ws/install/core:/opt/ros/humble')]), 'shell': False}
[0.199508] (core) JobProgress: {'identifier': 'core', 'progress': 'install'}
[0.199541] (-) TimerEvent: {}
[0.199863] (core) Command: {'cmd': ['/usr/bin/cmake', '--install', '/home/robot_ws/build/core'], 'cwd': '/home/robot_ws/build/core', 'env': OrderedDict([('HOSTNAME', 'entity014'), ('SHLVL', '1'), ('LD_LIBRARY_PATH', '/usr/lib/x86_64-linux-gnu/gazebo-11/plugins:/opt/ros/humble/opt/rviz_ogre_vendor/lib:/opt/ros/humble/lib/x86_64-linux-gnu:/opt/ros/humble/lib'), ('HOME', '/home'), ('ROS_PYTHON_VERSION', '3'), ('COLCON_PREFIX_PATH', '/home/robot_ws/install'), ('ROS_DISTRO', 'humble'), ('_', '/usr/bin/colcon'), ('ROS_VERSION', '2'), ('NVIDIA_DRIVER_CAPABILITIES', 'all'), ('TERM', 'xterm'), ('ROS_LOCALHOST_ONLY', '0'), ('QT_X11_NO_MITSHM', '1'), ('PATH', '/opt/ros/humble/bin:/usr/local/sbin:/usr/local/bin:/usr/sbin:/usr/bin:/sbin:/bin'), ('XDG_RUNTIME_DIR', '/tmp/runtime-root'), ('DISPLAY', ':0'), ('LANG', 'C.UTF-8'), ('RMW_IMPLEMENTATION', 'rmw_cyclonedds_cpp'), ('ROS_DOMAIN_ID', '10'), ('AMENT_PREFIX_PATH', '/home/robot_ws/install/description:/home/robot_ws/install/core:/opt/ros/humble'), ('NO_AT_BRIDGE', '1'), ('PWD', '/home/robot_ws/build/core'), ('LC_ALL', 'C.UTF-8'), ('PYTHONPATH', '/home/robot_ws/install/description/local/lib/python3.10/dist-packages:/home/robot_ws/install/core/local/lib/python3.10/dist-packages:/opt/ros/humble/lib/python3.10/site-packages:/opt/ros/humble/local/lib/python3.10/dist-packages'), ('COLCON', '1'), ('CMAKE_PREFIX_PATH', '/home/robot_ws/install/description:/home/robot_ws/install/core:/opt/ros/humble')]), 'shell': False}
[0.203088] (description) StdoutLine: {'line': b'-- Install configuration: ""\n'}
[0.203150] (description) StdoutLine: {'line': b'-- Up-to-date: /home/robot_ws/install/description/share/description/environment/pythonpath.sh\n'}
[0.203185] (description) StdoutLine: {'line': b'-- Up-to-date: /home/robot_ws/install/description/share/description/environment/pythonpath.dsv\n'}
[0.203217] (description) StdoutLine: {'line': b'-- Up-to-date: /home/robot_ws/install/description/local/lib/python3.10/dist-packages/src-0.0.0-py3.10.egg-info\n'}
[0.203250] (description) StdoutLine: {'line': b'-- Installing: /home/robot_ws/install/description/local/lib/python3.10/dist-packages/src-0.0.0-py3.10.egg-info/top_level.txt\n'}
[0.203281] (description) StdoutLine: {'line': b'-- Installing: /home/robot_ws/install/description/local/lib/python3.10/dist-packages/src-0.0.0-py3.10.egg-info/SOURCES.txt\n'}
[0.203343] (description) StdoutLine: {'line': b'-- Installing: /home/robot_ws/install/description/local/lib/python3.10/dist-packages/src-0.0.0-py3.10.egg-info/PKG-INFO\n'}
[0.203375] (description) StdoutLine: {'line': b'-- Installing: /home/robot_ws/install/description/local/lib/python3.10/dist-packages/src-0.0.0-py3.10.egg-info/dependency_links.txt\n'}
[0.203424] (description) StdoutLine: {'line': b'-- Up-to-date: /home/robot_ws/install/description/local/lib/python3.10/dist-packages/src\n'}
[0.203454] (description) StdoutLine: {'line': b'-- Up-to-date: /home/robot_ws/install/description/local/lib/python3.10/dist-packages/src/__init__.py\n'}
[0.204171] (core) StdoutLine: {'line': b'-- Install configuration: ""\n'}
[0.204222] (core) StdoutLine: {'line': b'-- Up-to-date: /home/robot_ws/install/core/share/core/environment/pythonpath.sh\n'}
[0.204251] (core) StdoutLine: {'line': b'-- Up-to-date: /home/robot_ws/install/core/share/core/environment/pythonpath.dsv\n'}
[0.204279] (core) StdoutLine: {'line': b'-- Up-to-date: /home/robot_ws/install/core/local/lib/python3.10/dist-packages/src-0.0.0-py3.10.egg-info\n'}
[0.204307] (core) StdoutLine: {'line': b'-- Installing: /home/robot_ws/install/core/local/lib/python3.10/dist-packages/src-0.0.0-py3.10.egg-info/top_level.txt\n'}
[0.204334] (core) StdoutLine: {'line': b'-- Installing: /home/robot_ws/install/core/local/lib/python3.10/dist-packages/src-0.0.0-py3.10.egg-info/SOURCES.txt\n'}
[0.204364] (core) StdoutLine: {'line': b'-- Installing: /home/robot_ws/install/core/local/lib/python3.10/dist-packages/src-0.0.0-py3.10.egg-info/PKG-INFO\n'}
[0.204416] (core) StdoutLine: {'line': b'-- Installing: /home/robot_ws/install/core/local/lib/python3.10/dist-packages/src-0.0.0-py3.10.egg-info/dependency_links.txt\n'}
[0.204443] (core) StdoutLine: {'line': b'-- Up-to-date: /home/robot_ws/install/core/local/lib/python3.10/dist-packages/src\n'}
[0.204469] (core) StdoutLine: {'line': b'-- Up-to-date: /home/robot_ws/install/core/local/lib/python3.10/dist-packages/src/__init__.py\n'}
[0.221908] (core) StdoutLine: {'line': b"Listing '/home/robot_ws/install/core/local/lib/python3.10/dist-packages/src'...\n"}
[0.222011] (description) StdoutLine: {'line': b"Listing '/home/robot_ws/install/description/local/lib/python3.10/dist-packages/src'...\n"}
[0.224300] (core) StdoutLine: {'line': b'-- Up-to-date: /home/robot_ws/install/core/share/core/src\n'}
[0.224388] (core) StdoutLine: {'line': b'-- Up-to-date: /home/robot_ws/install/core/share/core/src/__init__.py\n'}
[0.224426] (core) StdoutLine: {'line': b'-- Up-to-date: /home/robot_ws/install/core/share/ament_index/resource_index/package_run_dependencies/core\n'}
[0.224457] (core) StdoutLine: {'line': b'-- Up-to-date: /home/robot_ws/install/core/share/ament_index/resource_index/parent_prefix_path/core\n'}
[0.224487] (core) StdoutLine: {'line': b'-- Up-to-date: /home/robot_ws/install/core/share/core/environment/ament_prefix_path.sh\n'}
[0.224553] (core) StdoutLine: {'line': b'-- Up-to-date: /home/robot_ws/install/core/share/core/environment/ament_prefix_path.dsv\n'}
[0.224583] (core) StdoutLine: {'line': b'-- Up-to-date: /home/robot_ws/install/core/share/core/environment/path.sh\n'}
[0.224611] (core) StdoutLine: {'line': b'-- Up-to-date: /home/robot_ws/install/core/share/core/environment/path.dsv\n'}
[0.224647] (core) StdoutLine: {'line': b'-- Up-to-date: /home/robot_ws/install/core/share/core/local_setup.bash\n'}
[0.224676] (core) StdoutLine: {'line': b'-- Up-to-date: /home/robot_ws/install/core/share/core/local_setup.sh\n'}
[0.224704] (core) StdoutLine: {'line': b'-- Up-to-date: /home/robot_ws/install/core/share/core/local_setup.zsh\n'}
[0.224731] (core) StdoutLine: {'line': b'-- Up-to-date: /home/robot_ws/install/core/share/core/local_setup.dsv\n'}
[0.224758] (core) StdoutLine: {'line': b'-- Up-to-date: /home/robot_ws/install/core/share/core/package.dsv\n'}
[0.224785] (description) StdoutLine: {'line': b'-- Up-to-date: /home/robot_ws/install/description/share/description/urdf\n'}
[0.224815] (description) StdoutLine: {'line': b'-- Up-to-date: /home/robot_ws/install/description/share/description/urdf/leg.urdf.xacro\n'}
[0.224842] (description) StdoutLine: {'line': b'-- Up-to-date: /home/robot_ws/install/description/share/description/urdf/forearm.urdf.xacro\n'}
[0.224870] (description) StdoutLine: {'line': b'-- Up-to-date: /home/robot_ws/install/description/share/description/urdf/model\n'}
[0.224933] (description) StdoutLine: {'line': b'-- Up-to-date: /home/robot_ws/install/description/share/description/urdf/arm.urdf.xacro\n'}
[0.225018] (description) StdoutLine: {'line': b'-- Up-to-date: /home/robot_ws/install/description/share/description/urdf/foot.urdf.xacro\n'}
[0.225174] (description) StdoutLine: {'line': b'-- Up-to-date: /home/robot_ws/install/description/share/description/urdf/base.urdf.xacro\n'}
[0.225402] (description) StdoutLine: {'line': b'-- Up-to-date: /home/robot_ws/install/description/share/description/urdf/properties.urdf.xacro\n'}
[0.225554] (description) StdoutLine: {'line': b'-- Up-to-date: /home/robot_ws/install/description/share/description/urdf/hand.urdf.xacro\n'}
[0.225589] (description) StdoutLine: {'line': b'-- Up-to-date: /home/robot_ws/install/description/share/description/urdf/robot.urdf.xacro\n'}
[0.225620] (core) StdoutLine: {'line': b'-- Up-to-date: /home/robot_ws/install/core/share/ament_index/resource_index/packages/core\n'}
[0.225651] (core) StdoutLine: {'line': b'-- Up-to-date: /home/robot_ws/install/core/share/core/cmake/coreConfig.cmake\n'}
[0.225680] (core) StdoutLine: {'line': b'-- Up-to-date: /home/robot_ws/install/core/share/core/cmake/coreConfig-version.cmake\n'}
[0.225709] (core) StdoutLine: {'line': b'-- Up-to-date: /home/robot_ws/install/core/share/core/package.xml\n'}
[0.225739] (description) StdoutLine: {'line': b'-- Up-to-date: /home/robot_ws/install/description/share/description/urdf/shin.urdf.xacro\n'}
[0.225768] (description) StdoutLine: {'line': b'-- Up-to-date: /home/robot_ws/install/description/share/description/launch\n'}
[0.225796] (description) StdoutLine: {'line': b'-- Installing: /home/robot_ws/install/description/share/description/launch/description.launch.py\n'}
[0.225825] (description) StdoutLine: {'line': b'-- Up-to-date: /home/robot_ws/install/description/share/description/rviz\n'}
[0.225852] (description) StdoutLine: {'line': b'-- Up-to-date: /home/robot_ws/install/description/share/description/src\n'}
[0.225878] (description) StdoutLine: {'line': b'-- Up-to-date: /home/robot_ws/install/description/share/description/src/__init__.py\n'}
[0.225907] (description) StdoutLine: {'line': b'-- Up-to-date: /home/robot_ws/install/description/share/ament_index/resource_index/package_run_dependencies/description\n'}
[0.225935] (description) StdoutLine: {'line': b'-- Up-to-date: /home/robot_ws/install/description/share/ament_index/resource_index/parent_prefix_path/description\n'}
[0.225962] (description) StdoutLine: {'line': b'-- Up-to-date: /home/robot_ws/install/description/share/description/environment/ament_prefix_path.sh\n'}
[0.226005] (description) StdoutLine: {'line': b'-- Up-to-date: /home/robot_ws/install/description/share/description/environment/ament_prefix_path.dsv\n'}
[0.226060] (description) StdoutLine: {'line': b'-- Up-to-date: /home/robot_ws/install/description/share/description/environment/path.sh\n'}
[0.226091] (description) StdoutLine: {'line': b'-- Up-to-date: /home/robot_ws/install/description/share/description/environment/path.dsv\n'}
[0.226121] (description) StdoutLine: {'line': b'-- Up-to-date: /home/robot_ws/install/description/share/description/local_setup.bash\n'}
[0.226149] (description) StdoutLine: {'line': b'-- Up-to-date: /home/robot_ws/install/description/share/description/local_setup.sh\n'}
[0.226178] (description) StdoutLine: {'line': b'-- Up-to-date: /home/robot_ws/install/description/share/description/local_setup.zsh\n'}
[0.226205] (description) StdoutLine: {'line': b'-- Up-to-date: /home/robot_ws/install/description/share/description/local_setup.dsv\n'}
[0.226527] (description) StdoutLine: {'line': b'-- Installing: /home/robot_ws/install/description/share/description/package.dsv\n'}
[0.226576] (description) StdoutLine: {'line': b'-- Up-to-date: /home/robot_ws/install/description/share/ament_index/resource_index/packages/description\n'}
[0.226608] (description) StdoutLine: {'line': b'-- Up-to-date: /home/robot_ws/install/description/share/description/cmake/descriptionConfig.cmake\n'}
[0.226636] (description) StdoutLine: {'line': b'-- Up-to-date: /home/robot_ws/install/description/share/description/cmake/descriptionConfig-version.cmake\n'}
[0.226673] (description) StdoutLine: {'line': b'-- Up-to-date: /home/robot_ws/install/description/share/description/package.xml\n'}
[0.227260] (core) CommandEnded: {'returncode': 0}
[0.236695] (description) CommandEnded: {'returncode': 0}
[0.252341] (core) JobEnded: {'identifier': 'core', 'rc': 0}
[0.255504] (description) JobEnded: {'identifier': 'description', 'rc': 0}
[0.255871] (-) EventReactorShutdown: {}
