[0.179s] DEBUG:colcon:Command line arguments: ['/usr/bin/colcon', 'build']
[0.179s] DEBUG:colcon:Parsed command line arguments: Namespace(log_base=None, log_level=None, verb_name='build', build_base='build', install_base='install', merge_install=False, symlink_install=False, test_result_base=None, continue_on_error=False, executor='parallel', parallel_workers=16, event_handlers=None, ignore_user_meta=False, metas=['./colcon.meta'], base_paths=['.'], packages_ignore=None, packages_ignore_regex=None, paths=None, packages_up_to=None, packages_up_to_regex=None, packages_above=None, packages_above_and_dependencies=None, packages_above_depth=None, packages_select_by_dep=None, packages_skip_by_dep=None, packages_skip_up_to=None, packages_select_build_failed=False, packages_skip_build_finished=False, packages_select_test_failures=False, packages_skip_test_passed=False, packages_select=None, packages_skip=None, packages_select_regex=None, packages_skip_regex=None, packages_start=None, packages_end=None, cmake_args=None, cmake_target=None, cmake_target_skip_unavailable=False, cmake_clean_cache=False, cmake_clean_first=False, cmake_force_configure=False, ament_cmake_args=None, catkin_cmake_args=None, catkin_skip_building_tests=False, mixin_files=None, mixin=None, verb_parser=<colcon_mixin.mixin.mixin_argument.MixinArgumentDecorator object at 0x78a8bee24df0>, verb_extension=<colcon_core.verb.build.BuildVerb object at 0x78a8bee24880>, main=<bound method BuildVerb.main of <colcon_core.verb.build.BuildVerb object at 0x78a8bee24880>>, mixin_verb=('build',))
[0.380s] Level 1:colcon.colcon_core.package_discovery:discover_packages(colcon_meta) check parameters
[0.380s] Level 1:colcon.colcon_core.package_discovery:discover_packages(recursive) check parameters
[0.381s] Level 1:colcon.colcon_core.package_discovery:discover_packages(ignore) check parameters
[0.381s] Level 1:colcon.colcon_core.package_discovery:discover_packages(path) check parameters
[0.381s] Level 1:colcon.colcon_core.package_discovery:discover_packages(colcon_meta) discover
[0.381s] Level 1:colcon.colcon_core.package_discovery:discover_packages(recursive) discover
[0.381s] INFO:colcon.colcon_core.package_discovery:Crawling recursively for packages in '/home/robot_ws'
[0.381s] Level 1:colcon.colcon_core.package_identification:_identify(.) by extensions ['ignore', 'ignore_ament_install']
[0.381s] Level 1:colcon.colcon_core.package_identification:_identify(.) by extension 'ignore'
[0.381s] Level 1:colcon.colcon_core.package_identification:_identify(.) by extension 'ignore_ament_install'
[0.381s] Level 1:colcon.colcon_core.package_identification:_identify(.) by extensions ['colcon_pkg']
[0.381s] Level 1:colcon.colcon_core.package_identification:_identify(.) by extension 'colcon_pkg'
[0.381s] Level 1:colcon.colcon_core.package_identification:_identify(.) by extensions ['colcon_meta']
[0.381s] Level 1:colcon.colcon_core.package_identification:_identify(.) by extension 'colcon_meta'
[0.381s] Level 1:colcon.colcon_core.package_identification:_identify(.) by extensions ['ros']
[0.381s] Level 1:colcon.colcon_core.package_identification:_identify(.) by extension 'ros'
[0.400s] Level 1:colcon.colcon_core.package_identification:_identify(.) by extensions ['cmake', 'python']
[0.400s] Level 1:colcon.colcon_core.package_identification:_identify(.) by extension 'cmake'
[0.400s] Level 1:colcon.colcon_core.package_identification:_identify(.) by extension 'python'
[0.401s] Level 1:colcon.colcon_core.package_identification:_identify(.) by extensions ['python_setup_py']
[0.401s] Level 1:colcon.colcon_core.package_identification:_identify(.) by extension 'python_setup_py'
[0.401s] Level 1:colcon.colcon_core.package_identification:_identify(build) by extensions ['ignore', 'ignore_ament_install']
[0.401s] Level 1:colcon.colcon_core.package_identification:_identify(build) by extension 'ignore'
[0.401s] Level 1:colcon.colcon_core.package_identification:_identify(build) ignored
[0.401s] Level 1:colcon.colcon_core.package_identification:_identify(install) by extensions ['ignore', 'ignore_ament_install']
[0.401s] Level 1:colcon.colcon_core.package_identification:_identify(install) by extension 'ignore'
[0.401s] Level 1:colcon.colcon_core.package_identification:_identify(install) ignored
[0.402s] Level 1:colcon.colcon_core.package_identification:_identify(log) by extensions ['ignore', 'ignore_ament_install']
[0.402s] Level 1:colcon.colcon_core.package_identification:_identify(log) by extension 'ignore'
[0.402s] Level 1:colcon.colcon_core.package_identification:_identify(log) ignored
[0.402s] Level 1:colcon.colcon_core.package_identification:_identify(src) by extensions ['ignore', 'ignore_ament_install']
[0.402s] Level 1:colcon.colcon_core.package_identification:_identify(src) by extension 'ignore'
[0.402s] Level 1:colcon.colcon_core.package_identification:_identify(src) by extension 'ignore_ament_install'
[0.402s] Level 1:colcon.colcon_core.package_identification:_identify(src) by extensions ['colcon_pkg']
[0.402s] Level 1:colcon.colcon_core.package_identification:_identify(src) by extension 'colcon_pkg'
[0.402s] Level 1:colcon.colcon_core.package_identification:_identify(src) by extensions ['colcon_meta']
[0.402s] Level 1:colcon.colcon_core.package_identification:_identify(src) by extension 'colcon_meta'
[0.402s] Level 1:colcon.colcon_core.package_identification:_identify(src) by extensions ['ros']
[0.403s] Level 1:colcon.colcon_core.package_identification:_identify(src) by extension 'ros'
[0.403s] Level 1:colcon.colcon_core.package_identification:_identify(src) by extensions ['cmake', 'python']
[0.403s] Level 1:colcon.colcon_core.package_identification:_identify(src) by extension 'cmake'
[0.403s] Level 1:colcon.colcon_core.package_identification:_identify(src) by extension 'python'
[0.403s] Level 1:colcon.colcon_core.package_identification:_identify(src) by extensions ['python_setup_py']
[0.403s] Level 1:colcon.colcon_core.package_identification:_identify(src) by extension 'python_setup_py'
[0.403s] Level 1:colcon.colcon_core.package_identification:_identify(src/nsc_core) by extensions ['ignore', 'ignore_ament_install']
[0.403s] Level 1:colcon.colcon_core.package_identification:_identify(src/nsc_core) by extension 'ignore'
[0.403s] Level 1:colcon.colcon_core.package_identification:_identify(src/nsc_core) by extension 'ignore_ament_install'
[0.403s] Level 1:colcon.colcon_core.package_identification:_identify(src/nsc_core) by extensions ['colcon_pkg']
[0.403s] Level 1:colcon.colcon_core.package_identification:_identify(src/nsc_core) by extension 'colcon_pkg'
[0.403s] Level 1:colcon.colcon_core.package_identification:_identify(src/nsc_core) by extensions ['colcon_meta']
[0.403s] Level 1:colcon.colcon_core.package_identification:_identify(src/nsc_core) by extension 'colcon_meta'
[0.403s] Level 1:colcon.colcon_core.package_identification:_identify(src/nsc_core) by extensions ['ros']
[0.404s] Level 1:colcon.colcon_core.package_identification:_identify(src/nsc_core) by extension 'ros'
[0.409s] DEBUG:colcon.colcon_core.package_identification:Package 'src/nsc_core' with type 'ros.ament_cmake' and name 'nsc_core'
[0.409s] Level 1:colcon.colcon_core.package_identification:_identify(src/nsc_description) by extensions ['ignore', 'ignore_ament_install']
[0.410s] Level 1:colcon.colcon_core.package_identification:_identify(src/nsc_description) by extension 'ignore'
[0.410s] Level 1:colcon.colcon_core.package_identification:_identify(src/nsc_description) by extension 'ignore_ament_install'
[0.410s] Level 1:colcon.colcon_core.package_identification:_identify(src/nsc_description) by extensions ['colcon_pkg']
[0.410s] Level 1:colcon.colcon_core.package_identification:_identify(src/nsc_description) by extension 'colcon_pkg'
[0.410s] Level 1:colcon.colcon_core.package_identification:_identify(src/nsc_description) by extensions ['colcon_meta']
[0.410s] Level 1:colcon.colcon_core.package_identification:_identify(src/nsc_description) by extension 'colcon_meta'
[0.410s] Level 1:colcon.colcon_core.package_identification:_identify(src/nsc_description) by extensions ['ros']
[0.410s] Level 1:colcon.colcon_core.package_identification:_identify(src/nsc_description) by extension 'ros'
[0.411s] DEBUG:colcon.colcon_core.package_identification:Package 'src/nsc_description' with type 'ros.ament_cmake' and name 'nsc_description'
[0.411s] Level 1:colcon.colcon_core.package_discovery:discover_packages(recursive) using defaults
[0.412s] Level 1:colcon.colcon_core.package_discovery:discover_packages(ignore) discover
[0.412s] Level 1:colcon.colcon_core.package_discovery:discover_packages(ignore) using defaults
[0.412s] Level 1:colcon.colcon_core.package_discovery:discover_packages(path) discover
[0.412s] Level 1:colcon.colcon_core.package_discovery:discover_packages(path) using defaults
[0.447s] Level 5:colcon.colcon_core.verb:set package 'nsc_core' build argument 'cmake_args' from command line to 'None'
[0.447s] Level 5:colcon.colcon_core.verb:set package 'nsc_core' build argument 'cmake_target' from command line to 'None'
[0.447s] Level 5:colcon.colcon_core.verb:set package 'nsc_core' build argument 'cmake_target_skip_unavailable' from command line to 'False'
[0.447s] Level 5:colcon.colcon_core.verb:set package 'nsc_core' build argument 'cmake_clean_cache' from command line to 'False'
[0.447s] Level 5:colcon.colcon_core.verb:set package 'nsc_core' build argument 'cmake_clean_first' from command line to 'False'
[0.447s] Level 5:colcon.colcon_core.verb:set package 'nsc_core' build argument 'cmake_force_configure' from command line to 'False'
[0.447s] Level 5:colcon.colcon_core.verb:set package 'nsc_core' build argument 'ament_cmake_args' from command line to 'None'
[0.447s] Level 5:colcon.colcon_core.verb:set package 'nsc_core' build argument 'catkin_cmake_args' from command line to 'None'
[0.447s] Level 5:colcon.colcon_core.verb:set package 'nsc_core' build argument 'catkin_skip_building_tests' from command line to 'False'
[0.447s] DEBUG:colcon.colcon_core.verb:Building package 'nsc_core' with the following arguments: {'ament_cmake_args': None, 'build_base': '/home/robot_ws/build/nsc_core', 'catkin_cmake_args': None, 'catkin_skip_building_tests': False, 'cmake_args': None, 'cmake_clean_cache': False, 'cmake_clean_first': False, 'cmake_force_configure': False, 'cmake_target': None, 'cmake_target_skip_unavailable': False, 'install_base': '/home/robot_ws/install/nsc_core', 'merge_install': False, 'path': '/home/robot_ws/src/nsc_core', 'symlink_install': False, 'test_result_base': None}
[0.448s] Level 5:colcon.colcon_core.verb:set package 'nsc_description' build argument 'cmake_args' from command line to 'None'
[0.448s] Level 5:colcon.colcon_core.verb:set package 'nsc_description' build argument 'cmake_target' from command line to 'None'
[0.448s] Level 5:colcon.colcon_core.verb:set package 'nsc_description' build argument 'cmake_target_skip_unavailable' from command line to 'False'
[0.448s] Level 5:colcon.colcon_core.verb:set package 'nsc_description' build argument 'cmake_clean_cache' from command line to 'False'
[0.448s] Level 5:colcon.colcon_core.verb:set package 'nsc_description' build argument 'cmake_clean_first' from command line to 'False'
[0.449s] Level 5:colcon.colcon_core.verb:set package 'nsc_description' build argument 'cmake_force_configure' from command line to 'False'
[0.449s] Level 5:colcon.colcon_core.verb:set package 'nsc_description' build argument 'ament_cmake_args' from command line to 'None'
[0.449s] Level 5:colcon.colcon_core.verb:set package 'nsc_description' build argument 'catkin_cmake_args' from command line to 'None'
[0.449s] Level 5:colcon.colcon_core.verb:set package 'nsc_description' build argument 'catkin_skip_building_tests' from command line to 'False'
[0.449s] DEBUG:colcon.colcon_core.verb:Building package 'nsc_description' with the following arguments: {'ament_cmake_args': None, 'build_base': '/home/robot_ws/build/nsc_description', 'catkin_cmake_args': None, 'catkin_skip_building_tests': False, 'cmake_args': None, 'cmake_clean_cache': False, 'cmake_clean_first': False, 'cmake_force_configure': False, 'cmake_target': None, 'cmake_target_skip_unavailable': False, 'install_base': '/home/robot_ws/install/nsc_description', 'merge_install': False, 'path': '/home/robot_ws/src/nsc_description', 'symlink_install': False, 'test_result_base': None}
[0.449s] INFO:colcon.colcon_core.executor:Executing jobs using 'parallel' executor
[0.451s] DEBUG:colcon.colcon_parallel_executor.executor.parallel:run_until_complete
[0.451s] INFO:colcon.colcon_ros.task.ament_cmake.build:Building ROS package in '/home/robot_ws/src/nsc_core' with build type 'ament_cmake'
[0.451s] INFO:colcon.colcon_cmake.task.cmake.build:Building CMake package in '/home/robot_ws/src/nsc_core'
[0.455s] INFO:colcon.colcon_core.plugin_system:Skipping extension 'colcon_core.shell.bat': Not used on non-Windows systems
[0.455s] INFO:colcon.colcon_core.shell:Skip shell extension 'powershell' for command environment: Not usable outside of PowerShell
[0.455s] DEBUG:colcon.colcon_core.shell:Skip shell extension 'dsv' for command environment
[0.463s] INFO:colcon.colcon_ros.task.ament_cmake.build:Building ROS package in '/home/robot_ws/src/nsc_description' with build type 'ament_cmake'
[0.463s] INFO:colcon.colcon_cmake.task.cmake.build:Building CMake package in '/home/robot_ws/src/nsc_description'
[0.464s] INFO:colcon.colcon_core.shell:Skip shell extension 'powershell' for command environment: Not usable outside of PowerShell
[0.464s] DEBUG:colcon.colcon_core.shell:Skip shell extension 'dsv' for command environment
[0.478s] DEBUG:colcon.colcon_core.event_handler.log_command:Invoking command in '/home/robot_ws/build/nsc_core': CMAKE_PREFIX_PATH=${CMAKE_PREFIX_PATH}:/opt/ros/humble /usr/bin/cmake --build /home/robot_ws/build/nsc_core -- -j16 -l16
[0.484s] DEBUG:colcon.colcon_core.event_handler.log_command:Invoking command in '/home/robot_ws/build/nsc_description': CMAKE_PREFIX_PATH=${CMAKE_PREFIX_PATH}:/opt/ros/humble /usr/bin/cmake --build /home/robot_ws/build/nsc_description -- -j16 -l16
[1.165s] DEBUG:colcon.colcon_core.event_handler.log_command:Invoked command in '/home/robot_ws/build/nsc_core' returned '0': CMAKE_PREFIX_PATH=${CMAKE_PREFIX_PATH}:/opt/ros/humble /usr/bin/cmake --build /home/robot_ws/build/nsc_core -- -j16 -l16
[1.168s] DEBUG:colcon.colcon_core.event_handler.log_command:Invoked command in '/home/robot_ws/build/nsc_description' returned '0': CMAKE_PREFIX_PATH=${CMAKE_PREFIX_PATH}:/opt/ros/humble /usr/bin/cmake --build /home/robot_ws/build/nsc_description -- -j16 -l16
[1.230s] DEBUG:colcon.colcon_core.event_handler.log_command:Invoking command in '/home/robot_ws/build/nsc_core': CMAKE_PREFIX_PATH=${CMAKE_PREFIX_PATH}:/opt/ros/humble /usr/bin/cmake --install /home/robot_ws/build/nsc_core
[1.235s] DEBUG:colcon.colcon_core.event_handler.log_command:Invoking command in '/home/robot_ws/build/nsc_description': CMAKE_PREFIX_PATH=${CMAKE_PREFIX_PATH}:/opt/ros/humble /usr/bin/cmake --install /home/robot_ws/build/nsc_description
[1.330s] Level 1:colcon.colcon_core.environment:create_environment_scripts_only(nsc_description)
[1.331s] DEBUG:colcon.colcon_core.event_handler.log_command:Invoked command in '/home/robot_ws/build/nsc_description' returned '0': CMAKE_PREFIX_PATH=${CMAKE_PREFIX_PATH}:/opt/ros/humble /usr/bin/cmake --install /home/robot_ws/build/nsc_description
[1.336s] Level 1:colcon.colcon_core.environment:checking '/home/robot_ws/install/nsc_description' for CMake module files
[1.337s] Level 1:colcon.colcon_core.environment:checking '/home/robot_ws/install/nsc_description' for CMake config files
[1.337s] Level 1:colcon.colcon_core.shell:create_environment_hook('nsc_description', 'cmake_prefix_path')
[1.338s] INFO:colcon.colcon_core.shell:Creating environment hook '/home/robot_ws/install/nsc_description/share/nsc_description/hook/cmake_prefix_path.ps1'
[1.339s] INFO:colcon.colcon_core.shell:Creating environment descriptor '/home/robot_ws/install/nsc_description/share/nsc_description/hook/cmake_prefix_path.dsv'
[1.339s] INFO:colcon.colcon_core.shell:Creating environment hook '/home/robot_ws/install/nsc_description/share/nsc_description/hook/cmake_prefix_path.sh'
[1.341s] Level 1:colcon.colcon_core.environment:checking '/home/robot_ws/install/nsc_description/bin'
[1.341s] Level 1:colcon.colcon_core.environment:checking '/home/robot_ws/install/nsc_description/lib/pkgconfig/nsc_description.pc'
[1.345s] Level 1:colcon.colcon_core.environment:checking '/home/robot_ws/install/nsc_description/lib/python3.10/site-packages'
[1.345s] Level 1:colcon.colcon_core.environment:checking '/home/robot_ws/install/nsc_description/bin'
[1.346s] INFO:colcon.colcon_core.shell:Creating package script '/home/robot_ws/install/nsc_description/share/nsc_description/package.ps1'
[1.347s] INFO:colcon.colcon_core.shell:Creating package descriptor '/home/robot_ws/install/nsc_description/share/nsc_description/package.dsv'
[1.348s] INFO:colcon.colcon_core.shell:Creating package script '/home/robot_ws/install/nsc_description/share/nsc_description/package.sh'
[1.349s] INFO:colcon.colcon_core.shell:Creating package script '/home/robot_ws/install/nsc_description/share/nsc_description/package.bash'
[1.350s] INFO:colcon.colcon_core.shell:Creating package script '/home/robot_ws/install/nsc_description/share/nsc_description/package.zsh'
[1.353s] Level 1:colcon.colcon_core.environment:create_file_with_runtime_dependencies(/home/robot_ws/install/nsc_description/share/colcon-core/packages/nsc_description)
[1.355s] Level 1:colcon.colcon_core.environment:create_environment_scripts_only(nsc_core)
[1.356s] Level 1:colcon.colcon_core.environment:checking '/home/robot_ws/install/nsc_core' for CMake module files
[1.357s] DEBUG:colcon.colcon_core.event_handler.log_command:Invoked command in '/home/robot_ws/build/nsc_core' returned '0': CMAKE_PREFIX_PATH=${CMAKE_PREFIX_PATH}:/opt/ros/humble /usr/bin/cmake --install /home/robot_ws/build/nsc_core
[1.357s] Level 1:colcon.colcon_core.environment:checking '/home/robot_ws/install/nsc_core' for CMake config files
[1.358s] Level 1:colcon.colcon_core.shell:create_environment_hook('nsc_core', 'cmake_prefix_path')
[1.358s] INFO:colcon.colcon_core.shell:Creating environment hook '/home/robot_ws/install/nsc_core/share/nsc_core/hook/cmake_prefix_path.ps1'
[1.359s] INFO:colcon.colcon_core.shell:Creating environment descriptor '/home/robot_ws/install/nsc_core/share/nsc_core/hook/cmake_prefix_path.dsv'
[1.360s] INFO:colcon.colcon_core.shell:Creating environment hook '/home/robot_ws/install/nsc_core/share/nsc_core/hook/cmake_prefix_path.sh'
[1.360s] Level 1:colcon.colcon_core.environment:checking '/home/robot_ws/install/nsc_core/bin'
[1.361s] Level 1:colcon.colcon_core.environment:checking '/home/robot_ws/install/nsc_core/lib/pkgconfig/nsc_core.pc'
[1.361s] Level 1:colcon.colcon_core.environment:checking '/home/robot_ws/install/nsc_core/lib/python3.10/site-packages'
[1.361s] Level 1:colcon.colcon_core.environment:checking '/home/robot_ws/install/nsc_core/bin'
[1.362s] INFO:colcon.colcon_core.shell:Creating package script '/home/robot_ws/install/nsc_core/share/nsc_core/package.ps1'
[1.363s] INFO:colcon.colcon_core.shell:Creating package descriptor '/home/robot_ws/install/nsc_core/share/nsc_core/package.dsv'
[1.363s] INFO:colcon.colcon_core.shell:Creating package script '/home/robot_ws/install/nsc_core/share/nsc_core/package.sh'
[1.364s] INFO:colcon.colcon_core.shell:Creating package script '/home/robot_ws/install/nsc_core/share/nsc_core/package.bash'
[1.365s] INFO:colcon.colcon_core.shell:Creating package script '/home/robot_ws/install/nsc_core/share/nsc_core/package.zsh'
[1.365s] Level 1:colcon.colcon_core.environment:create_file_with_runtime_dependencies(/home/robot_ws/install/nsc_core/share/colcon-core/packages/nsc_core)
[1.396s] Level 1:colcon.colcon_core.environment:create_environment_scripts_only(nsc_description)
[1.397s] Level 1:colcon.colcon_core.environment:checking '/home/robot_ws/install/nsc_description' for CMake module files
[1.398s] Level 1:colcon.colcon_core.environment:checking '/home/robot_ws/install/nsc_description' for CMake config files
[1.398s] Level 1:colcon.colcon_core.shell:create_environment_hook('nsc_description', 'cmake_prefix_path')
[1.398s] INFO:colcon.colcon_core.shell:Creating environment hook '/home/robot_ws/install/nsc_description/share/nsc_description/hook/cmake_prefix_path.ps1'
[1.399s] INFO:colcon.colcon_core.shell:Creating environment descriptor '/home/robot_ws/install/nsc_description/share/nsc_description/hook/cmake_prefix_path.dsv'
[1.400s] INFO:colcon.colcon_core.shell:Creating environment hook '/home/robot_ws/install/nsc_description/share/nsc_description/hook/cmake_prefix_path.sh'
[1.401s] Level 1:colcon.colcon_core.environment:checking '/home/robot_ws/install/nsc_description/bin'
[1.401s] Level 1:colcon.colcon_core.environment:checking '/home/robot_ws/install/nsc_description/lib/pkgconfig/nsc_description.pc'
[1.401s] Level 1:colcon.colcon_core.environment:checking '/home/robot_ws/install/nsc_description/lib/python3.10/site-packages'
[1.401s] Level 1:colcon.colcon_core.environment:checking '/home/robot_ws/install/nsc_description/bin'
[1.402s] INFO:colcon.colcon_core.shell:Creating package script '/home/robot_ws/install/nsc_description/share/nsc_description/package.ps1'
[1.403s] INFO:colcon.colcon_core.shell:Creating package descriptor '/home/robot_ws/install/nsc_description/share/nsc_description/package.dsv'
[1.404s] INFO:colcon.colcon_core.shell:Creating package script '/home/robot_ws/install/nsc_description/share/nsc_description/package.sh'
[1.404s] INFO:colcon.colcon_core.shell:Creating package script '/home/robot_ws/install/nsc_description/share/nsc_description/package.bash'
[1.405s] INFO:colcon.colcon_core.shell:Creating package script '/home/robot_ws/install/nsc_description/share/nsc_description/package.zsh'
[1.406s] Level 1:colcon.colcon_core.environment:create_file_with_runtime_dependencies(/home/robot_ws/install/nsc_description/share/colcon-core/packages/nsc_description)
[1.408s] Level 1:colcon.colcon_core.environment:create_environment_scripts_only(nsc_core)
[1.408s] Level 1:colcon.colcon_core.environment:checking '/home/robot_ws/install/nsc_core' for CMake module files
[1.409s] Level 1:colcon.colcon_core.environment:checking '/home/robot_ws/install/nsc_core' for CMake config files
[1.410s] Level 1:colcon.colcon_core.shell:create_environment_hook('nsc_core', 'cmake_prefix_path')
[1.410s] INFO:colcon.colcon_core.shell:Creating environment hook '/home/robot_ws/install/nsc_core/share/nsc_core/hook/cmake_prefix_path.ps1'
[1.411s] INFO:colcon.colcon_core.shell:Creating environment descriptor '/home/robot_ws/install/nsc_core/share/nsc_core/hook/cmake_prefix_path.dsv'
[1.411s] INFO:colcon.colcon_core.shell:Creating environment hook '/home/robot_ws/install/nsc_core/share/nsc_core/hook/cmake_prefix_path.sh'
[1.412s] Level 1:colcon.colcon_core.environment:checking '/home/robot_ws/install/nsc_core/bin'
[1.412s] Level 1:colcon.colcon_core.environment:checking '/home/robot_ws/install/nsc_core/lib/pkgconfig/nsc_core.pc'
[1.413s] Level 1:colcon.colcon_core.environment:checking '/home/robot_ws/install/nsc_core/lib/python3.10/site-packages'
[1.413s] Level 1:colcon.colcon_core.environment:checking '/home/robot_ws/install/nsc_core/bin'
[1.414s] INFO:colcon.colcon_core.shell:Creating package script '/home/robot_ws/install/nsc_core/share/nsc_core/package.ps1'
[1.414s] INFO:colcon.colcon_core.shell:Creating package descriptor '/home/robot_ws/install/nsc_core/share/nsc_core/package.dsv'
[1.415s] INFO:colcon.colcon_core.shell:Creating package script '/home/robot_ws/install/nsc_core/share/nsc_core/package.sh'
[1.416s] INFO:colcon.colcon_core.shell:Creating package script '/home/robot_ws/install/nsc_core/share/nsc_core/package.bash'
[1.416s] INFO:colcon.colcon_core.shell:Creating package script '/home/robot_ws/install/nsc_core/share/nsc_core/package.zsh'
[1.417s] Level 1:colcon.colcon_core.environment:create_file_with_runtime_dependencies(/home/robot_ws/install/nsc_core/share/colcon-core/packages/nsc_core)
[1.417s] DEBUG:colcon.colcon_parallel_executor.executor.parallel:closing loop
[1.417s] DEBUG:colcon.colcon_parallel_executor.executor.parallel:loop closed
[1.418s] DEBUG:colcon.colcon_parallel_executor.executor.parallel:run_until_complete finished with '0'
[1.418s] DEBUG:colcon.colcon_core.event_reactor:joining thread
[1.450s] INFO:colcon.colcon_core.plugin_system:Skipping extension 'colcon_notification.desktop_notification.notify_send': Could not find 'notify-send'
[1.450s] INFO:colcon.colcon_core.plugin_system:Skipping extension 'colcon_notification.desktop_notification.terminal_notifier': Not used on non-Darwin systems
[1.450s] INFO:colcon.colcon_core.plugin_system:Skipping extension 'colcon_notification.desktop_notification.win32': Not used on non-Windows systems
[1.451s] INFO:colcon.colcon_notification.desktop_notification:Sending desktop notification using 'notify2'
[1.455s] DEBUG:colcon.colcon_notification.desktop_notification.notify2:Failed to initialize notify2: org.freedesktop.DBus.Error.Spawn.ExecFailed: /usr/bin/dbus-launch terminated abnormally without any error message
[1.456s] DEBUG:colcon.colcon_core.event_reactor:joined thread
[1.457s] INFO:colcon.colcon_core.shell:Creating prefix script '/home/robot_ws/install/local_setup.ps1'
[1.460s] INFO:colcon.colcon_core.shell:Creating prefix util module '/home/robot_ws/install/_local_setup_util_ps1.py'
[1.462s] INFO:colcon.colcon_core.shell:Creating prefix chain script '/home/robot_ws/install/setup.ps1'
[1.464s] INFO:colcon.colcon_core.shell:Creating prefix script '/home/robot_ws/install/local_setup.sh'
[1.465s] INFO:colcon.colcon_core.shell:Creating prefix util module '/home/robot_ws/install/_local_setup_util_sh.py'
[1.466s] INFO:colcon.colcon_core.shell:Creating prefix chain script '/home/robot_ws/install/setup.sh'
[1.468s] INFO:colcon.colcon_core.shell:Creating prefix script '/home/robot_ws/install/local_setup.bash'
[1.469s] INFO:colcon.colcon_core.shell:Creating prefix chain script '/home/robot_ws/install/setup.bash'
[1.471s] INFO:colcon.colcon_core.shell:Creating prefix script '/home/robot_ws/install/local_setup.zsh'
[1.471s] INFO:colcon.colcon_core.shell:Creating prefix chain script '/home/robot_ws/install/setup.zsh'
